[1.331s] Invoking command in '/home/abdosalm/Github_repos/SLAM-mapping-Robots/workspace/src/turtlebot3/turtlebot3_teleop': PYTHONPATH=/home/abdosalm/Github_repos/SLAM-mapping-Robots/workspace/build/turtlebot3_teleop/prefix_override:/home/abdosalm/Github_repos/SLAM-mapping-Robots/workspace/install/turtlebot3_teleop/lib/python3.10/site-packages:${PYTHONPATH} /usr/bin/python3 setup.py egg_info --egg-base ../../../build/turtlebot3_teleop build --build-base /home/abdosalm/Github_repos/SLAM-mapping-Robots/workspace/build/turtlebot3_teleop/build install --record /home/abdosalm/Github_repos/SLAM-mapping-Robots/workspace/build/turtlebot3_teleop/install.log --single-version-externally-managed
[1.716s] running egg_info
[1.716s] creating ../../../build/turtlebot3_teleop/turtlebot3_teleop.egg-info
[1.716s] writing ../../../build/turtlebot3_teleop/turtlebot3_teleop.egg-info/PKG-INFO
[1.716s] writing dependency_links to ../../../build/turtlebot3_teleop/turtlebot3_teleop.egg-info/dependency_links.txt
[1.716s] writing entry points to ../../../build/turtlebot3_teleop/turtlebot3_teleop.egg-info/entry_points.txt
[1.716s] writing requirements to ../../../build/turtlebot3_teleop/turtlebot3_teleop.egg-info/requires.txt
[1.716s] writing top-level names to ../../../build/turtlebot3_teleop/turtlebot3_teleop.egg-info/top_level.txt
[1.716s] writing manifest file '../../../build/turtlebot3_teleop/turtlebot3_teleop.egg-info/SOURCES.txt'
[1.716s] reading manifest file '../../../build/turtlebot3_teleop/turtlebot3_teleop.egg-info/SOURCES.txt'
[1.717s] writing manifest file '../../../build/turtlebot3_teleop/turtlebot3_teleop.egg-info/SOURCES.txt'
[1.717s] running build
[1.717s] running build_py
[1.717s] creating /home/abdosalm/Github_repos/SLAM-mapping-Robots/workspace/build/turtlebot3_teleop/build
[1.717s] creating /home/abdosalm/Github_repos/SLAM-mapping-Robots/workspace/build/turtlebot3_teleop/build/lib
[1.717s] creating /home/abdosalm/Github_repos/SLAM-mapping-Robots/workspace/build/turtlebot3_teleop/build/lib/turtlebot3_teleop
[1.717s] copying turtlebot3_teleop/__init__.py -> /home/abdosalm/Github_repos/SLAM-mapping-Robots/workspace/build/turtlebot3_teleop/build/lib/turtlebot3_teleop
[1.717s] creating /home/abdosalm/Github_repos/SLAM-mapping-Robots/workspace/build/turtlebot3_teleop/build/lib/turtlebot3_teleop/script
[1.717s] copying turtlebot3_teleop/script/teleop_keyboard.py -> /home/abdosalm/Github_repos/SLAM-mapping-Robots/workspace/build/turtlebot3_teleop/build/lib/turtlebot3_teleop/script
[1.717s] copying turtlebot3_teleop/script/__init__.py -> /home/abdosalm/Github_repos/SLAM-mapping-Robots/workspace/build/turtlebot3_teleop/build/lib/turtlebot3_teleop/script
[1.717s] running install
[1.718s] running install_lib
[1.718s] creating /home/abdosalm/Github_repos/SLAM-mapping-Robots/workspace/install/turtlebot3_teleop/lib/python3.10/site-packages/turtlebot3_teleop
[1.718s] creating /home/abdosalm/Github_repos/SLAM-mapping-Robots/workspace/install/turtlebot3_teleop/lib/python3.10/site-packages/turtlebot3_teleop/script
[1.718s] copying /home/abdosalm/Github_repos/SLAM-mapping-Robots/workspace/build/turtlebot3_teleop/build/lib/turtlebot3_teleop/script/teleop_keyboard.py -> /home/abdosalm/Github_repos/SLAM-mapping-Robots/workspace/install/turtlebot3_teleop/lib/python3.10/site-packages/turtlebot3_teleop/script
[1.718s] copying /home/abdosalm/Github_repos/SLAM-mapping-Robots/workspace/build/turtlebot3_teleop/build/lib/turtlebot3_teleop/script/__init__.py -> /home/abdosalm/Github_repos/SLAM-mapping-Robots/workspace/install/turtlebot3_teleop/lib/python3.10/site-packages/turtlebot3_teleop/script
[1.718s] copying /home/abdosalm/Github_repos/SLAM-mapping-Robots/workspace/build/turtlebot3_teleop/build/lib/turtlebot3_teleop/__init__.py -> /home/abdosalm/Github_repos/SLAM-mapping-Robots/workspace/install/turtlebot3_teleop/lib/python3.10/site-packages/turtlebot3_teleop
[1.718s] byte-compiling /home/abdosalm/Github_repos/SLAM-mapping-Robots/workspace/install/turtlebot3_teleop/lib/python3.10/site-packages/turtlebot3_teleop/script/teleop_keyboard.py to teleop_keyboard.cpython-310.pyc
[1.718s] byte-compiling /home/abdosalm/Github_repos/SLAM-mapping-Robots/workspace/install/turtlebot3_teleop/lib/python3.10/site-packages/turtlebot3_teleop/script/__init__.py to __init__.cpython-310.pyc
[1.718s] byte-compiling /home/abdosalm/Github_repos/SLAM-mapping-Robots/workspace/install/turtlebot3_teleop/lib/python3.10/site-packages/turtlebot3_teleop/__init__.py to __init__.cpython-310.pyc
[1.718s] running install_data
[1.719s] creating /home/abdosalm/Github_repos/SLAM-mapping-Robots/workspace/install/turtlebot3_teleop/share/ament_index
[1.719s] creating /home/abdosalm/Github_repos/SLAM-mapping-Robots/workspace/install/turtlebot3_teleop/share/ament_index/resource_index
[1.719s] creating /home/abdosalm/Github_repos/SLAM-mapping-Robots/workspace/install/turtlebot3_teleop/share/ament_index/resource_index/packages
[1.719s] copying resource/turtlebot3_teleop -> /home/abdosalm/Github_repos/SLAM-mapping-Robots/workspace/install/turtlebot3_teleop/share/ament_index/resource_index/packages
[1.719s] copying package.xml -> /home/abdosalm/Github_repos/SLAM-mapping-Robots/workspace/install/turtlebot3_teleop/share/turtlebot3_teleop
[1.719s] running install_egg_info
[1.719s] Copying ../../../build/turtlebot3_teleop/turtlebot3_teleop.egg-info to /home/abdosalm/Github_repos/SLAM-mapping-Robots/workspace/install/turtlebot3_teleop/lib/python3.10/site-packages/turtlebot3_teleop-2.1.5-py3.10.egg-info
[1.719s] running install_scripts
[1.719s] /usr/lib/python3/dist-packages/setuptools/command/install.py:34: SetuptoolsDeprecationWarning: setup.py install is deprecated. Use build and pip and other standards-based tools.
[1.720s]   warnings.warn(
[1.723s] Installing teleop_keyboard script to /home/abdosalm/Github_repos/SLAM-mapping-Robots/workspace/install/turtlebot3_teleop/lib/turtlebot3_teleop
[1.723s] writing list of installed files to '/home/abdosalm/Github_repos/SLAM-mapping-Robots/workspace/build/turtlebot3_teleop/install.log'
[1.821s] Invoked command in '/home/abdosalm/Github_repos/SLAM-mapping-Robots/workspace/src/turtlebot3/turtlebot3_teleop' returned '0': PYTHONPATH=/home/abdosalm/Github_repos/SLAM-mapping-Robots/workspace/build/turtlebot3_teleop/prefix_override:/home/abdosalm/Github_repos/SLAM-mapping-Robots/workspace/install/turtlebot3_teleop/lib/python3.10/site-packages:${PYTHONPATH} /usr/bin/python3 setup.py egg_info --egg-base ../../../build/turtlebot3_teleop build --build-base /home/abdosalm/Github_repos/SLAM-mapping-Robots/workspace/build/turtlebot3_teleop/build install --record /home/abdosalm/Github_repos/SLAM-mapping-Robots/workspace/build/turtlebot3_teleop/install.log --single-version-externally-managed
