-- The C compiler identification is GNU 11.4.0
-- The CXX compiler identification is GNU 11.4.0
-- Detecting C compiler ABI info
-- Detecting C compiler ABI info - done
-- Check for working C compiler: /usr/bin/cc - skipped
-- Detecting C compile features
-- Detecting C compile features - done
-- Detecting CXX compiler ABI info
-- Detecting CXX compiler ABI info - done
-- Check for working CXX compiler: /usr/bin/c++ - skipped
-- Detecting CXX compile features
-- Detecting CXX compile features - done
-- Found ament_cmake: 1.3.5 (/opt/ros/humble/share/ament_cmake/cmake)
-- Found Python3: /usr/bin/python3.10 (found version "3.10.12") found components: Interpreter 
-- Configuring done
-- Generating done
-- Build files have been written to: /home/abdosalm/Github_repos/SLAM-mapping-Robots/workspace/build/slam_robots
-- Install configuration: ""
-- Installing: /home/abdosalm/Github_repos/SLAM-mapping-Robots/workspace/install/slam_robots/share/slam_robots/launch
-- Installing: /home/abdosalm/Github_repos/SLAM-mapping-Robots/workspace/install/slam_robots/share/slam_robots/launch/slam_robots_main.launch.py
-- Installing: /home/abdosalm/Github_repos/SLAM-mapping-Robots/workspace/install/slam_robots/share/slam_robots/worlds
-- Installing: /home/abdosalm/Github_repos/SLAM-mapping-Robots/workspace/install/slam_robots/share/slam_robots/worlds/world.sdf
-- Installing: /home/abdosalm/Github_repos/SLAM-mapping-Robots/workspace/install/slam_robots/share/slam_robots/worlds/models
-- Installing: /home/abdosalm/Github_repos/SLAM-mapping-Robots/workspace/install/slam_robots/share/slam_robots/worlds/models/robots
-- Installing: /home/abdosalm/Github_repos/SLAM-mapping-Robots/workspace/install/slam_robots/share/slam_robots/worlds/models/robots/robot2.sdf
-- Installing: /home/abdosalm/Github_repos/SLAM-mapping-Robots/workspace/install/slam_robots/share/slam_robots/worlds/models/robots/robot7.sdf
-- Installing: /home/abdosalm/Github_repos/SLAM-mapping-Robots/workspace/install/slam_robots/share/slam_robots/worlds/models/robots/robot10.sdf
-- Installing: /home/abdosalm/Github_repos/SLAM-mapping-Robots/workspace/install/slam_robots/share/slam_robots/worlds/models/robots/robot3.sdf
-- Installing: /home/abdosalm/Github_repos/SLAM-mapping-Robots/workspace/install/slam_robots/share/slam_robots/worlds/models/robots/robot1.sdf
-- Installing: /home/abdosalm/Github_repos/SLAM-mapping-Robots/workspace/install/slam_robots/share/slam_robots/worlds/models/robots/robot4.sdf
-- Installing: /home/abdosalm/Github_repos/SLAM-mapping-Robots/workspace/install/slam_robots/share/slam_robots/worlds/models/robots/robot8.sdf
-- Installing: /home/abdosalm/Github_repos/SLAM-mapping-Robots/workspace/install/slam_robots/share/slam_robots/worlds/models/robots/robot6.sdf
-- Installing: /home/abdosalm/Github_repos/SLAM-mapping-Robots/workspace/install/slam_robots/share/slam_robots/worlds/models/robots/robot5.sdf
-- Installing: /home/abdosalm/Github_repos/SLAM-mapping-Robots/workspace/install/slam_robots/share/slam_robots/worlds/models/robots/robot9.sdf
-- Installing: /home/abdosalm/Github_repos/SLAM-mapping-Robots/workspace/install/slam_robots/share/slam_robots/worlds/models/sub_worlds
-- Installing: /home/abdosalm/Github_repos/SLAM-mapping-Robots/workspace/install/slam_robots/share/slam_robots/worlds/models/sub_worlds/robots.sdf
-- Installing: /home/abdosalm/Github_repos/SLAM-mapping-Robots/workspace/install/slam_robots/share/slam_robots/worlds/models/sub_worlds/fourth_year.sdf
-- Installing: /home/abdosalm/Github_repos/SLAM-mapping-Robots/workspace/install/slam_robots/share/slam_robots/worlds/models/sub_worlds/lab4.sdf
-- Installing: /home/abdosalm/Github_repos/SLAM-mapping-Robots/workspace/install/slam_robots/share/slam_robots/worlds/models/sub_worlds/first_year.sdf
-- Installing: /home/abdosalm/Github_repos/SLAM-mapping-Robots/workspace/install/slam_robots/share/slam_robots/worlds/models/sub_worlds/second_year.sdf
-- Installing: /home/abdosalm/Github_repos/SLAM-mapping-Robots/workspace/install/slam_robots/share/slam_robots/worlds/models/sub_worlds/maincorridor.sdf
-- Installing: /home/abdosalm/Github_repos/SLAM-mapping-Robots/workspace/install/slam_robots/share/slam_robots/worlds/models/sub_worlds/lab3.sdf
-- Installing: /home/abdosalm/Github_repos/SLAM-mapping-Robots/workspace/install/slam_robots/share/slam_robots/worlds/models/sub_worlds/third_year.sdf
-- Installing: /home/abdosalm/Github_repos/SLAM-mapping-Robots/workspace/install/slam_robots/share/slam_robots/worlds/models/sub_worlds/lab2.sdf
-- Installing: /home/abdosalm/Github_repos/SLAM-mapping-Robots/workspace/install/slam_robots/share/slam_robots/worlds/models/sub_worlds/library.sdf
-- Installing: /home/abdosalm/Github_repos/SLAM-mapping-Robots/workspace/install/slam_robots/share/slam_robots/worlds/models/sub_worlds/lab1.sdf
-- Installing: /home/abdosalm/Github_repos/SLAM-mapping-Robots/workspace/install/slam_robots/share/slam_robots/worlds/models/freeCad design files
-- Installing: /home/abdosalm/Github_repos/SLAM-mapping-Robots/workspace/install/slam_robots/share/slam_robots/worlds/models/freeCad design files/chair.FCStd1
-- Installing: /home/abdosalm/Github_repos/SLAM-mapping-Robots/workspace/install/slam_robots/share/slam_robots/worlds/models/freeCad design files/lecture_theater_platform.FCStd
-- Installing: /home/abdosalm/Github_repos/SLAM-mapping-Robots/workspace/install/slam_robots/share/slam_robots/worlds/models/freeCad design files/computer_table.FCStd
-- Installing: /home/abdosalm/Github_repos/SLAM-mapping-Robots/workspace/install/slam_robots/share/slam_robots/worlds/models/freeCad design files/stadium.FCStd1
-- Installing: /home/abdosalm/Github_repos/SLAM-mapping-Robots/workspace/install/slam_robots/share/slam_robots/worlds/models/freeCad design files/smart_board.FCStd
-- Installing: /home/abdosalm/Github_repos/SLAM-mapping-Robots/workspace/install/slam_robots/share/slam_robots/worlds/models/freeCad design files/wall.FCStd1
-- Installing: /home/abdosalm/Github_repos/SLAM-mapping-Robots/workspace/install/slam_robots/share/slam_robots/worlds/models/freeCad design files/table.FCStd1
-- Installing: /home/abdosalm/Github_repos/SLAM-mapping-Robots/workspace/install/slam_robots/share/slam_robots/worlds/models/freeCad design files/corridor.FCStd
-- Installing: /home/abdosalm/Github_repos/SLAM-mapping-Robots/workspace/install/slam_robots/share/slam_robots/worlds/models/freeCad design files/wall.FCStd
-- Installing: /home/abdosalm/Github_repos/SLAM-mapping-Robots/workspace/install/slam_robots/share/slam_robots/worlds/models/freeCad design files/smart_board.FCStd1
-- Installing: /home/abdosalm/Github_repos/SLAM-mapping-Robots/workspace/install/slam_robots/share/slam_robots/worlds/models/freeCad design files/corridor.FCStd1
-- Installing: /home/abdosalm/Github_repos/SLAM-mapping-Robots/workspace/install/slam_robots/share/slam_robots/worlds/models/freeCad design files/chair.FCStd
-- Installing: /home/abdosalm/Github_repos/SLAM-mapping-Robots/workspace/install/slam_robots/share/slam_robots/worlds/models/freeCad design files/wall_with_window.FCStd
-- Installing: /home/abdosalm/Github_repos/SLAM-mapping-Robots/workspace/install/slam_robots/share/slam_robots/worlds/models/freeCad design files/table.FCStd
-- Installing: /home/abdosalm/Github_repos/SLAM-mapping-Robots/workspace/install/slam_robots/share/slam_robots/worlds/models/freeCad design files/lecture_theater_platform.FCStd1
-- Installing: /home/abdosalm/Github_repos/SLAM-mapping-Robots/workspace/install/slam_robots/share/slam_robots/worlds/models/freeCad design files/stadium.FCStd
-- Installing: /home/abdosalm/Github_repos/SLAM-mapping-Robots/workspace/install/slam_robots/share/slam_robots/worlds/models/freeCad design files/wall_with_window.FCStd1
-- Installing: /home/abdosalm/Github_repos/SLAM-mapping-Robots/workspace/install/slam_robots/share/slam_robots/worlds/models/freeCad design files/computer_table.FCStd1
-- Installing: /home/abdosalm/Github_repos/SLAM-mapping-Robots/workspace/install/slam_robots/share/slam_robots/worlds/models/fuel_models
-- Installing: /home/abdosalm/Github_repos/SLAM-mapping-Robots/workspace/install/slam_robots/share/slam_robots/worlds/models/fuel_models/Standing_person
-- Installing: /home/abdosalm/Github_repos/SLAM-mapping-Robots/workspace/install/slam_robots/share/slam_robots/worlds/models/fuel_models/Standing_person/model.sdf
-- Installing: /home/abdosalm/Github_repos/SLAM-mapping-Robots/workspace/install/slam_robots/share/slam_robots/worlds/models/fuel_models/Standing_person/model.config
-- Installing: /home/abdosalm/Github_repos/SLAM-mapping-Robots/workspace/install/slam_robots/share/slam_robots/worlds/models/fuel_models/Standing_person/thumbnails
-- Installing: /home/abdosalm/Github_repos/SLAM-mapping-Robots/workspace/install/slam_robots/share/slam_robots/worlds/models/fuel_models/Standing_person/thumbnails/4.png
-- Installing: /home/abdosalm/Github_repos/SLAM-mapping-Robots/workspace/install/slam_robots/share/slam_robots/worlds/models/fuel_models/Standing_person/thumbnails/5.png
-- Installing: /home/abdosalm/Github_repos/SLAM-mapping-Robots/workspace/install/slam_robots/share/slam_robots/worlds/models/fuel_models/Standing_person/thumbnails/2.png
-- Installing: /home/abdosalm/Github_repos/SLAM-mapping-Robots/workspace/install/slam_robots/share/slam_robots/worlds/models/fuel_models/Standing_person/thumbnails/1.png
-- Installing: /home/abdosalm/Github_repos/SLAM-mapping-Robots/workspace/install/slam_robots/share/slam_robots/worlds/models/fuel_models/Standing_person/thumbnails/3.png
-- Installing: /home/abdosalm/Github_repos/SLAM-mapping-Robots/workspace/install/slam_robots/share/slam_robots/worlds/models/fuel_models/Standing_person/meshes
-- Installing: /home/abdosalm/Github_repos/SLAM-mapping-Robots/workspace/install/slam_robots/share/slam_robots/worlds/models/fuel_models/Standing_person/meshes/standing.dae
-- Installing: /home/abdosalm/Github_repos/SLAM-mapping-Robots/workspace/install/slam_robots/share/slam_robots/worlds/models/fuel_models/Standing_person/materials
-- Installing: /home/abdosalm/Github_repos/SLAM-mapping-Robots/workspace/install/slam_robots/share/slam_robots/worlds/models/fuel_models/Standing_person/materials/textures
-- Installing: /home/abdosalm/Github_repos/SLAM-mapping-Robots/workspace/install/slam_robots/share/slam_robots/worlds/models/fuel_models/Standing_person/materials/textures/eyebrow001-unmodified.png
-- Installing: /home/abdosalm/Github_repos/SLAM-mapping-Robots/workspace/install/slam_robots/share/slam_robots/worlds/models/fuel_models/Standing_person/materials/textures/tshirt02_normals.png
-- Installing: /home/abdosalm/Github_repos/SLAM-mapping-Robots/workspace/install/slam_robots/share/slam_robots/worlds/models/fuel_models/Standing_person/materials/textures/male02_diffuse_black-unmodified.png
-- Installing: /home/abdosalm/Github_repos/SLAM-mapping-Robots/workspace/install/slam_robots/share/slam_robots/worlds/models/fuel_models/Standing_person/materials/textures/male02_diffuse_black.png
-- Installing: /home/abdosalm/Github_repos/SLAM-mapping-Robots/workspace/install/slam_robots/share/slam_robots/worlds/models/fuel_models/Standing_person/materials/textures/tshirt02_texture.png
-- Installing: /home/abdosalm/Github_repos/SLAM-mapping-Robots/workspace/install/slam_robots/share/slam_robots/worlds/models/fuel_models/Standing_person/materials/textures/eyebrow001.png
-- Installing: /home/abdosalm/Github_repos/SLAM-mapping-Robots/workspace/install/slam_robots/share/slam_robots/worlds/models/fuel_models/Standing_person/materials/textures/green_eye.png
-- Installing: /home/abdosalm/Github_repos/SLAM-mapping-Robots/workspace/install/slam_robots/share/slam_robots/worlds/models/fuel_models/Standing_person/materials/textures/teeth.png
-- Installing: /home/abdosalm/Github_repos/SLAM-mapping-Robots/workspace/install/slam_robots/share/slam_robots/worlds/models/fuel_models/Standing_person/materials/textures/jeans_basic_diffuse.png
-- Installing: /home/abdosalm/Github_repos/SLAM-mapping-Robots/workspace/install/slam_robots/share/slam_robots/worlds/models/fuel_models/Standing_person/materials/textures/jeans01_normals.png
-- Installing: /home/abdosalm/Github_repos/SLAM-mapping-Robots/workspace/install/slam_robots/share/slam_robots/worlds/models/fuel_models/Standing_person/materials/textures/young_lightskinned_male_diffuse.png
-- Installing: /home/abdosalm/Github_repos/SLAM-mapping-Robots/workspace/install/slam_robots/share/slam_robots/worlds/models/fuel_models/Casual_female
-- Installing: /home/abdosalm/Github_repos/SLAM-mapping-Robots/workspace/install/slam_robots/share/slam_robots/worlds/models/fuel_models/Casual_female/model.sdf
-- Installing: /home/abdosalm/Github_repos/SLAM-mapping-Robots/workspace/install/slam_robots/share/slam_robots/worlds/models/fuel_models/Casual_female/model.config
-- Installing: /home/abdosalm/Github_repos/SLAM-mapping-Robots/workspace/install/slam_robots/share/slam_robots/worlds/models/fuel_models/Casual_female/thumbnails
-- Installing: /home/abdosalm/Github_repos/SLAM-mapping-Robots/workspace/install/slam_robots/share/slam_robots/worlds/models/fuel_models/Casual_female/thumbnails/4.png
-- Installing: /home/abdosalm/Github_repos/SLAM-mapping-Robots/workspace/install/slam_robots/share/slam_robots/worlds/models/fuel_models/Casual_female/thumbnails/5.png
-- Installing: /home/abdosalm/Github_repos/SLAM-mapping-Robots/workspace/install/slam_robots/share/slam_robots/worlds/models/fuel_models/Casual_female/thumbnails/2.png
-- Installing: /home/abdosalm/Github_repos/SLAM-mapping-Robots/workspace/install/slam_robots/share/slam_robots/worlds/models/fuel_models/Casual_female/thumbnails/1.png
-- Installing: /home/abdosalm/Github_repos/SLAM-mapping-Robots/workspace/install/slam_robots/share/slam_robots/worlds/models/fuel_models/Casual_female/thumbnails/3.png
-- Installing: /home/abdosalm/Github_repos/SLAM-mapping-Robots/workspace/install/slam_robots/share/slam_robots/worlds/models/fuel_models/Casual_female/meshes
-- Installing: /home/abdosalm/Github_repos/SLAM-mapping-Robots/workspace/install/slam_robots/share/slam_robots/worlds/models/fuel_models/Casual_female/meshes/casual_female.dae
-- Installing: /home/abdosalm/Github_repos/SLAM-mapping-Robots/workspace/install/slam_robots/share/slam_robots/worlds/models/fuel_models/Casual_female/materials
-- Installing: /home/abdosalm/Github_repos/SLAM-mapping-Robots/workspace/install/slam_robots/share/slam_robots/worlds/models/fuel_models/Casual_female/materials/textures
-- Installing: /home/abdosalm/Github_repos/SLAM-mapping-Robots/workspace/install/slam_robots/share/slam_robots/worlds/models/fuel_models/Casual_female/materials/textures/eyelashes01.png
-- Installing: /home/abdosalm/Github_repos/SLAM-mapping-Robots/workspace/install/slam_robots/share/slam_robots/worlds/models/fuel_models/Casual_female/materials/textures/female_casualsuit01_diffuse.png
-- Installing: /home/abdosalm/Github_repos/SLAM-mapping-Robots/workspace/install/slam_robots/share/slam_robots/worlds/models/fuel_models/Casual_female/materials/textures/female_casualsuit02_diffuse.png
-- Installing: /home/abdosalm/Github_repos/SLAM-mapping-Robots/workspace/install/slam_robots/share/slam_robots/worlds/models/fuel_models/Casual_female/materials/textures/female_casualsuit02_normal.png
-- Installing: /home/abdosalm/Github_repos/SLAM-mapping-Robots/workspace/install/slam_robots/share/slam_robots/worlds/models/fuel_models/Casual_female/materials/textures/young_lightskinned_female_diffuse.png
-- Installing: /home/abdosalm/Github_repos/SLAM-mapping-Robots/workspace/install/slam_robots/share/slam_robots/worlds/models/fuel_models/Casual_female/materials/textures/eyebrow002.png
-- Installing: /home/abdosalm/Github_repos/SLAM-mapping-Robots/workspace/install/slam_robots/share/slam_robots/worlds/models/fuel_models/Casual_female/materials/textures/casual_female.png
-- Installing: /home/abdosalm/Github_repos/SLAM-mapping-Robots/workspace/install/slam_robots/share/slam_robots/worlds/models/fuel_models/Casual_female/materials/textures/brown_eye.png
-- Installing: /home/abdosalm/Github_repos/SLAM-mapping-Robots/workspace/install/slam_robots/share/slam_robots/worlds/models/fuel_models/Casual_female/materials/textures/shoes05_diffuse.png
-- Installing: /home/abdosalm/Github_repos/SLAM-mapping-Robots/workspace/install/slam_robots/share/slam_robots/worlds/models/fuel_models/Casual_female/materials/textures/ponytail01_diffuse.png
-- Installing: /home/abdosalm/Github_repos/SLAM-mapping-Robots/workspace/install/slam_robots/share/slam_robots/worlds/models/fuel_models/Casual_female/materials/textures/female_casualsuit01_normal.png
-- Installing: /home/abdosalm/Github_repos/SLAM-mapping-Robots/workspace/install/slam_robots/share/slam_robots/worlds/models/fuel_models/Casual_female/materials/textures/tongue01_diffuse.png
-- Installing: /home/abdosalm/Github_repos/SLAM-mapping-Robots/workspace/install/slam_robots/share/slam_robots/worlds/models/fuel_models/Walking_person
-- Installing: /home/abdosalm/Github_repos/SLAM-mapping-Robots/workspace/install/slam_robots/share/slam_robots/worlds/models/fuel_models/Walking_person/model.sdf
-- Installing: /home/abdosalm/Github_repos/SLAM-mapping-Robots/workspace/install/slam_robots/share/slam_robots/worlds/models/fuel_models/Walking_person/model.config
-- Installing: /home/abdosalm/Github_repos/SLAM-mapping-Robots/workspace/install/slam_robots/share/slam_robots/worlds/models/fuel_models/Walking_person/thumbnails
-- Installing: /home/abdosalm/Github_repos/SLAM-mapping-Robots/workspace/install/slam_robots/share/slam_robots/worlds/models/fuel_models/Walking_person/thumbnails/4.png
-- Installing: /home/abdosalm/Github_repos/SLAM-mapping-Robots/workspace/install/slam_robots/share/slam_robots/worlds/models/fuel_models/Walking_person/thumbnails/5.png
-- Installing: /home/abdosalm/Github_repos/SLAM-mapping-Robots/workspace/install/slam_robots/share/slam_robots/worlds/models/fuel_models/Walking_person/thumbnails/2.png
-- Installing: /home/abdosalm/Github_repos/SLAM-mapping-Robots/workspace/install/slam_robots/share/slam_robots/worlds/models/fuel_models/Walking_person/thumbnails/1.png
-- Installing: /home/abdosalm/Github_repos/SLAM-mapping-Robots/workspace/install/slam_robots/share/slam_robots/worlds/models/fuel_models/Walking_person/thumbnails/3.png
-- Installing: /home/abdosalm/Github_repos/SLAM-mapping-Robots/workspace/install/slam_robots/share/slam_robots/worlds/models/fuel_models/Walking_person/meshes
-- Installing: /home/abdosalm/Github_repos/SLAM-mapping-Robots/workspace/install/slam_robots/share/slam_robots/worlds/models/fuel_models/Walking_person/meshes/walking.dae
-- Installing: /home/abdosalm/Github_repos/SLAM-mapping-Robots/workspace/install/slam_robots/share/slam_robots/worlds/models/fuel_models/Walking_person/materials
-- Installing: /home/abdosalm/Github_repos/SLAM-mapping-Robots/workspace/install/slam_robots/share/slam_robots/worlds/models/fuel_models/Walking_person/materials/textures
-- Installing: /home/abdosalm/Github_repos/SLAM-mapping-Robots/workspace/install/slam_robots/share/slam_robots/worlds/models/fuel_models/Walking_person/materials/textures/eyebrow001-unmodified.png
-- Installing: /home/abdosalm/Github_repos/SLAM-mapping-Robots/workspace/install/slam_robots/share/slam_robots/worlds/models/fuel_models/Walking_person/materials/textures/tshirt02_normals.png
-- Installing: /home/abdosalm/Github_repos/SLAM-mapping-Robots/workspace/install/slam_robots/share/slam_robots/worlds/models/fuel_models/Walking_person/materials/textures/male02_diffuse_black-unmodified.png
-- Installing: /home/abdosalm/Github_repos/SLAM-mapping-Robots/workspace/install/slam_robots/share/slam_robots/worlds/models/fuel_models/Walking_person/materials/textures/male02_diffuse_black.png
-- Installing: /home/abdosalm/Github_repos/SLAM-mapping-Robots/workspace/install/slam_robots/share/slam_robots/worlds/models/fuel_models/Walking_person/materials/textures/tshirt02_texture.png
-- Installing: /home/abdosalm/Github_repos/SLAM-mapping-Robots/workspace/install/slam_robots/share/slam_robots/worlds/models/fuel_models/Walking_person/materials/textures/eyebrow001.png
-- Installing: /home/abdosalm/Github_repos/SLAM-mapping-Robots/workspace/install/slam_robots/share/slam_robots/worlds/models/fuel_models/Walking_person/materials/textures/green_eye.png
-- Installing: /home/abdosalm/Github_repos/SLAM-mapping-Robots/workspace/install/slam_robots/share/slam_robots/worlds/models/fuel_models/Walking_person/materials/textures/teeth.png
-- Installing: /home/abdosalm/Github_repos/SLAM-mapping-Robots/workspace/install/slam_robots/share/slam_robots/worlds/models/fuel_models/Walking_person/materials/textures/jeans_basic_diffuse.png
-- Installing: /home/abdosalm/Github_repos/SLAM-mapping-Robots/workspace/install/slam_robots/share/slam_robots/worlds/models/fuel_models/Walking_person/materials/textures/jeans01_normals.png
-- Installing: /home/abdosalm/Github_repos/SLAM-mapping-Robots/workspace/install/slam_robots/share/slam_robots/worlds/models/fuel_models/Walking_person/materials/textures/young_lightskinned_male_diffuse.png
-- Installing: /home/abdosalm/Github_repos/SLAM-mapping-Robots/workspace/install/slam_robots/share/slam_robots/worlds/models/freeCad_dae
-- Installing: /home/abdosalm/Github_repos/SLAM-mapping-Robots/workspace/install/slam_robots/share/slam_robots/worlds/models/freeCad_dae/lecture_theater_platform.dae
-- Installing: /home/abdosalm/Github_repos/SLAM-mapping-Robots/workspace/install/slam_robots/share/slam_robots/worlds/models/freeCad_dae/stadium.sdf
-- Installing: /home/abdosalm/Github_repos/SLAM-mapping-Robots/workspace/install/slam_robots/share/slam_robots/worlds/models/freeCad_dae/wall.dae
-- Installing: /home/abdosalm/Github_repos/SLAM-mapping-Robots/workspace/install/slam_robots/share/slam_robots/worlds/models/freeCad_dae/smart_board.sdf
-- Installing: /home/abdosalm/Github_repos/SLAM-mapping-Robots/workspace/install/slam_robots/share/slam_robots/worlds/models/freeCad_dae/computer_table.dae
-- Installing: /home/abdosalm/Github_repos/SLAM-mapping-Robots/workspace/install/slam_robots/share/slam_robots/worlds/models/freeCad_dae/table.dae
-- Installing: /home/abdosalm/Github_repos/SLAM-mapping-Robots/workspace/install/slam_robots/share/slam_robots/worlds/models/freeCad_dae/corridor.dae
-- Installing: /home/abdosalm/Github_repos/SLAM-mapping-Robots/workspace/install/slam_robots/share/slam_robots/worlds/models/freeCad_dae/wall_with_window.dae
-- Installing: /home/abdosalm/Github_repos/SLAM-mapping-Robots/workspace/install/slam_robots/share/slam_robots/worlds/models/freeCad_dae/computer_table.sdf
-- Installing: /home/abdosalm/Github_repos/SLAM-mapping-Robots/workspace/install/slam_robots/share/slam_robots/worlds/models/freeCad_dae/chair.dae
-- Installing: /home/abdosalm/Github_repos/SLAM-mapping-Robots/workspace/install/slam_robots/share/slam_robots/worlds/models/freeCad_dae/chair.sdf
-- Installing: /home/abdosalm/Github_repos/SLAM-mapping-Robots/workspace/install/slam_robots/share/slam_robots/worlds/models/freeCad_dae/lecture_theater_platform.sdf
-- Installing: /home/abdosalm/Github_repos/SLAM-mapping-Robots/workspace/install/slam_robots/share/slam_robots/worlds/models/freeCad_dae/wall.sdf
-- Installing: /home/abdosalm/Github_repos/SLAM-mapping-Robots/workspace/install/slam_robots/share/slam_robots/worlds/models/freeCad_dae/smart_board.dae
-- Installing: /home/abdosalm/Github_repos/SLAM-mapping-Robots/workspace/install/slam_robots/share/slam_robots/worlds/models/freeCad_dae/corridor.sdf
-- Installing: /home/abdosalm/Github_repos/SLAM-mapping-Robots/workspace/install/slam_robots/share/slam_robots/worlds/models/freeCad_dae/wall_with_window.sdf
-- Installing: /home/abdosalm/Github_repos/SLAM-mapping-Robots/workspace/install/slam_robots/share/slam_robots/worlds/models/freeCad_dae/stadium.dae
-- Installing: /home/abdosalm/Github_repos/SLAM-mapping-Robots/workspace/install/slam_robots/share/slam_robots/worlds/models/freeCad_dae/table.sdf
-- Installing: /home/abdosalm/Github_repos/SLAM-mapping-Robots/workspace/install/slam_robots/share/ament_index/resource_index/package_run_dependencies/slam_robots
-- Installing: /home/abdosalm/Github_repos/SLAM-mapping-Robots/workspace/install/slam_robots/share/ament_index/resource_index/parent_prefix_path/slam_robots
-- Installing: /home/abdosalm/Github_repos/SLAM-mapping-Robots/workspace/install/slam_robots/share/slam_robots/environment/ament_prefix_path.sh
-- Installing: /home/abdosalm/Github_repos/SLAM-mapping-Robots/workspace/install/slam_robots/share/slam_robots/environment/ament_prefix_path.dsv
-- Installing: /home/abdosalm/Github_repos/SLAM-mapping-Robots/workspace/install/slam_robots/share/slam_robots/environment/path.sh
-- Installing: /home/abdosalm/Github_repos/SLAM-mapping-Robots/workspace/install/slam_robots/share/slam_robots/environment/path.dsv
-- Installing: /home/abdosalm/Github_repos/SLAM-mapping-Robots/workspace/install/slam_robots/share/slam_robots/local_setup.bash
-- Installing: /home/abdosalm/Github_repos/SLAM-mapping-Robots/workspace/install/slam_robots/share/slam_robots/local_setup.sh
-- Installing: /home/abdosalm/Github_repos/SLAM-mapping-Robots/workspace/install/slam_robots/share/slam_robots/local_setup.zsh
-- Installing: /home/abdosalm/Github_repos/SLAM-mapping-Robots/workspace/install/slam_robots/share/slam_robots/local_setup.dsv
-- Installing: /home/abdosalm/Github_repos/SLAM-mapping-Robots/workspace/install/slam_robots/share/slam_robots/package.dsv
-- Installing: /home/abdosalm/Github_repos/SLAM-mapping-Robots/workspace/install/slam_robots/share/ament_index/resource_index/packages/slam_robots
-- Installing: /home/abdosalm/Github_repos/SLAM-mapping-Robots/workspace/install/slam_robots/share/slam_robots/cmake/slam_robotsConfig.cmake
-- Installing: /home/abdosalm/Github_repos/SLAM-mapping-Robots/workspace/install/slam_robots/share/slam_robots/cmake/slam_robotsConfig-version.cmake
-- Installing: /home/abdosalm/Github_repos/SLAM-mapping-Robots/workspace/install/slam_robots/share/slam_robots/package.xml
