[0.067s] Invoking command in '/home/abdosalm/Github_repos/SLAM-mapping-Robots/workspace/build/turtlebot4_simulator': CMAKE_PREFIX_PATH=/home/abdosalm/Github_repos/SLAM-mapping-Robots/workspace/install/turtlebot4_ignition_bringup:/home/abdosalm/Github_repos/SLAM-mapping-Robots/workspace/install/turtlebot4_node:/home/abdosalm/Github_repos/SLAM-mapping-Robots/workspace/install/turtlebot4_ignition_toolbox:/home/abdosalm/Github_repos/SLAM-mapping-Robots/workspace/install/turtlebot4_navigation:/home/abdosalm/Github_repos/SLAM-mapping-Robots/workspace/install/turtlebot4_msgs:/home/abdosalm/Github_repos/SLAM-mapping-Robots/workspace/install/turtlebot4_ignition_gui_plugins:/home/abdosalm/Github_repos/SLAM-mapping-Robots/workspace/install/turtlebot4_description:/home/abdosalm/Github_repos/SLAM-mapping-Robots/workspace/install/turtlebot4_simulator:/home/abdosalm/Github_repos/SLAM-mapping-Robots/workspace/install/slam_robots:/opt/ros/humble /usr/bin/cmake /home/abdosalm/Github_repos/SLAM-mapping-Robots/workspace/src/turtlebot4/turtlebot4_simulator -DCMAKE_INSTALL_PREFIX=/home/abdosalm/Github_repos/SLAM-mapping-Robots/workspace/install/turtlebot4_simulator
[0.109s] -- The C compiler identification is GNU 11.4.0
[0.149s] -- The CXX compiler identification is GNU 11.4.0
[0.154s] -- Detecting C compiler ABI info
[0.203s] -- Detecting C compiler ABI info - done
[0.209s] -- Check for working C compiler: /usr/bin/cc - skipped
[0.210s] -- Detecting C compile features
[0.210s] -- Detecting C compile features - done
[0.212s] -- Detecting CXX compiler ABI info
[0.270s] -- Detecting CXX compiler ABI info - done
[0.277s] -- Check for working CXX compiler: /usr/bin/c++ - skipped
[0.277s] -- Detecting CXX compile features
[0.277s] -- Detecting CXX compile features - done
[0.280s] -- Found ament_cmake: 1.3.5 (/opt/ros/humble/share/ament_cmake/cmake)
[0.418s] -- Found Python3: /usr/bin/python3.10 (found version "3.10.12") found components: Interpreter 
[0.555s] -- Configuring done
[0.557s] -- Generating done
[0.558s] -- Build files have been written to: /home/abdosalm/Github_repos/SLAM-mapping-Robots/workspace/build/turtlebot4_simulator
[0.561s] Invoked command in '/home/abdosalm/Github_repos/SLAM-mapping-Robots/workspace/build/turtlebot4_simulator' returned '0': CMAKE_PREFIX_PATH=/home/abdosalm/Github_repos/SLAM-mapping-Robots/workspace/install/turtlebot4_ignition_bringup:/home/abdosalm/Github_repos/SLAM-mapping-Robots/workspace/install/turtlebot4_node:/home/abdosalm/Github_repos/SLAM-mapping-Robots/workspace/install/turtlebot4_ignition_toolbox:/home/abdosalm/Github_repos/SLAM-mapping-Robots/workspace/install/turtlebot4_navigation:/home/abdosalm/Github_repos/SLAM-mapping-Robots/workspace/install/turtlebot4_msgs:/home/abdosalm/Github_repos/SLAM-mapping-Robots/workspace/install/turtlebot4_ignition_gui_plugins:/home/abdosalm/Github_repos/SLAM-mapping-Robots/workspace/install/turtlebot4_description:/home/abdosalm/Github_repos/SLAM-mapping-Robots/workspace/install/turtlebot4_simulator:/home/abdosalm/Github_repos/SLAM-mapping-Robots/workspace/install/slam_robots:/opt/ros/humble /usr/bin/cmake /home/abdosalm/Github_repos/SLAM-mapping-Robots/workspace/src/turtlebot4/turtlebot4_simulator -DCMAKE_INSTALL_PREFIX=/home/abdosalm/Github_repos/SLAM-mapping-Robots/workspace/install/turtlebot4_simulator
[0.562s] Invoking command in '/home/abdosalm/Github_repos/SLAM-mapping-Robots/workspace/build/turtlebot4_simulator': CMAKE_PREFIX_PATH=/home/abdosalm/Github_repos/SLAM-mapping-Robots/workspace/install/turtlebot4_ignition_bringup:/home/abdosalm/Github_repos/SLAM-mapping-Robots/workspace/install/turtlebot4_node:/home/abdosalm/Github_repos/SLAM-mapping-Robots/workspace/install/turtlebot4_ignition_toolbox:/home/abdosalm/Github_repos/SLAM-mapping-Robots/workspace/install/turtlebot4_navigation:/home/abdosalm/Github_repos/SLAM-mapping-Robots/workspace/install/turtlebot4_msgs:/home/abdosalm/Github_repos/SLAM-mapping-Robots/workspace/install/turtlebot4_ignition_gui_plugins:/home/abdosalm/Github_repos/SLAM-mapping-Robots/workspace/install/turtlebot4_description:/home/abdosalm/Github_repos/SLAM-mapping-Robots/workspace/install/turtlebot4_simulator:/home/abdosalm/Github_repos/SLAM-mapping-Robots/workspace/install/slam_robots:/opt/ros/humble /usr/bin/cmake --build /home/abdosalm/Github_repos/SLAM-mapping-Robots/workspace/build/turtlebot4_simulator -- -j16 -l16
[0.590s] Invoked command in '/home/abdosalm/Github_repos/SLAM-mapping-Robots/workspace/build/turtlebot4_simulator' returned '0': CMAKE_PREFIX_PATH=/home/abdosalm/Github_repos/SLAM-mapping-Robots/workspace/install/turtlebot4_ignition_bringup:/home/abdosalm/Github_repos/SLAM-mapping-Robots/workspace/install/turtlebot4_node:/home/abdosalm/Github_repos/SLAM-mapping-Robots/workspace/install/turtlebot4_ignition_toolbox:/home/abdosalm/Github_repos/SLAM-mapping-Robots/workspace/install/turtlebot4_navigation:/home/abdosalm/Github_repos/SLAM-mapping-Robots/workspace/install/turtlebot4_msgs:/home/abdosalm/Github_repos/SLAM-mapping-Robots/workspace/install/turtlebot4_ignition_gui_plugins:/home/abdosalm/Github_repos/SLAM-mapping-Robots/workspace/install/turtlebot4_description:/home/abdosalm/Github_repos/SLAM-mapping-Robots/workspace/install/turtlebot4_simulator:/home/abdosalm/Github_repos/SLAM-mapping-Robots/workspace/install/slam_robots:/opt/ros/humble /usr/bin/cmake --build /home/abdosalm/Github_repos/SLAM-mapping-Robots/workspace/build/turtlebot4_simulator -- -j16 -l16
[0.606s] Invoking command in '/home/abdosalm/Github_repos/SLAM-mapping-Robots/workspace/build/turtlebot4_simulator': CMAKE_PREFIX_PATH=/home/abdosalm/Github_repos/SLAM-mapping-Robots/workspace/install/turtlebot4_ignition_bringup:/home/abdosalm/Github_repos/SLAM-mapping-Robots/workspace/install/turtlebot4_node:/home/abdosalm/Github_repos/SLAM-mapping-Robots/workspace/install/turtlebot4_ignition_toolbox:/home/abdosalm/Github_repos/SLAM-mapping-Robots/workspace/install/turtlebot4_navigation:/home/abdosalm/Github_repos/SLAM-mapping-Robots/workspace/install/turtlebot4_msgs:/home/abdosalm/Github_repos/SLAM-mapping-Robots/workspace/install/turtlebot4_ignition_gui_plugins:/home/abdosalm/Github_repos/SLAM-mapping-Robots/workspace/install/turtlebot4_description:/home/abdosalm/Github_repos/SLAM-mapping-Robots/workspace/install/turtlebot4_simulator:/home/abdosalm/Github_repos/SLAM-mapping-Robots/workspace/install/slam_robots:/opt/ros/humble /usr/bin/cmake --install /home/abdosalm/Github_repos/SLAM-mapping-Robots/workspace/build/turtlebot4_simulator
[0.612s] -- Install configuration: ""
[0.612s] -- Installing: /home/abdosalm/Github_repos/SLAM-mapping-Robots/workspace/install/turtlebot4_simulator/share/ament_index/resource_index/package_run_dependencies/turtlebot4_simulator
[0.612s] -- Installing: /home/abdosalm/Github_repos/SLAM-mapping-Robots/workspace/install/turtlebot4_simulator/share/ament_index/resource_index/parent_prefix_path/turtlebot4_simulator
[0.612s] -- Installing: /home/abdosalm/Github_repos/SLAM-mapping-Robots/workspace/install/turtlebot4_simulator/share/turtlebot4_simulator/environment/ament_prefix_path.sh
[0.612s] -- Installing: /home/abdosalm/Github_repos/SLAM-mapping-Robots/workspace/install/turtlebot4_simulator/share/turtlebot4_simulator/environment/ament_prefix_path.dsv
[0.612s] -- Installing: /home/abdosalm/Github_repos/SLAM-mapping-Robots/workspace/install/turtlebot4_simulator/share/turtlebot4_simulator/environment/path.sh
[0.612s] -- Installing: /home/abdosalm/Github_repos/SLAM-mapping-Robots/workspace/install/turtlebot4_simulator/share/turtlebot4_simulator/environment/path.dsv
[0.612s] -- Installing: /home/abdosalm/Github_repos/SLAM-mapping-Robots/workspace/install/turtlebot4_simulator/share/turtlebot4_simulator/local_setup.bash
[0.612s] -- Installing: /home/abdosalm/Github_repos/SLAM-mapping-Robots/workspace/install/turtlebot4_simulator/share/turtlebot4_simulator/local_setup.sh
[0.612s] -- Installing: /home/abdosalm/Github_repos/SLAM-mapping-Robots/workspace/install/turtlebot4_simulator/share/turtlebot4_simulator/local_setup.zsh
[0.612s] -- Installing: /home/abdosalm/Github_repos/SLAM-mapping-Robots/workspace/install/turtlebot4_simulator/share/turtlebot4_simulator/local_setup.dsv
[0.613s] -- Installing: /home/abdosalm/Github_repos/SLAM-mapping-Robots/workspace/install/turtlebot4_simulator/share/turtlebot4_simulator/package.dsv
[0.613s] -- Installing: /home/abdosalm/Github_repos/SLAM-mapping-Robots/workspace/install/turtlebot4_simulator/share/ament_index/resource_index/packages/turtlebot4_simulator
[0.613s] -- Installing: /home/abdosalm/Github_repos/SLAM-mapping-Robots/workspace/install/turtlebot4_simulator/share/turtlebot4_simulator/cmake/turtlebot4_simulatorConfig.cmake
[0.613s] -- Installing: /home/abdosalm/Github_repos/SLAM-mapping-Robots/workspace/install/turtlebot4_simulator/share/turtlebot4_simulator/cmake/turtlebot4_simulatorConfig-version.cmake
[0.613s] -- Installing: /home/abdosalm/Github_repos/SLAM-mapping-Robots/workspace/install/turtlebot4_simulator/share/turtlebot4_simulator/package.xml
[0.614s] Invoked command in '/home/abdosalm/Github_repos/SLAM-mapping-Robots/workspace/build/turtlebot4_simulator' returned '0': CMAKE_PREFIX_PATH=/home/abdosalm/Github_repos/SLAM-mapping-Robots/workspace/install/turtlebot4_ignition_bringup:/home/abdosalm/Github_repos/SLAM-mapping-Robots/workspace/install/turtlebot4_node:/home/abdosalm/Github_repos/SLAM-mapping-Robots/workspace/install/turtlebot4_ignition_toolbox:/home/abdosalm/Github_repos/SLAM-mapping-Robots/workspace/install/turtlebot4_navigation:/home/abdosalm/Github_repos/SLAM-mapping-Robots/workspace/install/turtlebot4_msgs:/home/abdosalm/Github_repos/SLAM-mapping-Robots/workspace/install/turtlebot4_ignition_gui_plugins:/home/abdosalm/Github_repos/SLAM-mapping-Robots/workspace/install/turtlebot4_description:/home/abdosalm/Github_repos/SLAM-mapping-Robots/workspace/install/turtlebot4_simulator:/home/abdosalm/Github_repos/SLAM-mapping-Robots/workspace/install/slam_robots:/opt/ros/humble /usr/bin/cmake --install /home/abdosalm/Github_repos/SLAM-mapping-Robots/workspace/build/turtlebot4_simulator
