[0.092s] Invoking command in '/home/abdosalm/Github_repos/SLAM-mapping-Robots/workspace/build/turtlebot4_navigation': CMAKE_PREFIX_PATH=/opt/ros/humble /usr/bin/cmake /home/abdosalm/Github_repos/SLAM-mapping-Robots/workspace/src/turtlebot4/turtlebot4_navigation -DCMAKE_INSTALL_PREFIX=/home/abdosalm/Github_repos/SLAM-mapping-Robots/workspace/install/turtlebot4_navigation
[0.233s] -- The C compiler identification is GNU 11.4.0
[0.497s] -- The CXX compiler identification is GNU 11.4.0
[0.530s] -- Detecting C compiler ABI info
[0.760s] -- Detecting C compiler ABI info - done
[0.815s] -- Check for working C compiler: /usr/bin/cc - skipped
[0.817s] -- Detecting C compile features
[0.819s] -- Detecting C compile features - done
[0.839s] -- Detecting CXX compiler ABI info
[1.121s] -- Detecting CXX compiler ABI info - done
[1.171s] -- Check for working CXX compiler: /usr/bin/c++ - skipped
[1.172s] -- Detecting CXX compile features
[1.174s] -- Detecting CXX compile features - done
[1.184s] -- Found ament_cmake: 1.3.5 (/opt/ros/humble/share/ament_cmake/cmake)
[1.822s] -- Found Python3: /usr/bin/python3.10 (found version "3.10.12") found components: Interpreter 
[1.983s] -- Found ament_lint_auto: 0.12.8 (/opt/ros/humble/share/ament_lint_auto/cmake)
[2.047s] -- Added test 'copyright' to check source files copyright and LICENSE
[2.049s] -- Added test 'flake8' to check Python code syntax and style conventions
[2.050s] -- Added test 'lint_cmake' to check CMake code style
[2.051s] -- Added test 'pep257' to check Python code against some of the docstring style conventions in PEP 257
[2.053s] -- Added test 'xmllint' to check XML markup files
[2.054s] -- Configuring done
[2.057s] -- Generating done
[2.058s] -- Build files have been written to: /home/abdosalm/Github_repos/SLAM-mapping-Robots/workspace/build/turtlebot4_navigation
[2.061s] Invoked command in '/home/abdosalm/Github_repos/SLAM-mapping-Robots/workspace/build/turtlebot4_navigation' returned '0': CMAKE_PREFIX_PATH=/opt/ros/humble /usr/bin/cmake /home/abdosalm/Github_repos/SLAM-mapping-Robots/workspace/src/turtlebot4/turtlebot4_navigation -DCMAKE_INSTALL_PREFIX=/home/abdosalm/Github_repos/SLAM-mapping-Robots/workspace/install/turtlebot4_navigation
[2.062s] Invoking command in '/home/abdosalm/Github_repos/SLAM-mapping-Robots/workspace/build/turtlebot4_navigation': CMAKE_PREFIX_PATH=/opt/ros/humble /usr/bin/cmake --build /home/abdosalm/Github_repos/SLAM-mapping-Robots/workspace/build/turtlebot4_navigation -- -j16 -l16
[2.099s] Built target ament_cmake_python_copy_turtlebot4_navigation
[2.313s] running egg_info
[2.314s] creating turtlebot4_navigation.egg-info
[2.314s] writing turtlebot4_navigation.egg-info/PKG-INFO
[2.314s] writing dependency_links to turtlebot4_navigation.egg-info/dependency_links.txt
[2.314s] writing top-level names to turtlebot4_navigation.egg-info/top_level.txt
[2.315s] writing manifest file 'turtlebot4_navigation.egg-info/SOURCES.txt'
[2.318s] reading manifest file 'turtlebot4_navigation.egg-info/SOURCES.txt'
[2.319s] writing manifest file 'turtlebot4_navigation.egg-info/SOURCES.txt'
[2.342s] Built target ament_cmake_python_build_turtlebot4_navigation_egg
[2.351s] Invoked command in '/home/abdosalm/Github_repos/SLAM-mapping-Robots/workspace/build/turtlebot4_navigation' returned '0': CMAKE_PREFIX_PATH=/opt/ros/humble /usr/bin/cmake --build /home/abdosalm/Github_repos/SLAM-mapping-Robots/workspace/build/turtlebot4_navigation -- -j16 -l16
[2.368s] Invoking command in '/home/abdosalm/Github_repos/SLAM-mapping-Robots/workspace/build/turtlebot4_navigation': CMAKE_PREFIX_PATH=/opt/ros/humble /usr/bin/cmake --install /home/abdosalm/Github_repos/SLAM-mapping-Robots/workspace/build/turtlebot4_navigation
[2.374s] -- Install configuration: ""
[2.374s] -- Installing: /home/abdosalm/Github_repos/SLAM-mapping-Robots/workspace/install/turtlebot4_navigation/share/turtlebot4_navigation/config
[2.374s] -- Installing: /home/abdosalm/Github_repos/SLAM-mapping-Robots/workspace/install/turtlebot4_navigation/share/turtlebot4_navigation/config/localization.yaml
[2.374s] -- Installing: /home/abdosalm/Github_repos/SLAM-mapping-Robots/workspace/install/turtlebot4_navigation/share/turtlebot4_navigation/config/nav2.yaml
[2.374s] -- Installing: /home/abdosalm/Github_repos/SLAM-mapping-Robots/workspace/install/turtlebot4_navigation/share/turtlebot4_navigation/config/slam.yaml
[2.374s] -- Installing: /home/abdosalm/Github_repos/SLAM-mapping-Robots/workspace/install/turtlebot4_navigation/share/turtlebot4_navigation/launch
[2.374s] -- Installing: /home/abdosalm/Github_repos/SLAM-mapping-Robots/workspace/install/turtlebot4_navigation/share/turtlebot4_navigation/launch/localization.launch.py
[2.374s] -- Installing: /home/abdosalm/Github_repos/SLAM-mapping-Robots/workspace/install/turtlebot4_navigation/share/turtlebot4_navigation/launch/nav2.launch.py
[2.374s] -- Installing: /home/abdosalm/Github_repos/SLAM-mapping-Robots/workspace/install/turtlebot4_navigation/share/turtlebot4_navigation/launch/slam.launch.py
[2.374s] -- Installing: /home/abdosalm/Github_repos/SLAM-mapping-Robots/workspace/install/turtlebot4_navigation/share/turtlebot4_navigation/maps
[2.374s] -- Installing: /home/abdosalm/Github_repos/SLAM-mapping-Robots/workspace/install/turtlebot4_navigation/share/turtlebot4_navigation/maps/warehouse.yaml
[2.375s] -- Installing: /home/abdosalm/Github_repos/SLAM-mapping-Robots/workspace/install/turtlebot4_navigation/share/turtlebot4_navigation/maps/warehouse.pgm
[2.376s] -- Installing: /home/abdosalm/Github_repos/SLAM-mapping-Robots/workspace/install/turtlebot4_navigation/share/turtlebot4_navigation/maps/depot.yaml
[2.376s] -- Installing: /home/abdosalm/Github_repos/SLAM-mapping-Robots/workspace/install/turtlebot4_navigation/share/turtlebot4_navigation/maps/depot.pgm
[2.376s] -- Installing: /home/abdosalm/Github_repos/SLAM-mapping-Robots/workspace/install/turtlebot4_navigation/share/turtlebot4_navigation/maps/maze.yaml
[2.376s] -- Installing: /home/abdosalm/Github_repos/SLAM-mapping-Robots/workspace/install/turtlebot4_navigation/share/turtlebot4_navigation/maps/maze.pgm
[2.376s] -- Installing: /home/abdosalm/Github_repos/SLAM-mapping-Robots/workspace/install/turtlebot4_navigation/share/turtlebot4_navigation/environment/pythonpath.sh
[2.376s] -- Installing: /home/abdosalm/Github_repos/SLAM-mapping-Robots/workspace/install/turtlebot4_navigation/share/turtlebot4_navigation/environment/pythonpath.dsv
[2.377s] -- Installing: /home/abdosalm/Github_repos/SLAM-mapping-Robots/workspace/install/turtlebot4_navigation/local/lib/python3.10/dist-packages/turtlebot4_navigation-1.0.4-py3.10.egg-info
[2.377s] -- Installing: /home/abdosalm/Github_repos/SLAM-mapping-Robots/workspace/install/turtlebot4_navigation/local/lib/python3.10/dist-packages/turtlebot4_navigation-1.0.4-py3.10.egg-info/dependency_links.txt
[2.377s] -- Installing: /home/abdosalm/Github_repos/SLAM-mapping-Robots/workspace/install/turtlebot4_navigation/local/lib/python3.10/dist-packages/turtlebot4_navigation-1.0.4-py3.10.egg-info/PKG-INFO
[2.377s] -- Installing: /home/abdosalm/Github_repos/SLAM-mapping-Robots/workspace/install/turtlebot4_navigation/local/lib/python3.10/dist-packages/turtlebot4_navigation-1.0.4-py3.10.egg-info/top_level.txt
[2.377s] -- Installing: /home/abdosalm/Github_repos/SLAM-mapping-Robots/workspace/install/turtlebot4_navigation/local/lib/python3.10/dist-packages/turtlebot4_navigation-1.0.4-py3.10.egg-info/SOURCES.txt
[2.377s] -- Installing: /home/abdosalm/Github_repos/SLAM-mapping-Robots/workspace/install/turtlebot4_navigation/local/lib/python3.10/dist-packages/turtlebot4_navigation
[2.377s] -- Installing: /home/abdosalm/Github_repos/SLAM-mapping-Robots/workspace/install/turtlebot4_navigation/local/lib/python3.10/dist-packages/turtlebot4_navigation/turtlebot4_navigator.py
[2.377s] -- Installing: /home/abdosalm/Github_repos/SLAM-mapping-Robots/workspace/install/turtlebot4_navigation/local/lib/python3.10/dist-packages/turtlebot4_navigation/__init__.py
[2.403s] Listing '/home/abdosalm/Github_repos/SLAM-mapping-Robots/workspace/install/turtlebot4_navigation/local/lib/python3.10/dist-packages/turtlebot4_navigation'...
[2.403s] Compiling '/home/abdosalm/Github_repos/SLAM-mapping-Robots/workspace/install/turtlebot4_navigation/local/lib/python3.10/dist-packages/turtlebot4_navigation/__init__.py'...
[2.403s] Compiling '/home/abdosalm/Github_repos/SLAM-mapping-Robots/workspace/install/turtlebot4_navigation/local/lib/python3.10/dist-packages/turtlebot4_navigation/turtlebot4_navigator.py'...
[2.406s] -- Installing: /home/abdosalm/Github_repos/SLAM-mapping-Robots/workspace/install/turtlebot4_navigation/local/lib/python3.10/dist-packages/turtlebot4_navigator.py
[2.435s] Compiling '/home/abdosalm/Github_repos/SLAM-mapping-Robots/workspace/install/turtlebot4_navigation/local/lib/python3.10/dist-packages/turtlebot4_navigator.py'...
[2.441s] -- Installing: /home/abdosalm/Github_repos/SLAM-mapping-Robots/workspace/install/turtlebot4_navigation/share/ament_index/resource_index/package_run_dependencies/turtlebot4_navigation
[2.442s] -- Installing: /home/abdosalm/Github_repos/SLAM-mapping-Robots/workspace/install/turtlebot4_navigation/share/ament_index/resource_index/parent_prefix_path/turtlebot4_navigation
[2.442s] -- Installing: /home/abdosalm/Github_repos/SLAM-mapping-Robots/workspace/install/turtlebot4_navigation/share/turtlebot4_navigation/environment/ament_prefix_path.sh
[2.442s] -- Installing: /home/abdosalm/Github_repos/SLAM-mapping-Robots/workspace/install/turtlebot4_navigation/share/turtlebot4_navigation/environment/ament_prefix_path.dsv
[2.442s] -- Installing: /home/abdosalm/Github_repos/SLAM-mapping-Robots/workspace/install/turtlebot4_navigation/share/turtlebot4_navigation/environment/path.sh
[2.442s] -- Installing: /home/abdosalm/Github_repos/SLAM-mapping-Robots/workspace/install/turtlebot4_navigation/share/turtlebot4_navigation/environment/path.dsv
[2.442s] -- Installing: /home/abdosalm/Github_repos/SLAM-mapping-Robots/workspace/install/turtlebot4_navigation/share/turtlebot4_navigation/local_setup.bash
[2.442s] -- Installing: /home/abdosalm/Github_repos/SLAM-mapping-Robots/workspace/install/turtlebot4_navigation/share/turtlebot4_navigation/local_setup.sh
[2.443s] -- Installing: /home/abdosalm/Github_repos/SLAM-mapping-Robots/workspace/install/turtlebot4_navigation/share/turtlebot4_navigation/local_setup.zsh
[2.443s] -- Installing: /home/abdosalm/Github_repos/SLAM-mapping-Robots/workspace/install/turtlebot4_navigation/share/turtlebot4_navigation/local_setup.dsv
[2.443s] -- Installing: /home/abdosalm/Github_repos/SLAM-mapping-Robots/workspace/install/turtlebot4_navigation/share/turtlebot4_navigation/package.dsv
[2.443s] -- Installing: /home/abdosalm/Github_repos/SLAM-mapping-Robots/workspace/install/turtlebot4_navigation/share/ament_index/resource_index/packages/turtlebot4_navigation
[2.443s] -- Installing: /home/abdosalm/Github_repos/SLAM-mapping-Robots/workspace/install/turtlebot4_navigation/share/turtlebot4_navigation/cmake/turtlebot4_navigationConfig.cmake
[2.443s] -- Installing: /home/abdosalm/Github_repos/SLAM-mapping-Robots/workspace/install/turtlebot4_navigation/share/turtlebot4_navigation/cmake/turtlebot4_navigationConfig-version.cmake
[2.443s] -- Installing: /home/abdosalm/Github_repos/SLAM-mapping-Robots/workspace/install/turtlebot4_navigation/share/turtlebot4_navigation/package.xml
[2.444s] Invoked command in '/home/abdosalm/Github_repos/SLAM-mapping-Robots/workspace/build/turtlebot4_navigation' returned '0': CMAKE_PREFIX_PATH=/opt/ros/humble /usr/bin/cmake --install /home/abdosalm/Github_repos/SLAM-mapping-Robots/workspace/build/turtlebot4_navigation
