-- The C compiler identification is GNU 11.4.0
-- The CXX compiler identification is GNU 11.4.0
-- Detecting C compiler ABI info
-- Detecting C compiler ABI info - done
-- Check for working C compiler: /usr/bin/cc - skipped
-- Detecting C compile features
-- Detecting C compile features - done
-- Detecting CXX compiler ABI info
-- Detecting CXX compiler ABI info - done
-- Check for working CXX compiler: /usr/bin/c++ - skipped
-- Detecting CXX compile features
-- Detecting CXX compile features - done
-- Found ament_cmake: 1.3.5 (/opt/ros/humble/share/ament_cmake/cmake)
-- Found Python3: /usr/bin/python3.10 (found version "3.10.12") found components: Interpreter 
-- Found dynamixel_sdk: 3.7.60 (/home/abdosalm/Github_repos/SLAM-mapping-Robots/workspace/install/dynamixel_sdk/share/dynamixel_sdk/cmake)
-- Found dynamixel_sdk_custom_interfaces: 3.7.60 (/home/abdosalm/Github_repos/SLAM-mapping-Robots/workspace/install/dynamixel_sdk_custom_interfaces/share/dynamixel_sdk_custom_interfaces/cmake)
-- Found rosidl_generator_c: 3.1.5 (/opt/ros/humble/share/rosidl_generator_c/cmake)
-- Found rosidl_adapter: 3.1.5 (/opt/ros/humble/share/rosidl_adapter/cmake)
-- Found rosidl_generator_cpp: 3.1.5 (/opt/ros/humble/share/rosidl_generator_cpp/cmake)
-- Using all available rosidl_typesupport_c: rosidl_typesupport_fastrtps_c;rosidl_typesupport_introspection_c
-- Using all available rosidl_typesupport_cpp: rosidl_typesupport_fastrtps_cpp;rosidl_typesupport_introspection_cpp
-- Found rclcpp: 16.0.6 (/opt/ros/humble/share/rclcpp/cmake)
-- Found rmw_implementation_cmake: 6.1.1 (/opt/ros/humble/share/rmw_implementation_cmake/cmake)
-- Found rmw_fastrtps_cpp: 6.2.4 (/opt/ros/humble/share/rmw_fastrtps_cpp/cmake)
-- Found OpenSSL: /usr/lib/x86_64-linux-gnu/libcrypto.so (found version "3.0.2")  
-- Found FastRTPS: /opt/ros/humble/include  
-- Using RMW implementation 'rmw_fastrtps_cpp' as default
-- Looking for pthread.h
-- Looking for pthread.h - found
-- Performing Test CMAKE_HAVE_LIBC_PTHREAD
-- Performing Test CMAKE_HAVE_LIBC_PTHREAD - Success
-- Found Threads: TRUE  
-- Found ament_lint_auto: 0.12.8 (/opt/ros/humble/share/ament_lint_auto/cmake)
-- Added test 'copyright' to check source files copyright and LICENSE
-- Added test 'cppcheck' to perform static code analysis on C / C++ code
-- Configured cppcheck include dirs: /home/abdosalm/Github_repos/SLAM-mapping-Robots/workspace/src/turtlebot3/DynamixelSDK/dynamixel_sdk_examples/include
-- Configured cppcheck exclude dirs and/or files: 
-- Added test 'cpplint' to check C / C++ code against the Google style
-- Configured cpplint exclude dirs and/or files: 
-- Added test 'lint_cmake' to check CMake code style
-- Added test 'uncrustify' to check C / C++ code style
-- Configured uncrustify additional arguments: 
-- Added test 'xmllint' to check XML markup files
-- Configuring done
-- Generating done
-- Build files have been written to: /home/abdosalm/Github_repos/SLAM-mapping-Robots/workspace/build/dynamixel_sdk_examples
[ 50%] [32mBuilding CXX object CMakeFiles/read_write_node.dir/src/read_write_node.cpp.o[0m
[100%] [32m[1mLinking CXX executable read_write_node[0m
[100%] Built target read_write_node
-- Install configuration: ""
-- Installing: /home/abdosalm/Github_repos/SLAM-mapping-Robots/workspace/install/dynamixel_sdk_examples/lib/dynamixel_sdk_examples/read_write_node
-- Set runtime path of "/home/abdosalm/Github_repos/SLAM-mapping-Robots/workspace/install/dynamixel_sdk_examples/lib/dynamixel_sdk_examples/read_write_node" to ""
-- Installing: /home/abdosalm/Github_repos/SLAM-mapping-Robots/workspace/install/dynamixel_sdk_examples/share/ament_index/resource_index/package_run_dependencies/dynamixel_sdk_examples
-- Installing: /home/abdosalm/Github_repos/SLAM-mapping-Robots/workspace/install/dynamixel_sdk_examples/share/ament_index/resource_index/parent_prefix_path/dynamixel_sdk_examples
-- Installing: /home/abdosalm/Github_repos/SLAM-mapping-Robots/workspace/install/dynamixel_sdk_examples/share/dynamixel_sdk_examples/environment/ament_prefix_path.sh
-- Installing: /home/abdosalm/Github_repos/SLAM-mapping-Robots/workspace/install/dynamixel_sdk_examples/share/dynamixel_sdk_examples/environment/ament_prefix_path.dsv
-- Installing: /home/abdosalm/Github_repos/SLAM-mapping-Robots/workspace/install/dynamixel_sdk_examples/share/dynamixel_sdk_examples/environment/path.sh
-- Installing: /home/abdosalm/Github_repos/SLAM-mapping-Robots/workspace/install/dynamixel_sdk_examples/share/dynamixel_sdk_examples/environment/path.dsv
-- Installing: /home/abdosalm/Github_repos/SLAM-mapping-Robots/workspace/install/dynamixel_sdk_examples/share/dynamixel_sdk_examples/local_setup.bash
-- Installing: /home/abdosalm/Github_repos/SLAM-mapping-Robots/workspace/install/dynamixel_sdk_examples/share/dynamixel_sdk_examples/local_setup.sh
-- Installing: /home/abdosalm/Github_repos/SLAM-mapping-Robots/workspace/install/dynamixel_sdk_examples/share/dynamixel_sdk_examples/local_setup.zsh
-- Installing: /home/abdosalm/Github_repos/SLAM-mapping-Robots/workspace/install/dynamixel_sdk_examples/share/dynamixel_sdk_examples/local_setup.dsv
-- Installing: /home/abdosalm/Github_repos/SLAM-mapping-Robots/workspace/install/dynamixel_sdk_examples/share/dynamixel_sdk_examples/package.dsv
-- Installing: /home/abdosalm/Github_repos/SLAM-mapping-Robots/workspace/install/dynamixel_sdk_examples/share/ament_index/resource_index/packages/dynamixel_sdk_examples
-- Installing: /home/abdosalm/Github_repos/SLAM-mapping-Robots/workspace/install/dynamixel_sdk_examples/share/dynamixel_sdk_examples/cmake/dynamixel_sdk_examplesConfig.cmake
-- Installing: /home/abdosalm/Github_repos/SLAM-mapping-Robots/workspace/install/dynamixel_sdk_examples/share/dynamixel_sdk_examples/cmake/dynamixel_sdk_examplesConfig-version.cmake
-- Installing: /home/abdosalm/Github_repos/SLAM-mapping-Robots/workspace/install/dynamixel_sdk_examples/share/dynamixel_sdk_examples/package.xml
