[0.124s] Invoking command in '/home/abdosalm/Github repos/SLAM-mapping-Robots/workspace/build/turtlebot4_ignition_gui_plugins': CMAKE_PREFIX_PATH=/opt/ros/humble /usr/bin/cmake /home/abdosalm/Github repos/SLAM-mapping-Robots/workspace/src/turtlebot4/turtlebot4_ignition_gui_plugins -DCMAKE_INSTALL_PREFIX=/home/abdosalm/Github repos/SLAM-mapping-Robots/workspace/install/turtlebot4_ignition_gui_plugins
[0.212s] -- The C compiler identification is GNU 11.4.0
[0.303s] -- The CXX compiler identification is GNU 11.4.0
[0.312s] -- Detecting C compiler ABI info
[0.366s] -- Detecting C compiler ABI info - done
[0.374s] -- Check for working C compiler: /usr/bin/cc - skipped
[0.375s] -- Detecting C compile features
[0.376s] -- Detecting C compile features - done
[0.380s] -- Detecting CXX compiler ABI info
[0.506s] -- Detecting CXX compiler ABI info - done
[0.535s] -- Check for working CXX compiler: /usr/bin/c++ - skipped
[0.537s] -- Detecting CXX compile features
[0.539s] -- Detecting CXX compile features - done
[0.557s] -- Found ament_cmake: 1.3.5 (/opt/ros/humble/share/ament_cmake/cmake)
[0.700s] -- Found Python3: /usr/bin/python3.10 (found version "3.10.12") found components: Interpreter 
[0.797s] -- Found ament_lint_auto: 0.12.8 (/opt/ros/humble/share/ament_lint_auto/cmake)
[0.927s] -- Looking for ignition-gui6 -- found version 6.8.0
[0.940s] -- Searching for dependencies of ignition-gui6
[1.079s] -- Found Protobuf: /usr/lib/x86_64-linux-gnu/libprotobuf.so (found suitable version "3.12.4", minimum required is "3") 
[1.099s] -- Checking for module 'tinyxml2'
[1.122s] --   Found tinyxml2, version 9.0.0
[1.143s] -- Looking for ignition-math6 -- found version 6.15.0
[1.144s] -- Searching for dependencies of ignition-math6
[1.149s] -- Looking for ignition-common4 -- found version 4.7.0
[1.149s] -- Searching for dependencies of ignition-common4
[1.149s] -- Looking for dlfcn.h - found
[1.150s] -- Looking for libdl - found
[1.151s] -- Found DL: TRUE  
[1.155s] -- Checking for module 'uuid'
[1.164s] --   Found uuid, version 2.37.2
[1.182s] -- Found UUID: TRUE  
[1.183s] -- Searching for <ignition-common4> component [profiler]
[1.185s] -- Looking for ignition-common4-profiler -- found version 4.7.0
[1.185s] -- Searching for dependencies of ignition-common4-profiler
[1.189s] -- Looking for ignition-plugin1 -- found version 1.4.0
[1.189s] -- Searching for dependencies of ignition-plugin1
[1.190s] -- Searching for <ignition-plugin1> component [loader]
[1.192s] -- Looking for ignition-plugin1-loader -- found version 1.4.0
[1.192s] -- Searching for dependencies of ignition-plugin1-loader
[1.193s] -- Searching for <ignition-plugin1> component [register]
[1.195s] -- Looking for ignition-plugin1-register -- found version 1.4.0
[1.195s] -- Searching for dependencies of ignition-plugin1-register
[1.199s] -- Looking for ignition-transport11 -- found version 11.4.1
[1.199s] -- Searching for dependencies of ignition-transport11
[1.212s] -- Found Protobuf: /usr/lib/x86_64-linux-gnu/libprotobuf.so (found version "3.12.4") 
[1.221s] -- Config-file not installed for ZeroMQ -- checking for pkg-config
[1.225s] -- Checking for module 'libzmq >= 4'
[1.237s] --   Found libzmq , version 4.3.4
[1.261s] -- Found ZeroMQ: TRUE (Required is at least version "4") 
[1.274s] -- Looking for ignition-utils1 -- found version 1.5.1
[1.274s] -- Searching for dependencies of ignition-utils1
[1.275s] -- Searching for <ignition-utils1> component [cli]
[1.277s] -- Looking for ignition-utils1-cli -- found version 1.5.1
[1.278s] -- Searching for dependencies of ignition-utils1-cli
[1.281s] -- Looking for ignition-msgs8 -- found version 8.7.0
[1.281s] -- Searching for dependencies of ignition-msgs8
[1.294s] -- Found Protobuf: /usr/lib/x86_64-linux-gnu/libprotobuf.so (found suitable version "3.12.4", minimum required is "3") 
[1.295s] -- Looking for ignition-math6 -- found version 6.15.0
[1.306s] -- Looking for ignition-rendering6 -- found version 6.6.2
[1.306s] -- Searching for dependencies of ignition-rendering6
[1.306s] -- Looking for ignition-math6 -- found version 6.15.0
[1.307s] -- Searching for dependencies of ignition-math6
[1.307s] -- Searching for <ignition-math6> component [eigen3]
[1.308s] -- Looking for ignition-math6-eigen3 -- found version 6.15.0
[1.309s] -- Searching for dependencies of ignition-math6-eigen3
[1.318s] -- Looking for ignition-common4 -- found version 4.7.0
[1.318s] -- Searching for dependencies of ignition-common4
[1.318s] -- Looking for dlfcn.h - found
[1.318s] -- Looking for libdl - found
[1.324s] -- Searching for <ignition-common4> component [graphics]
[1.327s] -- Looking for ignition-common4-graphics -- found version 4.7.0
[1.327s] -- Searching for dependencies of ignition-common4-graphics
[1.327s] -- Looking for ignition-math6 -- found version 6.15.0
[1.327s] -- Looking for ignition-utils1 -- found version 1.5.1
[1.329s] -- Searching for <ignition-common4> component [events]
[1.331s] -- Looking for ignition-common4-events -- found version 4.7.0
[1.331s] -- Searching for dependencies of ignition-common4-events
[1.331s] -- Looking for ignition-math6 -- found version 6.15.0
[1.332s] -- Looking for ignition-plugin1 -- found version 1.4.0
[1.332s] -- Searching for dependencies of ignition-plugin1
[1.333s] -- Searching for <ignition-plugin1> component [all]
[1.334s] -- Looking for all libraries of ignition-plugin1 -- found version 1.4.0
[1.335s] -- Looking for ignition-plugin1 -- found version 1.4.0
[1.337s] -- Looking for ignition-msgs8 -- found version 8.7.0
[1.343s] -- Looking for ignition-common4 -- found version 4.7.0
[1.346s] -- Added test 'cppcheck' to perform static code analysis on C / C++ code
[1.346s] -- Configured cppcheck include dirs: 
[1.346s] -- Configured cppcheck exclude dirs and/or files: 
[1.347s] -- Added test 'cpplint' to check C / C++ code against the Google style
[1.347s] -- Configured cpplint exclude dirs and/or files: 
[1.347s] -- Added test 'lint_cmake' to check CMake code style
[1.347s] -- Added test 'xmllint' to check XML markup files
[1.348s] -- Configuring done
[1.363s] -- Generating done
[1.364s] -- Build files have been written to: /home/abdosalm/Github repos/SLAM-mapping-Robots/workspace/build/turtlebot4_ignition_gui_plugins
[1.372s] Invoked command in '/home/abdosalm/Github repos/SLAM-mapping-Robots/workspace/build/turtlebot4_ignition_gui_plugins' returned '0': CMAKE_PREFIX_PATH=/opt/ros/humble /usr/bin/cmake /home/abdosalm/Github repos/SLAM-mapping-Robots/workspace/src/turtlebot4/turtlebot4_ignition_gui_plugins -DCMAKE_INSTALL_PREFIX=/home/abdosalm/Github repos/SLAM-mapping-Robots/workspace/install/turtlebot4_ignition_gui_plugins
[1.374s] Invoking command in '/home/abdosalm/Github repos/SLAM-mapping-Robots/workspace/build/turtlebot4_ignition_gui_plugins': CMAKE_PREFIX_PATH=/opt/ros/humble /usr/bin/cmake --build /home/abdosalm/Github repos/SLAM-mapping-Robots/workspace/build/turtlebot4_ignition_gui_plugins -- -j16 -l16
[1.404s] [ 16%] [34m[1mAutomatic MOC for target Turtlebot4Hmi[0m
[3.185s] [ 16%] Built target Turtlebot4Hmi_autogen
[3.191s] [ 33%] [34m[1mGenerating qrc_Turtlebot4Hmi.cpp[0m
[3.210s] [ 66%] [32mBuilding CXX object Turtlebot4Hmi/CMakeFiles/Turtlebot4Hmi.dir/Turtlebot4Hmi.cc.o[0m
[3.210s] [ 50%] [32mBuilding CXX object Turtlebot4Hmi/CMakeFiles/Turtlebot4Hmi.dir/qrc_Turtlebot4Hmi.cpp.o[0m
[3.211s] [ 83%] [32mBuilding CXX object Turtlebot4Hmi/CMakeFiles/Turtlebot4Hmi.dir/Turtlebot4Hmi_autogen/mocs_compilation.cpp.o[0m
[9.941s] [100%] [32m[1mLinking CXX shared library libTurtlebot4Hmi.so[0m
[10.346s] [100%] Built target Turtlebot4Hmi
[10.357s] Invoked command in '/home/abdosalm/Github repos/SLAM-mapping-Robots/workspace/build/turtlebot4_ignition_gui_plugins' returned '0': CMAKE_PREFIX_PATH=/opt/ros/humble /usr/bin/cmake --build /home/abdosalm/Github repos/SLAM-mapping-Robots/workspace/build/turtlebot4_ignition_gui_plugins -- -j16 -l16
[10.374s] Invoking command in '/home/abdosalm/Github repos/SLAM-mapping-Robots/workspace/build/turtlebot4_ignition_gui_plugins': CMAKE_PREFIX_PATH=/opt/ros/humble /usr/bin/cmake --install /home/abdosalm/Github repos/SLAM-mapping-Robots/workspace/build/turtlebot4_ignition_gui_plugins
[10.381s] -- Install configuration: ""
[10.381s] -- Installing: /home/abdosalm/Github repos/SLAM-mapping-Robots/workspace/install/turtlebot4_ignition_gui_plugins/share/ament_index/resource_index/package_run_dependencies/turtlebot4_ignition_gui_plugins
[10.381s] -- Installing: /home/abdosalm/Github repos/SLAM-mapping-Robots/workspace/install/turtlebot4_ignition_gui_plugins/share/ament_index/resource_index/parent_prefix_path/turtlebot4_ignition_gui_plugins
[10.381s] -- Installing: /home/abdosalm/Github repos/SLAM-mapping-Robots/workspace/install/turtlebot4_ignition_gui_plugins/share/turtlebot4_ignition_gui_plugins/environment/ament_prefix_path.sh
[10.381s] -- Installing: /home/abdosalm/Github repos/SLAM-mapping-Robots/workspace/install/turtlebot4_ignition_gui_plugins/share/turtlebot4_ignition_gui_plugins/environment/ament_prefix_path.dsv
[10.381s] -- Installing: /home/abdosalm/Github repos/SLAM-mapping-Robots/workspace/install/turtlebot4_ignition_gui_plugins/share/turtlebot4_ignition_gui_plugins/environment/path.sh
[10.382s] -- Installing: /home/abdosalm/Github repos/SLAM-mapping-Robots/workspace/install/turtlebot4_ignition_gui_plugins/share/turtlebot4_ignition_gui_plugins/environment/path.dsv
[10.382s] -- Installing: /home/abdosalm/Github repos/SLAM-mapping-Robots/workspace/install/turtlebot4_ignition_gui_plugins/share/turtlebot4_ignition_gui_plugins/local_setup.bash
[10.382s] -- Installing: /home/abdosalm/Github repos/SLAM-mapping-Robots/workspace/install/turtlebot4_ignition_gui_plugins/share/turtlebot4_ignition_gui_plugins/local_setup.sh
[10.382s] -- Installing: /home/abdosalm/Github repos/SLAM-mapping-Robots/workspace/install/turtlebot4_ignition_gui_plugins/share/turtlebot4_ignition_gui_plugins/local_setup.zsh
[10.382s] -- Installing: /home/abdosalm/Github repos/SLAM-mapping-Robots/workspace/install/turtlebot4_ignition_gui_plugins/share/turtlebot4_ignition_gui_plugins/local_setup.dsv
[10.382s] -- Installing: /home/abdosalm/Github repos/SLAM-mapping-Robots/workspace/install/turtlebot4_ignition_gui_plugins/share/turtlebot4_ignition_gui_plugins/package.dsv
[10.382s] -- Installing: /home/abdosalm/Github repos/SLAM-mapping-Robots/workspace/install/turtlebot4_ignition_gui_plugins/share/ament_index/resource_index/packages/turtlebot4_ignition_gui_plugins
[10.382s] -- Installing: /home/abdosalm/Github repos/SLAM-mapping-Robots/workspace/install/turtlebot4_ignition_gui_plugins/share/turtlebot4_ignition_gui_plugins/cmake/turtlebot4_ignition_gui_pluginsConfig.cmake
[10.382s] -- Installing: /home/abdosalm/Github repos/SLAM-mapping-Robots/workspace/install/turtlebot4_ignition_gui_plugins/share/turtlebot4_ignition_gui_plugins/cmake/turtlebot4_ignition_gui_pluginsConfig-version.cmake
[10.383s] -- Installing: /home/abdosalm/Github repos/SLAM-mapping-Robots/workspace/install/turtlebot4_ignition_gui_plugins/share/turtlebot4_ignition_gui_plugins/package.xml
[10.383s] -- Installing: /home/abdosalm/Github repos/SLAM-mapping-Robots/workspace/install/turtlebot4_ignition_gui_plugins/share/turtlebot4_ignition_gui_plugins/lib/libTurtlebot4Hmi.so
[10.386s] Invoked command in '/home/abdosalm/Github repos/SLAM-mapping-Robots/workspace/build/turtlebot4_ignition_gui_plugins' returned '0': CMAKE_PREFIX_PATH=/opt/ros/humble /usr/bin/cmake --install /home/abdosalm/Github repos/SLAM-mapping-Robots/workspace/build/turtlebot4_ignition_gui_plugins
