[0.051s] Invoking command in '/home/abdosalm/Github_repos/SLAM-mapping-Robots/workspace/build/turtlebot3_bringup': AMENT_PREFIX_PATH=/home/abdosalm/Github_repos/SLAM-mapping-Robots/workspace/install/turtlebot3_node:/home/abdosalm/Github_repos/SLAM-mapping-Robots/workspace/install/turtlebot3_msgs:/home/abdosalm/Github_repos/SLAM-mapping-Robots/workspace/install/turtlebot3_description:/home/abdosalm/Github_repos/SLAM-mapping-Robots/workspace/install/dynamixel_sdk:${AMENT_PREFIX_PATH} CMAKE_PREFIX_PATH=/home/abdosalm/Github_repos/SLAM-mapping-Robots/workspace/install/turtlebot3_node:/home/abdosalm/Github_repos/SLAM-mapping-Robots/workspace/install/turtlebot3_msgs:/home/abdosalm/Github_repos/SLAM-mapping-Robots/workspace/install/turtlebot3_description:/home/abdosalm/Github_repos/SLAM-mapping-Robots/workspace/install/dynamixel_sdk:/opt/ros/humble LD_LIBRARY_PATH=/home/abdosalm/Github_repos/SLAM-mapping-Robots/workspace/install/turtlebot3_msgs/lib:/home/abdosalm/Github_repos/SLAM-mapping-Robots/workspace/install/dynamixel_sdk/lib:${LD_LIBRARY_PATH} PYTHONPATH=/home/abdosalm/Github_repos/SLAM-mapping-Robots/workspace/install/turtlebot3_msgs/local/lib/python3.10/dist-packages:${PYTHONPATH} /usr/bin/cmake /home/abdosalm/Github_repos/SLAM-mapping-Robots/workspace/src/turtlebot3/turtlebot3_bringup -DCMAKE_INSTALL_PREFIX=/home/abdosalm/Github_repos/SLAM-mapping-Robots/workspace/install/turtlebot3_bringup
[0.088s] -- The C compiler identification is GNU 11.4.0
[0.128s] -- The CXX compiler identification is GNU 11.4.0
[0.133s] -- Detecting C compiler ABI info
[0.181s] -- Detecting C compiler ABI info - done
[0.187s] -- Check for working C compiler: /usr/bin/cc - skipped
[0.187s] -- Detecting C compile features
[0.188s] -- Detecting C compile features - done
[0.190s] -- Detecting CXX compiler ABI info
[0.245s] -- Detecting CXX compiler ABI info - done
[0.251s] -- Check for working CXX compiler: /usr/bin/c++ - skipped
[0.251s] -- Detecting CXX compile features
[0.252s] -- Detecting CXX compile features - done
[0.254s] -- Found ament_cmake: 1.3.5 (/opt/ros/humble/share/ament_cmake/cmake)
[0.385s] -- Found Python3: /usr/bin/python3.10 (found version "3.10.12") found components: Interpreter 
[0.506s] -- Configuring done
[0.508s] -- Generating done
[0.508s] -- Build files have been written to: /home/abdosalm/Github_repos/SLAM-mapping-Robots/workspace/build/turtlebot3_bringup
[0.512s] Invoked command in '/home/abdosalm/Github_repos/SLAM-mapping-Robots/workspace/build/turtlebot3_bringup' returned '0': AMENT_PREFIX_PATH=/home/abdosalm/Github_repos/SLAM-mapping-Robots/workspace/install/turtlebot3_node:/home/abdosalm/Github_repos/SLAM-mapping-Robots/workspace/install/turtlebot3_msgs:/home/abdosalm/Github_repos/SLAM-mapping-Robots/workspace/install/turtlebot3_description:/home/abdosalm/Github_repos/SLAM-mapping-Robots/workspace/install/dynamixel_sdk:${AMENT_PREFIX_PATH} CMAKE_PREFIX_PATH=/home/abdosalm/Github_repos/SLAM-mapping-Robots/workspace/install/turtlebot3_node:/home/abdosalm/Github_repos/SLAM-mapping-Robots/workspace/install/turtlebot3_msgs:/home/abdosalm/Github_repos/SLAM-mapping-Robots/workspace/install/turtlebot3_description:/home/abdosalm/Github_repos/SLAM-mapping-Robots/workspace/install/dynamixel_sdk:/opt/ros/humble LD_LIBRARY_PATH=/home/abdosalm/Github_repos/SLAM-mapping-Robots/workspace/install/turtlebot3_msgs/lib:/home/abdosalm/Github_repos/SLAM-mapping-Robots/workspace/install/dynamixel_sdk/lib:${LD_LIBRARY_PATH} PYTHONPATH=/home/abdosalm/Github_repos/SLAM-mapping-Robots/workspace/install/turtlebot3_msgs/local/lib/python3.10/dist-packages:${PYTHONPATH} /usr/bin/cmake /home/abdosalm/Github_repos/SLAM-mapping-Robots/workspace/src/turtlebot3/turtlebot3_bringup -DCMAKE_INSTALL_PREFIX=/home/abdosalm/Github_repos/SLAM-mapping-Robots/workspace/install/turtlebot3_bringup
[0.513s] Invoking command in '/home/abdosalm/Github_repos/SLAM-mapping-Robots/workspace/build/turtlebot3_bringup': AMENT_PREFIX_PATH=/home/abdosalm/Github_repos/SLAM-mapping-Robots/workspace/install/turtlebot3_node:/home/abdosalm/Github_repos/SLAM-mapping-Robots/workspace/install/turtlebot3_msgs:/home/abdosalm/Github_repos/SLAM-mapping-Robots/workspace/install/turtlebot3_description:/home/abdosalm/Github_repos/SLAM-mapping-Robots/workspace/install/dynamixel_sdk:${AMENT_PREFIX_PATH} CMAKE_PREFIX_PATH=/home/abdosalm/Github_repos/SLAM-mapping-Robots/workspace/install/turtlebot3_node:/home/abdosalm/Github_repos/SLAM-mapping-Robots/workspace/install/turtlebot3_msgs:/home/abdosalm/Github_repos/SLAM-mapping-Robots/workspace/install/turtlebot3_description:/home/abdosalm/Github_repos/SLAM-mapping-Robots/workspace/install/dynamixel_sdk:/opt/ros/humble LD_LIBRARY_PATH=/home/abdosalm/Github_repos/SLAM-mapping-Robots/workspace/install/turtlebot3_msgs/lib:/home/abdosalm/Github_repos/SLAM-mapping-Robots/workspace/install/dynamixel_sdk/lib:${LD_LIBRARY_PATH} PYTHONPATH=/home/abdosalm/Github_repos/SLAM-mapping-Robots/workspace/install/turtlebot3_msgs/local/lib/python3.10/dist-packages:${PYTHONPATH} /usr/bin/cmake --build /home/abdosalm/Github_repos/SLAM-mapping-Robots/workspace/build/turtlebot3_bringup -- -j16 -l16
[0.538s] Invoked command in '/home/abdosalm/Github_repos/SLAM-mapping-Robots/workspace/build/turtlebot3_bringup' returned '0': AMENT_PREFIX_PATH=/home/abdosalm/Github_repos/SLAM-mapping-Robots/workspace/install/turtlebot3_node:/home/abdosalm/Github_repos/SLAM-mapping-Robots/workspace/install/turtlebot3_msgs:/home/abdosalm/Github_repos/SLAM-mapping-Robots/workspace/install/turtlebot3_description:/home/abdosalm/Github_repos/SLAM-mapping-Robots/workspace/install/dynamixel_sdk:${AMENT_PREFIX_PATH} CMAKE_PREFIX_PATH=/home/abdosalm/Github_repos/SLAM-mapping-Robots/workspace/install/turtlebot3_node:/home/abdosalm/Github_repos/SLAM-mapping-Robots/workspace/install/turtlebot3_msgs:/home/abdosalm/Github_repos/SLAM-mapping-Robots/workspace/install/turtlebot3_description:/home/abdosalm/Github_repos/SLAM-mapping-Robots/workspace/install/dynamixel_sdk:/opt/ros/humble LD_LIBRARY_PATH=/home/abdosalm/Github_repos/SLAM-mapping-Robots/workspace/install/turtlebot3_msgs/lib:/home/abdosalm/Github_repos/SLAM-mapping-Robots/workspace/install/dynamixel_sdk/lib:${LD_LIBRARY_PATH} PYTHONPATH=/home/abdosalm/Github_repos/SLAM-mapping-Robots/workspace/install/turtlebot3_msgs/local/lib/python3.10/dist-packages:${PYTHONPATH} /usr/bin/cmake --build /home/abdosalm/Github_repos/SLAM-mapping-Robots/workspace/build/turtlebot3_bringup -- -j16 -l16
[0.552s] Invoking command in '/home/abdosalm/Github_repos/SLAM-mapping-Robots/workspace/build/turtlebot3_bringup': AMENT_PREFIX_PATH=/home/abdosalm/Github_repos/SLAM-mapping-Robots/workspace/install/turtlebot3_node:/home/abdosalm/Github_repos/SLAM-mapping-Robots/workspace/install/turtlebot3_msgs:/home/abdosalm/Github_repos/SLAM-mapping-Robots/workspace/install/turtlebot3_description:/home/abdosalm/Github_repos/SLAM-mapping-Robots/workspace/install/dynamixel_sdk:${AMENT_PREFIX_PATH} CMAKE_PREFIX_PATH=/home/abdosalm/Github_repos/SLAM-mapping-Robots/workspace/install/turtlebot3_node:/home/abdosalm/Github_repos/SLAM-mapping-Robots/workspace/install/turtlebot3_msgs:/home/abdosalm/Github_repos/SLAM-mapping-Robots/workspace/install/turtlebot3_description:/home/abdosalm/Github_repos/SLAM-mapping-Robots/workspace/install/dynamixel_sdk:/opt/ros/humble LD_LIBRARY_PATH=/home/abdosalm/Github_repos/SLAM-mapping-Robots/workspace/install/turtlebot3_msgs/lib:/home/abdosalm/Github_repos/SLAM-mapping-Robots/workspace/install/dynamixel_sdk/lib:${LD_LIBRARY_PATH} PYTHONPATH=/home/abdosalm/Github_repos/SLAM-mapping-Robots/workspace/install/turtlebot3_msgs/local/lib/python3.10/dist-packages:${PYTHONPATH} /usr/bin/cmake --install /home/abdosalm/Github_repos/SLAM-mapping-Robots/workspace/build/turtlebot3_bringup
[0.558s] -- Install configuration: ""
[0.558s] -- Installing: /home/abdosalm/Github_repos/SLAM-mapping-Robots/workspace/install/turtlebot3_bringup/share/turtlebot3_bringup/launch
[0.558s] -- Installing: /home/abdosalm/Github_repos/SLAM-mapping-Robots/workspace/install/turtlebot3_bringup/share/turtlebot3_bringup/launch/rviz2.launch.py
[0.558s] -- Installing: /home/abdosalm/Github_repos/SLAM-mapping-Robots/workspace/install/turtlebot3_bringup/share/turtlebot3_bringup/launch/robot.launch.py
[0.558s] -- Installing: /home/abdosalm/Github_repos/SLAM-mapping-Robots/workspace/install/turtlebot3_bringup/share/turtlebot3_bringup/launch/turtlebot3_state_publisher.launch.py
[0.558s] -- Installing: /home/abdosalm/Github_repos/SLAM-mapping-Robots/workspace/install/turtlebot3_bringup/share/turtlebot3_bringup/param
[0.558s] -- Installing: /home/abdosalm/Github_repos/SLAM-mapping-Robots/workspace/install/turtlebot3_bringup/share/turtlebot3_bringup/param/burger.yaml
[0.558s] -- Installing: /home/abdosalm/Github_repos/SLAM-mapping-Robots/workspace/install/turtlebot3_bringup/share/turtlebot3_bringup/param/waffle_pi.yaml
[0.558s] -- Installing: /home/abdosalm/Github_repos/SLAM-mapping-Robots/workspace/install/turtlebot3_bringup/share/turtlebot3_bringup/param/waffle.yaml
[0.558s] -- Installing: /home/abdosalm/Github_repos/SLAM-mapping-Robots/workspace/install/turtlebot3_bringup/share/turtlebot3_bringup/script
[0.558s] -- Installing: /home/abdosalm/Github_repos/SLAM-mapping-Robots/workspace/install/turtlebot3_bringup/share/turtlebot3_bringup/script/create_udev_rules
[0.558s] -- Installing: /home/abdosalm/Github_repos/SLAM-mapping-Robots/workspace/install/turtlebot3_bringup/share/turtlebot3_bringup/script/99-turtlebot3-cdc.rules
[0.559s] -- Installing: /home/abdosalm/Github_repos/SLAM-mapping-Robots/workspace/install/turtlebot3_bringup/share/ament_index/resource_index/package_run_dependencies/turtlebot3_bringup
[0.559s] -- Installing: /home/abdosalm/Github_repos/SLAM-mapping-Robots/workspace/install/turtlebot3_bringup/share/ament_index/resource_index/parent_prefix_path/turtlebot3_bringup
[0.559s] -- Installing: /home/abdosalm/Github_repos/SLAM-mapping-Robots/workspace/install/turtlebot3_bringup/share/turtlebot3_bringup/environment/ament_prefix_path.sh
[0.559s] -- Installing: /home/abdosalm/Github_repos/SLAM-mapping-Robots/workspace/install/turtlebot3_bringup/share/turtlebot3_bringup/environment/ament_prefix_path.dsv
[0.559s] -- Installing: /home/abdosalm/Github_repos/SLAM-mapping-Robots/workspace/install/turtlebot3_bringup/share/turtlebot3_bringup/environment/path.sh
[0.559s] -- Installing: /home/abdosalm/Github_repos/SLAM-mapping-Robots/workspace/install/turtlebot3_bringup/share/turtlebot3_bringup/environment/path.dsv
[0.559s] -- Installing: /home/abdosalm/Github_repos/SLAM-mapping-Robots/workspace/install/turtlebot3_bringup/share/turtlebot3_bringup/local_setup.bash
[0.559s] -- Installing: /home/abdosalm/Github_repos/SLAM-mapping-Robots/workspace/install/turtlebot3_bringup/share/turtlebot3_bringup/local_setup.sh
[0.559s] -- Installing: /home/abdosalm/Github_repos/SLAM-mapping-Robots/workspace/install/turtlebot3_bringup/share/turtlebot3_bringup/local_setup.zsh
[0.559s] -- Installing: /home/abdosalm/Github_repos/SLAM-mapping-Robots/workspace/install/turtlebot3_bringup/share/turtlebot3_bringup/local_setup.dsv
[0.559s] -- Installing: /home/abdosalm/Github_repos/SLAM-mapping-Robots/workspace/install/turtlebot3_bringup/share/turtlebot3_bringup/package.dsv
[0.559s] -- Installing: /home/abdosalm/Github_repos/SLAM-mapping-Robots/workspace/install/turtlebot3_bringup/share/ament_index/resource_index/packages/turtlebot3_bringup
[0.560s] -- Installing: /home/abdosalm/Github_repos/SLAM-mapping-Robots/workspace/install/turtlebot3_bringup/share/turtlebot3_bringup/cmake/turtlebot3_bringupConfig.cmake
[0.560s] -- Installing: /home/abdosalm/Github_repos/SLAM-mapping-Robots/workspace/install/turtlebot3_bringup/share/turtlebot3_bringup/cmake/turtlebot3_bringupConfig-version.cmake
[0.560s] -- Installing: /home/abdosalm/Github_repos/SLAM-mapping-Robots/workspace/install/turtlebot3_bringup/share/turtlebot3_bringup/package.xml
[0.561s] Invoked command in '/home/abdosalm/Github_repos/SLAM-mapping-Robots/workspace/build/turtlebot3_bringup' returned '0': AMENT_PREFIX_PATH=/home/abdosalm/Github_repos/SLAM-mapping-Robots/workspace/install/turtlebot3_node:/home/abdosalm/Github_repos/SLAM-mapping-Robots/workspace/install/turtlebot3_msgs:/home/abdosalm/Github_repos/SLAM-mapping-Robots/workspace/install/turtlebot3_description:/home/abdosalm/Github_repos/SLAM-mapping-Robots/workspace/install/dynamixel_sdk:${AMENT_PREFIX_PATH} CMAKE_PREFIX_PATH=/home/abdosalm/Github_repos/SLAM-mapping-Robots/workspace/install/turtlebot3_node:/home/abdosalm/Github_repos/SLAM-mapping-Robots/workspace/install/turtlebot3_msgs:/home/abdosalm/Github_repos/SLAM-mapping-Robots/workspace/install/turtlebot3_description:/home/abdosalm/Github_repos/SLAM-mapping-Robots/workspace/install/dynamixel_sdk:/opt/ros/humble LD_LIBRARY_PATH=/home/abdosalm/Github_repos/SLAM-mapping-Robots/workspace/install/turtlebot3_msgs/lib:/home/abdosalm/Github_repos/SLAM-mapping-Robots/workspace/install/dynamixel_sdk/lib:${LD_LIBRARY_PATH} PYTHONPATH=/home/abdosalm/Github_repos/SLAM-mapping-Robots/workspace/install/turtlebot3_msgs/local/lib/python3.10/dist-packages:${PYTHONPATH} /usr/bin/cmake --install /home/abdosalm/Github_repos/SLAM-mapping-Robots/workspace/build/turtlebot3_bringup
