[1.593s] Invoking command in '/home/abdosalm/Github_repos/SLAM-mapping-Robots/workspace/src/turtlebot3/turtlebot3_example': AMENT_PREFIX_PATH=/home/abdosalm/Github_repos/SLAM-mapping-Robots/workspace/install/turtlebot3_msgs:${AMENT_PREFIX_PATH} CMAKE_PREFIX_PATH=/home/abdosalm/Github_repos/SLAM-mapping-Robots/workspace/install/turtlebot3_msgs LD_LIBRARY_PATH=/home/abdosalm/Github_repos/SLAM-mapping-Robots/workspace/install/turtlebot3_msgs/lib:${LD_LIBRARY_PATH} PYTHONPATH=/home/abdosalm/Github_repos/SLAM-mapping-Robots/workspace/build/turtlebot3_example/prefix_override:/home/abdosalm/Github_repos/SLAM-mapping-Robots/workspace/install/turtlebot3_example/lib/python3.10/site-packages:/home/abdosalm/Github_repos/SLAM-mapping-Robots/workspace/install/turtlebot3_msgs/local/lib/python3.10/dist-packages:${PYTHONPATH} /usr/bin/python3 setup.py egg_info --egg-base ../../../build/turtlebot3_example build --build-base /home/abdosalm/Github_repos/SLAM-mapping-Robots/workspace/build/turtlebot3_example/build install --record /home/abdosalm/Github_repos/SLAM-mapping-Robots/workspace/build/turtlebot3_example/install.log --single-version-externally-managed
[1.985s] running egg_info
[1.985s] /usr/lib/python3/dist-packages/setuptools/command/install.py:34: SetuptoolsDeprecationWarning: setup.py install is deprecated. Use build and pip and other standards-based tools.
[1.985s]   warnings.warn(
[1.986s] creating ../../../build/turtlebot3_example/turtlebot3_example.egg-info
[1.986s] writing ../../../build/turtlebot3_example/turtlebot3_example.egg-info/PKG-INFO
[1.986s] writing dependency_links to ../../../build/turtlebot3_example/turtlebot3_example.egg-info/dependency_links.txt
[1.987s] writing entry points to ../../../build/turtlebot3_example/turtlebot3_example.egg-info/entry_points.txt
[1.987s] writing requirements to ../../../build/turtlebot3_example/turtlebot3_example.egg-info/requires.txt
[1.987s] writing top-level names to ../../../build/turtlebot3_example/turtlebot3_example.egg-info/top_level.txt
[1.988s] writing manifest file '../../../build/turtlebot3_example/turtlebot3_example.egg-info/SOURCES.txt'
[1.988s] reading manifest file '../../../build/turtlebot3_example/turtlebot3_example.egg-info/SOURCES.txt'
[1.988s] writing manifest file '../../../build/turtlebot3_example/turtlebot3_example.egg-info/SOURCES.txt'
[1.988s] running build
[1.989s] running build_py
[1.989s] creating /home/abdosalm/Github_repos/SLAM-mapping-Robots/workspace/build/turtlebot3_example/build
[1.989s] creating /home/abdosalm/Github_repos/SLAM-mapping-Robots/workspace/build/turtlebot3_example/build/lib
[1.989s] creating /home/abdosalm/Github_repos/SLAM-mapping-Robots/workspace/build/turtlebot3_example/build/lib/turtlebot3_example
[1.990s] copying turtlebot3_example/__init__.py -> /home/abdosalm/Github_repos/SLAM-mapping-Robots/workspace/build/turtlebot3_example/build/lib/turtlebot3_example
[1.990s] creating /home/abdosalm/Github_repos/SLAM-mapping-Robots/workspace/build/turtlebot3_example/build/lib/turtlebot3_example/turtlebot3_position_control
[1.990s] copying turtlebot3_example/turtlebot3_position_control/turtlebot3_path.py -> /home/abdosalm/Github_repos/SLAM-mapping-Robots/workspace/build/turtlebot3_example/build/lib/turtlebot3_example/turtlebot3_position_control
[1.991s] copying turtlebot3_example/turtlebot3_position_control/__init__.py -> /home/abdosalm/Github_repos/SLAM-mapping-Robots/workspace/build/turtlebot3_example/build/lib/turtlebot3_example/turtlebot3_position_control
[1.991s] copying turtlebot3_example/turtlebot3_position_control/main.py -> /home/abdosalm/Github_repos/SLAM-mapping-Robots/workspace/build/turtlebot3_example/build/lib/turtlebot3_example/turtlebot3_position_control
[1.992s] copying turtlebot3_example/turtlebot3_position_control/turtlebot3_position_control.py -> /home/abdosalm/Github_repos/SLAM-mapping-Robots/workspace/build/turtlebot3_example/build/lib/turtlebot3_example/turtlebot3_position_control
[1.992s] creating /home/abdosalm/Github_repos/SLAM-mapping-Robots/workspace/build/turtlebot3_example/build/lib/turtlebot3_example/turtlebot3_patrol_client
[1.992s] copying turtlebot3_example/turtlebot3_patrol_client/turtlebot3_patrol_client.py -> /home/abdosalm/Github_repos/SLAM-mapping-Robots/workspace/build/turtlebot3_example/build/lib/turtlebot3_example/turtlebot3_patrol_client
[1.993s] copying turtlebot3_example/turtlebot3_patrol_client/__init__.py -> /home/abdosalm/Github_repos/SLAM-mapping-Robots/workspace/build/turtlebot3_example/build/lib/turtlebot3_example/turtlebot3_patrol_client
[1.993s] copying turtlebot3_example/turtlebot3_patrol_client/main.py -> /home/abdosalm/Github_repos/SLAM-mapping-Robots/workspace/build/turtlebot3_example/build/lib/turtlebot3_example/turtlebot3_patrol_client
[1.993s] creating /home/abdosalm/Github_repos/SLAM-mapping-Robots/workspace/build/turtlebot3_example/build/lib/turtlebot3_example/turtlebot3_obstacle_detection
[1.994s] copying turtlebot3_example/turtlebot3_obstacle_detection/turtlebot3_obstacle_detection.py -> /home/abdosalm/Github_repos/SLAM-mapping-Robots/workspace/build/turtlebot3_example/build/lib/turtlebot3_example/turtlebot3_obstacle_detection
[1.994s] copying turtlebot3_example/turtlebot3_obstacle_detection/__init__.py -> /home/abdosalm/Github_repos/SLAM-mapping-Robots/workspace/build/turtlebot3_example/build/lib/turtlebot3_example/turtlebot3_obstacle_detection
[1.995s] copying turtlebot3_example/turtlebot3_obstacle_detection/main.py -> /home/abdosalm/Github_repos/SLAM-mapping-Robots/workspace/build/turtlebot3_example/build/lib/turtlebot3_example/turtlebot3_obstacle_detection
[1.995s] creating /home/abdosalm/Github_repos/SLAM-mapping-Robots/workspace/build/turtlebot3_example/build/lib/turtlebot3_example/turtlebot3_patrol_server
[1.995s] copying turtlebot3_example/turtlebot3_patrol_server/turtlebot3_patrol_server.py -> /home/abdosalm/Github_repos/SLAM-mapping-Robots/workspace/build/turtlebot3_example/build/lib/turtlebot3_example/turtlebot3_patrol_server
[1.996s] copying turtlebot3_example/turtlebot3_patrol_server/turtlebot3_path.py -> /home/abdosalm/Github_repos/SLAM-mapping-Robots/workspace/build/turtlebot3_example/build/lib/turtlebot3_example/turtlebot3_patrol_server
[1.996s] copying turtlebot3_example/turtlebot3_patrol_server/__init__.py -> /home/abdosalm/Github_repos/SLAM-mapping-Robots/workspace/build/turtlebot3_example/build/lib/turtlebot3_example/turtlebot3_patrol_server
[1.996s] copying turtlebot3_example/turtlebot3_patrol_server/main.py -> /home/abdosalm/Github_repos/SLAM-mapping-Robots/workspace/build/turtlebot3_example/build/lib/turtlebot3_example/turtlebot3_patrol_server
[1.997s] running install
[1.999s] running install_lib
[1.999s] creating /home/abdosalm/Github_repos/SLAM-mapping-Robots/workspace/install/turtlebot3_example/lib/python3.10/site-packages/turtlebot3_example
[2.000s] creating /home/abdosalm/Github_repos/SLAM-mapping-Robots/workspace/install/turtlebot3_example/lib/python3.10/site-packages/turtlebot3_example/turtlebot3_position_control
[2.001s] copying /home/abdosalm/Github_repos/SLAM-mapping-Robots/workspace/build/turtlebot3_example/build/lib/turtlebot3_example/turtlebot3_position_control/turtlebot3_path.py -> /home/abdosalm/Github_repos/SLAM-mapping-Robots/workspace/install/turtlebot3_example/lib/python3.10/site-packages/turtlebot3_example/turtlebot3_position_control
[2.001s] copying /home/abdosalm/Github_repos/SLAM-mapping-Robots/workspace/build/turtlebot3_example/build/lib/turtlebot3_example/turtlebot3_position_control/__init__.py -> /home/abdosalm/Github_repos/SLAM-mapping-Robots/workspace/install/turtlebot3_example/lib/python3.10/site-packages/turtlebot3_example/turtlebot3_position_control
[2.001s] copying /home/abdosalm/Github_repos/SLAM-mapping-Robots/workspace/build/turtlebot3_example/build/lib/turtlebot3_example/turtlebot3_position_control/main.py -> /home/abdosalm/Github_repos/SLAM-mapping-Robots/workspace/install/turtlebot3_example/lib/python3.10/site-packages/turtlebot3_example/turtlebot3_position_control
[2.001s] copying /home/abdosalm/Github_repos/SLAM-mapping-Robots/workspace/build/turtlebot3_example/build/lib/turtlebot3_example/turtlebot3_position_control/turtlebot3_position_control.py -> /home/abdosalm/Github_repos/SLAM-mapping-Robots/workspace/install/turtlebot3_example/lib/python3.10/site-packages/turtlebot3_example/turtlebot3_position_control
[2.002s] creating /home/abdosalm/Github_repos/SLAM-mapping-Robots/workspace/install/turtlebot3_example/lib/python3.10/site-packages/turtlebot3_example/turtlebot3_patrol_client
[2.002s] copying /home/abdosalm/Github_repos/SLAM-mapping-Robots/workspace/build/turtlebot3_example/build/lib/turtlebot3_example/turtlebot3_patrol_client/turtlebot3_patrol_client.py -> /home/abdosalm/Github_repos/SLAM-mapping-Robots/workspace/install/turtlebot3_example/lib/python3.10/site-packages/turtlebot3_example/turtlebot3_patrol_client
[2.002s] copying /home/abdosalm/Github_repos/SLAM-mapping-Robots/workspace/build/turtlebot3_example/build/lib/turtlebot3_example/turtlebot3_patrol_client/__init__.py -> /home/abdosalm/Github_repos/SLAM-mapping-Robots/workspace/install/turtlebot3_example/lib/python3.10/site-packages/turtlebot3_example/turtlebot3_patrol_client
[2.002s] copying /home/abdosalm/Github_repos/SLAM-mapping-Robots/workspace/build/turtlebot3_example/build/lib/turtlebot3_example/turtlebot3_patrol_client/main.py -> /home/abdosalm/Github_repos/SLAM-mapping-Robots/workspace/install/turtlebot3_example/lib/python3.10/site-packages/turtlebot3_example/turtlebot3_patrol_client
[2.002s] creating /home/abdosalm/Github_repos/SLAM-mapping-Robots/workspace/install/turtlebot3_example/lib/python3.10/site-packages/turtlebot3_example/turtlebot3_obstacle_detection
[2.003s] copying /home/abdosalm/Github_repos/SLAM-mapping-Robots/workspace/build/turtlebot3_example/build/lib/turtlebot3_example/turtlebot3_obstacle_detection/turtlebot3_obstacle_detection.py -> /home/abdosalm/Github_repos/SLAM-mapping-Robots/workspace/install/turtlebot3_example/lib/python3.10/site-packages/turtlebot3_example/turtlebot3_obstacle_detection
[2.003s] copying /home/abdosalm/Github_repos/SLAM-mapping-Robots/workspace/build/turtlebot3_example/build/lib/turtlebot3_example/turtlebot3_obstacle_detection/__init__.py -> /home/abdosalm/Github_repos/SLAM-mapping-Robots/workspace/install/turtlebot3_example/lib/python3.10/site-packages/turtlebot3_example/turtlebot3_obstacle_detection
[2.003s] copying /home/abdosalm/Github_repos/SLAM-mapping-Robots/workspace/build/turtlebot3_example/build/lib/turtlebot3_example/turtlebot3_obstacle_detection/main.py -> /home/abdosalm/Github_repos/SLAM-mapping-Robots/workspace/install/turtlebot3_example/lib/python3.10/site-packages/turtlebot3_example/turtlebot3_obstacle_detection
[2.003s] copying /home/abdosalm/Github_repos/SLAM-mapping-Robots/workspace/build/turtlebot3_example/build/lib/turtlebot3_example/__init__.py -> /home/abdosalm/Github_repos/SLAM-mapping-Robots/workspace/install/turtlebot3_example/lib/python3.10/site-packages/turtlebot3_example
[2.003s] creating /home/abdosalm/Github_repos/SLAM-mapping-Robots/workspace/install/turtlebot3_example/lib/python3.10/site-packages/turtlebot3_example/turtlebot3_patrol_server
[2.003s] copying /home/abdosalm/Github_repos/SLAM-mapping-Robots/workspace/build/turtlebot3_example/build/lib/turtlebot3_example/turtlebot3_patrol_server/turtlebot3_patrol_server.py -> /home/abdosalm/Github_repos/SLAM-mapping-Robots/workspace/install/turtlebot3_example/lib/python3.10/site-packages/turtlebot3_example/turtlebot3_patrol_server
[2.004s] copying /home/abdosalm/Github_repos/SLAM-mapping-Robots/workspace/build/turtlebot3_example/build/lib/turtlebot3_example/turtlebot3_patrol_server/turtlebot3_path.py -> /home/abdosalm/Github_repos/SLAM-mapping-Robots/workspace/install/turtlebot3_example/lib/python3.10/site-packages/turtlebot3_example/turtlebot3_patrol_server
[2.004s] copying /home/abdosalm/Github_repos/SLAM-mapping-Robots/workspace/build/turtlebot3_example/build/lib/turtlebot3_example/turtlebot3_patrol_server/__init__.py -> /home/abdosalm/Github_repos/SLAM-mapping-Robots/workspace/install/turtlebot3_example/lib/python3.10/site-packages/turtlebot3_example/turtlebot3_patrol_server
[2.004s] copying /home/abdosalm/Github_repos/SLAM-mapping-Robots/workspace/build/turtlebot3_example/build/lib/turtlebot3_example/turtlebot3_patrol_server/main.py -> /home/abdosalm/Github_repos/SLAM-mapping-Robots/workspace/install/turtlebot3_example/lib/python3.10/site-packages/turtlebot3_example/turtlebot3_patrol_server
[2.004s] byte-compiling /home/abdosalm/Github_repos/SLAM-mapping-Robots/workspace/install/turtlebot3_example/lib/python3.10/site-packages/turtlebot3_example/turtlebot3_position_control/turtlebot3_path.py to turtlebot3_path.cpython-310.pyc
[2.005s] byte-compiling /home/abdosalm/Github_repos/SLAM-mapping-Robots/workspace/install/turtlebot3_example/lib/python3.10/site-packages/turtlebot3_example/turtlebot3_position_control/__init__.py to __init__.cpython-310.pyc
[2.005s] byte-compiling /home/abdosalm/Github_repos/SLAM-mapping-Robots/workspace/install/turtlebot3_example/lib/python3.10/site-packages/turtlebot3_example/turtlebot3_position_control/main.py to main.cpython-310.pyc
[2.005s] byte-compiling /home/abdosalm/Github_repos/SLAM-mapping-Robots/workspace/install/turtlebot3_example/lib/python3.10/site-packages/turtlebot3_example/turtlebot3_position_control/turtlebot3_position_control.py to turtlebot3_position_control.cpython-310.pyc
[2.018s] byte-compiling /home/abdosalm/Github_repos/SLAM-mapping-Robots/workspace/install/turtlebot3_example/lib/python3.10/site-packages/turtlebot3_example/turtlebot3_patrol_client/turtlebot3_patrol_client.py to turtlebot3_patrol_client.cpython-310.pyc
[2.019s] byte-compiling /home/abdosalm/Github_repos/SLAM-mapping-Robots/workspace/install/turtlebot3_example/lib/python3.10/site-packages/turtlebot3_example/turtlebot3_patrol_client/__init__.py to __init__.cpython-310.pyc
[2.019s] byte-compiling /home/abdosalm/Github_repos/SLAM-mapping-Robots/workspace/install/turtlebot3_example/lib/python3.10/site-packages/turtlebot3_example/turtlebot3_patrol_client/main.py to main.cpython-310.pyc
[2.019s] byte-compiling /home/abdosalm/Github_repos/SLAM-mapping-Robots/workspace/install/turtlebot3_example/lib/python3.10/site-packages/turtlebot3_example/turtlebot3_obstacle_detection/turtlebot3_obstacle_detection.py to turtlebot3_obstacle_detection.cpython-310.pyc
[2.022s] byte-compiling /home/abdosalm/Github_repos/SLAM-mapping-Robots/workspace/install/turtlebot3_example/lib/python3.10/site-packages/turtlebot3_example/turtlebot3_obstacle_detection/__init__.py to __init__.cpython-310.pyc
[2.023s] byte-compiling /home/abdosalm/Github_repos/SLAM-mapping-Robots/workspace/install/turtlebot3_example/lib/python3.10/site-packages/turtlebot3_example/turtlebot3_obstacle_detection/main.py to main.cpython-310.pyc
[2.023s] byte-compiling /home/abdosalm/Github_repos/SLAM-mapping-Robots/workspace/install/turtlebot3_example/lib/python3.10/site-packages/turtlebot3_example/__init__.py to __init__.cpython-310.pyc
[2.024s] byte-compiling /home/abdosalm/Github_repos/SLAM-mapping-Robots/workspace/install/turtlebot3_example/lib/python3.10/site-packages/turtlebot3_example/turtlebot3_patrol_server/turtlebot3_patrol_server.py to turtlebot3_patrol_server.cpython-310.pyc
[2.024s] byte-compiling /home/abdosalm/Github_repos/SLAM-mapping-Robots/workspace/install/turtlebot3_example/lib/python3.10/site-packages/turtlebot3_example/turtlebot3_patrol_server/turtlebot3_path.py to turtlebot3_path.cpython-310.pyc
[2.024s] byte-compiling /home/abdosalm/Github_repos/SLAM-mapping-Robots/workspace/install/turtlebot3_example/lib/python3.10/site-packages/turtlebot3_example/turtlebot3_patrol_server/__init__.py to __init__.cpython-310.pyc
[2.024s] byte-compiling /home/abdosalm/Github_repos/SLAM-mapping-Robots/workspace/install/turtlebot3_example/lib/python3.10/site-packages/turtlebot3_example/turtlebot3_patrol_server/main.py to main.cpython-310.pyc
[2.024s] running install_data
[2.025s] creating /home/abdosalm/Github_repos/SLAM-mapping-Robots/workspace/install/turtlebot3_example/share/ament_index
[2.025s] creating /home/abdosalm/Github_repos/SLAM-mapping-Robots/workspace/install/turtlebot3_example/share/ament_index/resource_index
[2.026s] creating /home/abdosalm/Github_repos/SLAM-mapping-Robots/workspace/install/turtlebot3_example/share/ament_index/resource_index/packages
[2.026s] copying resource/turtlebot3_example -> /home/abdosalm/Github_repos/SLAM-mapping-Robots/workspace/install/turtlebot3_example/share/ament_index/resource_index/packages
[2.026s] copying package.xml -> /home/abdosalm/Github_repos/SLAM-mapping-Robots/workspace/install/turtlebot3_example/share/turtlebot3_example
[2.027s] running install_egg_info
[2.051s] Copying ../../../build/turtlebot3_example/turtlebot3_example.egg-info to /home/abdosalm/Github_repos/SLAM-mapping-Robots/workspace/install/turtlebot3_example/lib/python3.10/site-packages/turtlebot3_example-2.1.5-py3.10.egg-info
[2.052s] running install_scripts
[2.101s] Installing turtlebot3_obstacle_detection script to /home/abdosalm/Github_repos/SLAM-mapping-Robots/workspace/install/turtlebot3_example/lib/turtlebot3_example
[2.102s] Installing turtlebot3_patrol_client script to /home/abdosalm/Github_repos/SLAM-mapping-Robots/workspace/install/turtlebot3_example/lib/turtlebot3_example
[2.102s] Installing turtlebot3_patrol_server script to /home/abdosalm/Github_repos/SLAM-mapping-Robots/workspace/install/turtlebot3_example/lib/turtlebot3_example
[2.102s] Installing turtlebot3_position_control script to /home/abdosalm/Github_repos/SLAM-mapping-Robots/workspace/install/turtlebot3_example/lib/turtlebot3_example
[2.102s] writing list of installed files to '/home/abdosalm/Github_repos/SLAM-mapping-Robots/workspace/build/turtlebot3_example/install.log'
[2.302s] Invoked command in '/home/abdosalm/Github_repos/SLAM-mapping-Robots/workspace/src/turtlebot3/turtlebot3_example' returned '0': AMENT_PREFIX_PATH=/home/abdosalm/Github_repos/SLAM-mapping-Robots/workspace/install/turtlebot3_msgs:${AMENT_PREFIX_PATH} CMAKE_PREFIX_PATH=/home/abdosalm/Github_repos/SLAM-mapping-Robots/workspace/install/turtlebot3_msgs LD_LIBRARY_PATH=/home/abdosalm/Github_repos/SLAM-mapping-Robots/workspace/install/turtlebot3_msgs/lib:${LD_LIBRARY_PATH} PYTHONPATH=/home/abdosalm/Github_repos/SLAM-mapping-Robots/workspace/build/turtlebot3_example/prefix_override:/home/abdosalm/Github_repos/SLAM-mapping-Robots/workspace/install/turtlebot3_example/lib/python3.10/site-packages:/home/abdosalm/Github_repos/SLAM-mapping-Robots/workspace/install/turtlebot3_msgs/local/lib/python3.10/dist-packages:${PYTHONPATH} /usr/bin/python3 setup.py egg_info --egg-base ../../../build/turtlebot3_example build --build-base /home/abdosalm/Github_repos/SLAM-mapping-Robots/workspace/build/turtlebot3_example/build install --record /home/abdosalm/Github_repos/SLAM-mapping-Robots/workspace/build/turtlebot3_example/install.log --single-version-externally-managed
