[0.047s] Invoking command in '/home/abdosalm/Github_repos/SLAM-mapping-Robots/workspace/build/slam_robots': CMAKE_PREFIX_PATH=/opt/ros/humble /usr/bin/cmake --build /home/abdosalm/Github_repos/SLAM-mapping-Robots/workspace/build/slam_robots -- -j16 -l16
[0.063s] -- Found ament_cmake: 1.3.5 (/opt/ros/humble/share/ament_cmake/cmake)
[0.318s] -- Override CMake install command with custom implementation using symlinks instead of copying resources
[0.352s] -- Found rclcpp: 16.0.6 (/opt/ros/humble/share/rclcpp/cmake)
[0.480s] -- Found rosidl_generator_c: 3.1.5 (/opt/ros/humble/share/rosidl_generator_c/cmake)
[0.493s] -- Found rosidl_adapter: 3.1.5 (/opt/ros/humble/share/rosidl_adapter/cmake)
[0.520s] -- Found rosidl_generator_cpp: 3.1.5 (/opt/ros/humble/share/rosidl_generator_cpp/cmake)
[0.567s] -- Using all available rosidl_typesupport_c: rosidl_typesupport_fastrtps_c;rosidl_typesupport_introspection_c
[0.596s] -- Using all available rosidl_typesupport_cpp: rosidl_typesupport_fastrtps_cpp;rosidl_typesupport_introspection_cpp
[0.651s] -- Found rmw_implementation_cmake: 6.1.1 (/opt/ros/humble/share/rmw_implementation_cmake/cmake)
[0.652s] -- Found rmw_fastrtps_cpp: 6.2.4 (/opt/ros/humble/share/rmw_fastrtps_cpp/cmake)
[0.734s] -- Using RMW implementation 'rmw_fastrtps_cpp' as default
[0.856s] -- Found nav_msgs: 4.2.3 (/opt/ros/humble/share/nav_msgs/cmake)
[0.959s] -- Found sensor_msgs: 4.2.3 (/opt/ros/humble/share/sensor_msgs/cmake)
[1.085s] -- Configuring done
[1.096s] -- Generating done
[1.098s] -- Build files have been written to: /home/abdosalm/Github_repos/SLAM-mapping-Robots/workspace/build/slam_robots
[1.132s] [35m[1mConsolidate compiler generated dependencies of target gazebo_middleware[0m
[1.192s] [100%] Built target gazebo_middleware
[1.225s] Invoked command in '/home/abdosalm/Github_repos/SLAM-mapping-Robots/workspace/build/slam_robots' returned '0': CMAKE_PREFIX_PATH=/opt/ros/humble /usr/bin/cmake --build /home/abdosalm/Github_repos/SLAM-mapping-Robots/workspace/build/slam_robots -- -j16 -l16
[1.332s] Invoking command in '/home/abdosalm/Github_repos/SLAM-mapping-Robots/workspace/build/slam_robots': CMAKE_PREFIX_PATH=/opt/ros/humble /usr/bin/cmake --install /home/abdosalm/Github_repos/SLAM-mapping-Robots/workspace/build/slam_robots
[1.359s] -- Install configuration: ""
[1.362s] -- Execute custom install script
[1.364s] -- Up-to-date symlink: /home/abdosalm/Github_repos/SLAM-mapping-Robots/workspace/install/slam_robots/lib/slam_robots/gazebo_middleware
[1.366s] -- Up-to-date symlink: /home/abdosalm/Github_repos/SLAM-mapping-Robots/workspace/install/slam_robots/share/slam_robots/launch/launch_sim.launch.py
[1.366s] -- Up-to-date symlink: /home/abdosalm/Github_repos/SLAM-mapping-Robots/workspace/install/slam_robots/share/slam_robots/launch/robot_launch.launch.py
[1.367s] -- Up-to-date symlink: /home/abdosalm/Github_repos/SLAM-mapping-Robots/workspace/install/slam_robots/share/slam_robots/launch/slam_robots_main.launch.py
[1.368s] -- Up-to-date symlink: /home/abdosalm/Github_repos/SLAM-mapping-Robots/workspace/install/slam_robots/share/slam_robots/launch/slam_robots_main_turtlebot4.launch.py
[1.379s] -- Up-to-date symlink: /home/abdosalm/Github_repos/SLAM-mapping-Robots/workspace/install/slam_robots/share/slam_robots/worlds/models/freeCad design files/chair.FCStd
[1.380s] -- Up-to-date symlink: /home/abdosalm/Github_repos/SLAM-mapping-Robots/workspace/install/slam_robots/share/slam_robots/worlds/models/freeCad design files/chair.FCStd1
[1.380s] -- Up-to-date symlink: /home/abdosalm/Github_repos/SLAM-mapping-Robots/workspace/install/slam_robots/share/slam_robots/worlds/models/freeCad design files/computer_table.FCStd
[1.381s] -- Up-to-date symlink: /home/abdosalm/Github_repos/SLAM-mapping-Robots/workspace/install/slam_robots/share/slam_robots/worlds/models/freeCad design files/computer_table.FCStd1
[1.381s] -- Up-to-date symlink: /home/abdosalm/Github_repos/SLAM-mapping-Robots/workspace/install/slam_robots/share/slam_robots/worlds/models/freeCad design files/corridor.FCStd
[1.382s] -- Up-to-date symlink: /home/abdosalm/Github_repos/SLAM-mapping-Robots/workspace/install/slam_robots/share/slam_robots/worlds/models/freeCad design files/corridor.FCStd1
[1.382s] -- Up-to-date symlink: /home/abdosalm/Github_repos/SLAM-mapping-Robots/workspace/install/slam_robots/share/slam_robots/worlds/models/freeCad design files/lecture_theater_platform.FCStd
[1.383s] -- Up-to-date symlink: /home/abdosalm/Github_repos/SLAM-mapping-Robots/workspace/install/slam_robots/share/slam_robots/worlds/models/freeCad design files/lecture_theater_platform.FCStd1
[1.383s] -- Up-to-date symlink: /home/abdosalm/Github_repos/SLAM-mapping-Robots/workspace/install/slam_robots/share/slam_robots/worlds/models/freeCad design files/smart_board.FCStd
[1.383s] -- Up-to-date symlink: /home/abdosalm/Github_repos/SLAM-mapping-Robots/workspace/install/slam_robots/share/slam_robots/worlds/models/freeCad design files/smart_board.FCStd1
[1.384s] -- Up-to-date symlink: /home/abdosalm/Github_repos/SLAM-mapping-Robots/workspace/install/slam_robots/share/slam_robots/worlds/models/freeCad design files/stadium.FCStd
[1.384s] -- Up-to-date symlink: /home/abdosalm/Github_repos/SLAM-mapping-Robots/workspace/install/slam_robots/share/slam_robots/worlds/models/freeCad design files/stadium.FCStd1
[1.385s] -- Up-to-date symlink: /home/abdosalm/Github_repos/SLAM-mapping-Robots/workspace/install/slam_robots/share/slam_robots/worlds/models/freeCad design files/table.FCStd
[1.385s] -- Up-to-date symlink: /home/abdosalm/Github_repos/SLAM-mapping-Robots/workspace/install/slam_robots/share/slam_robots/worlds/models/freeCad design files/table.FCStd1
[1.385s] -- Up-to-date symlink: /home/abdosalm/Github_repos/SLAM-mapping-Robots/workspace/install/slam_robots/share/slam_robots/worlds/models/freeCad design files/wall.FCStd
[1.386s] -- Up-to-date symlink: /home/abdosalm/Github_repos/SLAM-mapping-Robots/workspace/install/slam_robots/share/slam_robots/worlds/models/freeCad design files/wall.FCStd1
[1.386s] -- Up-to-date symlink: /home/abdosalm/Github_repos/SLAM-mapping-Robots/workspace/install/slam_robots/share/slam_robots/worlds/models/freeCad design files/wall_with_window.FCStd
[1.386s] -- Up-to-date symlink: /home/abdosalm/Github_repos/SLAM-mapping-Robots/workspace/install/slam_robots/share/slam_robots/worlds/models/freeCad design files/wall_with_window.FCStd1
[1.387s] -- Up-to-date symlink: /home/abdosalm/Github_repos/SLAM-mapping-Robots/workspace/install/slam_robots/share/slam_robots/worlds/models/freeCad_dae/chair.dae
[1.387s] -- Up-to-date symlink: /home/abdosalm/Github_repos/SLAM-mapping-Robots/workspace/install/slam_robots/share/slam_robots/worlds/models/freeCad_dae/chair.sdf
[1.388s] -- Up-to-date symlink: /home/abdosalm/Github_repos/SLAM-mapping-Robots/workspace/install/slam_robots/share/slam_robots/worlds/models/freeCad_dae/computer_table.dae
[1.388s] -- Up-to-date symlink: /home/abdosalm/Github_repos/SLAM-mapping-Robots/workspace/install/slam_robots/share/slam_robots/worlds/models/freeCad_dae/computer_table.sdf
[1.388s] -- Up-to-date symlink: /home/abdosalm/Github_repos/SLAM-mapping-Robots/workspace/install/slam_robots/share/slam_robots/worlds/models/freeCad_dae/corridor.dae
[1.389s] -- Up-to-date symlink: /home/abdosalm/Github_repos/SLAM-mapping-Robots/workspace/install/slam_robots/share/slam_robots/worlds/models/freeCad_dae/corridor.sdf
[1.390s] -- Up-to-date symlink: /home/abdosalm/Github_repos/SLAM-mapping-Robots/workspace/install/slam_robots/share/slam_robots/worlds/models/freeCad_dae/lecture_theater_platform.dae
[1.390s] -- Up-to-date symlink: /home/abdosalm/Github_repos/SLAM-mapping-Robots/workspace/install/slam_robots/share/slam_robots/worlds/models/freeCad_dae/lecture_theater_platform.sdf
[1.391s] -- Up-to-date symlink: /home/abdosalm/Github_repos/SLAM-mapping-Robots/workspace/install/slam_robots/share/slam_robots/worlds/models/freeCad_dae/smart_board.dae
[1.391s] -- Up-to-date symlink: /home/abdosalm/Github_repos/SLAM-mapping-Robots/workspace/install/slam_robots/share/slam_robots/worlds/models/freeCad_dae/smart_board.sdf
[1.391s] -- Up-to-date symlink: /home/abdosalm/Github_repos/SLAM-mapping-Robots/workspace/install/slam_robots/share/slam_robots/worlds/models/freeCad_dae/stadium.dae
[1.391s] -- Up-to-date symlink: /home/abdosalm/Github_repos/SLAM-mapping-Robots/workspace/install/slam_robots/share/slam_robots/worlds/models/freeCad_dae/stadium.sdf
[1.391s] -- Up-to-date symlink: /home/abdosalm/Github_repos/SLAM-mapping-Robots/workspace/install/slam_robots/share/slam_robots/worlds/models/freeCad_dae/table.dae
[1.392s] -- Up-to-date symlink: /home/abdosalm/Github_repos/SLAM-mapping-Robots/workspace/install/slam_robots/share/slam_robots/worlds/models/freeCad_dae/table.sdf
[1.392s] -- Up-to-date symlink: /home/abdosalm/Github_repos/SLAM-mapping-Robots/workspace/install/slam_robots/share/slam_robots/worlds/models/freeCad_dae/wall.dae
[1.392s] -- Up-to-date symlink: /home/abdosalm/Github_repos/SLAM-mapping-Robots/workspace/install/slam_robots/share/slam_robots/worlds/models/freeCad_dae/wall.sdf
[1.392s] -- Up-to-date symlink: /home/abdosalm/Github_repos/SLAM-mapping-Robots/workspace/install/slam_robots/share/slam_robots/worlds/models/freeCad_dae/wall_with_window.dae
[1.392s] -- Up-to-date symlink: /home/abdosalm/Github_repos/SLAM-mapping-Robots/workspace/install/slam_robots/share/slam_robots/worlds/models/freeCad_dae/wall_with_window.sdf
[1.392s] -- Up-to-date symlink: /home/abdosalm/Github_repos/SLAM-mapping-Robots/workspace/install/slam_robots/share/slam_robots/worlds/models/fuel_models/Casual_female/materials/textures/brown_eye.png
[1.392s] -- Up-to-date symlink: /home/abdosalm/Github_repos/SLAM-mapping-Robots/workspace/install/slam_robots/share/slam_robots/worlds/models/fuel_models/Casual_female/materials/textures/casual_female.png
[1.392s] -- Up-to-date symlink: /home/abdosalm/Github_repos/SLAM-mapping-Robots/workspace/install/slam_robots/share/slam_robots/worlds/models/fuel_models/Casual_female/materials/textures/eyebrow002.png
[1.393s] -- Up-to-date symlink: /home/abdosalm/Github_repos/SLAM-mapping-Robots/workspace/install/slam_robots/share/slam_robots/worlds/models/fuel_models/Casual_female/materials/textures/eyelashes01.png
[1.393s] -- Up-to-date symlink: /home/abdosalm/Github_repos/SLAM-mapping-Robots/workspace/install/slam_robots/share/slam_robots/worlds/models/fuel_models/Casual_female/materials/textures/female_casualsuit01_diffuse.png
[1.393s] -- Up-to-date symlink: /home/abdosalm/Github_repos/SLAM-mapping-Robots/workspace/install/slam_robots/share/slam_robots/worlds/models/fuel_models/Casual_female/materials/textures/female_casualsuit01_normal.png
[1.393s] -- Up-to-date symlink: /home/abdosalm/Github_repos/SLAM-mapping-Robots/workspace/install/slam_robots/share/slam_robots/worlds/models/fuel_models/Casual_female/materials/textures/female_casualsuit02_diffuse.png
[1.393s] -- Up-to-date symlink: /home/abdosalm/Github_repos/SLAM-mapping-Robots/workspace/install/slam_robots/share/slam_robots/worlds/models/fuel_models/Casual_female/materials/textures/female_casualsuit02_normal.png
[1.393s] -- Up-to-date symlink: /home/abdosalm/Github_repos/SLAM-mapping-Robots/workspace/install/slam_robots/share/slam_robots/worlds/models/fuel_models/Casual_female/materials/textures/ponytail01_diffuse.png
[1.393s] -- Up-to-date symlink: /home/abdosalm/Github_repos/SLAM-mapping-Robots/workspace/install/slam_robots/share/slam_robots/worlds/models/fuel_models/Casual_female/materials/textures/shoes05_diffuse.png
[1.393s] -- Up-to-date symlink: /home/abdosalm/Github_repos/SLAM-mapping-Robots/workspace/install/slam_robots/share/slam_robots/worlds/models/fuel_models/Casual_female/materials/textures/tongue01_diffuse.png
[1.394s] -- Up-to-date symlink: /home/abdosalm/Github_repos/SLAM-mapping-Robots/workspace/install/slam_robots/share/slam_robots/worlds/models/fuel_models/Casual_female/materials/textures/young_lightskinned_female_diffuse.png
[1.394s] -- Up-to-date symlink: /home/abdosalm/Github_repos/SLAM-mapping-Robots/workspace/install/slam_robots/share/slam_robots/worlds/models/fuel_models/Casual_female/meshes/casual_female.dae
[1.394s] -- Up-to-date symlink: /home/abdosalm/Github_repos/SLAM-mapping-Robots/workspace/install/slam_robots/share/slam_robots/worlds/models/fuel_models/Casual_female/model.config
[1.394s] -- Up-to-date symlink: /home/abdosalm/Github_repos/SLAM-mapping-Robots/workspace/install/slam_robots/share/slam_robots/worlds/models/fuel_models/Casual_female/model.sdf
[1.394s] -- Up-to-date symlink: /home/abdosalm/Github_repos/SLAM-mapping-Robots/workspace/install/slam_robots/share/slam_robots/worlds/models/fuel_models/Casual_female/thumbnails/1.png
[1.394s] -- Up-to-date symlink: /home/abdosalm/Github_repos/SLAM-mapping-Robots/workspace/install/slam_robots/share/slam_robots/worlds/models/fuel_models/Casual_female/thumbnails/2.png
[1.394s] -- Up-to-date symlink: /home/abdosalm/Github_repos/SLAM-mapping-Robots/workspace/install/slam_robots/share/slam_robots/worlds/models/fuel_models/Casual_female/thumbnails/3.png
[1.394s] -- Up-to-date symlink: /home/abdosalm/Github_repos/SLAM-mapping-Robots/workspace/install/slam_robots/share/slam_robots/worlds/models/fuel_models/Casual_female/thumbnails/4.png
[1.395s] -- Up-to-date symlink: /home/abdosalm/Github_repos/SLAM-mapping-Robots/workspace/install/slam_robots/share/slam_robots/worlds/models/fuel_models/Casual_female/thumbnails/5.png
[1.395s] -- Up-to-date symlink: /home/abdosalm/Github_repos/SLAM-mapping-Robots/workspace/install/slam_robots/share/slam_robots/worlds/models/fuel_models/Standing_person/materials/textures/eyebrow001-unmodified.png
[1.395s] -- Up-to-date symlink: /home/abdosalm/Github_repos/SLAM-mapping-Robots/workspace/install/slam_robots/share/slam_robots/worlds/models/fuel_models/Standing_person/materials/textures/eyebrow001.png
[1.395s] -- Up-to-date symlink: /home/abdosalm/Github_repos/SLAM-mapping-Robots/workspace/install/slam_robots/share/slam_robots/worlds/models/fuel_models/Standing_person/materials/textures/green_eye.png
[1.395s] -- Up-to-date symlink: /home/abdosalm/Github_repos/SLAM-mapping-Robots/workspace/install/slam_robots/share/slam_robots/worlds/models/fuel_models/Standing_person/materials/textures/jeans01_normals.png
[1.395s] -- Up-to-date symlink: /home/abdosalm/Github_repos/SLAM-mapping-Robots/workspace/install/slam_robots/share/slam_robots/worlds/models/fuel_models/Standing_person/materials/textures/jeans_basic_diffuse.png
[1.395s] -- Up-to-date symlink: /home/abdosalm/Github_repos/SLAM-mapping-Robots/workspace/install/slam_robots/share/slam_robots/worlds/models/fuel_models/Standing_person/materials/textures/male02_diffuse_black-unmodified.png
[1.395s] -- Up-to-date symlink: /home/abdosalm/Github_repos/SLAM-mapping-Robots/workspace/install/slam_robots/share/slam_robots/worlds/models/fuel_models/Standing_person/materials/textures/male02_diffuse_black.png
[1.395s] -- Up-to-date symlink: /home/abdosalm/Github_repos/SLAM-mapping-Robots/workspace/install/slam_robots/share/slam_robots/worlds/models/fuel_models/Standing_person/materials/textures/teeth.png
[1.396s] -- Up-to-date symlink: /home/abdosalm/Github_repos/SLAM-mapping-Robots/workspace/install/slam_robots/share/slam_robots/worlds/models/fuel_models/Standing_person/materials/textures/tshirt02_normals.png
[1.396s] -- Up-to-date symlink: /home/abdosalm/Github_repos/SLAM-mapping-Robots/workspace/install/slam_robots/share/slam_robots/worlds/models/fuel_models/Standing_person/materials/textures/tshirt02_texture.png
[1.396s] -- Up-to-date symlink: /home/abdosalm/Github_repos/SLAM-mapping-Robots/workspace/install/slam_robots/share/slam_robots/worlds/models/fuel_models/Standing_person/materials/textures/young_lightskinned_male_diffuse.png
[1.396s] -- Up-to-date symlink: /home/abdosalm/Github_repos/SLAM-mapping-Robots/workspace/install/slam_robots/share/slam_robots/worlds/models/fuel_models/Standing_person/meshes/standing.dae
[1.396s] -- Up-to-date symlink: /home/abdosalm/Github_repos/SLAM-mapping-Robots/workspace/install/slam_robots/share/slam_robots/worlds/models/fuel_models/Standing_person/model.config
[1.396s] -- Up-to-date symlink: /home/abdosalm/Github_repos/SLAM-mapping-Robots/workspace/install/slam_robots/share/slam_robots/worlds/models/fuel_models/Standing_person/model.sdf
[1.396s] -- Up-to-date symlink: /home/abdosalm/Github_repos/SLAM-mapping-Robots/workspace/install/slam_robots/share/slam_robots/worlds/models/fuel_models/Standing_person/thumbnails/1.png
[1.396s] -- Up-to-date symlink: /home/abdosalm/Github_repos/SLAM-mapping-Robots/workspace/install/slam_robots/share/slam_robots/worlds/models/fuel_models/Standing_person/thumbnails/2.png
[1.396s] -- Up-to-date symlink: /home/abdosalm/Github_repos/SLAM-mapping-Robots/workspace/install/slam_robots/share/slam_robots/worlds/models/fuel_models/Standing_person/thumbnails/3.png
[1.396s] -- Up-to-date symlink: /home/abdosalm/Github_repos/SLAM-mapping-Robots/workspace/install/slam_robots/share/slam_robots/worlds/models/fuel_models/Standing_person/thumbnails/4.png
[1.397s] -- Up-to-date symlink: /home/abdosalm/Github_repos/SLAM-mapping-Robots/workspace/install/slam_robots/share/slam_robots/worlds/models/fuel_models/Standing_person/thumbnails/5.png
[1.397s] -- Up-to-date symlink: /home/abdosalm/Github_repos/SLAM-mapping-Robots/workspace/install/slam_robots/share/slam_robots/worlds/models/fuel_models/Walking_person/materials/textures/eyebrow001-unmodified.png
[1.397s] -- Up-to-date symlink: /home/abdosalm/Github_repos/SLAM-mapping-Robots/workspace/install/slam_robots/share/slam_robots/worlds/models/fuel_models/Walking_person/materials/textures/eyebrow001.png
[1.397s] -- Up-to-date symlink: /home/abdosalm/Github_repos/SLAM-mapping-Robots/workspace/install/slam_robots/share/slam_robots/worlds/models/fuel_models/Walking_person/materials/textures/green_eye.png
[1.397s] -- Up-to-date symlink: /home/abdosalm/Github_repos/SLAM-mapping-Robots/workspace/install/slam_robots/share/slam_robots/worlds/models/fuel_models/Walking_person/materials/textures/jeans01_normals.png
[1.397s] -- Up-to-date symlink: /home/abdosalm/Github_repos/SLAM-mapping-Robots/workspace/install/slam_robots/share/slam_robots/worlds/models/fuel_models/Walking_person/materials/textures/jeans_basic_diffuse.png
[1.397s] -- Up-to-date symlink: /home/abdosalm/Github_repos/SLAM-mapping-Robots/workspace/install/slam_robots/share/slam_robots/worlds/models/fuel_models/Walking_person/materials/textures/male02_diffuse_black-unmodified.png
[1.397s] -- Up-to-date symlink: /home/abdosalm/Github_repos/SLAM-mapping-Robots/workspace/install/slam_robots/share/slam_robots/worlds/models/fuel_models/Walking_person/materials/textures/male02_diffuse_black.png
[1.397s] -- Up-to-date symlink: /home/abdosalm/Github_repos/SLAM-mapping-Robots/workspace/install/slam_robots/share/slam_robots/worlds/models/fuel_models/Walking_person/materials/textures/teeth.png
[1.397s] -- Up-to-date symlink: /home/abdosalm/Github_repos/SLAM-mapping-Robots/workspace/install/slam_robots/share/slam_robots/worlds/models/fuel_models/Walking_person/materials/textures/tshirt02_normals.png
[1.398s] -- Up-to-date symlink: /home/abdosalm/Github_repos/SLAM-mapping-Robots/workspace/install/slam_robots/share/slam_robots/worlds/models/fuel_models/Walking_person/materials/textures/tshirt02_texture.png
[1.398s] -- Up-to-date symlink: /home/abdosalm/Github_repos/SLAM-mapping-Robots/workspace/install/slam_robots/share/slam_robots/worlds/models/fuel_models/Walking_person/materials/textures/young_lightskinned_male_diffuse.png
[1.398s] -- Up-to-date symlink: /home/abdosalm/Github_repos/SLAM-mapping-Robots/workspace/install/slam_robots/share/slam_robots/worlds/models/fuel_models/Walking_person/meshes/walking.dae
[1.398s] -- Up-to-date symlink: /home/abdosalm/Github_repos/SLAM-mapping-Robots/workspace/install/slam_robots/share/slam_robots/worlds/models/fuel_models/Walking_person/model.config
[1.398s] -- Up-to-date symlink: /home/abdosalm/Github_repos/SLAM-mapping-Robots/workspace/install/slam_robots/share/slam_robots/worlds/models/fuel_models/Walking_person/model.sdf
[1.398s] -- Up-to-date symlink: /home/abdosalm/Github_repos/SLAM-mapping-Robots/workspace/install/slam_robots/share/slam_robots/worlds/models/fuel_models/Walking_person/thumbnails/1.png
[1.398s] -- Up-to-date symlink: /home/abdosalm/Github_repos/SLAM-mapping-Robots/workspace/install/slam_robots/share/slam_robots/worlds/models/fuel_models/Walking_person/thumbnails/2.png
[1.398s] -- Up-to-date symlink: /home/abdosalm/Github_repos/SLAM-mapping-Robots/workspace/install/slam_robots/share/slam_robots/worlds/models/fuel_models/Walking_person/thumbnails/3.png
[1.398s] -- Up-to-date symlink: /home/abdosalm/Github_repos/SLAM-mapping-Robots/workspace/install/slam_robots/share/slam_robots/worlds/models/fuel_models/Walking_person/thumbnails/4.png
[1.398s] -- Up-to-date symlink: /home/abdosalm/Github_repos/SLAM-mapping-Robots/workspace/install/slam_robots/share/slam_robots/worlds/models/fuel_models/Walking_person/thumbnails/5.png
[1.399s] -- Up-to-date symlink: /home/abdosalm/Github_repos/SLAM-mapping-Robots/workspace/install/slam_robots/share/slam_robots/worlds/models/robots/robot1.sdf
[1.399s] -- Up-to-date symlink: /home/abdosalm/Github_repos/SLAM-mapping-Robots/workspace/install/slam_robots/share/slam_robots/worlds/models/robots/robot10.sdf
[1.399s] -- Up-to-date symlink: /home/abdosalm/Github_repos/SLAM-mapping-Robots/workspace/install/slam_robots/share/slam_robots/worlds/models/robots/robot2.sdf
[1.399s] -- Up-to-date symlink: /home/abdosalm/Github_repos/SLAM-mapping-Robots/workspace/install/slam_robots/share/slam_robots/worlds/models/robots/robot3.sdf
[1.399s] -- Up-to-date symlink: /home/abdosalm/Github_repos/SLAM-mapping-Robots/workspace/install/slam_robots/share/slam_robots/worlds/models/robots/robot4.sdf
[1.399s] -- Up-to-date symlink: /home/abdosalm/Github_repos/SLAM-mapping-Robots/workspace/install/slam_robots/share/slam_robots/worlds/models/robots/robot5.sdf
[1.399s] -- Up-to-date symlink: /home/abdosalm/Github_repos/SLAM-mapping-Robots/workspace/install/slam_robots/share/slam_robots/worlds/models/robots/robot6.sdf
[1.399s] -- Up-to-date symlink: /home/abdosalm/Github_repos/SLAM-mapping-Robots/workspace/install/slam_robots/share/slam_robots/worlds/models/robots/robot7.sdf
[1.399s] -- Up-to-date symlink: /home/abdosalm/Github_repos/SLAM-mapping-Robots/workspace/install/slam_robots/share/slam_robots/worlds/models/robots/robot8.sdf
[1.399s] -- Up-to-date symlink: /home/abdosalm/Github_repos/SLAM-mapping-Robots/workspace/install/slam_robots/share/slam_robots/worlds/models/robots/robot9.sdf
[1.400s] -- Up-to-date symlink: /home/abdosalm/Github_repos/SLAM-mapping-Robots/workspace/install/slam_robots/share/slam_robots/worlds/models/sub_worlds/first_year.sdf
[1.400s] -- Up-to-date symlink: /home/abdosalm/Github_repos/SLAM-mapping-Robots/workspace/install/slam_robots/share/slam_robots/worlds/models/sub_worlds/fourth_year.sdf
[1.400s] -- Up-to-date symlink: /home/abdosalm/Github_repos/SLAM-mapping-Robots/workspace/install/slam_robots/share/slam_robots/worlds/models/sub_worlds/lab1.sdf
[1.400s] -- Up-to-date symlink: /home/abdosalm/Github_repos/SLAM-mapping-Robots/workspace/install/slam_robots/share/slam_robots/worlds/models/sub_worlds/lab2.sdf
[1.400s] -- Up-to-date symlink: /home/abdosalm/Github_repos/SLAM-mapping-Robots/workspace/install/slam_robots/share/slam_robots/worlds/models/sub_worlds/lab3.sdf
[1.400s] -- Up-to-date symlink: /home/abdosalm/Github_repos/SLAM-mapping-Robots/workspace/install/slam_robots/share/slam_robots/worlds/models/sub_worlds/lab4.sdf
[1.400s] -- Up-to-date symlink: /home/abdosalm/Github_repos/SLAM-mapping-Robots/workspace/install/slam_robots/share/slam_robots/worlds/models/sub_worlds/library.sdf
[1.400s] -- Up-to-date symlink: /home/abdosalm/Github_repos/SLAM-mapping-Robots/workspace/install/slam_robots/share/slam_robots/worlds/models/sub_worlds/maincorridor.sdf
[1.400s] -- Up-to-date symlink: /home/abdosalm/Github_repos/SLAM-mapping-Robots/workspace/install/slam_robots/share/slam_robots/worlds/models/sub_worlds/robots.sdf
[1.400s] -- Up-to-date symlink: /home/abdosalm/Github_repos/SLAM-mapping-Robots/workspace/install/slam_robots/share/slam_robots/worlds/models/sub_worlds/second_year.sdf
[1.400s] -- Up-to-date symlink: /home/abdosalm/Github_repos/SLAM-mapping-Robots/workspace/install/slam_robots/share/slam_robots/worlds/models/sub_worlds/third_year.sdf
[1.401s] -- Up-to-date symlink: /home/abdosalm/Github_repos/SLAM-mapping-Robots/workspace/install/slam_robots/share/slam_robots/worlds/models_classic/basic_models/chair/chair.dae
[1.401s] -- Up-to-date symlink: /home/abdosalm/Github_repos/SLAM-mapping-Robots/workspace/install/slam_robots/share/slam_robots/worlds/models_classic/basic_models/chair/model.config
[1.401s] -- Up-to-date symlink: /home/abdosalm/Github_repos/SLAM-mapping-Robots/workspace/install/slam_robots/share/slam_robots/worlds/models_classic/basic_models/chair/model.sdf
[1.401s] -- Up-to-date symlink: /home/abdosalm/Github_repos/SLAM-mapping-Robots/workspace/install/slam_robots/share/slam_robots/worlds/models_classic/basic_models/computer_table/computer_table.dae
[1.401s] -- Up-to-date symlink: /home/abdosalm/Github_repos/SLAM-mapping-Robots/workspace/install/slam_robots/share/slam_robots/worlds/models_classic/basic_models/computer_table/model.config
[1.401s] -- Up-to-date symlink: /home/abdosalm/Github_repos/SLAM-mapping-Robots/workspace/install/slam_robots/share/slam_robots/worlds/models_classic/basic_models/computer_table/model.sdf
[1.401s] -- Up-to-date symlink: /home/abdosalm/Github_repos/SLAM-mapping-Robots/workspace/install/slam_robots/share/slam_robots/worlds/models_classic/basic_models/corridor/corridor.dae
[1.401s] -- Up-to-date symlink: /home/abdosalm/Github_repos/SLAM-mapping-Robots/workspace/install/slam_robots/share/slam_robots/worlds/models_classic/basic_models/corridor/model.config
[1.401s] -- Up-to-date symlink: /home/abdosalm/Github_repos/SLAM-mapping-Robots/workspace/install/slam_robots/share/slam_robots/worlds/models_classic/basic_models/corridor/model.sdf
[1.402s] -- Up-to-date symlink: /home/abdosalm/Github_repos/SLAM-mapping-Robots/workspace/install/slam_robots/share/slam_robots/worlds/models_classic/basic_models/lecture_theater_platform/lecture_theater_platform.dae
[1.402s] -- Up-to-date symlink: /home/abdosalm/Github_repos/SLAM-mapping-Robots/workspace/install/slam_robots/share/slam_robots/worlds/models_classic/basic_models/lecture_theater_platform/model.config
[1.402s] -- Up-to-date symlink: /home/abdosalm/Github_repos/SLAM-mapping-Robots/workspace/install/slam_robots/share/slam_robots/worlds/models_classic/basic_models/lecture_theater_platform/model.sdf
[1.402s] -- Up-to-date symlink: /home/abdosalm/Github_repos/SLAM-mapping-Robots/workspace/install/slam_robots/share/slam_robots/worlds/models_classic/basic_models/smart_board/model.config
[1.402s] -- Up-to-date symlink: /home/abdosalm/Github_repos/SLAM-mapping-Robots/workspace/install/slam_robots/share/slam_robots/worlds/models_classic/basic_models/smart_board/model.sdf
[1.402s] -- Up-to-date symlink: /home/abdosalm/Github_repos/SLAM-mapping-Robots/workspace/install/slam_robots/share/slam_robots/worlds/models_classic/basic_models/smart_board/smart_board.dae
[1.402s] -- Up-to-date symlink: /home/abdosalm/Github_repos/SLAM-mapping-Robots/workspace/install/slam_robots/share/slam_robots/worlds/models_classic/basic_models/stadium/model.config
[1.402s] -- Up-to-date symlink: /home/abdosalm/Github_repos/SLAM-mapping-Robots/workspace/install/slam_robots/share/slam_robots/worlds/models_classic/basic_models/stadium/model.sdf
[1.402s] -- Up-to-date symlink: /home/abdosalm/Github_repos/SLAM-mapping-Robots/workspace/install/slam_robots/share/slam_robots/worlds/models_classic/basic_models/stadium/stadium.dae
[1.402s] -- Up-to-date symlink: /home/abdosalm/Github_repos/SLAM-mapping-Robots/workspace/install/slam_robots/share/slam_robots/worlds/models_classic/basic_models/table/model.config
[1.402s] -- Up-to-date symlink: /home/abdosalm/Github_repos/SLAM-mapping-Robots/workspace/install/slam_robots/share/slam_robots/worlds/models_classic/basic_models/table/model.sdf
[1.402s] -- Up-to-date symlink: /home/abdosalm/Github_repos/SLAM-mapping-Robots/workspace/install/slam_robots/share/slam_robots/worlds/models_classic/basic_models/table/table.dae
[1.403s] -- Up-to-date symlink: /home/abdosalm/Github_repos/SLAM-mapping-Robots/workspace/install/slam_robots/share/slam_robots/worlds/models_classic/basic_models/wall/model.config
[1.403s] -- Up-to-date symlink: /home/abdosalm/Github_repos/SLAM-mapping-Robots/workspace/install/slam_robots/share/slam_robots/worlds/models_classic/basic_models/wall/model.sdf
[1.403s] -- Up-to-date symlink: /home/abdosalm/Github_repos/SLAM-mapping-Robots/workspace/install/slam_robots/share/slam_robots/worlds/models_classic/basic_models/wall/wall.dae
[1.403s] -- Up-to-date symlink: /home/abdosalm/Github_repos/SLAM-mapping-Robots/workspace/install/slam_robots/share/slam_robots/worlds/models_classic/basic_models/wall_with_window/model.config
[1.403s] -- Up-to-date symlink: /home/abdosalm/Github_repos/SLAM-mapping-Robots/workspace/install/slam_robots/share/slam_robots/worlds/models_classic/basic_models/wall_with_window/model.sdf
[1.403s] -- Up-to-date symlink: /home/abdosalm/Github_repos/SLAM-mapping-Robots/workspace/install/slam_robots/share/slam_robots/worlds/models_classic/basic_models/wall_with_window/wall_with_window.dae
[1.403s] -- Up-to-date symlink: /home/abdosalm/Github_repos/SLAM-mapping-Robots/workspace/install/slam_robots/share/slam_robots/worlds/models_classic/freeCad design files/chair.FCStd
[1.403s] -- Up-to-date symlink: /home/abdosalm/Github_repos/SLAM-mapping-Robots/workspace/install/slam_robots/share/slam_robots/worlds/models_classic/freeCad design files/chair.FCStd1
[1.403s] -- Up-to-date symlink: /home/abdosalm/Github_repos/SLAM-mapping-Robots/workspace/install/slam_robots/share/slam_robots/worlds/models_classic/freeCad design files/computer_table.FCStd
[1.403s] -- Up-to-date symlink: /home/abdosalm/Github_repos/SLAM-mapping-Robots/workspace/install/slam_robots/share/slam_robots/worlds/models_classic/freeCad design files/computer_table.FCStd1
[1.404s] -- Up-to-date symlink: /home/abdosalm/Github_repos/SLAM-mapping-Robots/workspace/install/slam_robots/share/slam_robots/worlds/models_classic/freeCad design files/corridor.FCStd
[1.404s] -- Up-to-date symlink: /home/abdosalm/Github_repos/SLAM-mapping-Robots/workspace/install/slam_robots/share/slam_robots/worlds/models_classic/freeCad design files/corridor.FCStd1
[1.404s] -- Up-to-date symlink: /home/abdosalm/Github_repos/SLAM-mapping-Robots/workspace/install/slam_robots/share/slam_robots/worlds/models_classic/freeCad design files/lecture_theater_platform.FCStd
[1.404s] -- Up-to-date symlink: /home/abdosalm/Github_repos/SLAM-mapping-Robots/workspace/install/slam_robots/share/slam_robots/worlds/models_classic/freeCad design files/lecture_theater_platform.FCStd1
[1.404s] -- Up-to-date symlink: /home/abdosalm/Github_repos/SLAM-mapping-Robots/workspace/install/slam_robots/share/slam_robots/worlds/models_classic/freeCad design files/smart_board.FCStd
[1.404s] -- Up-to-date symlink: /home/abdosalm/Github_repos/SLAM-mapping-Robots/workspace/install/slam_robots/share/slam_robots/worlds/models_classic/freeCad design files/smart_board.FCStd1
[1.404s] -- Up-to-date symlink: /home/abdosalm/Github_repos/SLAM-mapping-Robots/workspace/install/slam_robots/share/slam_robots/worlds/models_classic/freeCad design files/stadium.FCStd
[1.404s] -- Up-to-date symlink: /home/abdosalm/Github_repos/SLAM-mapping-Robots/workspace/install/slam_robots/share/slam_robots/worlds/models_classic/freeCad design files/stadium.FCStd1
[1.404s] -- Up-to-date symlink: /home/abdosalm/Github_repos/SLAM-mapping-Robots/workspace/install/slam_robots/share/slam_robots/worlds/models_classic/freeCad design files/table.FCStd
[1.404s] -- Up-to-date symlink: /home/abdosalm/Github_repos/SLAM-mapping-Robots/workspace/install/slam_robots/share/slam_robots/worlds/models_classic/freeCad design files/table.FCStd1
[1.404s] -- Up-to-date symlink: /home/abdosalm/Github_repos/SLAM-mapping-Robots/workspace/install/slam_robots/share/slam_robots/worlds/models_classic/freeCad design files/wall.FCStd
[1.405s] -- Up-to-date symlink: /home/abdosalm/Github_repos/SLAM-mapping-Robots/workspace/install/slam_robots/share/slam_robots/worlds/models_classic/freeCad design files/wall.FCStd1
[1.405s] -- Up-to-date symlink: /home/abdosalm/Github_repos/SLAM-mapping-Robots/workspace/install/slam_robots/share/slam_robots/worlds/models_classic/freeCad design files/wall_with_window.FCStd
[1.405s] -- Up-to-date symlink: /home/abdosalm/Github_repos/SLAM-mapping-Robots/workspace/install/slam_robots/share/slam_robots/worlds/models_classic/freeCad design files/wall_with_window.FCStd1
[1.405s] -- Up-to-date symlink: /home/abdosalm/Github_repos/SLAM-mapping-Robots/workspace/install/slam_robots/share/slam_robots/worlds/models_classic/fuel_models/Casual_female/materials/textures/brown_eye.png
[1.405s] -- Up-to-date symlink: /home/abdosalm/Github_repos/SLAM-mapping-Robots/workspace/install/slam_robots/share/slam_robots/worlds/models_classic/fuel_models/Casual_female/materials/textures/casual_female.png
[1.405s] -- Up-to-date symlink: /home/abdosalm/Github_repos/SLAM-mapping-Robots/workspace/install/slam_robots/share/slam_robots/worlds/models_classic/fuel_models/Casual_female/materials/textures/eyebrow002.png
[1.405s] -- Up-to-date symlink: /home/abdosalm/Github_repos/SLAM-mapping-Robots/workspace/install/slam_robots/share/slam_robots/worlds/models_classic/fuel_models/Casual_female/materials/textures/eyelashes01.png
[1.405s] -- Up-to-date symlink: /home/abdosalm/Github_repos/SLAM-mapping-Robots/workspace/install/slam_robots/share/slam_robots/worlds/models_classic/fuel_models/Casual_female/materials/textures/female_casualsuit01_diffuse.png
[1.405s] -- Up-to-date symlink: /home/abdosalm/Github_repos/SLAM-mapping-Robots/workspace/install/slam_robots/share/slam_robots/worlds/models_classic/fuel_models/Casual_female/materials/textures/female_casualsuit01_normal.png
[1.406s] -- Up-to-date symlink: /home/abdosalm/Github_repos/SLAM-mapping-Robots/workspace/install/slam_robots/share/slam_robots/worlds/models_classic/fuel_models/Casual_female/materials/textures/female_casualsuit02_diffuse.png
[1.406s] -- Up-to-date symlink: /home/abdosalm/Github_repos/SLAM-mapping-Robots/workspace/install/slam_robots/share/slam_robots/worlds/models_classic/fuel_models/Casual_female/materials/textures/female_casualsuit02_normal.png
[1.406s] -- Up-to-date symlink: /home/abdosalm/Github_repos/SLAM-mapping-Robots/workspace/install/slam_robots/share/slam_robots/worlds/models_classic/fuel_models/Casual_female/materials/textures/ponytail01_diffuse.png
[1.406s] -- Up-to-date symlink: /home/abdosalm/Github_repos/SLAM-mapping-Robots/workspace/install/slam_robots/share/slam_robots/worlds/models_classic/fuel_models/Casual_female/materials/textures/shoes05_diffuse.png
[1.406s] -- Up-to-date symlink: /home/abdosalm/Github_repos/SLAM-mapping-Robots/workspace/install/slam_robots/share/slam_robots/worlds/models_classic/fuel_models/Casual_female/materials/textures/tongue01_diffuse.png
[1.406s] -- Up-to-date symlink: /home/abdosalm/Github_repos/SLAM-mapping-Robots/workspace/install/slam_robots/share/slam_robots/worlds/models_classic/fuel_models/Casual_female/materials/textures/young_lightskinned_female_diffuse.png
[1.406s] -- Up-to-date symlink: /home/abdosalm/Github_repos/SLAM-mapping-Robots/workspace/install/slam_robots/share/slam_robots/worlds/models_classic/fuel_models/Casual_female/meshes/casual_female.dae
[1.406s] -- Up-to-date symlink: /home/abdosalm/Github_repos/SLAM-mapping-Robots/workspace/install/slam_robots/share/slam_robots/worlds/models_classic/fuel_models/Casual_female/model.config
[1.406s] -- Up-to-date symlink: /home/abdosalm/Github_repos/SLAM-mapping-Robots/workspace/install/slam_robots/share/slam_robots/worlds/models_classic/fuel_models/Casual_female/model.sdf
[1.406s] -- Up-to-date symlink: /home/abdosalm/Github_repos/SLAM-mapping-Robots/workspace/install/slam_robots/share/slam_robots/worlds/models_classic/fuel_models/Casual_female/thumbnails/1.png
[1.407s] -- Up-to-date symlink: /home/abdosalm/Github_repos/SLAM-mapping-Robots/workspace/install/slam_robots/share/slam_robots/worlds/models_classic/fuel_models/Casual_female/thumbnails/2.png
[1.407s] -- Up-to-date symlink: /home/abdosalm/Github_repos/SLAM-mapping-Robots/workspace/install/slam_robots/share/slam_robots/worlds/models_classic/fuel_models/Casual_female/thumbnails/3.png
[1.407s] -- Up-to-date symlink: /home/abdosalm/Github_repos/SLAM-mapping-Robots/workspace/install/slam_robots/share/slam_robots/worlds/models_classic/fuel_models/Casual_female/thumbnails/4.png
[1.407s] -- Up-to-date symlink: /home/abdosalm/Github_repos/SLAM-mapping-Robots/workspace/install/slam_robots/share/slam_robots/worlds/models_classic/fuel_models/Casual_female/thumbnails/5.png
[1.407s] -- Up-to-date symlink: /home/abdosalm/Github_repos/SLAM-mapping-Robots/workspace/install/slam_robots/share/slam_robots/worlds/models_classic/fuel_models/Standing_person/materials/textures/eyebrow001-unmodified.png
[1.407s] -- Up-to-date symlink: /home/abdosalm/Github_repos/SLAM-mapping-Robots/workspace/install/slam_robots/share/slam_robots/worlds/models_classic/fuel_models/Standing_person/materials/textures/eyebrow001.png
[1.407s] -- Up-to-date symlink: /home/abdosalm/Github_repos/SLAM-mapping-Robots/workspace/install/slam_robots/share/slam_robots/worlds/models_classic/fuel_models/Standing_person/materials/textures/green_eye.png
[1.407s] -- Up-to-date symlink: /home/abdosalm/Github_repos/SLAM-mapping-Robots/workspace/install/slam_robots/share/slam_robots/worlds/models_classic/fuel_models/Standing_person/materials/textures/jeans01_normals.png
[1.407s] -- Up-to-date symlink: /home/abdosalm/Github_repos/SLAM-mapping-Robots/workspace/install/slam_robots/share/slam_robots/worlds/models_classic/fuel_models/Standing_person/materials/textures/jeans_basic_diffuse.png
[1.408s] -- Up-to-date symlink: /home/abdosalm/Github_repos/SLAM-mapping-Robots/workspace/install/slam_robots/share/slam_robots/worlds/models_classic/fuel_models/Standing_person/materials/textures/male02_diffuse_black-unmodified.png
[1.408s] -- Up-to-date symlink: /home/abdosalm/Github_repos/SLAM-mapping-Robots/workspace/install/slam_robots/share/slam_robots/worlds/models_classic/fuel_models/Standing_person/materials/textures/male02_diffuse_black.png
[1.408s] -- Up-to-date symlink: /home/abdosalm/Github_repos/SLAM-mapping-Robots/workspace/install/slam_robots/share/slam_robots/worlds/models_classic/fuel_models/Standing_person/materials/textures/teeth.png
[1.408s] -- Up-to-date symlink: /home/abdosalm/Github_repos/SLAM-mapping-Robots/workspace/install/slam_robots/share/slam_robots/worlds/models_classic/fuel_models/Standing_person/materials/textures/tshirt02_normals.png
[1.408s] -- Up-to-date symlink: /home/abdosalm/Github_repos/SLAM-mapping-Robots/workspace/install/slam_robots/share/slam_robots/worlds/models_classic/fuel_models/Standing_person/materials/textures/tshirt02_texture.png
[1.408s] -- Up-to-date symlink: /home/abdosalm/Github_repos/SLAM-mapping-Robots/workspace/install/slam_robots/share/slam_robots/worlds/models_classic/fuel_models/Standing_person/materials/textures/young_lightskinned_male_diffuse.png
[1.408s] -- Up-to-date symlink: /home/abdosalm/Github_repos/SLAM-mapping-Robots/workspace/install/slam_robots/share/slam_robots/worlds/models_classic/fuel_models/Standing_person/meshes/standing.dae
[1.408s] -- Up-to-date symlink: /home/abdosalm/Github_repos/SLAM-mapping-Robots/workspace/install/slam_robots/share/slam_robots/worlds/models_classic/fuel_models/Standing_person/model.config
[1.408s] -- Up-to-date symlink: /home/abdosalm/Github_repos/SLAM-mapping-Robots/workspace/install/slam_robots/share/slam_robots/worlds/models_classic/fuel_models/Standing_person/model.sdf
[1.408s] -- Up-to-date symlink: /home/abdosalm/Github_repos/SLAM-mapping-Robots/workspace/install/slam_robots/share/slam_robots/worlds/models_classic/fuel_models/Standing_person/thumbnails/1.png
[1.408s] -- Up-to-date symlink: /home/abdosalm/Github_repos/SLAM-mapping-Robots/workspace/install/slam_robots/share/slam_robots/worlds/models_classic/fuel_models/Standing_person/thumbnails/2.png
[1.409s] -- Up-to-date symlink: /home/abdosalm/Github_repos/SLAM-mapping-Robots/workspace/install/slam_robots/share/slam_robots/worlds/models_classic/fuel_models/Standing_person/thumbnails/3.png
[1.409s] -- Up-to-date symlink: /home/abdosalm/Github_repos/SLAM-mapping-Robots/workspace/install/slam_robots/share/slam_robots/worlds/models_classic/fuel_models/Standing_person/thumbnails/4.png
[1.409s] -- Up-to-date symlink: /home/abdosalm/Github_repos/SLAM-mapping-Robots/workspace/install/slam_robots/share/slam_robots/worlds/models_classic/fuel_models/Standing_person/thumbnails/5.png
[1.409s] -- Up-to-date symlink: /home/abdosalm/Github_repos/SLAM-mapping-Robots/workspace/install/slam_robots/share/slam_robots/worlds/models_classic/fuel_models/Walking_person/materials/textures/eyebrow001-unmodified.png
[1.409s] -- Up-to-date symlink: /home/abdosalm/Github_repos/SLAM-mapping-Robots/workspace/install/slam_robots/share/slam_robots/worlds/models_classic/fuel_models/Walking_person/materials/textures/eyebrow001.png
[1.409s] -- Up-to-date symlink: /home/abdosalm/Github_repos/SLAM-mapping-Robots/workspace/install/slam_robots/share/slam_robots/worlds/models_classic/fuel_models/Walking_person/materials/textures/green_eye.png
[1.409s] -- Up-to-date symlink: /home/abdosalm/Github_repos/SLAM-mapping-Robots/workspace/install/slam_robots/share/slam_robots/worlds/models_classic/fuel_models/Walking_person/materials/textures/jeans01_normals.png
[1.409s] -- Up-to-date symlink: /home/abdosalm/Github_repos/SLAM-mapping-Robots/workspace/install/slam_robots/share/slam_robots/worlds/models_classic/fuel_models/Walking_person/materials/textures/jeans_basic_diffuse.png
[1.409s] -- Up-to-date symlink: /home/abdosalm/Github_repos/SLAM-mapping-Robots/workspace/install/slam_robots/share/slam_robots/worlds/models_classic/fuel_models/Walking_person/materials/textures/male02_diffuse_black-unmodified.png
[1.409s] -- Up-to-date symlink: /home/abdosalm/Github_repos/SLAM-mapping-Robots/workspace/install/slam_robots/share/slam_robots/worlds/models_classic/fuel_models/Walking_person/materials/textures/male02_diffuse_black.png
[1.410s] -- Up-to-date symlink: /home/abdosalm/Github_repos/SLAM-mapping-Robots/workspace/install/slam_robots/share/slam_robots/worlds/models_classic/fuel_models/Walking_person/materials/textures/teeth.png
[1.410s] -- Up-to-date symlink: /home/abdosalm/Github_repos/SLAM-mapping-Robots/workspace/install/slam_robots/share/slam_robots/worlds/models_classic/fuel_models/Walking_person/materials/textures/tshirt02_normals.png
[1.410s] -- Up-to-date symlink: /home/abdosalm/Github_repos/SLAM-mapping-Robots/workspace/install/slam_robots/share/slam_robots/worlds/models_classic/fuel_models/Walking_person/materials/textures/tshirt02_texture.png
[1.410s] -- Up-to-date symlink: /home/abdosalm/Github_repos/SLAM-mapping-Robots/workspace/install/slam_robots/share/slam_robots/worlds/models_classic/fuel_models/Walking_person/materials/textures/young_lightskinned_male_diffuse.png
[1.410s] -- Up-to-date symlink: /home/abdosalm/Github_repos/SLAM-mapping-Robots/workspace/install/slam_robots/share/slam_robots/worlds/models_classic/fuel_models/Walking_person/meshes/walking.dae
[1.410s] -- Up-to-date symlink: /home/abdosalm/Github_repos/SLAM-mapping-Robots/workspace/install/slam_robots/share/slam_robots/worlds/models_classic/fuel_models/Walking_person/model.config
[1.410s] -- Up-to-date symlink: /home/abdosalm/Github_repos/SLAM-mapping-Robots/workspace/install/slam_robots/share/slam_robots/worlds/models_classic/fuel_models/Walking_person/model.sdf
[1.410s] -- Up-to-date symlink: /home/abdosalm/Github_repos/SLAM-mapping-Robots/workspace/install/slam_robots/share/slam_robots/worlds/models_classic/fuel_models/Walking_person/thumbnails/1.png
[1.410s] -- Up-to-date symlink: /home/abdosalm/Github_repos/SLAM-mapping-Robots/workspace/install/slam_robots/share/slam_robots/worlds/models_classic/fuel_models/Walking_person/thumbnails/2.png
[1.410s] -- Up-to-date symlink: /home/abdosalm/Github_repos/SLAM-mapping-Robots/workspace/install/slam_robots/share/slam_robots/worlds/models_classic/fuel_models/Walking_person/thumbnails/3.png
[1.410s] -- Up-to-date symlink: /home/abdosalm/Github_repos/SLAM-mapping-Robots/workspace/install/slam_robots/share/slam_robots/worlds/models_classic/fuel_models/Walking_person/thumbnails/4.png
[1.411s] -- Up-to-date symlink: /home/abdosalm/Github_repos/SLAM-mapping-Robots/workspace/install/slam_robots/share/slam_robots/worlds/models_classic/fuel_models/Walking_person/thumbnails/5.png
[1.411s] -- Up-to-date symlink: /home/abdosalm/Github_repos/SLAM-mapping-Robots/workspace/install/slam_robots/share/slam_robots/worlds/models_classic/robots/robot1.sdf
[1.411s] -- Up-to-date symlink: /home/abdosalm/Github_repos/SLAM-mapping-Robots/workspace/install/slam_robots/share/slam_robots/worlds/models_classic/robots/robot10.sdf
[1.411s] -- Up-to-date symlink: /home/abdosalm/Github_repos/SLAM-mapping-Robots/workspace/install/slam_robots/share/slam_robots/worlds/models_classic/robots/robot2.sdf
[1.411s] -- Up-to-date symlink: /home/abdosalm/Github_repos/SLAM-mapping-Robots/workspace/install/slam_robots/share/slam_robots/worlds/models_classic/robots/robot3.sdf
[1.411s] -- Up-to-date symlink: /home/abdosalm/Github_repos/SLAM-mapping-Robots/workspace/install/slam_robots/share/slam_robots/worlds/models_classic/robots/robot4.sdf
[1.411s] -- Up-to-date symlink: /home/abdosalm/Github_repos/SLAM-mapping-Robots/workspace/install/slam_robots/share/slam_robots/worlds/models_classic/robots/robot5.sdf
[1.411s] -- Up-to-date symlink: /home/abdosalm/Github_repos/SLAM-mapping-Robots/workspace/install/slam_robots/share/slam_robots/worlds/models_classic/robots/robot6.sdf
[1.411s] -- Up-to-date symlink: /home/abdosalm/Github_repos/SLAM-mapping-Robots/workspace/install/slam_robots/share/slam_robots/worlds/models_classic/robots/robot7.sdf
[1.411s] -- Up-to-date symlink: /home/abdosalm/Github_repos/SLAM-mapping-Robots/workspace/install/slam_robots/share/slam_robots/worlds/models_classic/robots/robot8.sdf
[1.412s] -- Up-to-date symlink: /home/abdosalm/Github_repos/SLAM-mapping-Robots/workspace/install/slam_robots/share/slam_robots/worlds/models_classic/robots/robot9.sdf
[1.412s] -- Up-to-date symlink: /home/abdosalm/Github_repos/SLAM-mapping-Robots/workspace/install/slam_robots/share/slam_robots/worlds/models_classic/sub_worlds/first_year/model.config
[1.412s] -- Up-to-date symlink: /home/abdosalm/Github_repos/SLAM-mapping-Robots/workspace/install/slam_robots/share/slam_robots/worlds/models_classic/sub_worlds/first_year/model.sdf
[1.412s] -- Up-to-date symlink: /home/abdosalm/Github_repos/SLAM-mapping-Robots/workspace/install/slam_robots/share/slam_robots/worlds/models_classic/sub_worlds/fourth_year/model.config
[1.412s] -- Up-to-date symlink: /home/abdosalm/Github_repos/SLAM-mapping-Robots/workspace/install/slam_robots/share/slam_robots/worlds/models_classic/sub_worlds/fourth_year/model.sdf
[1.412s] -- Up-to-date symlink: /home/abdosalm/Github_repos/SLAM-mapping-Robots/workspace/install/slam_robots/share/slam_robots/worlds/models_classic/sub_worlds/lab1/model.config
[1.412s] -- Up-to-date symlink: /home/abdosalm/Github_repos/SLAM-mapping-Robots/workspace/install/slam_robots/share/slam_robots/worlds/models_classic/sub_worlds/lab1/model.sdf
[1.412s] -- Up-to-date symlink: /home/abdosalm/Github_repos/SLAM-mapping-Robots/workspace/install/slam_robots/share/slam_robots/worlds/models_classic/sub_worlds/lab2/model.config
[1.412s] -- Up-to-date symlink: /home/abdosalm/Github_repos/SLAM-mapping-Robots/workspace/install/slam_robots/share/slam_robots/worlds/models_classic/sub_worlds/lab2/model.sdf
[1.413s] -- Up-to-date symlink: /home/abdosalm/Github_repos/SLAM-mapping-Robots/workspace/install/slam_robots/share/slam_robots/worlds/models_classic/sub_worlds/lab3/model.config
[1.413s] -- Up-to-date symlink: /home/abdosalm/Github_repos/SLAM-mapping-Robots/workspace/install/slam_robots/share/slam_robots/worlds/models_classic/sub_worlds/lab3/model.sdf
[1.413s] -- Up-to-date symlink: /home/abdosalm/Github_repos/SLAM-mapping-Robots/workspace/install/slam_robots/share/slam_robots/worlds/models_classic/sub_worlds/lab4/model.config
[1.413s] -- Up-to-date symlink: /home/abdosalm/Github_repos/SLAM-mapping-Robots/workspace/install/slam_robots/share/slam_robots/worlds/models_classic/sub_worlds/lab4/model.sdf
[1.413s] -- Up-to-date symlink: /home/abdosalm/Github_repos/SLAM-mapping-Robots/workspace/install/slam_robots/share/slam_robots/worlds/models_classic/sub_worlds/library/model.config
[1.413s] -- Up-to-date symlink: /home/abdosalm/Github_repos/SLAM-mapping-Robots/workspace/install/slam_robots/share/slam_robots/worlds/models_classic/sub_worlds/library/model.sdf
[1.413s] -- Up-to-date symlink: /home/abdosalm/Github_repos/SLAM-mapping-Robots/workspace/install/slam_robots/share/slam_robots/worlds/models_classic/sub_worlds/maincorridor/model.config
[1.413s] -- Up-to-date symlink: /home/abdosalm/Github_repos/SLAM-mapping-Robots/workspace/install/slam_robots/share/slam_robots/worlds/models_classic/sub_worlds/maincorridor/model.sdf
[1.413s] -- Up-to-date symlink: /home/abdosalm/Github_repos/SLAM-mapping-Robots/workspace/install/slam_robots/share/slam_robots/worlds/models_classic/sub_worlds/robots.sdf
[1.413s] -- Up-to-date symlink: /home/abdosalm/Github_repos/SLAM-mapping-Robots/workspace/install/slam_robots/share/slam_robots/worlds/models_classic/sub_worlds/second_year/model.config
[1.413s] -- Up-to-date symlink: /home/abdosalm/Github_repos/SLAM-mapping-Robots/workspace/install/slam_robots/share/slam_robots/worlds/models_classic/sub_worlds/second_year/model.sdf
[1.413s] -- Up-to-date symlink: /home/abdosalm/Github_repos/SLAM-mapping-Robots/workspace/install/slam_robots/share/slam_robots/worlds/models_classic/sub_worlds/third_year/model.config
[1.414s] -- Up-to-date symlink: /home/abdosalm/Github_repos/SLAM-mapping-Robots/workspace/install/slam_robots/share/slam_robots/worlds/models_classic/sub_worlds/third_year/model.sdf
[1.414s] -- Up-to-date symlink: /home/abdosalm/Github_repos/SLAM-mapping-Robots/workspace/install/slam_robots/share/slam_robots/worlds/world.sdf
[1.414s] -- Up-to-date symlink: /home/abdosalm/Github_repos/SLAM-mapping-Robots/workspace/install/slam_robots/share/slam_robots/worlds/world_classic.sdf
[1.414s] -- Up-to-date symlink: /home/abdosalm/Github_repos/SLAM-mapping-Robots/workspace/install/slam_robots/share/slam_robots/worlds/world_classic.world
[1.414s] -- Up-to-date symlink: /home/abdosalm/Github_repos/SLAM-mapping-Robots/workspace/install/slam_robots/share/slam_robots/robot/camera.xacro
[1.414s] -- Up-to-date symlink: /home/abdosalm/Github_repos/SLAM-mapping-Robots/workspace/install/slam_robots/share/slam_robots/robot/depth_camera.xacro
[1.414s] -- Up-to-date symlink: /home/abdosalm/Github_repos/SLAM-mapping-Robots/workspace/install/slam_robots/share/slam_robots/robot/dummy/CMakeLists.txt
[1.414s] -- Up-to-date symlink: /home/abdosalm/Github_repos/SLAM-mapping-Robots/workspace/install/slam_robots/share/slam_robots/robot/dummy/README.md
[1.414s] -- Up-to-date symlink: /home/abdosalm/Github_repos/SLAM-mapping-Robots/workspace/install/slam_robots/share/slam_robots/robot/dummy/config/ball_tracker_params_robot.yaml
[1.415s] -- Up-to-date symlink: /home/abdosalm/Github_repos/SLAM-mapping-Robots/workspace/install/slam_robots/share/slam_robots/robot/dummy/config/ball_tracker_params_sim.yaml
[1.415s] -- Up-to-date symlink: /home/abdosalm/Github_repos/SLAM-mapping-Robots/workspace/install/slam_robots/share/slam_robots/robot/dummy/config/drive_bot.rviz
[1.415s] -- Up-to-date symlink: /home/abdosalm/Github_repos/SLAM-mapping-Robots/workspace/install/slam_robots/share/slam_robots/robot/dummy/config/empty.yaml
[1.415s] -- Up-to-date symlink: /home/abdosalm/Github_repos/SLAM-mapping-Robots/workspace/install/slam_robots/share/slam_robots/robot/dummy/config/gaz_ros2_ctl_use_sim.yaml
[1.415s] -- Up-to-date symlink: /home/abdosalm/Github_repos/SLAM-mapping-Robots/workspace/install/slam_robots/share/slam_robots/robot/dummy/config/joystick.yaml
[1.415s] -- Up-to-date symlink: /home/abdosalm/Github_repos/SLAM-mapping-Robots/workspace/install/slam_robots/share/slam_robots/robot/dummy/config/main.rviz
[1.415s] -- Up-to-date symlink: /home/abdosalm/Github_repos/SLAM-mapping-Robots/workspace/install/slam_robots/share/slam_robots/robot/dummy/config/map.rviz
[1.415s] -- Up-to-date symlink: /home/abdosalm/Github_repos/SLAM-mapping-Robots/workspace/install/slam_robots/share/slam_robots/robot/dummy/config/my_controllers.yaml
[1.415s] -- Up-to-date symlink: /home/abdosalm/Github_repos/SLAM-mapping-Robots/workspace/install/slam_robots/share/slam_robots/robot/dummy/config/nav2_params.yaml
[1.415s] -- Up-to-date symlink: /home/abdosalm/Github_repos/SLAM-mapping-Robots/workspace/install/slam_robots/share/slam_robots/robot/dummy/config/twist_mux.yaml
[1.415s] -- Up-to-date symlink: /home/abdosalm/Github_repos/SLAM-mapping-Robots/workspace/install/slam_robots/share/slam_robots/robot/dummy/config/view_bot.rviz
[1.415s] -- Up-to-date symlink: /home/abdosalm/Github_repos/SLAM-mapping-Robots/workspace/install/slam_robots/share/slam_robots/robot/dummy/launch/ball_tracker.launch.py
[1.416s] -- Up-to-date symlink: /home/abdosalm/Github_repos/SLAM-mapping-Robots/workspace/install/slam_robots/share/slam_robots/robot/dummy/launch/camera.launch.py
[1.416s] -- Up-to-date symlink: /home/abdosalm/Github_repos/SLAM-mapping-Robots/workspace/install/slam_robots/share/slam_robots/robot/dummy/launch/joystick.launch.py
[1.416s] -- Up-to-date symlink: /home/abdosalm/Github_repos/SLAM-mapping-Robots/workspace/install/slam_robots/share/slam_robots/robot/dummy/launch/launch_robot.launch.py
[1.416s] -- Up-to-date symlink: /home/abdosalm/Github_repos/SLAM-mapping-Robots/workspace/install/slam_robots/share/slam_robots/robot/dummy/launch/localization_launch.py
[1.416s] -- Up-to-date symlink: /home/abdosalm/Github_repos/SLAM-mapping-Robots/workspace/install/slam_robots/share/slam_robots/robot/dummy/launch/navigation_launch.py
[1.416s] -- Up-to-date symlink: /home/abdosalm/Github_repos/SLAM-mapping-Robots/workspace/install/slam_robots/share/slam_robots/robot/dummy/launch/online_async_launch.py
[1.416s] -- Up-to-date symlink: /home/abdosalm/Github_repos/SLAM-mapping-Robots/workspace/install/slam_robots/share/slam_robots/robot/dummy/launch/rplidar.launch.py
[1.416s] -- Up-to-date symlink: /home/abdosalm/Github_repos/SLAM-mapping-Robots/workspace/install/slam_robots/share/slam_robots/robot/dummy/package.xml
[1.416s] -- Up-to-date symlink: /home/abdosalm/Github_repos/SLAM-mapping-Robots/workspace/install/slam_robots/share/slam_robots/robot/dummy/worlds/empty.world
[1.416s] -- Up-to-date symlink: /home/abdosalm/Github_repos/SLAM-mapping-Robots/workspace/install/slam_robots/share/slam_robots/robot/dummy/worlds/obstacles.world
[1.416s] -- Up-to-date symlink: /home/abdosalm/Github_repos/SLAM-mapping-Robots/workspace/install/slam_robots/share/slam_robots/robot/face.xacro
[1.416s] -- Up-to-date symlink: /home/abdosalm/Github_repos/SLAM-mapping-Robots/workspace/install/slam_robots/share/slam_robots/robot/gazebo_control.xacro
[1.417s] -- Up-to-date symlink: /home/abdosalm/Github_repos/SLAM-mapping-Robots/workspace/install/slam_robots/share/slam_robots/robot/image_system_comarison.png
[1.417s] -- Up-to-date symlink: /home/abdosalm/Github_repos/SLAM-mapping-Robots/workspace/install/slam_robots/share/slam_robots/robot/inertial_macros.xacro
[1.417s] -- Up-to-date symlink: /home/abdosalm/Github_repos/SLAM-mapping-Robots/workspace/install/slam_robots/share/slam_robots/robot/lidar.xacro
[1.417s] -- Up-to-date symlink: /home/abdosalm/Github_repos/SLAM-mapping-Robots/workspace/install/slam_robots/share/slam_robots/robot/robot.urdf.xacro
[1.417s] -- Up-to-date symlink: /home/abdosalm/Github_repos/SLAM-mapping-Robots/workspace/install/slam_robots/share/slam_robots/robot/robot_core.xacro
[1.417s] -- Up-to-date symlink: /home/abdosalm/Github_repos/SLAM-mapping-Robots/workspace/install/slam_robots/share/slam_robots/robot/ros2_control.xacro
[1.417s] -- Up-to-date symlink: /home/abdosalm/Github_repos/SLAM-mapping-Robots/workspace/install/slam_robots/share/slam_robots/robot/rviz/drive_bot.rviz
[1.417s] -- Up-to-date symlink: /home/abdosalm/Github_repos/SLAM-mapping-Robots/workspace/install/slam_robots/share/slam_robots/robot/rviz/final_config.rviz
[1.417s] -- Up-to-date symlink: /home/abdosalm/Github_repos/SLAM-mapping-Robots/workspace/install/slam_robots/share/slam_robots/robot/rviz/robot_depth_camera.rviz
[1.417s] -- Up-to-date symlink: /home/abdosalm/Github_repos/SLAM-mapping-Robots/workspace/install/slam_robots/share/slam_robots/robot/rviz/robot_lidar_visualize.rviz
[1.417s] -- Up-to-date symlink: /home/abdosalm/Github_repos/SLAM-mapping-Robots/workspace/install/slam_robots/share/slam_robots/robot/rviz/slam_robot_mapping.rviz
[1.417s] -- Up-to-date symlink: /home/abdosalm/Github_repos/SLAM-mapping-Robots/workspace/install/slam_robots/share/slam_robots/robot/rviz/view_robot.rviz
[1.418s] -- Symlinking: /home/abdosalm/Github_repos/SLAM-mapping-Robots/workspace/install/slam_robots/share/slam_robots/config/gazebo_params.yaml
[1.425s] -- Symlinking: /home/abdosalm/Github_repos/SLAM-mapping-Robots/workspace/install/slam_robots/share/slam_robots/config/mapper_params_online_async.yaml
[1.432s] -- Up-to-date symlink: /home/abdosalm/Github_repos/SLAM-mapping-Robots/workspace/install/slam_robots/share/ament_index/resource_index/package_run_dependencies/slam_robots
[1.432s] -- Up-to-date symlink: /home/abdosalm/Github_repos/SLAM-mapping-Robots/workspace/install/slam_robots/share/ament_index/resource_index/parent_prefix_path/slam_robots
[1.432s] -- Up-to-date symlink: /home/abdosalm/Github_repos/SLAM-mapping-Robots/workspace/install/slam_robots/share/slam_robots/environment/ament_prefix_path.sh
[1.432s] -- Up-to-date symlink: /home/abdosalm/Github_repos/SLAM-mapping-Robots/workspace/install/slam_robots/share/slam_robots/environment/ament_prefix_path.dsv
[1.432s] -- Up-to-date symlink: /home/abdosalm/Github_repos/SLAM-mapping-Robots/workspace/install/slam_robots/share/slam_robots/environment/path.sh
[1.432s] -- Up-to-date symlink: /home/abdosalm/Github_repos/SLAM-mapping-Robots/workspace/install/slam_robots/share/slam_robots/environment/path.dsv
[1.433s] -- Up-to-date symlink: /home/abdosalm/Github_repos/SLAM-mapping-Robots/workspace/install/slam_robots/share/slam_robots/local_setup.bash
[1.433s] -- Up-to-date symlink: /home/abdosalm/Github_repos/SLAM-mapping-Robots/workspace/install/slam_robots/share/slam_robots/local_setup.sh
[1.433s] -- Up-to-date symlink: /home/abdosalm/Github_repos/SLAM-mapping-Robots/workspace/install/slam_robots/share/slam_robots/local_setup.zsh
[1.433s] -- Up-to-date symlink: /home/abdosalm/Github_repos/SLAM-mapping-Robots/workspace/install/slam_robots/share/slam_robots/local_setup.dsv
[1.433s] -- Symlinking: /home/abdosalm/Github_repos/SLAM-mapping-Robots/workspace/install/slam_robots/share/slam_robots/package.dsv
[1.440s] -- Up-to-date symlink: /home/abdosalm/Github_repos/SLAM-mapping-Robots/workspace/install/slam_robots/share/ament_index/resource_index/packages/slam_robots
[1.440s] -- Up-to-date symlink: /home/abdosalm/Github_repos/SLAM-mapping-Robots/workspace/install/slam_robots/share/slam_robots/cmake/slam_robotsConfig.cmake
[1.440s] -- Up-to-date symlink: /home/abdosalm/Github_repos/SLAM-mapping-Robots/workspace/install/slam_robots/share/slam_robots/cmake/slam_robotsConfig-version.cmake
[1.440s] -- Up-to-date symlink: /home/abdosalm/Github_repos/SLAM-mapping-Robots/workspace/install/slam_robots/share/slam_robots/package.xml
[1.442s] Invoked command in '/home/abdosalm/Github_repos/SLAM-mapping-Robots/workspace/build/slam_robots' returned '0': CMAKE_PREFIX_PATH=/opt/ros/humble /usr/bin/cmake --install /home/abdosalm/Github_repos/SLAM-mapping-Robots/workspace/build/slam_robots
