[0.889s] DEBUG:colcon:Command line arguments: ['/usr/bin/colcon', 'build', '--symlink-install', '--packages-select', 'slam_robots']
[0.889s] DEBUG:colcon:Parsed command line arguments: Namespace(log_base=None, log_level=None, verb_name='build', build_base='build', install_base='install', merge_install=False, symlink_install=True, test_result_base=None, continue_on_error=False, executor='parallel', parallel_workers=16, event_handlers=None, ignore_user_meta=False, metas=['./colcon.meta'], base_paths=['.'], packages_ignore=None, packages_ignore_regex=None, paths=None, packages_up_to=None, packages_up_to_regex=None, packages_above=None, packages_above_and_dependencies=None, packages_above_depth=None, packages_select_by_dep=None, packages_skip_by_dep=None, packages_skip_up_to=None, packages_select_build_failed=False, packages_skip_build_finished=False, packages_select_test_failures=False, packages_skip_test_passed=False, packages_select=['slam_robots'], packages_skip=None, packages_select_regex=None, packages_skip_regex=None, packages_start=None, packages_end=None, allow_overriding=[], cmake_args=None, cmake_target=None, cmake_target_skip_unavailable=False, cmake_clean_cache=False, cmake_clean_first=False, cmake_force_configure=False, ament_cmake_args=None, catkin_cmake_args=None, catkin_skip_building_tests=False, verb_parser=<colcon_defaults.argument_parser.defaults.DefaultArgumentsDecorator object at 0x7f70abceaa40>, verb_extension=<colcon_core.verb.build.BuildVerb object at 0x7f70abce94e0>, main=<bound method BuildVerb.main of <colcon_core.verb.build.BuildVerb object at 0x7f70abce94e0>>)
[0.926s] Level 1:colcon.colcon_core.package_discovery:discover_packages(colcon_meta) check parameters
[0.927s] Level 1:colcon.colcon_core.package_discovery:discover_packages(recursive) check parameters
[0.927s] Level 1:colcon.colcon_core.package_discovery:discover_packages(ignore) check parameters
[0.927s] Level 1:colcon.colcon_core.package_discovery:discover_packages(path) check parameters
[0.927s] Level 1:colcon.colcon_core.package_discovery:discover_packages(colcon_meta) discover
[0.927s] Level 1:colcon.colcon_core.package_discovery:discover_packages(recursive) discover
[0.927s] INFO:colcon.colcon_core.package_discovery:Crawling recursively for packages in '/home/abdosalm/Github_repos/SLAM-mapping-Robots/workspace'
[0.927s] Level 1:colcon.colcon_core.package_identification:_identify(.) by extensions ['ignore', 'ignore_ament_install']
[0.927s] Level 1:colcon.colcon_core.package_identification:_identify(.) by extension 'ignore'
[0.927s] Level 1:colcon.colcon_core.package_identification:_identify(.) by extension 'ignore_ament_install'
[0.927s] Level 1:colcon.colcon_core.package_identification:_identify(.) by extensions ['colcon_pkg']
[0.927s] Level 1:colcon.colcon_core.package_identification:_identify(.) by extension 'colcon_pkg'
[0.927s] Level 1:colcon.colcon_core.package_identification:_identify(.) by extensions ['colcon_meta']
[0.927s] Level 1:colcon.colcon_core.package_identification:_identify(.) by extension 'colcon_meta'
[0.927s] Level 1:colcon.colcon_core.package_identification:_identify(.) by extensions ['ros']
[0.927s] Level 1:colcon.colcon_core.package_identification:_identify(.) by extension 'ros'
[0.935s] Level 1:colcon.colcon_core.package_identification:_identify(.) by extensions ['cmake', 'python']
[0.935s] Level 1:colcon.colcon_core.package_identification:_identify(.) by extension 'cmake'
[0.935s] Level 1:colcon.colcon_core.package_identification:_identify(.) by extension 'python'
[0.935s] Level 1:colcon.colcon_core.package_identification:_identify(.) by extensions ['python_setup_py']
[0.935s] Level 1:colcon.colcon_core.package_identification:_identify(.) by extension 'python_setup_py'
[0.935s] Level 1:colcon.colcon_core.package_identification:_identify(build) by extensions ['ignore', 'ignore_ament_install']
[0.935s] Level 1:colcon.colcon_core.package_identification:_identify(build) by extension 'ignore'
[0.935s] Level 1:colcon.colcon_core.package_identification:_identify(build) ignored
[0.935s] Level 1:colcon.colcon_core.package_identification:_identify(install) by extensions ['ignore', 'ignore_ament_install']
[0.935s] Level 1:colcon.colcon_core.package_identification:_identify(install) by extension 'ignore'
[0.935s] Level 1:colcon.colcon_core.package_identification:_identify(install) ignored
[0.935s] Level 1:colcon.colcon_core.package_identification:_identify(log) by extensions ['ignore', 'ignore_ament_install']
[0.935s] Level 1:colcon.colcon_core.package_identification:_identify(log) by extension 'ignore'
[0.935s] Level 1:colcon.colcon_core.package_identification:_identify(log) ignored
[0.936s] Level 1:colcon.colcon_core.package_identification:_identify(src) by extensions ['ignore', 'ignore_ament_install']
[0.936s] Level 1:colcon.colcon_core.package_identification:_identify(src) by extension 'ignore'
[0.936s] Level 1:colcon.colcon_core.package_identification:_identify(src) by extension 'ignore_ament_install'
[0.936s] Level 1:colcon.colcon_core.package_identification:_identify(src) by extensions ['colcon_pkg']
[0.936s] Level 1:colcon.colcon_core.package_identification:_identify(src) by extension 'colcon_pkg'
[0.936s] Level 1:colcon.colcon_core.package_identification:_identify(src) by extensions ['colcon_meta']
[0.936s] Level 1:colcon.colcon_core.package_identification:_identify(src) by extension 'colcon_meta'
[0.936s] Level 1:colcon.colcon_core.package_identification:_identify(src) by extensions ['ros']
[0.936s] Level 1:colcon.colcon_core.package_identification:_identify(src) by extension 'ros'
[0.936s] Level 1:colcon.colcon_core.package_identification:_identify(src) by extensions ['cmake', 'python']
[0.936s] Level 1:colcon.colcon_core.package_identification:_identify(src) by extension 'cmake'
[0.936s] Level 1:colcon.colcon_core.package_identification:_identify(src) by extension 'python'
[0.936s] Level 1:colcon.colcon_core.package_identification:_identify(src) by extensions ['python_setup_py']
[0.936s] Level 1:colcon.colcon_core.package_identification:_identify(src) by extension 'python_setup_py'
[0.936s] Level 1:colcon.colcon_core.package_identification:_identify(src/explore) by extensions ['ignore', 'ignore_ament_install']
[0.936s] Level 1:colcon.colcon_core.package_identification:_identify(src/explore) by extension 'ignore'
[0.936s] Level 1:colcon.colcon_core.package_identification:_identify(src/explore) by extension 'ignore_ament_install'
[0.936s] Level 1:colcon.colcon_core.package_identification:_identify(src/explore) by extensions ['colcon_pkg']
[0.936s] Level 1:colcon.colcon_core.package_identification:_identify(src/explore) by extension 'colcon_pkg'
[0.936s] Level 1:colcon.colcon_core.package_identification:_identify(src/explore) by extensions ['colcon_meta']
[0.936s] Level 1:colcon.colcon_core.package_identification:_identify(src/explore) by extension 'colcon_meta'
[0.936s] Level 1:colcon.colcon_core.package_identification:_identify(src/explore) by extensions ['ros']
[0.936s] Level 1:colcon.colcon_core.package_identification:_identify(src/explore) by extension 'ros'
[0.939s] DEBUG:colcon.colcon_core.package_identification:Package 'src/explore' with type 'ros.ament_cmake' and name 'explore_lite'
[0.939s] Level 1:colcon.colcon_core.package_identification:_identify(src/map_merge) by extensions ['ignore', 'ignore_ament_install']
[0.939s] Level 1:colcon.colcon_core.package_identification:_identify(src/map_merge) by extension 'ignore'
[0.939s] Level 1:colcon.colcon_core.package_identification:_identify(src/map_merge) by extension 'ignore_ament_install'
[0.939s] Level 1:colcon.colcon_core.package_identification:_identify(src/map_merge) by extensions ['colcon_pkg']
[0.939s] Level 1:colcon.colcon_core.package_identification:_identify(src/map_merge) by extension 'colcon_pkg'
[0.939s] Level 1:colcon.colcon_core.package_identification:_identify(src/map_merge) by extensions ['colcon_meta']
[0.939s] Level 1:colcon.colcon_core.package_identification:_identify(src/map_merge) by extension 'colcon_meta'
[0.939s] Level 1:colcon.colcon_core.package_identification:_identify(src/map_merge) by extensions ['ros']
[0.939s] Level 1:colcon.colcon_core.package_identification:_identify(src/map_merge) by extension 'ros'
[0.940s] DEBUG:colcon.colcon_core.package_identification:Package 'src/map_merge' with type 'ros.ament_cmake' and name 'multirobot_map_merge'
[0.940s] Level 1:colcon.colcon_core.package_identification:_identify(src/slam_robots) by extensions ['ignore', 'ignore_ament_install']
[0.940s] Level 1:colcon.colcon_core.package_identification:_identify(src/slam_robots) by extension 'ignore'
[0.940s] Level 1:colcon.colcon_core.package_identification:_identify(src/slam_robots) by extension 'ignore_ament_install'
[0.940s] Level 1:colcon.colcon_core.package_identification:_identify(src/slam_robots) by extensions ['colcon_pkg']
[0.940s] Level 1:colcon.colcon_core.package_identification:_identify(src/slam_robots) by extension 'colcon_pkg'
[0.940s] Level 1:colcon.colcon_core.package_identification:_identify(src/slam_robots) by extensions ['colcon_meta']
[0.940s] Level 1:colcon.colcon_core.package_identification:_identify(src/slam_robots) by extension 'colcon_meta'
[0.940s] Level 1:colcon.colcon_core.package_identification:_identify(src/slam_robots) by extensions ['ros']
[0.940s] Level 1:colcon.colcon_core.package_identification:_identify(src/slam_robots) by extension 'ros'
[0.941s] DEBUG:colcon.colcon_core.package_identification:Package 'src/slam_robots' with type 'ros.ament_cmake' and name 'slam_robots'
[0.941s] Level 1:colcon.colcon_core.package_identification:_identify(src/turtlebot3) by extensions ['ignore', 'ignore_ament_install']
[0.941s] Level 1:colcon.colcon_core.package_identification:_identify(src/turtlebot3) by extension 'ignore'
[0.941s] Level 1:colcon.colcon_core.package_identification:_identify(src/turtlebot3) by extension 'ignore_ament_install'
[0.941s] Level 1:colcon.colcon_core.package_identification:_identify(src/turtlebot3) by extensions ['colcon_pkg']
[0.941s] Level 1:colcon.colcon_core.package_identification:_identify(src/turtlebot3) by extension 'colcon_pkg'
[0.941s] Level 1:colcon.colcon_core.package_identification:_identify(src/turtlebot3) by extensions ['colcon_meta']
[0.941s] Level 1:colcon.colcon_core.package_identification:_identify(src/turtlebot3) by extension 'colcon_meta'
[0.941s] Level 1:colcon.colcon_core.package_identification:_identify(src/turtlebot3) by extensions ['ros']
[0.941s] Level 1:colcon.colcon_core.package_identification:_identify(src/turtlebot3) by extension 'ros'
[0.941s] Level 1:colcon.colcon_core.package_identification:_identify(src/turtlebot3) by extensions ['cmake', 'python']
[0.941s] Level 1:colcon.colcon_core.package_identification:_identify(src/turtlebot3) by extension 'cmake'
[0.941s] Level 1:colcon.colcon_core.package_identification:_identify(src/turtlebot3) by extension 'python'
[0.941s] Level 1:colcon.colcon_core.package_identification:_identify(src/turtlebot3) by extensions ['python_setup_py']
[0.941s] Level 1:colcon.colcon_core.package_identification:_identify(src/turtlebot3) by extension 'python_setup_py'
[0.941s] Level 1:colcon.colcon_core.package_identification:_identify(src/turtlebot3/DynamixelSDK) by extensions ['ignore', 'ignore_ament_install']
[0.941s] Level 1:colcon.colcon_core.package_identification:_identify(src/turtlebot3/DynamixelSDK) by extension 'ignore'
[0.941s] Level 1:colcon.colcon_core.package_identification:_identify(src/turtlebot3/DynamixelSDK) by extension 'ignore_ament_install'
[0.941s] Level 1:colcon.colcon_core.package_identification:_identify(src/turtlebot3/DynamixelSDK) by extensions ['colcon_pkg']
[0.941s] Level 1:colcon.colcon_core.package_identification:_identify(src/turtlebot3/DynamixelSDK) by extension 'colcon_pkg'
[0.941s] Level 1:colcon.colcon_core.package_identification:_identify(src/turtlebot3/DynamixelSDK) by extensions ['colcon_meta']
[0.941s] Level 1:colcon.colcon_core.package_identification:_identify(src/turtlebot3/DynamixelSDK) by extension 'colcon_meta'
[0.941s] Level 1:colcon.colcon_core.package_identification:_identify(src/turtlebot3/DynamixelSDK) by extensions ['ros']
[0.942s] Level 1:colcon.colcon_core.package_identification:_identify(src/turtlebot3/DynamixelSDK) by extension 'ros'
[0.942s] Level 1:colcon.colcon_core.package_identification:_identify(src/turtlebot3/DynamixelSDK) by extensions ['cmake', 'python']
[0.942s] Level 1:colcon.colcon_core.package_identification:_identify(src/turtlebot3/DynamixelSDK) by extension 'cmake'
[0.942s] Level 1:colcon.colcon_core.package_identification:_identify(src/turtlebot3/DynamixelSDK) by extension 'python'
[0.942s] Level 1:colcon.colcon_core.package_identification:_identify(src/turtlebot3/DynamixelSDK) by extensions ['python_setup_py']
[0.942s] Level 1:colcon.colcon_core.package_identification:_identify(src/turtlebot3/DynamixelSDK) by extension 'python_setup_py'
[0.942s] Level 1:colcon.colcon_core.package_identification:_identify(src/turtlebot3/DynamixelSDK/dynamixel_sdk) by extensions ['ignore', 'ignore_ament_install']
[0.942s] Level 1:colcon.colcon_core.package_identification:_identify(src/turtlebot3/DynamixelSDK/dynamixel_sdk) by extension 'ignore'
[0.942s] Level 1:colcon.colcon_core.package_identification:_identify(src/turtlebot3/DynamixelSDK/dynamixel_sdk) by extension 'ignore_ament_install'
[0.942s] Level 1:colcon.colcon_core.package_identification:_identify(src/turtlebot3/DynamixelSDK/dynamixel_sdk) by extensions ['colcon_pkg']
[0.942s] Level 1:colcon.colcon_core.package_identification:_identify(src/turtlebot3/DynamixelSDK/dynamixel_sdk) by extension 'colcon_pkg'
[0.942s] Level 1:colcon.colcon_core.package_identification:_identify(src/turtlebot3/DynamixelSDK/dynamixel_sdk) by extensions ['colcon_meta']
[0.942s] Level 1:colcon.colcon_core.package_identification:_identify(src/turtlebot3/DynamixelSDK/dynamixel_sdk) by extension 'colcon_meta'
[0.942s] Level 1:colcon.colcon_core.package_identification:_identify(src/turtlebot3/DynamixelSDK/dynamixel_sdk) by extensions ['ros']
[0.942s] Level 1:colcon.colcon_core.package_identification:_identify(src/turtlebot3/DynamixelSDK/dynamixel_sdk) by extension 'ros'
[0.942s] DEBUG:colcon.colcon_core.package_identification:Package 'src/turtlebot3/DynamixelSDK/dynamixel_sdk' with type 'ros.ament_cmake' and name 'dynamixel_sdk'
[0.943s] Level 1:colcon.colcon_core.package_identification:_identify(src/turtlebot3/DynamixelSDK/dynamixel_sdk_custom_interfaces) by extensions ['ignore', 'ignore_ament_install']
[0.943s] Level 1:colcon.colcon_core.package_identification:_identify(src/turtlebot3/DynamixelSDK/dynamixel_sdk_custom_interfaces) by extension 'ignore'
[0.943s] Level 1:colcon.colcon_core.package_identification:_identify(src/turtlebot3/DynamixelSDK/dynamixel_sdk_custom_interfaces) by extension 'ignore_ament_install'
[0.943s] Level 1:colcon.colcon_core.package_identification:_identify(src/turtlebot3/DynamixelSDK/dynamixel_sdk_custom_interfaces) by extensions ['colcon_pkg']
[0.943s] Level 1:colcon.colcon_core.package_identification:_identify(src/turtlebot3/DynamixelSDK/dynamixel_sdk_custom_interfaces) by extension 'colcon_pkg'
[0.943s] Level 1:colcon.colcon_core.package_identification:_identify(src/turtlebot3/DynamixelSDK/dynamixel_sdk_custom_interfaces) by extensions ['colcon_meta']
[0.943s] Level 1:colcon.colcon_core.package_identification:_identify(src/turtlebot3/DynamixelSDK/dynamixel_sdk_custom_interfaces) by extension 'colcon_meta'
[0.943s] Level 1:colcon.colcon_core.package_identification:_identify(src/turtlebot3/DynamixelSDK/dynamixel_sdk_custom_interfaces) by extensions ['ros']
[0.943s] Level 1:colcon.colcon_core.package_identification:_identify(src/turtlebot3/DynamixelSDK/dynamixel_sdk_custom_interfaces) by extension 'ros'
[0.943s] DEBUG:colcon.colcon_core.package_identification:Package 'src/turtlebot3/DynamixelSDK/dynamixel_sdk_custom_interfaces' with type 'ros.ament_cmake' and name 'dynamixel_sdk_custom_interfaces'
[0.943s] Level 1:colcon.colcon_core.package_identification:_identify(src/turtlebot3/DynamixelSDK/dynamixel_sdk_examples) by extensions ['ignore', 'ignore_ament_install']
[0.943s] Level 1:colcon.colcon_core.package_identification:_identify(src/turtlebot3/DynamixelSDK/dynamixel_sdk_examples) by extension 'ignore'
[0.943s] Level 1:colcon.colcon_core.package_identification:_identify(src/turtlebot3/DynamixelSDK/dynamixel_sdk_examples) by extension 'ignore_ament_install'
[0.943s] Level 1:colcon.colcon_core.package_identification:_identify(src/turtlebot3/DynamixelSDK/dynamixel_sdk_examples) by extensions ['colcon_pkg']
[0.943s] Level 1:colcon.colcon_core.package_identification:_identify(src/turtlebot3/DynamixelSDK/dynamixel_sdk_examples) by extension 'colcon_pkg'
[0.943s] Level 1:colcon.colcon_core.package_identification:_identify(src/turtlebot3/DynamixelSDK/dynamixel_sdk_examples) by extensions ['colcon_meta']
[0.944s] Level 1:colcon.colcon_core.package_identification:_identify(src/turtlebot3/DynamixelSDK/dynamixel_sdk_examples) by extension 'colcon_meta'
[0.944s] Level 1:colcon.colcon_core.package_identification:_identify(src/turtlebot3/DynamixelSDK/dynamixel_sdk_examples) by extensions ['ros']
[0.944s] Level 1:colcon.colcon_core.package_identification:_identify(src/turtlebot3/DynamixelSDK/dynamixel_sdk_examples) by extension 'ros'
[0.944s] DEBUG:colcon.colcon_core.package_identification:Package 'src/turtlebot3/DynamixelSDK/dynamixel_sdk_examples' with type 'ros.ament_cmake' and name 'dynamixel_sdk_examples'
[0.944s] Level 1:colcon.colcon_core.package_identification:_identify(src/turtlebot3/extra) by extensions ['ignore', 'ignore_ament_install']
[0.944s] Level 1:colcon.colcon_core.package_identification:_identify(src/turtlebot3/extra) by extension 'ignore'
[0.944s] Level 1:colcon.colcon_core.package_identification:_identify(src/turtlebot3/extra) by extension 'ignore_ament_install'
[0.944s] Level 1:colcon.colcon_core.package_identification:_identify(src/turtlebot3/extra) by extensions ['colcon_pkg']
[0.944s] Level 1:colcon.colcon_core.package_identification:_identify(src/turtlebot3/extra) by extension 'colcon_pkg'
[0.944s] Level 1:colcon.colcon_core.package_identification:_identify(src/turtlebot3/extra) by extensions ['colcon_meta']
[0.944s] Level 1:colcon.colcon_core.package_identification:_identify(src/turtlebot3/extra) by extension 'colcon_meta'
[0.944s] Level 1:colcon.colcon_core.package_identification:_identify(src/turtlebot3/extra) by extensions ['ros']
[0.944s] Level 1:colcon.colcon_core.package_identification:_identify(src/turtlebot3/extra) by extension 'ros'
[0.944s] Level 1:colcon.colcon_core.package_identification:_identify(src/turtlebot3/extra) by extensions ['cmake', 'python']
[0.945s] Level 1:colcon.colcon_core.package_identification:_identify(src/turtlebot3/extra) by extension 'cmake'
[0.945s] Level 1:colcon.colcon_core.package_identification:_identify(src/turtlebot3/extra) by extension 'python'
[0.945s] Level 1:colcon.colcon_core.package_identification:_identify(src/turtlebot3/extra) by extensions ['python_setup_py']
[0.945s] Level 1:colcon.colcon_core.package_identification:_identify(src/turtlebot3/extra) by extension 'python_setup_py'
[0.945s] Level 1:colcon.colcon_core.package_identification:_identify(src/turtlebot3/extra/1) by extensions ['ignore', 'ignore_ament_install']
[0.945s] Level 1:colcon.colcon_core.package_identification:_identify(src/turtlebot3/extra/1) by extension 'ignore'
[0.945s] Level 1:colcon.colcon_core.package_identification:_identify(src/turtlebot3/extra/1) by extension 'ignore_ament_install'
[0.945s] Level 1:colcon.colcon_core.package_identification:_identify(src/turtlebot3/extra/1) by extensions ['colcon_pkg']
[0.945s] Level 1:colcon.colcon_core.package_identification:_identify(src/turtlebot3/extra/1) by extension 'colcon_pkg'
[0.945s] Level 1:colcon.colcon_core.package_identification:_identify(src/turtlebot3/extra/1) by extensions ['colcon_meta']
[0.945s] Level 1:colcon.colcon_core.package_identification:_identify(src/turtlebot3/extra/1) by extension 'colcon_meta'
[0.945s] Level 1:colcon.colcon_core.package_identification:_identify(src/turtlebot3/extra/1) by extensions ['ros']
[0.945s] Level 1:colcon.colcon_core.package_identification:_identify(src/turtlebot3/extra/1) by extension 'ros'
[0.945s] Level 1:colcon.colcon_core.package_identification:_identify(src/turtlebot3/extra/1) by extensions ['cmake', 'python']
[0.945s] Level 1:colcon.colcon_core.package_identification:_identify(src/turtlebot3/extra/1) by extension 'cmake'
[0.945s] Level 1:colcon.colcon_core.package_identification:_identify(src/turtlebot3/extra/1) by extension 'python'
[0.945s] Level 1:colcon.colcon_core.package_identification:_identify(src/turtlebot3/extra/1) by extensions ['python_setup_py']
[0.945s] Level 1:colcon.colcon_core.package_identification:_identify(src/turtlebot3/extra/1) by extension 'python_setup_py'
[0.945s] Level 1:colcon.colcon_core.package_identification:_identify(src/turtlebot3/extra/2) by extensions ['ignore', 'ignore_ament_install']
[0.945s] Level 1:colcon.colcon_core.package_identification:_identify(src/turtlebot3/extra/2) by extension 'ignore'
[0.945s] Level 1:colcon.colcon_core.package_identification:_identify(src/turtlebot3/extra/2) by extension 'ignore_ament_install'
[0.945s] Level 1:colcon.colcon_core.package_identification:_identify(src/turtlebot3/extra/2) by extensions ['colcon_pkg']
[0.945s] Level 1:colcon.colcon_core.package_identification:_identify(src/turtlebot3/extra/2) by extension 'colcon_pkg'
[0.945s] Level 1:colcon.colcon_core.package_identification:_identify(src/turtlebot3/extra/2) by extensions ['colcon_meta']
[0.946s] Level 1:colcon.colcon_core.package_identification:_identify(src/turtlebot3/extra/2) by extension 'colcon_meta'
[0.946s] Level 1:colcon.colcon_core.package_identification:_identify(src/turtlebot3/extra/2) by extensions ['ros']
[0.946s] Level 1:colcon.colcon_core.package_identification:_identify(src/turtlebot3/extra/2) by extension 'ros'
[0.946s] Level 1:colcon.colcon_core.package_identification:_identify(src/turtlebot3/extra/2) by extensions ['cmake', 'python']
[0.946s] Level 1:colcon.colcon_core.package_identification:_identify(src/turtlebot3/extra/2) by extension 'cmake'
[0.946s] Level 1:colcon.colcon_core.package_identification:_identify(src/turtlebot3/extra/2) by extension 'python'
[0.946s] Level 1:colcon.colcon_core.package_identification:_identify(src/turtlebot3/extra/2) by extensions ['python_setup_py']
[0.946s] Level 1:colcon.colcon_core.package_identification:_identify(src/turtlebot3/extra/2) by extension 'python_setup_py'
[0.946s] Level 1:colcon.colcon_core.package_identification:_identify(src/turtlebot3/turtlebot3) by extensions ['ignore', 'ignore_ament_install']
[0.946s] Level 1:colcon.colcon_core.package_identification:_identify(src/turtlebot3/turtlebot3) by extension 'ignore'
[0.946s] Level 1:colcon.colcon_core.package_identification:_identify(src/turtlebot3/turtlebot3) by extension 'ignore_ament_install'
[0.946s] Level 1:colcon.colcon_core.package_identification:_identify(src/turtlebot3/turtlebot3) by extensions ['colcon_pkg']
[0.946s] Level 1:colcon.colcon_core.package_identification:_identify(src/turtlebot3/turtlebot3) by extension 'colcon_pkg'
[0.946s] Level 1:colcon.colcon_core.package_identification:_identify(src/turtlebot3/turtlebot3) by extensions ['colcon_meta']
[0.946s] Level 1:colcon.colcon_core.package_identification:_identify(src/turtlebot3/turtlebot3) by extension 'colcon_meta'
[0.946s] Level 1:colcon.colcon_core.package_identification:_identify(src/turtlebot3/turtlebot3) by extensions ['ros']
[0.946s] Level 1:colcon.colcon_core.package_identification:_identify(src/turtlebot3/turtlebot3) by extension 'ros'
[0.946s] DEBUG:colcon.colcon_core.package_identification:Package 'src/turtlebot3/turtlebot3' with type 'ros.ament_cmake' and name 'turtlebot3'
[0.947s] Level 1:colcon.colcon_core.package_identification:_identify(src/turtlebot3/turtlebot3_bringup) by extensions ['ignore', 'ignore_ament_install']
[0.947s] Level 1:colcon.colcon_core.package_identification:_identify(src/turtlebot3/turtlebot3_bringup) by extension 'ignore'
[0.947s] Level 1:colcon.colcon_core.package_identification:_identify(src/turtlebot3/turtlebot3_bringup) by extension 'ignore_ament_install'
[0.947s] Level 1:colcon.colcon_core.package_identification:_identify(src/turtlebot3/turtlebot3_bringup) by extensions ['colcon_pkg']
[0.947s] Level 1:colcon.colcon_core.package_identification:_identify(src/turtlebot3/turtlebot3_bringup) by extension 'colcon_pkg'
[0.947s] Level 1:colcon.colcon_core.package_identification:_identify(src/turtlebot3/turtlebot3_bringup) by extensions ['colcon_meta']
[0.947s] Level 1:colcon.colcon_core.package_identification:_identify(src/turtlebot3/turtlebot3_bringup) by extension 'colcon_meta'
[0.947s] Level 1:colcon.colcon_core.package_identification:_identify(src/turtlebot3/turtlebot3_bringup) by extensions ['ros']
[0.947s] Level 1:colcon.colcon_core.package_identification:_identify(src/turtlebot3/turtlebot3_bringup) by extension 'ros'
[0.947s] DEBUG:colcon.colcon_core.package_identification:Package 'src/turtlebot3/turtlebot3_bringup' with type 'ros.ament_cmake' and name 'turtlebot3_bringup'
[0.947s] Level 1:colcon.colcon_core.package_identification:_identify(src/turtlebot3/turtlebot3_cartographer) by extensions ['ignore', 'ignore_ament_install']
[0.947s] Level 1:colcon.colcon_core.package_identification:_identify(src/turtlebot3/turtlebot3_cartographer) by extension 'ignore'
[0.948s] Level 1:colcon.colcon_core.package_identification:_identify(src/turtlebot3/turtlebot3_cartographer) by extension 'ignore_ament_install'
[0.948s] Level 1:colcon.colcon_core.package_identification:_identify(src/turtlebot3/turtlebot3_cartographer) by extensions ['colcon_pkg']
[0.948s] Level 1:colcon.colcon_core.package_identification:_identify(src/turtlebot3/turtlebot3_cartographer) by extension 'colcon_pkg'
[0.948s] Level 1:colcon.colcon_core.package_identification:_identify(src/turtlebot3/turtlebot3_cartographer) by extensions ['colcon_meta']
[0.948s] Level 1:colcon.colcon_core.package_identification:_identify(src/turtlebot3/turtlebot3_cartographer) by extension 'colcon_meta'
[0.948s] Level 1:colcon.colcon_core.package_identification:_identify(src/turtlebot3/turtlebot3_cartographer) by extensions ['ros']
[0.948s] Level 1:colcon.colcon_core.package_identification:_identify(src/turtlebot3/turtlebot3_cartographer) by extension 'ros'
[0.948s] DEBUG:colcon.colcon_core.package_identification:Package 'src/turtlebot3/turtlebot3_cartographer' with type 'ros.ament_cmake' and name 'turtlebot3_cartographer'
[0.948s] Level 1:colcon.colcon_core.package_identification:_identify(src/turtlebot3/turtlebot3_description) by extensions ['ignore', 'ignore_ament_install']
[0.948s] Level 1:colcon.colcon_core.package_identification:_identify(src/turtlebot3/turtlebot3_description) by extension 'ignore'
[0.948s] Level 1:colcon.colcon_core.package_identification:_identify(src/turtlebot3/turtlebot3_description) by extension 'ignore_ament_install'
[0.948s] Level 1:colcon.colcon_core.package_identification:_identify(src/turtlebot3/turtlebot3_description) by extensions ['colcon_pkg']
[0.948s] Level 1:colcon.colcon_core.package_identification:_identify(src/turtlebot3/turtlebot3_description) by extension 'colcon_pkg'
[0.948s] Level 1:colcon.colcon_core.package_identification:_identify(src/turtlebot3/turtlebot3_description) by extensions ['colcon_meta']
[0.948s] Level 1:colcon.colcon_core.package_identification:_identify(src/turtlebot3/turtlebot3_description) by extension 'colcon_meta'
[0.948s] Level 1:colcon.colcon_core.package_identification:_identify(src/turtlebot3/turtlebot3_description) by extensions ['ros']
[0.948s] Level 1:colcon.colcon_core.package_identification:_identify(src/turtlebot3/turtlebot3_description) by extension 'ros'
[0.949s] DEBUG:colcon.colcon_core.package_identification:Package 'src/turtlebot3/turtlebot3_description' with type 'ros.ament_cmake' and name 'turtlebot3_description'
[0.949s] Level 1:colcon.colcon_core.package_identification:_identify(src/turtlebot3/turtlebot3_example) by extensions ['ignore', 'ignore_ament_install']
[0.949s] Level 1:colcon.colcon_core.package_identification:_identify(src/turtlebot3/turtlebot3_example) by extension 'ignore'
[0.949s] Level 1:colcon.colcon_core.package_identification:_identify(src/turtlebot3/turtlebot3_example) by extension 'ignore_ament_install'
[0.949s] Level 1:colcon.colcon_core.package_identification:_identify(src/turtlebot3/turtlebot3_example) by extensions ['colcon_pkg']
[0.949s] Level 1:colcon.colcon_core.package_identification:_identify(src/turtlebot3/turtlebot3_example) by extension 'colcon_pkg'
[0.949s] Level 1:colcon.colcon_core.package_identification:_identify(src/turtlebot3/turtlebot3_example) by extensions ['colcon_meta']
[0.949s] Level 1:colcon.colcon_core.package_identification:_identify(src/turtlebot3/turtlebot3_example) by extension 'colcon_meta'
[0.949s] Level 1:colcon.colcon_core.package_identification:_identify(src/turtlebot3/turtlebot3_example) by extensions ['ros']
[0.949s] Level 1:colcon.colcon_core.package_identification:_identify(src/turtlebot3/turtlebot3_example) by extension 'ros'
[0.950s] DEBUG:colcon.colcon_core.package_identification:Package 'src/turtlebot3/turtlebot3_example' with type 'ros.ament_python' and name 'turtlebot3_example'
[0.950s] Level 1:colcon.colcon_core.package_identification:_identify(src/turtlebot3/turtlebot3_fake_node) by extensions ['ignore', 'ignore_ament_install']
[0.950s] Level 1:colcon.colcon_core.package_identification:_identify(src/turtlebot3/turtlebot3_fake_node) by extension 'ignore'
[0.950s] Level 1:colcon.colcon_core.package_identification:_identify(src/turtlebot3/turtlebot3_fake_node) by extension 'ignore_ament_install'
[0.950s] Level 1:colcon.colcon_core.package_identification:_identify(src/turtlebot3/turtlebot3_fake_node) by extensions ['colcon_pkg']
[0.950s] Level 1:colcon.colcon_core.package_identification:_identify(src/turtlebot3/turtlebot3_fake_node) by extension 'colcon_pkg'
[0.950s] Level 1:colcon.colcon_core.package_identification:_identify(src/turtlebot3/turtlebot3_fake_node) by extensions ['colcon_meta']
[0.950s] Level 1:colcon.colcon_core.package_identification:_identify(src/turtlebot3/turtlebot3_fake_node) by extension 'colcon_meta'
[0.950s] Level 1:colcon.colcon_core.package_identification:_identify(src/turtlebot3/turtlebot3_fake_node) by extensions ['ros']
[0.950s] Level 1:colcon.colcon_core.package_identification:_identify(src/turtlebot3/turtlebot3_fake_node) by extension 'ros'
[0.951s] DEBUG:colcon.colcon_core.package_identification:Package 'src/turtlebot3/turtlebot3_fake_node' with type 'ros.ament_cmake' and name 'turtlebot3_fake_node'
[0.951s] Level 1:colcon.colcon_core.package_identification:_identify(src/turtlebot3/turtlebot3_gazebo) by extensions ['ignore', 'ignore_ament_install']
[0.951s] Level 1:colcon.colcon_core.package_identification:_identify(src/turtlebot3/turtlebot3_gazebo) by extension 'ignore'
[0.951s] Level 1:colcon.colcon_core.package_identification:_identify(src/turtlebot3/turtlebot3_gazebo) by extension 'ignore_ament_install'
[0.951s] Level 1:colcon.colcon_core.package_identification:_identify(src/turtlebot3/turtlebot3_gazebo) by extensions ['colcon_pkg']
[0.951s] Level 1:colcon.colcon_core.package_identification:_identify(src/turtlebot3/turtlebot3_gazebo) by extension 'colcon_pkg'
[0.951s] Level 1:colcon.colcon_core.package_identification:_identify(src/turtlebot3/turtlebot3_gazebo) by extensions ['colcon_meta']
[0.951s] Level 1:colcon.colcon_core.package_identification:_identify(src/turtlebot3/turtlebot3_gazebo) by extension 'colcon_meta'
[0.951s] Level 1:colcon.colcon_core.package_identification:_identify(src/turtlebot3/turtlebot3_gazebo) by extensions ['ros']
[0.951s] Level 1:colcon.colcon_core.package_identification:_identify(src/turtlebot3/turtlebot3_gazebo) by extension 'ros'
[0.952s] DEBUG:colcon.colcon_core.package_identification:Package 'src/turtlebot3/turtlebot3_gazebo' with type 'ros.ament_cmake' and name 'turtlebot3_gazebo'
[0.952s] Level 1:colcon.colcon_core.package_identification:_identify(src/turtlebot3/turtlebot3_msgs) by extensions ['ignore', 'ignore_ament_install']
[0.953s] Level 1:colcon.colcon_core.package_identification:_identify(src/turtlebot3/turtlebot3_msgs) by extension 'ignore'
[0.953s] Level 1:colcon.colcon_core.package_identification:_identify(src/turtlebot3/turtlebot3_msgs) by extension 'ignore_ament_install'
[0.953s] Level 1:colcon.colcon_core.package_identification:_identify(src/turtlebot3/turtlebot3_msgs) by extensions ['colcon_pkg']
[0.953s] Level 1:colcon.colcon_core.package_identification:_identify(src/turtlebot3/turtlebot3_msgs) by extension 'colcon_pkg'
[0.953s] Level 1:colcon.colcon_core.package_identification:_identify(src/turtlebot3/turtlebot3_msgs) by extensions ['colcon_meta']
[0.953s] Level 1:colcon.colcon_core.package_identification:_identify(src/turtlebot3/turtlebot3_msgs) by extension 'colcon_meta'
[0.953s] Level 1:colcon.colcon_core.package_identification:_identify(src/turtlebot3/turtlebot3_msgs) by extensions ['ros']
[0.953s] Level 1:colcon.colcon_core.package_identification:_identify(src/turtlebot3/turtlebot3_msgs) by extension 'ros'
[0.953s] DEBUG:colcon.colcon_core.package_identification:Package 'src/turtlebot3/turtlebot3_msgs' with type 'ros.ament_cmake' and name 'turtlebot3_msgs'
[0.953s] Level 1:colcon.colcon_core.package_identification:_identify(src/turtlebot3/turtlebot3_navigation2) by extensions ['ignore', 'ignore_ament_install']
[0.953s] Level 1:colcon.colcon_core.package_identification:_identify(src/turtlebot3/turtlebot3_navigation2) by extension 'ignore'
[0.953s] Level 1:colcon.colcon_core.package_identification:_identify(src/turtlebot3/turtlebot3_navigation2) by extension 'ignore_ament_install'
[0.953s] Level 1:colcon.colcon_core.package_identification:_identify(src/turtlebot3/turtlebot3_navigation2) by extensions ['colcon_pkg']
[0.954s] Level 1:colcon.colcon_core.package_identification:_identify(src/turtlebot3/turtlebot3_navigation2) by extension 'colcon_pkg'
[0.954s] Level 1:colcon.colcon_core.package_identification:_identify(src/turtlebot3/turtlebot3_navigation2) by extensions ['colcon_meta']
[0.954s] Level 1:colcon.colcon_core.package_identification:_identify(src/turtlebot3/turtlebot3_navigation2) by extension 'colcon_meta'
[0.954s] Level 1:colcon.colcon_core.package_identification:_identify(src/turtlebot3/turtlebot3_navigation2) by extensions ['ros']
[0.954s] Level 1:colcon.colcon_core.package_identification:_identify(src/turtlebot3/turtlebot3_navigation2) by extension 'ros'
[0.954s] DEBUG:colcon.colcon_core.package_identification:Package 'src/turtlebot3/turtlebot3_navigation2' with type 'ros.ament_cmake' and name 'turtlebot3_navigation2'
[0.954s] Level 1:colcon.colcon_core.package_identification:_identify(src/turtlebot3/turtlebot3_node) by extensions ['ignore', 'ignore_ament_install']
[0.954s] Level 1:colcon.colcon_core.package_identification:_identify(src/turtlebot3/turtlebot3_node) by extension 'ignore'
[0.954s] Level 1:colcon.colcon_core.package_identification:_identify(src/turtlebot3/turtlebot3_node) by extension 'ignore_ament_install'
[0.954s] Level 1:colcon.colcon_core.package_identification:_identify(src/turtlebot3/turtlebot3_node) by extensions ['colcon_pkg']
[0.954s] Level 1:colcon.colcon_core.package_identification:_identify(src/turtlebot3/turtlebot3_node) by extension 'colcon_pkg'
[0.954s] Level 1:colcon.colcon_core.package_identification:_identify(src/turtlebot3/turtlebot3_node) by extensions ['colcon_meta']
[0.954s] Level 1:colcon.colcon_core.package_identification:_identify(src/turtlebot3/turtlebot3_node) by extension 'colcon_meta'
[0.954s] Level 1:colcon.colcon_core.package_identification:_identify(src/turtlebot3/turtlebot3_node) by extensions ['ros']
[0.954s] Level 1:colcon.colcon_core.package_identification:_identify(src/turtlebot3/turtlebot3_node) by extension 'ros'
[0.955s] DEBUG:colcon.colcon_core.package_identification:Package 'src/turtlebot3/turtlebot3_node' with type 'ros.ament_cmake' and name 'turtlebot3_node'
[0.955s] Level 1:colcon.colcon_core.package_identification:_identify(src/turtlebot3/turtlebot3_simulations) by extensions ['ignore', 'ignore_ament_install']
[0.955s] Level 1:colcon.colcon_core.package_identification:_identify(src/turtlebot3/turtlebot3_simulations) by extension 'ignore'
[0.956s] Level 1:colcon.colcon_core.package_identification:_identify(src/turtlebot3/turtlebot3_simulations) by extension 'ignore_ament_install'
[0.956s] Level 1:colcon.colcon_core.package_identification:_identify(src/turtlebot3/turtlebot3_simulations) by extensions ['colcon_pkg']
[0.956s] Level 1:colcon.colcon_core.package_identification:_identify(src/turtlebot3/turtlebot3_simulations) by extension 'colcon_pkg'
[0.956s] Level 1:colcon.colcon_core.package_identification:_identify(src/turtlebot3/turtlebot3_simulations) by extensions ['colcon_meta']
[0.956s] Level 1:colcon.colcon_core.package_identification:_identify(src/turtlebot3/turtlebot3_simulations) by extension 'colcon_meta'
[0.956s] Level 1:colcon.colcon_core.package_identification:_identify(src/turtlebot3/turtlebot3_simulations) by extensions ['ros']
[0.956s] Level 1:colcon.colcon_core.package_identification:_identify(src/turtlebot3/turtlebot3_simulations) by extension 'ros'
[0.956s] DEBUG:colcon.colcon_core.package_identification:Package 'src/turtlebot3/turtlebot3_simulations' with type 'ros.ament_cmake' and name 'turtlebot3_simulations'
[0.956s] Level 1:colcon.colcon_core.package_identification:_identify(src/turtlebot3/turtlebot3_teleop) by extensions ['ignore', 'ignore_ament_install']
[0.956s] Level 1:colcon.colcon_core.package_identification:_identify(src/turtlebot3/turtlebot3_teleop) by extension 'ignore'
[0.956s] Level 1:colcon.colcon_core.package_identification:_identify(src/turtlebot3/turtlebot3_teleop) by extension 'ignore_ament_install'
[0.956s] Level 1:colcon.colcon_core.package_identification:_identify(src/turtlebot3/turtlebot3_teleop) by extensions ['colcon_pkg']
[0.956s] Level 1:colcon.colcon_core.package_identification:_identify(src/turtlebot3/turtlebot3_teleop) by extension 'colcon_pkg'
[0.956s] Level 1:colcon.colcon_core.package_identification:_identify(src/turtlebot3/turtlebot3_teleop) by extensions ['colcon_meta']
[0.956s] Level 1:colcon.colcon_core.package_identification:_identify(src/turtlebot3/turtlebot3_teleop) by extension 'colcon_meta'
[0.956s] Level 1:colcon.colcon_core.package_identification:_identify(src/turtlebot3/turtlebot3_teleop) by extensions ['ros']
[0.956s] Level 1:colcon.colcon_core.package_identification:_identify(src/turtlebot3/turtlebot3_teleop) by extension 'ros'
[0.957s] DEBUG:colcon.colcon_core.package_identification:Package 'src/turtlebot3/turtlebot3_teleop' with type 'ros.ament_python' and name 'turtlebot3_teleop'
[0.957s] Level 1:colcon.colcon_core.package_identification:_identify(src/turtlebot4) by extensions ['ignore', 'ignore_ament_install']
[0.957s] Level 1:colcon.colcon_core.package_identification:_identify(src/turtlebot4) by extension 'ignore'
[0.957s] Level 1:colcon.colcon_core.package_identification:_identify(src/turtlebot4) by extension 'ignore_ament_install'
[0.957s] Level 1:colcon.colcon_core.package_identification:_identify(src/turtlebot4) by extensions ['colcon_pkg']
[0.957s] Level 1:colcon.colcon_core.package_identification:_identify(src/turtlebot4) by extension 'colcon_pkg'
[0.957s] Level 1:colcon.colcon_core.package_identification:_identify(src/turtlebot4) by extensions ['colcon_meta']
[0.957s] Level 1:colcon.colcon_core.package_identification:_identify(src/turtlebot4) by extension 'colcon_meta'
[0.957s] Level 1:colcon.colcon_core.package_identification:_identify(src/turtlebot4) by extensions ['ros']
[0.957s] Level 1:colcon.colcon_core.package_identification:_identify(src/turtlebot4) by extension 'ros'
[0.957s] Level 1:colcon.colcon_core.package_identification:_identify(src/turtlebot4) by extensions ['cmake', 'python']
[0.957s] Level 1:colcon.colcon_core.package_identification:_identify(src/turtlebot4) by extension 'cmake'
[0.957s] Level 1:colcon.colcon_core.package_identification:_identify(src/turtlebot4) by extension 'python'
[0.957s] Level 1:colcon.colcon_core.package_identification:_identify(src/turtlebot4) by extensions ['python_setup_py']
[0.957s] Level 1:colcon.colcon_core.package_identification:_identify(src/turtlebot4) by extension 'python_setup_py'
[0.957s] Level 1:colcon.colcon_core.package_identification:_identify(src/turtlebot4/LICENCE & readme) by extensions ['ignore', 'ignore_ament_install']
[0.958s] Level 1:colcon.colcon_core.package_identification:_identify(src/turtlebot4/LICENCE & readme) by extension 'ignore'
[0.958s] Level 1:colcon.colcon_core.package_identification:_identify(src/turtlebot4/LICENCE & readme) by extension 'ignore_ament_install'
[0.958s] Level 1:colcon.colcon_core.package_identification:_identify(src/turtlebot4/LICENCE & readme) by extensions ['colcon_pkg']
[0.958s] Level 1:colcon.colcon_core.package_identification:_identify(src/turtlebot4/LICENCE & readme) by extension 'colcon_pkg'
[0.958s] Level 1:colcon.colcon_core.package_identification:_identify(src/turtlebot4/LICENCE & readme) by extensions ['colcon_meta']
[0.958s] Level 1:colcon.colcon_core.package_identification:_identify(src/turtlebot4/LICENCE & readme) by extension 'colcon_meta'
[0.958s] Level 1:colcon.colcon_core.package_identification:_identify(src/turtlebot4/LICENCE & readme) by extensions ['ros']
[0.958s] Level 1:colcon.colcon_core.package_identification:_identify(src/turtlebot4/LICENCE & readme) by extension 'ros'
[0.958s] Level 1:colcon.colcon_core.package_identification:_identify(src/turtlebot4/LICENCE & readme) by extensions ['cmake', 'python']
[0.958s] Level 1:colcon.colcon_core.package_identification:_identify(src/turtlebot4/LICENCE & readme) by extension 'cmake'
[0.958s] Level 1:colcon.colcon_core.package_identification:_identify(src/turtlebot4/LICENCE & readme) by extension 'python'
[0.958s] Level 1:colcon.colcon_core.package_identification:_identify(src/turtlebot4/LICENCE & readme) by extensions ['python_setup_py']
[0.958s] Level 1:colcon.colcon_core.package_identification:_identify(src/turtlebot4/LICENCE & readme) by extension 'python_setup_py'
[0.958s] Level 1:colcon.colcon_core.package_identification:_identify(src/turtlebot4/turtlebot4_description) by extensions ['ignore', 'ignore_ament_install']
[0.958s] Level 1:colcon.colcon_core.package_identification:_identify(src/turtlebot4/turtlebot4_description) by extension 'ignore'
[0.958s] Level 1:colcon.colcon_core.package_identification:_identify(src/turtlebot4/turtlebot4_description) by extension 'ignore_ament_install'
[0.958s] Level 1:colcon.colcon_core.package_identification:_identify(src/turtlebot4/turtlebot4_description) by extensions ['colcon_pkg']
[0.958s] Level 1:colcon.colcon_core.package_identification:_identify(src/turtlebot4/turtlebot4_description) by extension 'colcon_pkg'
[0.958s] Level 1:colcon.colcon_core.package_identification:_identify(src/turtlebot4/turtlebot4_description) by extensions ['colcon_meta']
[0.958s] Level 1:colcon.colcon_core.package_identification:_identify(src/turtlebot4/turtlebot4_description) by extension 'colcon_meta'
[0.958s] Level 1:colcon.colcon_core.package_identification:_identify(src/turtlebot4/turtlebot4_description) by extensions ['ros']
[0.958s] Level 1:colcon.colcon_core.package_identification:_identify(src/turtlebot4/turtlebot4_description) by extension 'ros'
[0.959s] DEBUG:colcon.colcon_core.package_identification:Package 'src/turtlebot4/turtlebot4_description' with type 'ros.ament_cmake' and name 'turtlebot4_description'
[0.959s] Level 1:colcon.colcon_core.package_identification:_identify(src/turtlebot4/turtlebot4_ignition_bringup) by extensions ['ignore', 'ignore_ament_install']
[0.959s] Level 1:colcon.colcon_core.package_identification:_identify(src/turtlebot4/turtlebot4_ignition_bringup) by extension 'ignore'
[0.959s] Level 1:colcon.colcon_core.package_identification:_identify(src/turtlebot4/turtlebot4_ignition_bringup) by extension 'ignore_ament_install'
[0.959s] Level 1:colcon.colcon_core.package_identification:_identify(src/turtlebot4/turtlebot4_ignition_bringup) by extensions ['colcon_pkg']
[0.959s] Level 1:colcon.colcon_core.package_identification:_identify(src/turtlebot4/turtlebot4_ignition_bringup) by extension 'colcon_pkg'
[0.959s] Level 1:colcon.colcon_core.package_identification:_identify(src/turtlebot4/turtlebot4_ignition_bringup) by extensions ['colcon_meta']
[0.959s] Level 1:colcon.colcon_core.package_identification:_identify(src/turtlebot4/turtlebot4_ignition_bringup) by extension 'colcon_meta'
[0.959s] Level 1:colcon.colcon_core.package_identification:_identify(src/turtlebot4/turtlebot4_ignition_bringup) by extensions ['ros']
[0.959s] Level 1:colcon.colcon_core.package_identification:_identify(src/turtlebot4/turtlebot4_ignition_bringup) by extension 'ros'
[0.961s] DEBUG:colcon.colcon_core.package_identification:Package 'src/turtlebot4/turtlebot4_ignition_bringup' with type 'ros.ament_cmake' and name 'turtlebot4_ignition_bringup'
[0.961s] Level 1:colcon.colcon_core.package_identification:_identify(src/turtlebot4/turtlebot4_ignition_gui_plugins) by extensions ['ignore', 'ignore_ament_install']
[0.961s] Level 1:colcon.colcon_core.package_identification:_identify(src/turtlebot4/turtlebot4_ignition_gui_plugins) by extension 'ignore'
[0.961s] Level 1:colcon.colcon_core.package_identification:_identify(src/turtlebot4/turtlebot4_ignition_gui_plugins) by extension 'ignore_ament_install'
[0.961s] Level 1:colcon.colcon_core.package_identification:_identify(src/turtlebot4/turtlebot4_ignition_gui_plugins) by extensions ['colcon_pkg']
[0.961s] Level 1:colcon.colcon_core.package_identification:_identify(src/turtlebot4/turtlebot4_ignition_gui_plugins) by extension 'colcon_pkg'
[0.961s] Level 1:colcon.colcon_core.package_identification:_identify(src/turtlebot4/turtlebot4_ignition_gui_plugins) by extensions ['colcon_meta']
[0.961s] Level 1:colcon.colcon_core.package_identification:_identify(src/turtlebot4/turtlebot4_ignition_gui_plugins) by extension 'colcon_meta'
[0.961s] Level 1:colcon.colcon_core.package_identification:_identify(src/turtlebot4/turtlebot4_ignition_gui_plugins) by extensions ['ros']
[0.961s] Level 1:colcon.colcon_core.package_identification:_identify(src/turtlebot4/turtlebot4_ignition_gui_plugins) by extension 'ros'
[0.961s] DEBUG:colcon.colcon_core.package_identification:Package 'src/turtlebot4/turtlebot4_ignition_gui_plugins' with type 'ros.ament_cmake' and name 'turtlebot4_ignition_gui_plugins'
[0.961s] Level 1:colcon.colcon_core.package_identification:_identify(src/turtlebot4/turtlebot4_ignition_toolbox) by extensions ['ignore', 'ignore_ament_install']
[0.962s] Level 1:colcon.colcon_core.package_identification:_identify(src/turtlebot4/turtlebot4_ignition_toolbox) by extension 'ignore'
[0.962s] Level 1:colcon.colcon_core.package_identification:_identify(src/turtlebot4/turtlebot4_ignition_toolbox) by extension 'ignore_ament_install'
[0.962s] Level 1:colcon.colcon_core.package_identification:_identify(src/turtlebot4/turtlebot4_ignition_toolbox) by extensions ['colcon_pkg']
[0.962s] Level 1:colcon.colcon_core.package_identification:_identify(src/turtlebot4/turtlebot4_ignition_toolbox) by extension 'colcon_pkg'
[0.962s] Level 1:colcon.colcon_core.package_identification:_identify(src/turtlebot4/turtlebot4_ignition_toolbox) by extensions ['colcon_meta']
[0.962s] Level 1:colcon.colcon_core.package_identification:_identify(src/turtlebot4/turtlebot4_ignition_toolbox) by extension 'colcon_meta'
[0.962s] Level 1:colcon.colcon_core.package_identification:_identify(src/turtlebot4/turtlebot4_ignition_toolbox) by extensions ['ros']
[0.962s] Level 1:colcon.colcon_core.package_identification:_identify(src/turtlebot4/turtlebot4_ignition_toolbox) by extension 'ros'
[0.962s] DEBUG:colcon.colcon_core.package_identification:Package 'src/turtlebot4/turtlebot4_ignition_toolbox' with type 'ros.ament_cmake' and name 'turtlebot4_ignition_toolbox'
[0.962s] Level 1:colcon.colcon_core.package_identification:_identify(src/turtlebot4/turtlebot4_msgs) by extensions ['ignore', 'ignore_ament_install']
[0.963s] Level 1:colcon.colcon_core.package_identification:_identify(src/turtlebot4/turtlebot4_msgs) by extension 'ignore'
[0.963s] Level 1:colcon.colcon_core.package_identification:_identify(src/turtlebot4/turtlebot4_msgs) by extension 'ignore_ament_install'
[0.963s] Level 1:colcon.colcon_core.package_identification:_identify(src/turtlebot4/turtlebot4_msgs) by extensions ['colcon_pkg']
[0.963s] Level 1:colcon.colcon_core.package_identification:_identify(src/turtlebot4/turtlebot4_msgs) by extension 'colcon_pkg'
[0.963s] Level 1:colcon.colcon_core.package_identification:_identify(src/turtlebot4/turtlebot4_msgs) by extensions ['colcon_meta']
[0.963s] Level 1:colcon.colcon_core.package_identification:_identify(src/turtlebot4/turtlebot4_msgs) by extension 'colcon_meta'
[0.963s] Level 1:colcon.colcon_core.package_identification:_identify(src/turtlebot4/turtlebot4_msgs) by extensions ['ros']
[0.963s] Level 1:colcon.colcon_core.package_identification:_identify(src/turtlebot4/turtlebot4_msgs) by extension 'ros'
[0.963s] DEBUG:colcon.colcon_core.package_identification:Package 'src/turtlebot4/turtlebot4_msgs' with type 'ros.ament_cmake' and name 'turtlebot4_msgs'
[0.963s] Level 1:colcon.colcon_core.package_identification:_identify(src/turtlebot4/turtlebot4_navigation) by extensions ['ignore', 'ignore_ament_install']
[0.963s] Level 1:colcon.colcon_core.package_identification:_identify(src/turtlebot4/turtlebot4_navigation) by extension 'ignore'
[0.963s] Level 1:colcon.colcon_core.package_identification:_identify(src/turtlebot4/turtlebot4_navigation) by extension 'ignore_ament_install'
[0.963s] Level 1:colcon.colcon_core.package_identification:_identify(src/turtlebot4/turtlebot4_navigation) by extensions ['colcon_pkg']
[0.963s] Level 1:colcon.colcon_core.package_identification:_identify(src/turtlebot4/turtlebot4_navigation) by extension 'colcon_pkg'
[0.963s] Level 1:colcon.colcon_core.package_identification:_identify(src/turtlebot4/turtlebot4_navigation) by extensions ['colcon_meta']
[0.964s] Level 1:colcon.colcon_core.package_identification:_identify(src/turtlebot4/turtlebot4_navigation) by extension 'colcon_meta'
[0.964s] Level 1:colcon.colcon_core.package_identification:_identify(src/turtlebot4/turtlebot4_navigation) by extensions ['ros']
[0.964s] Level 1:colcon.colcon_core.package_identification:_identify(src/turtlebot4/turtlebot4_navigation) by extension 'ros'
[0.964s] DEBUG:colcon.colcon_core.package_identification:Package 'src/turtlebot4/turtlebot4_navigation' with type 'ros.ament_cmake' and name 'turtlebot4_navigation'
[0.964s] Level 1:colcon.colcon_core.package_identification:_identify(src/turtlebot4/turtlebot4_node) by extensions ['ignore', 'ignore_ament_install']
[0.964s] Level 1:colcon.colcon_core.package_identification:_identify(src/turtlebot4/turtlebot4_node) by extension 'ignore'
[0.964s] Level 1:colcon.colcon_core.package_identification:_identify(src/turtlebot4/turtlebot4_node) by extension 'ignore_ament_install'
[0.964s] Level 1:colcon.colcon_core.package_identification:_identify(src/turtlebot4/turtlebot4_node) by extensions ['colcon_pkg']
[0.964s] Level 1:colcon.colcon_core.package_identification:_identify(src/turtlebot4/turtlebot4_node) by extension 'colcon_pkg'
[0.964s] Level 1:colcon.colcon_core.package_identification:_identify(src/turtlebot4/turtlebot4_node) by extensions ['colcon_meta']
[0.964s] Level 1:colcon.colcon_core.package_identification:_identify(src/turtlebot4/turtlebot4_node) by extension 'colcon_meta'
[0.964s] Level 1:colcon.colcon_core.package_identification:_identify(src/turtlebot4/turtlebot4_node) by extensions ['ros']
[0.964s] Level 1:colcon.colcon_core.package_identification:_identify(src/turtlebot4/turtlebot4_node) by extension 'ros'
[0.965s] DEBUG:colcon.colcon_core.package_identification:Package 'src/turtlebot4/turtlebot4_node' with type 'ros.ament_cmake' and name 'turtlebot4_node'
[0.965s] Level 1:colcon.colcon_core.package_identification:_identify(src/turtlebot4/turtlebot4_simulator) by extensions ['ignore', 'ignore_ament_install']
[0.965s] Level 1:colcon.colcon_core.package_identification:_identify(src/turtlebot4/turtlebot4_simulator) by extension 'ignore'
[0.965s] Level 1:colcon.colcon_core.package_identification:_identify(src/turtlebot4/turtlebot4_simulator) by extension 'ignore_ament_install'
[0.965s] Level 1:colcon.colcon_core.package_identification:_identify(src/turtlebot4/turtlebot4_simulator) by extensions ['colcon_pkg']
[0.965s] Level 1:colcon.colcon_core.package_identification:_identify(src/turtlebot4/turtlebot4_simulator) by extension 'colcon_pkg'
[0.965s] Level 1:colcon.colcon_core.package_identification:_identify(src/turtlebot4/turtlebot4_simulator) by extensions ['colcon_meta']
[0.965s] Level 1:colcon.colcon_core.package_identification:_identify(src/turtlebot4/turtlebot4_simulator) by extension 'colcon_meta'
[0.965s] Level 1:colcon.colcon_core.package_identification:_identify(src/turtlebot4/turtlebot4_simulator) by extensions ['ros']
[0.966s] Level 1:colcon.colcon_core.package_identification:_identify(src/turtlebot4/turtlebot4_simulator) by extension 'ros'
[0.966s] DEBUG:colcon.colcon_core.package_identification:Package 'src/turtlebot4/turtlebot4_simulator' with type 'ros.ament_cmake' and name 'turtlebot4_simulator'
[0.966s] Level 1:colcon.colcon_core.package_discovery:discover_packages(recursive) using defaults
[0.966s] Level 1:colcon.colcon_core.package_discovery:discover_packages(ignore) discover
[0.966s] Level 1:colcon.colcon_core.package_discovery:discover_packages(ignore) using defaults
[0.966s] Level 1:colcon.colcon_core.package_discovery:discover_packages(path) discover
[0.966s] Level 1:colcon.colcon_core.package_discovery:discover_packages(path) using defaults
[1.020s] INFO:colcon.colcon_core.package_selection:Skipping not selected package 'dynamixel_sdk' in 'src/turtlebot3/DynamixelSDK/dynamixel_sdk'
[1.020s] INFO:colcon.colcon_core.package_selection:Skipping not selected package 'dynamixel_sdk_custom_interfaces' in 'src/turtlebot3/DynamixelSDK/dynamixel_sdk_custom_interfaces'
[1.021s] INFO:colcon.colcon_core.package_selection:Skipping not selected package 'explore_lite' in 'src/explore'
[1.021s] INFO:colcon.colcon_core.package_selection:Skipping not selected package 'multirobot_map_merge' in 'src/map_merge'
[1.021s] INFO:colcon.colcon_core.package_selection:Skipping not selected package 'turtlebot3_cartographer' in 'src/turtlebot3/turtlebot3_cartographer'
[1.021s] INFO:colcon.colcon_core.package_selection:Skipping not selected package 'turtlebot3_description' in 'src/turtlebot3/turtlebot3_description'
[1.021s] INFO:colcon.colcon_core.package_selection:Skipping not selected package 'turtlebot3_gazebo' in 'src/turtlebot3/turtlebot3_gazebo'
[1.021s] INFO:colcon.colcon_core.package_selection:Skipping not selected package 'turtlebot3_msgs' in 'src/turtlebot3/turtlebot3_msgs'
[1.021s] INFO:colcon.colcon_core.package_selection:Skipping not selected package 'turtlebot3_navigation2' in 'src/turtlebot3/turtlebot3_navigation2'
[1.021s] INFO:colcon.colcon_core.package_selection:Skipping not selected package 'turtlebot3_teleop' in 'src/turtlebot3/turtlebot3_teleop'
[1.021s] INFO:colcon.colcon_core.package_selection:Skipping not selected package 'turtlebot4_description' in 'src/turtlebot4/turtlebot4_description'
[1.021s] INFO:colcon.colcon_core.package_selection:Skipping not selected package 'turtlebot4_ignition_gui_plugins' in 'src/turtlebot4/turtlebot4_ignition_gui_plugins'
[1.021s] INFO:colcon.colcon_core.package_selection:Skipping not selected package 'turtlebot4_msgs' in 'src/turtlebot4/turtlebot4_msgs'
[1.021s] INFO:colcon.colcon_core.package_selection:Skipping not selected package 'turtlebot4_navigation' in 'src/turtlebot4/turtlebot4_navigation'
[1.021s] INFO:colcon.colcon_core.package_selection:Skipping not selected package 'dynamixel_sdk_examples' in 'src/turtlebot3/DynamixelSDK/dynamixel_sdk_examples'
[1.021s] INFO:colcon.colcon_core.package_selection:Skipping not selected package 'turtlebot3_example' in 'src/turtlebot3/turtlebot3_example'
[1.021s] INFO:colcon.colcon_core.package_selection:Skipping not selected package 'turtlebot3_fake_node' in 'src/turtlebot3/turtlebot3_fake_node'
[1.021s] INFO:colcon.colcon_core.package_selection:Skipping not selected package 'turtlebot3_node' in 'src/turtlebot3/turtlebot3_node'
[1.021s] INFO:colcon.colcon_core.package_selection:Skipping not selected package 'turtlebot4_ignition_toolbox' in 'src/turtlebot4/turtlebot4_ignition_toolbox'
[1.021s] INFO:colcon.colcon_core.package_selection:Skipping not selected package 'turtlebot4_node' in 'src/turtlebot4/turtlebot4_node'
[1.021s] INFO:colcon.colcon_core.package_selection:Skipping not selected package 'turtlebot3_bringup' in 'src/turtlebot3/turtlebot3_bringup'
[1.021s] INFO:colcon.colcon_core.package_selection:Skipping not selected package 'turtlebot3_simulations' in 'src/turtlebot3/turtlebot3_simulations'
[1.021s] INFO:colcon.colcon_core.package_selection:Skipping not selected package 'turtlebot4_ignition_bringup' in 'src/turtlebot4/turtlebot4_ignition_bringup'
[1.021s] INFO:colcon.colcon_core.package_selection:Skipping not selected package 'turtlebot3' in 'src/turtlebot3/turtlebot3'
[1.021s] INFO:colcon.colcon_core.package_selection:Skipping not selected package 'turtlebot4_simulator' in 'src/turtlebot4/turtlebot4_simulator'
[1.045s] Level 1:colcon.colcon_core.package_discovery:discover_packages(prefix_path) check parameters
[1.045s] Level 1:colcon.colcon_core.package_discovery:discover_packages(prefix_path) discover
[1.077s] DEBUG:colcon.colcon_installed_package_information.package_discovery:Found 427 installed packages in /opt/ros/humble
[1.079s] Level 1:colcon.colcon_core.package_discovery:discover_packages(prefix_path) using defaults
[1.165s] Level 5:colcon.colcon_core.verb:set package 'slam_robots' build argument 'cmake_args' from command line to 'None'
[1.165s] Level 5:colcon.colcon_core.verb:set package 'slam_robots' build argument 'cmake_target' from command line to 'None'
[1.165s] Level 5:colcon.colcon_core.verb:set package 'slam_robots' build argument 'cmake_target_skip_unavailable' from command line to 'False'
[1.165s] Level 5:colcon.colcon_core.verb:set package 'slam_robots' build argument 'cmake_clean_cache' from command line to 'False'
[1.165s] Level 5:colcon.colcon_core.verb:set package 'slam_robots' build argument 'cmake_clean_first' from command line to 'False'
[1.165s] Level 5:colcon.colcon_core.verb:set package 'slam_robots' build argument 'cmake_force_configure' from command line to 'False'
[1.165s] Level 5:colcon.colcon_core.verb:set package 'slam_robots' build argument 'ament_cmake_args' from command line to 'None'
[1.165s] Level 5:colcon.colcon_core.verb:set package 'slam_robots' build argument 'catkin_cmake_args' from command line to 'None'
[1.165s] Level 5:colcon.colcon_core.verb:set package 'slam_robots' build argument 'catkin_skip_building_tests' from command line to 'False'
[1.165s] DEBUG:colcon.colcon_core.verb:Building package 'slam_robots' with the following arguments: {'ament_cmake_args': None, 'build_base': '/home/abdosalm/Github_repos/SLAM-mapping-Robots/workspace/build/slam_robots', 'catkin_cmake_args': None, 'catkin_skip_building_tests': False, 'cmake_args': None, 'cmake_clean_cache': False, 'cmake_clean_first': False, 'cmake_force_configure': False, 'cmake_target': None, 'cmake_target_skip_unavailable': False, 'install_base': '/home/abdosalm/Github_repos/SLAM-mapping-Robots/workspace/install/slam_robots', 'merge_install': False, 'path': '/home/abdosalm/Github_repos/SLAM-mapping-Robots/workspace/src/slam_robots', 'symlink_install': True, 'test_result_base': None}
[1.177s] INFO:colcon.colcon_core.executor:Executing jobs using 'parallel' executor
[1.190s] DEBUG:colcon.colcon_parallel_executor.executor.parallel:run_until_complete
[1.190s] INFO:colcon.colcon_ros.task.ament_cmake.build:Building ROS package in '/home/abdosalm/Github_repos/SLAM-mapping-Robots/workspace/src/slam_robots' with build type 'ament_cmake'
[1.190s] INFO:colcon.colcon_cmake.task.cmake.build:Building CMake package in '/home/abdosalm/Github_repos/SLAM-mapping-Robots/workspace/src/slam_robots'
[1.204s] INFO:colcon.colcon_core.plugin_system:Skipping extension 'colcon_core.shell.bat': Not used on non-Windows systems
[1.204s] INFO:colcon.colcon_core.shell:Skip shell extension 'powershell' for command environment: Not usable outside of PowerShell
[1.204s] DEBUG:colcon.colcon_core.shell:Skip shell extension 'dsv' for command environment
[1.235s] DEBUG:colcon.colcon_core.event_handler.log_command:Invoking command in '/home/abdosalm/Github_repos/SLAM-mapping-Robots/workspace/build/slam_robots': CMAKE_PREFIX_PATH=/opt/ros/humble /usr/bin/cmake --build /home/abdosalm/Github_repos/SLAM-mapping-Robots/workspace/build/slam_robots -- -j16 -l16
[1.275s] DEBUG:colcon.colcon_core.event_handler.log_command:Invoked command in '/home/abdosalm/Github_repos/SLAM-mapping-Robots/workspace/build/slam_robots' returned '0': CMAKE_PREFIX_PATH=/opt/ros/humble /usr/bin/cmake --build /home/abdosalm/Github_repos/SLAM-mapping-Robots/workspace/build/slam_robots -- -j16 -l16
[1.297s] DEBUG:colcon.colcon_core.event_handler.log_command:Invoking command in '/home/abdosalm/Github_repos/SLAM-mapping-Robots/workspace/build/slam_robots': CMAKE_PREFIX_PATH=/opt/ros/humble /usr/bin/cmake --install /home/abdosalm/Github_repos/SLAM-mapping-Robots/workspace/build/slam_robots
[1.341s] Level 1:colcon.colcon_core.environment:create_environment_scripts_only(slam_robots)
[1.342s] DEBUG:colcon.colcon_core.event_handler.log_command:Invoked command in '/home/abdosalm/Github_repos/SLAM-mapping-Robots/workspace/build/slam_robots' returned '0': CMAKE_PREFIX_PATH=/opt/ros/humble /usr/bin/cmake --install /home/abdosalm/Github_repos/SLAM-mapping-Robots/workspace/build/slam_robots
[1.356s] Level 1:colcon.colcon_core.environment:checking '/home/abdosalm/Github_repos/SLAM-mapping-Robots/workspace/install/slam_robots' for CMake module files
[1.356s] Level 1:colcon.colcon_core.environment:checking '/home/abdosalm/Github_repos/SLAM-mapping-Robots/workspace/install/slam_robots' for CMake config files
[1.358s] Level 1:colcon.colcon_core.shell:create_environment_hook('slam_robots', 'cmake_prefix_path')
[1.371s] INFO:colcon.colcon_core.shell:Creating environment hook '/home/abdosalm/Github_repos/SLAM-mapping-Robots/workspace/install/slam_robots/share/slam_robots/hook/cmake_prefix_path.ps1'
[1.371s] INFO:colcon.colcon_core.shell:Creating environment descriptor '/home/abdosalm/Github_repos/SLAM-mapping-Robots/workspace/install/slam_robots/share/slam_robots/hook/cmake_prefix_path.dsv'
[1.371s] INFO:colcon.colcon_core.shell:Creating environment hook '/home/abdosalm/Github_repos/SLAM-mapping-Robots/workspace/install/slam_robots/share/slam_robots/hook/cmake_prefix_path.sh'
[1.372s] Level 1:colcon.colcon_core.environment:checking '/home/abdosalm/Github_repos/SLAM-mapping-Robots/workspace/install/slam_robots/lib'
[1.372s] Level 1:colcon.colcon_core.environment:checking '/home/abdosalm/Github_repos/SLAM-mapping-Robots/workspace/install/slam_robots/bin'
[1.372s] Level 1:colcon.colcon_core.environment:checking '/home/abdosalm/Github_repos/SLAM-mapping-Robots/workspace/install/slam_robots/lib/pkgconfig/slam_robots.pc'
[1.373s] Level 1:colcon.colcon_core.environment:checking '/home/abdosalm/Github_repos/SLAM-mapping-Robots/workspace/install/slam_robots/lib/python3.10/site-packages'
[1.373s] Level 1:colcon.colcon_core.environment:checking '/home/abdosalm/Github_repos/SLAM-mapping-Robots/workspace/install/slam_robots/bin'
[1.387s] INFO:colcon.colcon_core.shell:Creating package script '/home/abdosalm/Github_repos/SLAM-mapping-Robots/workspace/install/slam_robots/share/slam_robots/package.ps1'
[1.388s] INFO:colcon.colcon_core.shell:Creating package descriptor '/home/abdosalm/Github_repos/SLAM-mapping-Robots/workspace/install/slam_robots/share/slam_robots/package.dsv'
[1.388s] INFO:colcon.colcon_core.shell:Creating package script '/home/abdosalm/Github_repos/SLAM-mapping-Robots/workspace/install/slam_robots/share/slam_robots/package.sh'
[1.389s] INFO:colcon.colcon_core.shell:Creating package script '/home/abdosalm/Github_repos/SLAM-mapping-Robots/workspace/install/slam_robots/share/slam_robots/package.bash'
[1.390s] INFO:colcon.colcon_core.shell:Creating package script '/home/abdosalm/Github_repos/SLAM-mapping-Robots/workspace/install/slam_robots/share/slam_robots/package.zsh'
[1.390s] Level 1:colcon.colcon_core.environment:create_file_with_runtime_dependencies(/home/abdosalm/Github_repos/SLAM-mapping-Robots/workspace/install/slam_robots/share/colcon-core/packages/slam_robots)
[1.433s] Level 1:colcon.colcon_core.environment:create_environment_scripts_only(slam_robots)
[1.475s] Level 1:colcon.colcon_core.environment:checking '/home/abdosalm/Github_repos/SLAM-mapping-Robots/workspace/install/slam_robots' for CMake module files
[1.477s] Level 1:colcon.colcon_core.environment:checking '/home/abdosalm/Github_repos/SLAM-mapping-Robots/workspace/install/slam_robots' for CMake config files
[1.486s] Level 1:colcon.colcon_core.shell:create_environment_hook('slam_robots', 'cmake_prefix_path')
[1.559s] INFO:colcon.colcon_core.shell:Creating environment hook '/home/abdosalm/Github_repos/SLAM-mapping-Robots/workspace/install/slam_robots/share/slam_robots/hook/cmake_prefix_path.ps1'
[1.560s] INFO:colcon.colcon_core.shell:Creating environment descriptor '/home/abdosalm/Github_repos/SLAM-mapping-Robots/workspace/install/slam_robots/share/slam_robots/hook/cmake_prefix_path.dsv'
[1.561s] INFO:colcon.colcon_core.shell:Creating environment hook '/home/abdosalm/Github_repos/SLAM-mapping-Robots/workspace/install/slam_robots/share/slam_robots/hook/cmake_prefix_path.sh'
[1.563s] Level 1:colcon.colcon_core.environment:checking '/home/abdosalm/Github_repos/SLAM-mapping-Robots/workspace/install/slam_robots/lib'
[1.564s] Level 1:colcon.colcon_core.environment:checking '/home/abdosalm/Github_repos/SLAM-mapping-Robots/workspace/install/slam_robots/bin'
[1.564s] Level 1:colcon.colcon_core.environment:checking '/home/abdosalm/Github_repos/SLAM-mapping-Robots/workspace/install/slam_robots/lib/pkgconfig/slam_robots.pc'
[1.565s] Level 1:colcon.colcon_core.environment:checking '/home/abdosalm/Github_repos/SLAM-mapping-Robots/workspace/install/slam_robots/lib/python3.10/site-packages'
[1.566s] Level 1:colcon.colcon_core.environment:checking '/home/abdosalm/Github_repos/SLAM-mapping-Robots/workspace/install/slam_robots/bin'
[1.639s] INFO:colcon.colcon_core.shell:Creating package script '/home/abdosalm/Github_repos/SLAM-mapping-Robots/workspace/install/slam_robots/share/slam_robots/package.ps1'
[1.641s] INFO:colcon.colcon_core.shell:Creating package descriptor '/home/abdosalm/Github_repos/SLAM-mapping-Robots/workspace/install/slam_robots/share/slam_robots/package.dsv'
[1.643s] INFO:colcon.colcon_core.shell:Creating package script '/home/abdosalm/Github_repos/SLAM-mapping-Robots/workspace/install/slam_robots/share/slam_robots/package.sh'
[1.644s] INFO:colcon.colcon_core.shell:Creating package script '/home/abdosalm/Github_repos/SLAM-mapping-Robots/workspace/install/slam_robots/share/slam_robots/package.bash'
[1.646s] INFO:colcon.colcon_core.shell:Creating package script '/home/abdosalm/Github_repos/SLAM-mapping-Robots/workspace/install/slam_robots/share/slam_robots/package.zsh'
[1.647s] Level 1:colcon.colcon_core.environment:create_file_with_runtime_dependencies(/home/abdosalm/Github_repos/SLAM-mapping-Robots/workspace/install/slam_robots/share/colcon-core/packages/slam_robots)
[1.648s] DEBUG:colcon.colcon_parallel_executor.executor.parallel:closing loop
[1.650s] DEBUG:colcon.colcon_parallel_executor.executor.parallel:loop closed
[1.650s] DEBUG:colcon.colcon_parallel_executor.executor.parallel:run_until_complete finished with '0'
[1.650s] DEBUG:colcon.colcon_core.event_reactor:joining thread
[1.731s] INFO:colcon.colcon_core.plugin_system:Skipping extension 'colcon_notification.desktop_notification.terminal_notifier': Not used on non-Darwin systems
[1.731s] INFO:colcon.colcon_core.plugin_system:Skipping extension 'colcon_notification.desktop_notification.win32': Not used on non-Windows systems
[1.732s] INFO:colcon.colcon_notification.desktop_notification:Sending desktop notification using 'notify2'
[1.752s] DEBUG:colcon.colcon_core.event_reactor:joined thread
[1.809s] INFO:colcon.colcon_core.shell:Creating prefix script '/home/abdosalm/Github_repos/SLAM-mapping-Robots/workspace/install/local_setup.ps1'
[1.812s] INFO:colcon.colcon_core.shell:Creating prefix util module '/home/abdosalm/Github_repos/SLAM-mapping-Robots/workspace/install/_local_setup_util_ps1.py'
[1.816s] INFO:colcon.colcon_core.shell:Creating prefix chain script '/home/abdosalm/Github_repos/SLAM-mapping-Robots/workspace/install/setup.ps1'
[1.878s] INFO:colcon.colcon_core.shell:Creating prefix script '/home/abdosalm/Github_repos/SLAM-mapping-Robots/workspace/install/local_setup.sh'
[1.880s] INFO:colcon.colcon_core.shell:Creating prefix util module '/home/abdosalm/Github_repos/SLAM-mapping-Robots/workspace/install/_local_setup_util_sh.py'
[1.881s] INFO:colcon.colcon_core.shell:Creating prefix chain script '/home/abdosalm/Github_repos/SLAM-mapping-Robots/workspace/install/setup.sh'
[1.943s] INFO:colcon.colcon_core.shell:Creating prefix script '/home/abdosalm/Github_repos/SLAM-mapping-Robots/workspace/install/local_setup.bash'
[1.944s] INFO:colcon.colcon_core.shell:Creating prefix chain script '/home/abdosalm/Github_repos/SLAM-mapping-Robots/workspace/install/setup.bash'
[1.974s] INFO:colcon.colcon_core.shell:Creating prefix script '/home/abdosalm/Github_repos/SLAM-mapping-Robots/workspace/install/local_setup.zsh'
[1.975s] INFO:colcon.colcon_core.shell:Creating prefix chain script '/home/abdosalm/Github_repos/SLAM-mapping-Robots/workspace/install/setup.zsh'
