[0.073s] Invoking command in '/home/abdosalm/Github_repos/SLAM-mapping-Robots/workspace/build/turtlebot4_node': CMAKE_PREFIX_PATH=/home/abdosalm/Github_repos/SLAM-mapping-Robots/workspace/install/turtlebot4_msgs:/home/abdosalm/Github_repos/SLAM-mapping-Robots/workspace/install/turtlebot4_simulator:/home/abdosalm/Github_repos/SLAM-mapping-Robots/workspace/install/turtlebot4_ignition_bringup:/home/abdosalm/Github_repos/SLAM-mapping-Robots/workspace/install/turtlebot4_node:/home/abdosalm/Github_repos/SLAM-mapping-Robots/workspace/install/turtlebot4_navigation:/home/abdosalm/Github_repos/SLAM-mapping-Robots/workspace/install/turtlebot4_ignition_toolbox:/home/abdosalm/Github_repos/SLAM-mapping-Robots/workspace/install/turtlebot4_ignition_gui_plugins:/home/abdosalm/Github_repos/SLAM-mapping-Robots/workspace/install/turtlebot4_description:/home/abdosalm/Github_repos/SLAM-mapping-Robots/workspace/install/slam_robots:/opt/ros/humble /usr/bin/cmake /home/abdosalm/Github_repos/SLAM-mapping-Robots/workspace/src/turtlebot4/turtlebot4_node -DCMAKE_INSTALL_PREFIX=/home/abdosalm/Github_repos/SLAM-mapping-Robots/workspace/install/turtlebot4_node
[0.122s] -- The C compiler identification is GNU 11.4.0
[0.167s] -- The CXX compiler identification is GNU 11.4.0
[0.173s] -- Detecting C compiler ABI info
[0.232s] -- Detecting C compiler ABI info - done
[0.240s] -- Check for working C compiler: /usr/bin/cc - skipped
[0.240s] -- Detecting C compile features
[0.240s] -- Detecting C compile features - done
[0.244s] -- Detecting CXX compiler ABI info
[0.306s] -- Detecting CXX compiler ABI info - done
[0.319s] -- Check for working CXX compiler: /usr/bin/c++ - skipped
[0.319s] -- Detecting CXX compile features
[0.319s] -- Detecting CXX compile features - done
[0.322s] -- Found ament_cmake: 1.3.5 (/opt/ros/humble/share/ament_cmake/cmake)
[0.487s] -- Found Python3: /usr/bin/python3.10 (found version "3.10.12") found components: Interpreter 
[0.575s] -- Found rclcpp: 16.0.6 (/opt/ros/humble/share/rclcpp/cmake)
[0.622s] -- Found rosidl_generator_c: 3.1.5 (/opt/ros/humble/share/rosidl_generator_c/cmake)
[0.629s] -- Found rosidl_adapter: 3.1.5 (/opt/ros/humble/share/rosidl_adapter/cmake)
[0.638s] -- Found rosidl_generator_cpp: 3.1.5 (/opt/ros/humble/share/rosidl_generator_cpp/cmake)
[0.653s] -- Using all available rosidl_typesupport_c: rosidl_typesupport_fastrtps_c;rosidl_typesupport_introspection_c
[0.676s] -- Using all available rosidl_typesupport_cpp: rosidl_typesupport_fastrtps_cpp;rosidl_typesupport_introspection_cpp
[0.761s] -- Found rmw_implementation_cmake: 6.1.1 (/opt/ros/humble/share/rmw_implementation_cmake/cmake)
[0.765s] -- Found rmw_fastrtps_cpp: 6.2.4 (/opt/ros/humble/share/rmw_fastrtps_cpp/cmake)
[0.862s] -- Found OpenSSL: /usr/lib/x86_64-linux-gnu/libcrypto.so (found version "3.0.2")  
[0.886s] -- Found FastRTPS: /opt/ros/humble/include  
[0.934s] -- Using RMW implementation 'rmw_fastrtps_cpp' as default
[0.943s] -- Looking for pthread.h
[1.001s] -- Looking for pthread.h - found
[1.002s] -- Performing Test CMAKE_HAVE_LIBC_PTHREAD
[1.062s] -- Performing Test CMAKE_HAVE_LIBC_PTHREAD - Success
[1.063s] -- Found Threads: TRUE  
[1.244s] -- Found rclcpp_action: 16.0.6 (/opt/ros/humble/share/rclcpp_action/cmake)
[1.340s] -- Found std_srvs: 4.2.3 (/opt/ros/humble/share/std_srvs/cmake)
[1.357s] -- Found sensor_msgs: 4.2.3 (/opt/ros/humble/share/sensor_msgs/cmake)
[1.488s] -- Found irobot_create_msgs: 2.1.0 (/opt/ros/humble/share/irobot_create_msgs/cmake)
[1.640s] -- Found turtlebot4_msgs: 1.0.4 (/home/abdosalm/Github_repos/SLAM-mapping-Robots/workspace/install/turtlebot4_msgs/share/turtlebot4_msgs/cmake)
[1.663s] -- Found ament_lint_auto: 0.12.8 (/opt/ros/humble/share/ament_lint_auto/cmake)
[1.746s] -- Added test 'cppcheck' to perform static code analysis on C / C++ code
[1.746s] -- Configured cppcheck include dirs: /home/abdosalm/Github_repos/SLAM-mapping-Robots/workspace/src/turtlebot4/turtlebot4_node/include
[1.746s] -- Configured cppcheck exclude dirs and/or files: 
[1.747s] -- Added test 'cpplint' to check C / C++ code against the Google style
[1.747s] -- Configured cpplint exclude dirs and/or files: 
[1.748s] -- Added test 'lint_cmake' to check CMake code style
[1.750s] -- Added test 'uncrustify' to check C / C++ code style
[1.750s] -- Configured uncrustify additional arguments: 
[1.750s] -- Added test 'xmllint' to check XML markup files
[1.752s] -- Configuring done
[1.770s] -- Generating done
[1.772s] -- Build files have been written to: /home/abdosalm/Github_repos/SLAM-mapping-Robots/workspace/build/turtlebot4_node
[1.782s] Invoked command in '/home/abdosalm/Github_repos/SLAM-mapping-Robots/workspace/build/turtlebot4_node' returned '0': CMAKE_PREFIX_PATH=/home/abdosalm/Github_repos/SLAM-mapping-Robots/workspace/install/turtlebot4_msgs:/home/abdosalm/Github_repos/SLAM-mapping-Robots/workspace/install/turtlebot4_simulator:/home/abdosalm/Github_repos/SLAM-mapping-Robots/workspace/install/turtlebot4_ignition_bringup:/home/abdosalm/Github_repos/SLAM-mapping-Robots/workspace/install/turtlebot4_node:/home/abdosalm/Github_repos/SLAM-mapping-Robots/workspace/install/turtlebot4_navigation:/home/abdosalm/Github_repos/SLAM-mapping-Robots/workspace/install/turtlebot4_ignition_toolbox:/home/abdosalm/Github_repos/SLAM-mapping-Robots/workspace/install/turtlebot4_ignition_gui_plugins:/home/abdosalm/Github_repos/SLAM-mapping-Robots/workspace/install/turtlebot4_description:/home/abdosalm/Github_repos/SLAM-mapping-Robots/workspace/install/slam_robots:/opt/ros/humble /usr/bin/cmake /home/abdosalm/Github_repos/SLAM-mapping-Robots/workspace/src/turtlebot4/turtlebot4_node -DCMAKE_INSTALL_PREFIX=/home/abdosalm/Github_repos/SLAM-mapping-Robots/workspace/install/turtlebot4_node
[1.784s] Invoking command in '/home/abdosalm/Github_repos/SLAM-mapping-Robots/workspace/build/turtlebot4_node': CMAKE_PREFIX_PATH=/home/abdosalm/Github_repos/SLAM-mapping-Robots/workspace/install/turtlebot4_msgs:/home/abdosalm/Github_repos/SLAM-mapping-Robots/workspace/install/turtlebot4_simulator:/home/abdosalm/Github_repos/SLAM-mapping-Robots/workspace/install/turtlebot4_ignition_bringup:/home/abdosalm/Github_repos/SLAM-mapping-Robots/workspace/install/turtlebot4_node:/home/abdosalm/Github_repos/SLAM-mapping-Robots/workspace/install/turtlebot4_navigation:/home/abdosalm/Github_repos/SLAM-mapping-Robots/workspace/install/turtlebot4_ignition_toolbox:/home/abdosalm/Github_repos/SLAM-mapping-Robots/workspace/install/turtlebot4_ignition_gui_plugins:/home/abdosalm/Github_repos/SLAM-mapping-Robots/workspace/install/turtlebot4_description:/home/abdosalm/Github_repos/SLAM-mapping-Robots/workspace/install/slam_robots:/opt/ros/humble /usr/bin/cmake --build /home/abdosalm/Github_repos/SLAM-mapping-Robots/workspace/build/turtlebot4_node -- -j16 -l16
[1.830s] [ 50%] [32mBuilding CXX object CMakeFiles/turtlebot4_node_lib.dir/src/turtlebot4.cpp.o[0m
[1.830s] [ 50%] [32mBuilding CXX object CMakeFiles/turtlebot4_node_lib.dir/src/display.cpp.o[0m
[1.830s] [ 50%] [32mBuilding CXX object CMakeFiles/turtlebot4_node_lib.dir/src/main.cpp.o[0m
[1.831s] [ 50%] [32mBuilding CXX object CMakeFiles/turtlebot4_node_lib.dir/src/buttons.cpp.o[0m
[7.778s] [ 62%] [32mBuilding CXX object CMakeFiles/turtlebot4_node_lib.dir/src/leds.cpp.o[0m
[26.498s] [ 75%] [32m[1mLinking CXX static library libturtlebot4_node_lib.a[0m
[28.021s] [ 75%] Built target turtlebot4_node_lib
[28.034s] [ 87%] [32mBuilding CXX object CMakeFiles/turtlebot4_node.dir/src/main.cpp.o[0m
[32.476s] [100%] [32m[1mLinking CXX executable turtlebot4_node[0m
[34.969s] [100%] Built target turtlebot4_node
[34.976s] Invoked command in '/home/abdosalm/Github_repos/SLAM-mapping-Robots/workspace/build/turtlebot4_node' returned '0': CMAKE_PREFIX_PATH=/home/abdosalm/Github_repos/SLAM-mapping-Robots/workspace/install/turtlebot4_msgs:/home/abdosalm/Github_repos/SLAM-mapping-Robots/workspace/install/turtlebot4_simulator:/home/abdosalm/Github_repos/SLAM-mapping-Robots/workspace/install/turtlebot4_ignition_bringup:/home/abdosalm/Github_repos/SLAM-mapping-Robots/workspace/install/turtlebot4_node:/home/abdosalm/Github_repos/SLAM-mapping-Robots/workspace/install/turtlebot4_navigation:/home/abdosalm/Github_repos/SLAM-mapping-Robots/workspace/install/turtlebot4_ignition_toolbox:/home/abdosalm/Github_repos/SLAM-mapping-Robots/workspace/install/turtlebot4_ignition_gui_plugins:/home/abdosalm/Github_repos/SLAM-mapping-Robots/workspace/install/turtlebot4_description:/home/abdosalm/Github_repos/SLAM-mapping-Robots/workspace/install/slam_robots:/opt/ros/humble /usr/bin/cmake --build /home/abdosalm/Github_repos/SLAM-mapping-Robots/workspace/build/turtlebot4_node -- -j16 -l16
[34.998s] Invoking command in '/home/abdosalm/Github_repos/SLAM-mapping-Robots/workspace/build/turtlebot4_node': CMAKE_PREFIX_PATH=/home/abdosalm/Github_repos/SLAM-mapping-Robots/workspace/install/turtlebot4_msgs:/home/abdosalm/Github_repos/SLAM-mapping-Robots/workspace/install/turtlebot4_simulator:/home/abdosalm/Github_repos/SLAM-mapping-Robots/workspace/install/turtlebot4_ignition_bringup:/home/abdosalm/Github_repos/SLAM-mapping-Robots/workspace/install/turtlebot4_node:/home/abdosalm/Github_repos/SLAM-mapping-Robots/workspace/install/turtlebot4_navigation:/home/abdosalm/Github_repos/SLAM-mapping-Robots/workspace/install/turtlebot4_ignition_toolbox:/home/abdosalm/Github_repos/SLAM-mapping-Robots/workspace/install/turtlebot4_ignition_gui_plugins:/home/abdosalm/Github_repos/SLAM-mapping-Robots/workspace/install/turtlebot4_description:/home/abdosalm/Github_repos/SLAM-mapping-Robots/workspace/install/slam_robots:/opt/ros/humble /usr/bin/cmake --install /home/abdosalm/Github_repos/SLAM-mapping-Robots/workspace/build/turtlebot4_node
[35.003s] -- Install configuration: ""
[35.003s] -- Installing: /home/abdosalm/Github_repos/SLAM-mapping-Robots/workspace/install/turtlebot4_node/lib/turtlebot4_node/turtlebot4_node
[35.017s] -- Set runtime path of "/home/abdosalm/Github_repos/SLAM-mapping-Robots/workspace/install/turtlebot4_node/lib/turtlebot4_node/turtlebot4_node" to ""
[35.017s] -- Installing: /home/abdosalm/Github_repos/SLAM-mapping-Robots/workspace/install/turtlebot4_node/include
[35.017s] -- Installing: /home/abdosalm/Github_repos/SLAM-mapping-Robots/workspace/install/turtlebot4_node/include/turtlebot4_node
[35.017s] -- Installing: /home/abdosalm/Github_repos/SLAM-mapping-Robots/workspace/install/turtlebot4_node/include/turtlebot4_node/action.hpp
[35.017s] -- Installing: /home/abdosalm/Github_repos/SLAM-mapping-Robots/workspace/install/turtlebot4_node/include/turtlebot4_node/display.hpp
[35.017s] -- Installing: /home/abdosalm/Github_repos/SLAM-mapping-Robots/workspace/install/turtlebot4_node/include/turtlebot4_node/utils.hpp
[35.017s] -- Installing: /home/abdosalm/Github_repos/SLAM-mapping-Robots/workspace/install/turtlebot4_node/include/turtlebot4_node/service.hpp
[35.017s] -- Installing: /home/abdosalm/Github_repos/SLAM-mapping-Robots/workspace/install/turtlebot4_node/include/turtlebot4_node/turtlebot4.hpp
[35.018s] -- Installing: /home/abdosalm/Github_repos/SLAM-mapping-Robots/workspace/install/turtlebot4_node/include/turtlebot4_node/leds.hpp
[35.018s] -- Installing: /home/abdosalm/Github_repos/SLAM-mapping-Robots/workspace/install/turtlebot4_node/include/turtlebot4_node/buttons.hpp
[35.018s] -- Installing: /home/abdosalm/Github_repos/SLAM-mapping-Robots/workspace/install/turtlebot4_node/share/ament_index/resource_index/package_run_dependencies/turtlebot4_node
[35.018s] -- Installing: /home/abdosalm/Github_repos/SLAM-mapping-Robots/workspace/install/turtlebot4_node/share/ament_index/resource_index/parent_prefix_path/turtlebot4_node
[35.018s] -- Installing: /home/abdosalm/Github_repos/SLAM-mapping-Robots/workspace/install/turtlebot4_node/share/turtlebot4_node/environment/ament_prefix_path.sh
[35.018s] -- Installing: /home/abdosalm/Github_repos/SLAM-mapping-Robots/workspace/install/turtlebot4_node/share/turtlebot4_node/environment/ament_prefix_path.dsv
[35.018s] -- Installing: /home/abdosalm/Github_repos/SLAM-mapping-Robots/workspace/install/turtlebot4_node/share/turtlebot4_node/environment/path.sh
[35.018s] -- Installing: /home/abdosalm/Github_repos/SLAM-mapping-Robots/workspace/install/turtlebot4_node/share/turtlebot4_node/environment/path.dsv
[35.018s] -- Installing: /home/abdosalm/Github_repos/SLAM-mapping-Robots/workspace/install/turtlebot4_node/share/turtlebot4_node/local_setup.bash
[35.018s] -- Installing: /home/abdosalm/Github_repos/SLAM-mapping-Robots/workspace/install/turtlebot4_node/share/turtlebot4_node/local_setup.sh
[35.018s] -- Installing: /home/abdosalm/Github_repos/SLAM-mapping-Robots/workspace/install/turtlebot4_node/share/turtlebot4_node/local_setup.zsh
[35.018s] -- Installing: /home/abdosalm/Github_repos/SLAM-mapping-Robots/workspace/install/turtlebot4_node/share/turtlebot4_node/local_setup.dsv
[35.018s] -- Installing: /home/abdosalm/Github_repos/SLAM-mapping-Robots/workspace/install/turtlebot4_node/share/turtlebot4_node/package.dsv
[35.019s] -- Installing: /home/abdosalm/Github_repos/SLAM-mapping-Robots/workspace/install/turtlebot4_node/share/ament_index/resource_index/packages/turtlebot4_node
[35.019s] -- Installing: /home/abdosalm/Github_repos/SLAM-mapping-Robots/workspace/install/turtlebot4_node/share/turtlebot4_node/cmake/ament_cmake_export_include_directories-extras.cmake
[35.019s] -- Installing: /home/abdosalm/Github_repos/SLAM-mapping-Robots/workspace/install/turtlebot4_node/share/turtlebot4_node/cmake/turtlebot4_nodeConfig.cmake
[35.019s] -- Installing: /home/abdosalm/Github_repos/SLAM-mapping-Robots/workspace/install/turtlebot4_node/share/turtlebot4_node/cmake/turtlebot4_nodeConfig-version.cmake
[35.019s] -- Installing: /home/abdosalm/Github_repos/SLAM-mapping-Robots/workspace/install/turtlebot4_node/share/turtlebot4_node/package.xml
[35.020s] Invoked command in '/home/abdosalm/Github_repos/SLAM-mapping-Robots/workspace/build/turtlebot4_node' returned '0': CMAKE_PREFIX_PATH=/home/abdosalm/Github_repos/SLAM-mapping-Robots/workspace/install/turtlebot4_msgs:/home/abdosalm/Github_repos/SLAM-mapping-Robots/workspace/install/turtlebot4_simulator:/home/abdosalm/Github_repos/SLAM-mapping-Robots/workspace/install/turtlebot4_ignition_bringup:/home/abdosalm/Github_repos/SLAM-mapping-Robots/workspace/install/turtlebot4_node:/home/abdosalm/Github_repos/SLAM-mapping-Robots/workspace/install/turtlebot4_navigation:/home/abdosalm/Github_repos/SLAM-mapping-Robots/workspace/install/turtlebot4_ignition_toolbox:/home/abdosalm/Github_repos/SLAM-mapping-Robots/workspace/install/turtlebot4_ignition_gui_plugins:/home/abdosalm/Github_repos/SLAM-mapping-Robots/workspace/install/turtlebot4_description:/home/abdosalm/Github_repos/SLAM-mapping-Robots/workspace/install/slam_robots:/opt/ros/humble /usr/bin/cmake --install /home/abdosalm/Github_repos/SLAM-mapping-Robots/workspace/build/turtlebot4_node
