[0.169s] Invoking command in '/home/abdosalm/Github_repos/SLAM-mapping-Robots/workspace/build/turtlebot4_description': CMAKE_PREFIX_PATH=/opt/ros/humble /usr/bin/cmake /home/abdosalm/Github_repos/SLAM-mapping-Robots/workspace/src/turtlebot4/turtlebot4_description -DCMAKE_INSTALL_PREFIX=/home/abdosalm/Github_repos/SLAM-mapping-Robots/workspace/install/turtlebot4_description
[0.313s] -- The C compiler identification is GNU 11.4.0
[0.581s] -- The CXX compiler identification is GNU 11.4.0
[0.612s] -- Detecting C compiler ABI info
[0.853s] -- Detecting C compiler ABI info - done
[0.898s] -- Check for working C compiler: /usr/bin/cc - skipped
[0.900s] -- Detecting C compile features
[0.902s] -- Detecting C compile features - done
[0.921s] -- Detecting CXX compiler ABI info
[1.220s] -- Detecting CXX compiler ABI info - done
[1.254s] -- Check for working CXX compiler: /usr/bin/c++ - skipped
[1.256s] -- Detecting CXX compile features
[1.258s] -- Detecting CXX compile features - done
[1.268s] -- Found ament_cmake: 1.3.5 (/opt/ros/humble/share/ament_cmake/cmake)
[1.921s] -- Found Python3: /usr/bin/python3.10 (found version "3.10.12") found components: Interpreter 
[2.007s] -- Found urdf: 2.6.0 (/opt/ros/humble/share/urdf/cmake)
[2.071s] -- Found irobot_create_description: 2.1.0 (/opt/ros/humble/share/irobot_create_description/cmake)
[2.072s] -- Found ament_lint_auto: 0.12.8 (/opt/ros/humble/share/ament_lint_auto/cmake)
[2.133s] -- Added test 'copyright' to check source files copyright and LICENSE
[2.135s] -- Added test 'flake8' to check Python code syntax and style conventions
[2.136s] -- Added test 'lint_cmake' to check CMake code style
[2.136s] -- Added test 'pep257' to check Python code against some of the docstring style conventions in PEP 257
[2.138s] -- Added test 'xmllint' to check XML markup files
[2.138s] -- Configuring done
[2.141s] -- Generating done
[2.141s] -- Build files have been written to: /home/abdosalm/Github_repos/SLAM-mapping-Robots/workspace/build/turtlebot4_description
[2.146s] Invoked command in '/home/abdosalm/Github_repos/SLAM-mapping-Robots/workspace/build/turtlebot4_description' returned '0': CMAKE_PREFIX_PATH=/opt/ros/humble /usr/bin/cmake /home/abdosalm/Github_repos/SLAM-mapping-Robots/workspace/src/turtlebot4/turtlebot4_description -DCMAKE_INSTALL_PREFIX=/home/abdosalm/Github_repos/SLAM-mapping-Robots/workspace/install/turtlebot4_description
[2.147s] Invoking command in '/home/abdosalm/Github_repos/SLAM-mapping-Robots/workspace/build/turtlebot4_description': CMAKE_PREFIX_PATH=/opt/ros/humble /usr/bin/cmake --build /home/abdosalm/Github_repos/SLAM-mapping-Robots/workspace/build/turtlebot4_description -- -j16 -l16
[2.171s] Invoked command in '/home/abdosalm/Github_repos/SLAM-mapping-Robots/workspace/build/turtlebot4_description' returned '0': CMAKE_PREFIX_PATH=/opt/ros/humble /usr/bin/cmake --build /home/abdosalm/Github_repos/SLAM-mapping-Robots/workspace/build/turtlebot4_description -- -j16 -l16
[2.191s] Invoking command in '/home/abdosalm/Github_repos/SLAM-mapping-Robots/workspace/build/turtlebot4_description': CMAKE_PREFIX_PATH=/opt/ros/humble /usr/bin/cmake --install /home/abdosalm/Github_repos/SLAM-mapping-Robots/workspace/build/turtlebot4_description
[2.196s] -- Install configuration: ""
[2.196s] -- Installing: /home/abdosalm/Github_repos/SLAM-mapping-Robots/workspace/install/turtlebot4_description/share/turtlebot4_description/launch
[2.196s] -- Installing: /home/abdosalm/Github_repos/SLAM-mapping-Robots/workspace/install/turtlebot4_description/share/turtlebot4_description/launch/robot_description.launch.py
[2.196s] -- Installing: /home/abdosalm/Github_repos/SLAM-mapping-Robots/workspace/install/turtlebot4_description/share/turtlebot4_description/meshes
[2.196s] -- Installing: /home/abdosalm/Github_repos/SLAM-mapping-Robots/workspace/install/turtlebot4_description/share/turtlebot4_description/meshes/rplidar.dae
[2.197s] -- Installing: /home/abdosalm/Github_repos/SLAM-mapping-Robots/workspace/install/turtlebot4_description/share/turtlebot4_description/meshes/tower_sensor_plate.dae
[2.197s] -- Installing: /home/abdosalm/Github_repos/SLAM-mapping-Robots/workspace/install/turtlebot4_description/share/turtlebot4_description/meshes/tower_standoff.dae
[2.197s] -- Installing: /home/abdosalm/Github_repos/SLAM-mapping-Robots/workspace/install/turtlebot4_description/share/turtlebot4_description/meshes/tower.dae
[2.198s] -- Installing: /home/abdosalm/Github_repos/SLAM-mapping-Robots/workspace/install/turtlebot4_description/share/turtlebot4_description/meshes/shell_collision.dae
[2.201s] -- Installing: /home/abdosalm/Github_repos/SLAM-mapping-Robots/workspace/install/turtlebot4_description/share/turtlebot4_description/meshes/weight_block.dae
[2.201s] -- Installing: /home/abdosalm/Github_repos/SLAM-mapping-Robots/workspace/install/turtlebot4_description/share/turtlebot4_description/meshes/oakd_pro.dae
[2.210s] -- Installing: /home/abdosalm/Github_repos/SLAM-mapping-Robots/workspace/install/turtlebot4_description/share/turtlebot4_description/meshes/oakd_lite.dae
[2.217s] -- Installing: /home/abdosalm/Github_repos/SLAM-mapping-Robots/workspace/install/turtlebot4_description/share/turtlebot4_description/meshes/shell.dae
[2.222s] -- Installing: /home/abdosalm/Github_repos/SLAM-mapping-Robots/workspace/install/turtlebot4_description/share/turtlebot4_description/meshes/camera_bracket.dae
[2.222s] -- Installing: /home/abdosalm/Github_repos/SLAM-mapping-Robots/workspace/install/turtlebot4_description/share/turtlebot4_description/urdf
[2.222s] -- Installing: /home/abdosalm/Github_repos/SLAM-mapping-Robots/workspace/install/turtlebot4_description/share/turtlebot4_description/urdf/standard
[2.222s] -- Installing: /home/abdosalm/Github_repos/SLAM-mapping-Robots/workspace/install/turtlebot4_description/share/turtlebot4_description/urdf/standard/weight_block.urdf.xacro
[2.222s] -- Installing: /home/abdosalm/Github_repos/SLAM-mapping-Robots/workspace/install/turtlebot4_description/share/turtlebot4_description/urdf/standard/tower_standoff.urdf.xacro
[2.222s] -- Installing: /home/abdosalm/Github_repos/SLAM-mapping-Robots/workspace/install/turtlebot4_description/share/turtlebot4_description/urdf/standard/turtlebot4.urdf.xacro
[2.223s] -- Installing: /home/abdosalm/Github_repos/SLAM-mapping-Robots/workspace/install/turtlebot4_description/share/turtlebot4_description/urdf/standard/tower_sensor_plate.urdf.xacro
[2.223s] -- Installing: /home/abdosalm/Github_repos/SLAM-mapping-Robots/workspace/install/turtlebot4_description/share/turtlebot4_description/urdf/lite
[2.223s] -- Installing: /home/abdosalm/Github_repos/SLAM-mapping-Robots/workspace/install/turtlebot4_description/share/turtlebot4_description/urdf/lite/turtlebot4.urdf.xacro
[2.223s] -- Installing: /home/abdosalm/Github_repos/SLAM-mapping-Robots/workspace/install/turtlebot4_description/share/turtlebot4_description/urdf/sensors
[2.223s] -- Installing: /home/abdosalm/Github_repos/SLAM-mapping-Robots/workspace/install/turtlebot4_description/share/turtlebot4_description/urdf/sensors/rplidar.urdf.xacro
[2.223s] -- Installing: /home/abdosalm/Github_repos/SLAM-mapping-Robots/workspace/install/turtlebot4_description/share/turtlebot4_description/urdf/sensors/oakd.urdf.xacro
[2.223s] -- Installing: /home/abdosalm/Github_repos/SLAM-mapping-Robots/workspace/install/turtlebot4_description/share/turtlebot4_description/urdf/sensors/camera_bracket.urdf.xacro
[2.223s] -- Installing: /home/abdosalm/Github_repos/SLAM-mapping-Robots/workspace/install/turtlebot4_description/share/ament_index/resource_index/package_run_dependencies/turtlebot4_description
[2.223s] -- Installing: /home/abdosalm/Github_repos/SLAM-mapping-Robots/workspace/install/turtlebot4_description/share/ament_index/resource_index/parent_prefix_path/turtlebot4_description
[2.223s] -- Installing: /home/abdosalm/Github_repos/SLAM-mapping-Robots/workspace/install/turtlebot4_description/share/turtlebot4_description/environment/ament_prefix_path.sh
[2.223s] -- Installing: /home/abdosalm/Github_repos/SLAM-mapping-Robots/workspace/install/turtlebot4_description/share/turtlebot4_description/environment/ament_prefix_path.dsv
[2.223s] -- Installing: /home/abdosalm/Github_repos/SLAM-mapping-Robots/workspace/install/turtlebot4_description/share/turtlebot4_description/environment/path.sh
[2.223s] -- Installing: /home/abdosalm/Github_repos/SLAM-mapping-Robots/workspace/install/turtlebot4_description/share/turtlebot4_description/environment/path.dsv
[2.223s] -- Installing: /home/abdosalm/Github_repos/SLAM-mapping-Robots/workspace/install/turtlebot4_description/share/turtlebot4_description/local_setup.bash
[2.223s] -- Installing: /home/abdosalm/Github_repos/SLAM-mapping-Robots/workspace/install/turtlebot4_description/share/turtlebot4_description/local_setup.sh
[2.224s] -- Installing: /home/abdosalm/Github_repos/SLAM-mapping-Robots/workspace/install/turtlebot4_description/share/turtlebot4_description/local_setup.zsh
[2.224s] -- Installing: /home/abdosalm/Github_repos/SLAM-mapping-Robots/workspace/install/turtlebot4_description/share/turtlebot4_description/local_setup.dsv
[2.224s] -- Installing: /home/abdosalm/Github_repos/SLAM-mapping-Robots/workspace/install/turtlebot4_description/share/turtlebot4_description/package.dsv
[2.224s] -- Installing: /home/abdosalm/Github_repos/SLAM-mapping-Robots/workspace/install/turtlebot4_description/share/ament_index/resource_index/packages/turtlebot4_description
[2.224s] -- Installing: /home/abdosalm/Github_repos/SLAM-mapping-Robots/workspace/install/turtlebot4_description/share/turtlebot4_description/cmake/turtlebot4_descriptionConfig.cmake
[2.224s] -- Installing: /home/abdosalm/Github_repos/SLAM-mapping-Robots/workspace/install/turtlebot4_description/share/turtlebot4_description/cmake/turtlebot4_descriptionConfig-version.cmake
[2.224s] -- Installing: /home/abdosalm/Github_repos/SLAM-mapping-Robots/workspace/install/turtlebot4_description/share/turtlebot4_description/package.xml
[2.226s] Invoked command in '/home/abdosalm/Github_repos/SLAM-mapping-Robots/workspace/build/turtlebot4_description' returned '0': CMAKE_PREFIX_PATH=/opt/ros/humble /usr/bin/cmake --install /home/abdosalm/Github_repos/SLAM-mapping-Robots/workspace/build/turtlebot4_description
