[0.262s] Invoking command in '/home/abdosalm/Github_repos/SLAM-mapping-Robots/workspace/build/turtlebot3_navigation2': CMAKE_PREFIX_PATH=/opt/ros/humble /usr/bin/cmake /home/abdosalm/Github_repos/SLAM-mapping-Robots/workspace/src/turtlebot3/turtlebot3_navigation2 -DCMAKE_INSTALL_PREFIX=/home/abdosalm/Github_repos/SLAM-mapping-Robots/workspace/install/turtlebot3_navigation2
[1.025s] -- The C compiler identification is GNU 11.4.0
[1.025s] -- The CXX compiler identification is GNU 11.4.0
[1.025s] -- Detecting C compiler ABI info
[1.025s] -- Detecting C compiler ABI info - done
[1.025s] -- Check for working C compiler: /usr/bin/cc - skipped
[1.026s] -- Detecting C compile features
[1.026s] -- Detecting C compile features - done
[1.026s] -- Detecting CXX compiler ABI info
[1.026s] -- Detecting CXX compiler ABI info - done
[1.026s] -- Check for working CXX compiler: /usr/bin/c++ - skipped
[1.026s] -- Detecting CXX compile features
[1.026s] -- Detecting CXX compile features - done
[1.026s] -- Found ament_cmake: 1.3.5 (/opt/ros/humble/share/ament_cmake/cmake)
[1.027s] -- Found Python3: /usr/bin/python3.10 (found version "3.10.12") found components: Interpreter 
[1.060s] -- Configuring done
[1.064s] -- Generating done
[1.064s] -- Build files have been written to: /home/abdosalm/Github_repos/SLAM-mapping-Robots/workspace/build/turtlebot3_navigation2
[1.072s] Invoked command in '/home/abdosalm/Github_repos/SLAM-mapping-Robots/workspace/build/turtlebot3_navigation2' returned '0': CMAKE_PREFIX_PATH=/opt/ros/humble /usr/bin/cmake /home/abdosalm/Github_repos/SLAM-mapping-Robots/workspace/src/turtlebot3/turtlebot3_navigation2 -DCMAKE_INSTALL_PREFIX=/home/abdosalm/Github_repos/SLAM-mapping-Robots/workspace/install/turtlebot3_navigation2
[1.073s] Invoking command in '/home/abdosalm/Github_repos/SLAM-mapping-Robots/workspace/build/turtlebot3_navigation2': CMAKE_PREFIX_PATH=/opt/ros/humble /usr/bin/cmake --build /home/abdosalm/Github_repos/SLAM-mapping-Robots/workspace/build/turtlebot3_navigation2 -- -j16 -l16
[1.251s] Invoked command in '/home/abdosalm/Github_repos/SLAM-mapping-Robots/workspace/build/turtlebot3_navigation2' returned '0': CMAKE_PREFIX_PATH=/opt/ros/humble /usr/bin/cmake --build /home/abdosalm/Github_repos/SLAM-mapping-Robots/workspace/build/turtlebot3_navigation2 -- -j16 -l16
[1.366s] Invoking command in '/home/abdosalm/Github_repos/SLAM-mapping-Robots/workspace/build/turtlebot3_navigation2': CMAKE_PREFIX_PATH=/opt/ros/humble /usr/bin/cmake --install /home/abdosalm/Github_repos/SLAM-mapping-Robots/workspace/build/turtlebot3_navigation2
[1.754s] -- Install configuration: ""
[1.755s] -- Installing: /home/abdosalm/Github_repos/SLAM-mapping-Robots/workspace/install/turtlebot3_navigation2/share/turtlebot3_navigation2/launch
[1.755s] -- Installing: /home/abdosalm/Github_repos/SLAM-mapping-Robots/workspace/install/turtlebot3_navigation2/share/turtlebot3_navigation2/launch/navigation2.launch.py
[1.755s] -- Installing: /home/abdosalm/Github_repos/SLAM-mapping-Robots/workspace/install/turtlebot3_navigation2/share/turtlebot3_navigation2/map
[1.755s] -- Installing: /home/abdosalm/Github_repos/SLAM-mapping-Robots/workspace/install/turtlebot3_navigation2/share/turtlebot3_navigation2/map/map.yaml
[1.756s] -- Installing: /home/abdosalm/Github_repos/SLAM-mapping-Robots/workspace/install/turtlebot3_navigation2/share/turtlebot3_navigation2/map/map.pgm
[1.756s] -- Installing: /home/abdosalm/Github_repos/SLAM-mapping-Robots/workspace/install/turtlebot3_navigation2/share/turtlebot3_navigation2/param
[1.756s] -- Installing: /home/abdosalm/Github_repos/SLAM-mapping-Robots/workspace/install/turtlebot3_navigation2/share/turtlebot3_navigation2/param/burger.yaml
[1.756s] -- Installing: /home/abdosalm/Github_repos/SLAM-mapping-Robots/workspace/install/turtlebot3_navigation2/share/turtlebot3_navigation2/param/waffle_pi.yaml
[1.756s] -- Installing: /home/abdosalm/Github_repos/SLAM-mapping-Robots/workspace/install/turtlebot3_navigation2/share/turtlebot3_navigation2/param/waffle.yaml
[1.756s] -- Installing: /home/abdosalm/Github_repos/SLAM-mapping-Robots/workspace/install/turtlebot3_navigation2/share/turtlebot3_navigation2/rviz
[1.757s] -- Installing: /home/abdosalm/Github_repos/SLAM-mapping-Robots/workspace/install/turtlebot3_navigation2/share/turtlebot3_navigation2/rviz/tb3_navigation2.rviz
[1.758s] -- Installing: /home/abdosalm/Github_repos/SLAM-mapping-Robots/workspace/install/turtlebot3_navigation2/share/ament_index/resource_index/package_run_dependencies/turtlebot3_navigation2
[1.758s] -- Installing: /home/abdosalm/Github_repos/SLAM-mapping-Robots/workspace/install/turtlebot3_navigation2/share/ament_index/resource_index/parent_prefix_path/turtlebot3_navigation2
[1.758s] -- Installing: /home/abdosalm/Github_repos/SLAM-mapping-Robots/workspace/install/turtlebot3_navigation2/share/turtlebot3_navigation2/environment/ament_prefix_path.sh
[1.758s] -- Installing: /home/abdosalm/Github_repos/SLAM-mapping-Robots/workspace/install/turtlebot3_navigation2/share/turtlebot3_navigation2/environment/ament_prefix_path.dsv
[1.758s] -- Installing: /home/abdosalm/Github_repos/SLAM-mapping-Robots/workspace/install/turtlebot3_navigation2/share/turtlebot3_navigation2/environment/path.sh
[1.758s] -- Installing: /home/abdosalm/Github_repos/SLAM-mapping-Robots/workspace/install/turtlebot3_navigation2/share/turtlebot3_navigation2/environment/path.dsv
[1.758s] -- Installing: /home/abdosalm/Github_repos/SLAM-mapping-Robots/workspace/install/turtlebot3_navigation2/share/turtlebot3_navigation2/local_setup.bash
[1.758s] -- Installing: /home/abdosalm/Github_repos/SLAM-mapping-Robots/workspace/install/turtlebot3_navigation2/share/turtlebot3_navigation2/local_setup.sh
[1.758s] -- Installing: /home/abdosalm/Github_repos/SLAM-mapping-Robots/workspace/install/turtlebot3_navigation2/share/turtlebot3_navigation2/local_setup.zsh
[1.758s] -- Installing: /home/abdosalm/Github_repos/SLAM-mapping-Robots/workspace/install/turtlebot3_navigation2/share/turtlebot3_navigation2/local_setup.dsv
[1.758s] -- Installing: /home/abdosalm/Github_repos/SLAM-mapping-Robots/workspace/install/turtlebot3_navigation2/share/turtlebot3_navigation2/package.dsv
[1.758s] -- Installing: /home/abdosalm/Github_repos/SLAM-mapping-Robots/workspace/install/turtlebot3_navigation2/share/ament_index/resource_index/packages/turtlebot3_navigation2
[1.759s] -- Installing: /home/abdosalm/Github_repos/SLAM-mapping-Robots/workspace/install/turtlebot3_navigation2/share/turtlebot3_navigation2/cmake/turtlebot3_navigation2Config.cmake
[1.759s] -- Installing: /home/abdosalm/Github_repos/SLAM-mapping-Robots/workspace/install/turtlebot3_navigation2/share/turtlebot3_navigation2/cmake/turtlebot3_navigation2Config-version.cmake
[1.759s] -- Installing: /home/abdosalm/Github_repos/SLAM-mapping-Robots/workspace/install/turtlebot3_navigation2/share/turtlebot3_navigation2/package.xml
[1.763s] Invoked command in '/home/abdosalm/Github_repos/SLAM-mapping-Robots/workspace/build/turtlebot3_navigation2' returned '0': CMAKE_PREFIX_PATH=/opt/ros/humble /usr/bin/cmake --install /home/abdosalm/Github_repos/SLAM-mapping-Robots/workspace/build/turtlebot3_navigation2
