-- The C compiler identification is GNU 11.4.0
-- The CXX compiler identification is GNU 11.4.0
-- Detecting C compiler ABI info
-- Detecting C compiler ABI info - done
-- Check for working C compiler: /usr/bin/cc - skipped
-- Detecting C compile features
-- Detecting C compile features - done
-- Detecting CXX compiler ABI info
-- Detecting CXX compiler ABI info - done
-- Check for working CXX compiler: /usr/bin/c++ - skipped
-- Detecting CXX compile features
-- Detecting CXX compile features - done
-- Found ament_cmake: 1.3.5 (/opt/ros/humble/share/ament_cmake/cmake)
-- Found Python3: /usr/bin/python3.10 (found version "3.10.12") found components: Interpreter 
-- Found ament_lint_auto: 0.12.8 (/opt/ros/humble/share/ament_lint_auto/cmake)
-- Looking for ignition-gui6 -- found version 6.8.0
-- Searching for dependencies of ignition-gui6
-- Found Protobuf: /usr/lib/x86_64-linux-gnu/libprotobuf.so (found suitable version "3.12.4", minimum required is "3") 
-- Checking for module 'tinyxml2'
--   Found tinyxml2, version 9.0.0
-- Looking for ignition-math6 -- found version 6.15.0
-- Searching for dependencies of ignition-math6
-- Looking for ignition-common4 -- found version 4.7.0
-- Searching for dependencies of ignition-common4
-- Looking for dlfcn.h - found
-- Looking for libdl - found
-- Found DL: TRUE  
-- Checking for module 'uuid'
--   Found uuid, version 2.37.2
-- Found UUID: TRUE  
-- Searching for <ignition-common4> component [profiler]
-- Looking for ignition-common4-profiler -- found version 4.7.0
-- Searching for dependencies of ignition-common4-profiler
-- Looking for ignition-plugin1 -- found version 1.4.0
-- Searching for dependencies of ignition-plugin1
-- Searching for <ignition-plugin1> component [loader]
-- Looking for ignition-plugin1-loader -- found version 1.4.0
-- Searching for dependencies of ignition-plugin1-loader
-- Searching for <ignition-plugin1> component [register]
-- Looking for ignition-plugin1-register -- found version 1.4.0
-- Searching for dependencies of ignition-plugin1-register
-- Looking for ignition-transport11 -- found version 11.4.1
-- Searching for dependencies of ignition-transport11
-- Found Protobuf: /usr/lib/x86_64-linux-gnu/libprotobuf.so (found version "3.12.4") 
-- Config-file not installed for ZeroMQ -- checking for pkg-config
-- Checking for module 'libzmq >= 4'
--   Found libzmq , version 4.3.4
-- Found ZeroMQ: TRUE (Required is at least version "4") 
-- Looking for ignition-utils1 -- found version 1.5.1
-- Searching for dependencies of ignition-utils1
-- Searching for <ignition-utils1> component [cli]
-- Looking for ignition-utils1-cli -- found version 1.5.1
-- Searching for dependencies of ignition-utils1-cli
-- Looking for ignition-msgs8 -- found version 8.7.0
-- Searching for dependencies of ignition-msgs8
-- Found Protobuf: /usr/lib/x86_64-linux-gnu/libprotobuf.so (found suitable version "3.12.4", minimum required is "3") 
-- Looking for ignition-math6 -- found version 6.15.0
-- Looking for ignition-rendering6 -- found version 6.6.2
-- Searching for dependencies of ignition-rendering6
-- Looking for ignition-math6 -- found version 6.15.0
-- Searching for dependencies of ignition-math6
-- Searching for <ignition-math6> component [eigen3]
-- Looking for ignition-math6-eigen3 -- found version 6.15.0
-- Searching for dependencies of ignition-math6-eigen3
-- Looking for ignition-common4 -- found version 4.7.0
-- Searching for dependencies of ignition-common4
-- Looking for dlfcn.h - found
-- Looking for libdl - found
-- Searching for <ignition-common4> component [graphics]
-- Looking for ignition-common4-graphics -- found version 4.7.0
-- Searching for dependencies of ignition-common4-graphics
-- Looking for ignition-math6 -- found version 6.15.0
-- Looking for ignition-utils1 -- found version 1.5.1
-- Searching for <ignition-common4> component [events]
-- Looking for ignition-common4-events -- found version 4.7.0
-- Searching for dependencies of ignition-common4-events
-- Looking for ignition-math6 -- found version 6.15.0
-- Looking for ignition-plugin1 -- found version 1.4.0
-- Searching for dependencies of ignition-plugin1
-- Searching for <ignition-plugin1> component [all]
-- Looking for all libraries of ignition-plugin1 -- found version 1.4.0
-- Looking for ignition-plugin1 -- found version 1.4.0
-- Looking for ignition-msgs8 -- found version 8.7.0
-- Looking for ignition-common4 -- found version 4.7.0
-- Added test 'cppcheck' to perform static code analysis on C / C++ code
-- Configured cppcheck include dirs: 
-- Configured cppcheck exclude dirs and/or files: 
-- Added test 'cpplint' to check C / C++ code against the Google style
-- Configured cpplint exclude dirs and/or files: 
-- Added test 'lint_cmake' to check CMake code style
-- Added test 'xmllint' to check XML markup files
-- Configuring done
-- Generating done
-- Build files have been written to: /home/abdosalm/Github_repos/SLAM-mapping-Robots/workspace/build/turtlebot4_ignition_gui_plugins
[ 16%] [34m[1mAutomatic MOC for target Turtlebot4Hmi[0m
[ 16%] Built target Turtlebot4Hmi_autogen
[ 33%] [34m[1mGenerating qrc_Turtlebot4Hmi.cpp[0m
[ 66%] [32mBuilding CXX object Turtlebot4Hmi/CMakeFiles/Turtlebot4Hmi.dir/Turtlebot4Hmi.cc.o[0m
[ 66%] [32mBuilding CXX object Turtlebot4Hmi/CMakeFiles/Turtlebot4Hmi.dir/qrc_Turtlebot4Hmi.cpp.o[0m
[ 83%] [32mBuilding CXX object Turtlebot4Hmi/CMakeFiles/Turtlebot4Hmi.dir/Turtlebot4Hmi_autogen/mocs_compilation.cpp.o[0m
[100%] [32m[1mLinking CXX shared library libTurtlebot4Hmi.so[0m
[100%] Built target Turtlebot4Hmi
-- Install configuration: ""
-- Installing: /home/abdosalm/Github_repos/SLAM-mapping-Robots/workspace/install/turtlebot4_ignition_gui_plugins/share/ament_index/resource_index/package_run_dependencies/turtlebot4_ignition_gui_plugins
-- Installing: /home/abdosalm/Github_repos/SLAM-mapping-Robots/workspace/install/turtlebot4_ignition_gui_plugins/share/ament_index/resource_index/parent_prefix_path/turtlebot4_ignition_gui_plugins
-- Installing: /home/abdosalm/Github_repos/SLAM-mapping-Robots/workspace/install/turtlebot4_ignition_gui_plugins/share/turtlebot4_ignition_gui_plugins/environment/ament_prefix_path.sh
-- Installing: /home/abdosalm/Github_repos/SLAM-mapping-Robots/workspace/install/turtlebot4_ignition_gui_plugins/share/turtlebot4_ignition_gui_plugins/environment/ament_prefix_path.dsv
-- Installing: /home/abdosalm/Github_repos/SLAM-mapping-Robots/workspace/install/turtlebot4_ignition_gui_plugins/share/turtlebot4_ignition_gui_plugins/environment/path.sh
-- Installing: /home/abdosalm/Github_repos/SLAM-mapping-Robots/workspace/install/turtlebot4_ignition_gui_plugins/share/turtlebot4_ignition_gui_plugins/environment/path.dsv
-- Installing: /home/abdosalm/Github_repos/SLAM-mapping-Robots/workspace/install/turtlebot4_ignition_gui_plugins/share/turtlebot4_ignition_gui_plugins/local_setup.bash
-- Installing: /home/abdosalm/Github_repos/SLAM-mapping-Robots/workspace/install/turtlebot4_ignition_gui_plugins/share/turtlebot4_ignition_gui_plugins/local_setup.sh
-- Installing: /home/abdosalm/Github_repos/SLAM-mapping-Robots/workspace/install/turtlebot4_ignition_gui_plugins/share/turtlebot4_ignition_gui_plugins/local_setup.zsh
-- Installing: /home/abdosalm/Github_repos/SLAM-mapping-Robots/workspace/install/turtlebot4_ignition_gui_plugins/share/turtlebot4_ignition_gui_plugins/local_setup.dsv
-- Installing: /home/abdosalm/Github_repos/SLAM-mapping-Robots/workspace/install/turtlebot4_ignition_gui_plugins/share/turtlebot4_ignition_gui_plugins/package.dsv
-- Installing: /home/abdosalm/Github_repos/SLAM-mapping-Robots/workspace/install/turtlebot4_ignition_gui_plugins/share/ament_index/resource_index/packages/turtlebot4_ignition_gui_plugins
-- Installing: /home/abdosalm/Github_repos/SLAM-mapping-Robots/workspace/install/turtlebot4_ignition_gui_plugins/share/turtlebot4_ignition_gui_plugins/cmake/turtlebot4_ignition_gui_pluginsConfig.cmake
-- Installing: /home/abdosalm/Github_repos/SLAM-mapping-Robots/workspace/install/turtlebot4_ignition_gui_plugins/share/turtlebot4_ignition_gui_plugins/cmake/turtlebot4_ignition_gui_pluginsConfig-version.cmake
-- Installing: /home/abdosalm/Github_repos/SLAM-mapping-Robots/workspace/install/turtlebot4_ignition_gui_plugins/share/turtlebot4_ignition_gui_plugins/package.xml
-- Installing: /home/abdosalm/Github_repos/SLAM-mapping-Robots/workspace/install/turtlebot4_ignition_gui_plugins/share/turtlebot4_ignition_gui_plugins/lib/libTurtlebot4Hmi.so
