[0.239s] Invoking command in '/home/abdosalm/Github_repos/SLAM-mapping-Robots/workspace/build/turtlebot4_ignition_gui_plugins': CMAKE_PREFIX_PATH=/opt/ros/humble /usr/bin/cmake /home/abdosalm/Github_repos/SLAM-mapping-Robots/workspace/src/turtlebot4/turtlebot4_ignition_gui_plugins -DCMAKE_INSTALL_PREFIX=/home/abdosalm/Github_repos/SLAM-mapping-Robots/workspace/install/turtlebot4_ignition_gui_plugins
[0.281s] -- The C compiler identification is GNU 11.4.0
[0.321s] -- The CXX compiler identification is GNU 11.4.0
[0.328s] -- Detecting C compiler ABI info
[0.383s] -- Detecting C compiler ABI info - done
[0.391s] -- Check for working C compiler: /usr/bin/cc - skipped
[0.392s] -- Detecting C compile features
[0.392s] -- Detecting C compile features - done
[0.394s] -- Detecting CXX compiler ABI info
[0.465s] -- Detecting CXX compiler ABI info - done
[0.472s] -- Check for working CXX compiler: /usr/bin/c++ - skipped
[0.472s] -- Detecting CXX compile features
[0.473s] -- Detecting CXX compile features - done
[0.475s] -- Found ament_cmake: 1.3.5 (/opt/ros/humble/share/ament_cmake/cmake)
[0.628s] -- Found Python3: /usr/bin/python3.10 (found version "3.10.12") found components: Interpreter 
[0.723s] -- Found ament_lint_auto: 0.12.8 (/opt/ros/humble/share/ament_lint_auto/cmake)
[0.867s] -- Looking for ignition-gui6 -- found version 6.8.0
[0.878s] -- Searching for dependencies of ignition-gui6
[1.040s] -- Found Protobuf: /usr/lib/x86_64-linux-gnu/libprotobuf.so (found suitable version "3.12.4", minimum required is "3") 
[1.045s] -- Checking for module 'tinyxml2'
[1.056s] --   Found tinyxml2, version 9.0.0
[1.086s] -- Looking for ignition-math6 -- found version 6.15.0
[1.086s] -- Searching for dependencies of ignition-math6
[1.090s] -- Looking for ignition-common4 -- found version 4.7.0
[1.090s] -- Searching for dependencies of ignition-common4
[1.091s] -- Looking for dlfcn.h - found
[1.092s] -- Looking for libdl - found
[1.093s] -- Found DL: TRUE  
[1.097s] -- Checking for module 'uuid'
[1.107s] --   Found uuid, version 2.37.2
[1.133s] -- Found UUID: TRUE  
[1.134s] -- Searching for <ignition-common4> component [profiler]
[1.137s] -- Looking for ignition-common4-profiler -- found version 4.7.0
[1.137s] -- Searching for dependencies of ignition-common4-profiler
[1.143s] -- Looking for ignition-plugin1 -- found version 1.4.0
[1.144s] -- Searching for dependencies of ignition-plugin1
[1.145s] -- Searching for <ignition-plugin1> component [loader]
[1.148s] -- Looking for ignition-plugin1-loader -- found version 1.4.0
[1.149s] -- Searching for dependencies of ignition-plugin1-loader
[1.150s] -- Searching for <ignition-plugin1> component [register]
[1.154s] -- Looking for ignition-plugin1-register -- found version 1.4.0
[1.155s] -- Searching for dependencies of ignition-plugin1-register
[1.159s] -- Looking for ignition-transport11 -- found version 11.4.1
[1.160s] -- Searching for dependencies of ignition-transport11
[1.183s] -- Found Protobuf: /usr/lib/x86_64-linux-gnu/libprotobuf.so (found version "3.12.4") 
[1.197s] -- Config-file not installed for ZeroMQ -- checking for pkg-config
[1.202s] -- Checking for module 'libzmq >= 4'
[1.217s] --   Found libzmq , version 4.3.4
[1.251s] -- Found ZeroMQ: TRUE (Required is at least version "4") 
[1.264s] -- Looking for ignition-utils1 -- found version 1.5.1
[1.265s] -- Searching for dependencies of ignition-utils1
[1.266s] -- Searching for <ignition-utils1> component [cli]
[1.270s] -- Looking for ignition-utils1-cli -- found version 1.5.1
[1.270s] -- Searching for dependencies of ignition-utils1-cli
[1.274s] -- Looking for ignition-msgs8 -- found version 8.7.0
[1.274s] -- Searching for dependencies of ignition-msgs8
[1.288s] -- Found Protobuf: /usr/lib/x86_64-linux-gnu/libprotobuf.so (found suitable version "3.12.4", minimum required is "3") 
[1.289s] -- Looking for ignition-math6 -- found version 6.15.0
[1.301s] -- Looking for ignition-rendering6 -- found version 6.6.2
[1.302s] -- Searching for dependencies of ignition-rendering6
[1.302s] -- Looking for ignition-math6 -- found version 6.15.0
[1.302s] -- Searching for dependencies of ignition-math6
[1.302s] -- Searching for <ignition-math6> component [eigen3]
[1.304s] -- Looking for ignition-math6-eigen3 -- found version 6.15.0
[1.305s] -- Searching for dependencies of ignition-math6-eigen3
[1.311s] -- Looking for ignition-common4 -- found version 4.7.0
[1.311s] -- Searching for dependencies of ignition-common4
[1.312s] -- Looking for dlfcn.h - found
[1.312s] -- Looking for libdl - found
[1.322s] -- Searching for <ignition-common4> component [graphics]
[1.324s] -- Looking for ignition-common4-graphics -- found version 4.7.0
[1.325s] -- Searching for dependencies of ignition-common4-graphics
[1.325s] -- Looking for ignition-math6 -- found version 6.15.0
[1.325s] -- Looking for ignition-utils1 -- found version 1.5.1
[1.326s] -- Searching for <ignition-common4> component [events]
[1.328s] -- Looking for ignition-common4-events -- found version 4.7.0
[1.328s] -- Searching for dependencies of ignition-common4-events
[1.329s] -- Looking for ignition-math6 -- found version 6.15.0
[1.330s] -- Looking for ignition-plugin1 -- found version 1.4.0
[1.331s] -- Searching for dependencies of ignition-plugin1
[1.331s] -- Searching for <ignition-plugin1> component [all]
[1.334s] -- Looking for all libraries of ignition-plugin1 -- found version 1.4.0
[1.334s] -- Looking for ignition-plugin1 -- found version 1.4.0
[1.339s] -- Looking for ignition-msgs8 -- found version 8.7.0
[1.346s] -- Looking for ignition-common4 -- found version 4.7.0
[1.351s] -- Added test 'cppcheck' to perform static code analysis on C / C++ code
[1.351s] -- Configured cppcheck include dirs: 
[1.351s] -- Configured cppcheck exclude dirs and/or files: 
[1.352s] -- Added test 'cpplint' to check C / C++ code against the Google style
[1.352s] -- Configured cpplint exclude dirs and/or files: 
[1.352s] -- Added test 'lint_cmake' to check CMake code style
[1.353s] -- Added test 'xmllint' to check XML markup files
[1.354s] -- Configuring done
[1.370s] -- Generating done
[1.372s] -- Build files have been written to: /home/abdosalm/Github_repos/SLAM-mapping-Robots/workspace/build/turtlebot4_ignition_gui_plugins
[1.381s] Invoked command in '/home/abdosalm/Github_repos/SLAM-mapping-Robots/workspace/build/turtlebot4_ignition_gui_plugins' returned '0': CMAKE_PREFIX_PATH=/opt/ros/humble /usr/bin/cmake /home/abdosalm/Github_repos/SLAM-mapping-Robots/workspace/src/turtlebot4/turtlebot4_ignition_gui_plugins -DCMAKE_INSTALL_PREFIX=/home/abdosalm/Github_repos/SLAM-mapping-Robots/workspace/install/turtlebot4_ignition_gui_plugins
[1.382s] Invoking command in '/home/abdosalm/Github_repos/SLAM-mapping-Robots/workspace/build/turtlebot4_ignition_gui_plugins': CMAKE_PREFIX_PATH=/opt/ros/humble /usr/bin/cmake --build /home/abdosalm/Github_repos/SLAM-mapping-Robots/workspace/build/turtlebot4_ignition_gui_plugins -- -j16 -l16
[1.417s] [ 16%] [34m[1mAutomatic MOC for target Turtlebot4Hmi[0m
[4.015s] [ 16%] Built target Turtlebot4Hmi_autogen
[4.022s] [ 33%] [34m[1mGenerating qrc_Turtlebot4Hmi.cpp[0m
[4.045s] [ 66%] [32mBuilding CXX object Turtlebot4Hmi/CMakeFiles/Turtlebot4Hmi.dir/Turtlebot4Hmi.cc.o[0m
[4.045s] [ 66%] [32mBuilding CXX object Turtlebot4Hmi/CMakeFiles/Turtlebot4Hmi.dir/qrc_Turtlebot4Hmi.cpp.o[0m
[4.048s] [ 83%] [32mBuilding CXX object Turtlebot4Hmi/CMakeFiles/Turtlebot4Hmi.dir/Turtlebot4Hmi_autogen/mocs_compilation.cpp.o[0m
[13.832s] [100%] [32m[1mLinking CXX shared library libTurtlebot4Hmi.so[0m
[14.374s] [100%] Built target Turtlebot4Hmi
[14.385s] Invoked command in '/home/abdosalm/Github_repos/SLAM-mapping-Robots/workspace/build/turtlebot4_ignition_gui_plugins' returned '0': CMAKE_PREFIX_PATH=/opt/ros/humble /usr/bin/cmake --build /home/abdosalm/Github_repos/SLAM-mapping-Robots/workspace/build/turtlebot4_ignition_gui_plugins -- -j16 -l16
[14.404s] Invoking command in '/home/abdosalm/Github_repos/SLAM-mapping-Robots/workspace/build/turtlebot4_ignition_gui_plugins': CMAKE_PREFIX_PATH=/opt/ros/humble /usr/bin/cmake --install /home/abdosalm/Github_repos/SLAM-mapping-Robots/workspace/build/turtlebot4_ignition_gui_plugins
[14.410s] -- Install configuration: ""
[14.410s] -- Installing: /home/abdosalm/Github_repos/SLAM-mapping-Robots/workspace/install/turtlebot4_ignition_gui_plugins/share/ament_index/resource_index/package_run_dependencies/turtlebot4_ignition_gui_plugins
[14.410s] -- Installing: /home/abdosalm/Github_repos/SLAM-mapping-Robots/workspace/install/turtlebot4_ignition_gui_plugins/share/ament_index/resource_index/parent_prefix_path/turtlebot4_ignition_gui_plugins
[14.410s] -- Installing: /home/abdosalm/Github_repos/SLAM-mapping-Robots/workspace/install/turtlebot4_ignition_gui_plugins/share/turtlebot4_ignition_gui_plugins/environment/ament_prefix_path.sh
[14.411s] -- Installing: /home/abdosalm/Github_repos/SLAM-mapping-Robots/workspace/install/turtlebot4_ignition_gui_plugins/share/turtlebot4_ignition_gui_plugins/environment/ament_prefix_path.dsv
[14.411s] -- Installing: /home/abdosalm/Github_repos/SLAM-mapping-Robots/workspace/install/turtlebot4_ignition_gui_plugins/share/turtlebot4_ignition_gui_plugins/environment/path.sh
[14.411s] -- Installing: /home/abdosalm/Github_repos/SLAM-mapping-Robots/workspace/install/turtlebot4_ignition_gui_plugins/share/turtlebot4_ignition_gui_plugins/environment/path.dsv
[14.411s] -- Installing: /home/abdosalm/Github_repos/SLAM-mapping-Robots/workspace/install/turtlebot4_ignition_gui_plugins/share/turtlebot4_ignition_gui_plugins/local_setup.bash
[14.411s] -- Installing: /home/abdosalm/Github_repos/SLAM-mapping-Robots/workspace/install/turtlebot4_ignition_gui_plugins/share/turtlebot4_ignition_gui_plugins/local_setup.sh
[14.411s] -- Installing: /home/abdosalm/Github_repos/SLAM-mapping-Robots/workspace/install/turtlebot4_ignition_gui_plugins/share/turtlebot4_ignition_gui_plugins/local_setup.zsh
[14.411s] -- Installing: /home/abdosalm/Github_repos/SLAM-mapping-Robots/workspace/install/turtlebot4_ignition_gui_plugins/share/turtlebot4_ignition_gui_plugins/local_setup.dsv
[14.411s] -- Installing: /home/abdosalm/Github_repos/SLAM-mapping-Robots/workspace/install/turtlebot4_ignition_gui_plugins/share/turtlebot4_ignition_gui_plugins/package.dsv
[14.412s] -- Installing: /home/abdosalm/Github_repos/SLAM-mapping-Robots/workspace/install/turtlebot4_ignition_gui_plugins/share/ament_index/resource_index/packages/turtlebot4_ignition_gui_plugins
[14.412s] -- Installing: /home/abdosalm/Github_repos/SLAM-mapping-Robots/workspace/install/turtlebot4_ignition_gui_plugins/share/turtlebot4_ignition_gui_plugins/cmake/turtlebot4_ignition_gui_pluginsConfig.cmake
[14.412s] -- Installing: /home/abdosalm/Github_repos/SLAM-mapping-Robots/workspace/install/turtlebot4_ignition_gui_plugins/share/turtlebot4_ignition_gui_plugins/cmake/turtlebot4_ignition_gui_pluginsConfig-version.cmake
[14.412s] -- Installing: /home/abdosalm/Github_repos/SLAM-mapping-Robots/workspace/install/turtlebot4_ignition_gui_plugins/share/turtlebot4_ignition_gui_plugins/package.xml
[14.412s] -- Installing: /home/abdosalm/Github_repos/SLAM-mapping-Robots/workspace/install/turtlebot4_ignition_gui_plugins/share/turtlebot4_ignition_gui_plugins/lib/libTurtlebot4Hmi.so
[14.416s] Invoked command in '/home/abdosalm/Github_repos/SLAM-mapping-Robots/workspace/build/turtlebot4_ignition_gui_plugins' returned '0': CMAKE_PREFIX_PATH=/opt/ros/humble /usr/bin/cmake --install /home/abdosalm/Github_repos/SLAM-mapping-Robots/workspace/build/turtlebot4_ignition_gui_plugins
