-- The C compiler identification is GNU 11.4.0
-- The CXX compiler identification is GNU 11.4.0
-- Detecting C compiler ABI info
-- Detecting C compiler ABI info - done
-- Check for working C compiler: /usr/bin/cc - skipped
-- Detecting C compile features
-- Detecting C compile features - done
-- Detecting CXX compiler ABI info
-- Detecting CXX compiler ABI info - done
-- Check for working CXX compiler: /usr/bin/c++ - skipped
-- Detecting CXX compile features
-- Detecting CXX compile features - done
-- Found ament_cmake: 1.3.5 (/opt/ros/humble/share/ament_cmake/cmake)
-- Found Python3: /usr/bin/python3.10 (found version "3.10.12") found components: Interpreter 
-- Found ament_lint_auto: 0.12.8 (/opt/ros/humble/share/ament_lint_auto/cmake)
-- Added test 'copyright' to check source files copyright and LICENSE
-- Added test 'flake8' to check Python code syntax and style conventions
-- Added test 'lint_cmake' to check CMake code style
-- Added test 'pep257' to check Python code against some of the docstring style conventions in PEP 257
-- Added test 'xmllint' to check XML markup files
-- Configuring done
-- Generating done
-- Build files have been written to: /home/abdosalm/Github repos/SLAM-mapping-Robots/workspace/build/turtlebot4_navigation
Built target ament_cmake_python_copy_turtlebot4_navigation
running egg_info
creating turtlebot4_navigation.egg-info
writing turtlebot4_navigation.egg-info/PKG-INFO
writing dependency_links to turtlebot4_navigation.egg-info/dependency_links.txt
writing top-level names to turtlebot4_navigation.egg-info/top_level.txt
writing manifest file 'turtlebot4_navigation.egg-info/SOURCES.txt'
reading manifest file 'turtlebot4_navigation.egg-info/SOURCES.txt'
writing manifest file 'turtlebot4_navigation.egg-info/SOURCES.txt'
Built target ament_cmake_python_build_turtlebot4_navigation_egg
-- Install configuration: ""
-- Installing: /home/abdosalm/Github repos/SLAM-mapping-Robots/workspace/install/turtlebot4_navigation/share/turtlebot4_navigation/config
-- Installing: /home/abdosalm/Github repos/SLAM-mapping-Robots/workspace/install/turtlebot4_navigation/share/turtlebot4_navigation/config/localization.yaml
-- Installing: /home/abdosalm/Github repos/SLAM-mapping-Robots/workspace/install/turtlebot4_navigation/share/turtlebot4_navigation/config/nav2.yaml
-- Installing: /home/abdosalm/Github repos/SLAM-mapping-Robots/workspace/install/turtlebot4_navigation/share/turtlebot4_navigation/config/slam.yaml
-- Installing: /home/abdosalm/Github repos/SLAM-mapping-Robots/workspace/install/turtlebot4_navigation/share/turtlebot4_navigation/launch
-- Installing: /home/abdosalm/Github repos/SLAM-mapping-Robots/workspace/install/turtlebot4_navigation/share/turtlebot4_navigation/launch/localization.launch.py
-- Installing: /home/abdosalm/Github repos/SLAM-mapping-Robots/workspace/install/turtlebot4_navigation/share/turtlebot4_navigation/launch/nav2.launch.py
-- Installing: /home/abdosalm/Github repos/SLAM-mapping-Robots/workspace/install/turtlebot4_navigation/share/turtlebot4_navigation/launch/slam.launch.py
-- Installing: /home/abdosalm/Github repos/SLAM-mapping-Robots/workspace/install/turtlebot4_navigation/share/turtlebot4_navigation/maps
-- Installing: /home/abdosalm/Github repos/SLAM-mapping-Robots/workspace/install/turtlebot4_navigation/share/turtlebot4_navigation/maps/warehouse.yaml
-- Installing: /home/abdosalm/Github repos/SLAM-mapping-Robots/workspace/install/turtlebot4_navigation/share/turtlebot4_navigation/maps/warehouse.pgm
-- Installing: /home/abdosalm/Github repos/SLAM-mapping-Robots/workspace/install/turtlebot4_navigation/share/turtlebot4_navigation/maps/depot.yaml
-- Installing: /home/abdosalm/Github repos/SLAM-mapping-Robots/workspace/install/turtlebot4_navigation/share/turtlebot4_navigation/maps/depot.pgm
-- Installing: /home/abdosalm/Github repos/SLAM-mapping-Robots/workspace/install/turtlebot4_navigation/share/turtlebot4_navigation/maps/maze.yaml
-- Installing: /home/abdosalm/Github repos/SLAM-mapping-Robots/workspace/install/turtlebot4_navigation/share/turtlebot4_navigation/maps/maze.pgm
-- Installing: /home/abdosalm/Github repos/SLAM-mapping-Robots/workspace/install/turtlebot4_navigation/share/turtlebot4_navigation/environment/pythonpath.sh
-- Installing: /home/abdosalm/Github repos/SLAM-mapping-Robots/workspace/install/turtlebot4_navigation/share/turtlebot4_navigation/environment/pythonpath.dsv
-- Installing: /home/abdosalm/Github repos/SLAM-mapping-Robots/workspace/install/turtlebot4_navigation/local/lib/python3.10/dist-packages/turtlebot4_navigation-1.0.4-py3.10.egg-info
-- Installing: /home/abdosalm/Github repos/SLAM-mapping-Robots/workspace/install/turtlebot4_navigation/local/lib/python3.10/dist-packages/turtlebot4_navigation-1.0.4-py3.10.egg-info/dependency_links.txt
-- Installing: /home/abdosalm/Github repos/SLAM-mapping-Robots/workspace/install/turtlebot4_navigation/local/lib/python3.10/dist-packages/turtlebot4_navigation-1.0.4-py3.10.egg-info/PKG-INFO
-- Installing: /home/abdosalm/Github repos/SLAM-mapping-Robots/workspace/install/turtlebot4_navigation/local/lib/python3.10/dist-packages/turtlebot4_navigation-1.0.4-py3.10.egg-info/top_level.txt
-- Installing: /home/abdosalm/Github repos/SLAM-mapping-Robots/workspace/install/turtlebot4_navigation/local/lib/python3.10/dist-packages/turtlebot4_navigation-1.0.4-py3.10.egg-info/SOURCES.txt
-- Installing: /home/abdosalm/Github repos/SLAM-mapping-Robots/workspace/install/turtlebot4_navigation/local/lib/python3.10/dist-packages/turtlebot4_navigation
-- Installing: /home/abdosalm/Github repos/SLAM-mapping-Robots/workspace/install/turtlebot4_navigation/local/lib/python3.10/dist-packages/turtlebot4_navigation/turtlebot4_navigator.py
-- Installing: /home/abdosalm/Github repos/SLAM-mapping-Robots/workspace/install/turtlebot4_navigation/local/lib/python3.10/dist-packages/turtlebot4_navigation/__init__.py
Listing '/home/abdosalm/Github repos/SLAM-mapping-Robots/workspace/install/turtlebot4_navigation/local/lib/python3.10/dist-packages/turtlebot4_navigation'...
Compiling '/home/abdosalm/Github repos/SLAM-mapping-Robots/workspace/install/turtlebot4_navigation/local/lib/python3.10/dist-packages/turtlebot4_navigation/__init__.py'...
Compiling '/home/abdosalm/Github repos/SLAM-mapping-Robots/workspace/install/turtlebot4_navigation/local/lib/python3.10/dist-packages/turtlebot4_navigation/turtlebot4_navigator.py'...
-- Installing: /home/abdosalm/Github repos/SLAM-mapping-Robots/workspace/install/turtlebot4_navigation/local/lib/python3.10/dist-packages/turtlebot4_navigator.py
Compiling '/home/abdosalm/Github repos/SLAM-mapping-Robots/workspace/install/turtlebot4_navigation/local/lib/python3.10/dist-packages/turtlebot4_navigator.py'...
-- Installing: /home/abdosalm/Github repos/SLAM-mapping-Robots/workspace/install/turtlebot4_navigation/share/ament_index/resource_index/package_run_dependencies/turtlebot4_navigation
-- Installing: /home/abdosalm/Github repos/SLAM-mapping-Robots/workspace/install/turtlebot4_navigation/share/ament_index/resource_index/parent_prefix_path/turtlebot4_navigation
-- Installing: /home/abdosalm/Github repos/SLAM-mapping-Robots/workspace/install/turtlebot4_navigation/share/turtlebot4_navigation/environment/ament_prefix_path.sh
-- Installing: /home/abdosalm/Github repos/SLAM-mapping-Robots/workspace/install/turtlebot4_navigation/share/turtlebot4_navigation/environment/ament_prefix_path.dsv
-- Installing: /home/abdosalm/Github repos/SLAM-mapping-Robots/workspace/install/turtlebot4_navigation/share/turtlebot4_navigation/environment/path.sh
-- Installing: /home/abdosalm/Github repos/SLAM-mapping-Robots/workspace/install/turtlebot4_navigation/share/turtlebot4_navigation/environment/path.dsv
-- Installing: /home/abdosalm/Github repos/SLAM-mapping-Robots/workspace/install/turtlebot4_navigation/share/turtlebot4_navigation/local_setup.bash
-- Installing: /home/abdosalm/Github repos/SLAM-mapping-Robots/workspace/install/turtlebot4_navigation/share/turtlebot4_navigation/local_setup.sh
-- Installing: /home/abdosalm/Github repos/SLAM-mapping-Robots/workspace/install/turtlebot4_navigation/share/turtlebot4_navigation/local_setup.zsh
-- Installing: /home/abdosalm/Github repos/SLAM-mapping-Robots/workspace/install/turtlebot4_navigation/share/turtlebot4_navigation/local_setup.dsv
-- Installing: /home/abdosalm/Github repos/SLAM-mapping-Robots/workspace/install/turtlebot4_navigation/share/turtlebot4_navigation/package.dsv
-- Installing: /home/abdosalm/Github repos/SLAM-mapping-Robots/workspace/install/turtlebot4_navigation/share/ament_index/resource_index/packages/turtlebot4_navigation
-- Installing: /home/abdosalm/Github repos/SLAM-mapping-Robots/workspace/install/turtlebot4_navigation/share/turtlebot4_navigation/cmake/turtlebot4_navigationConfig.cmake
-- Installing: /home/abdosalm/Github repos/SLAM-mapping-Robots/workspace/install/turtlebot4_navigation/share/turtlebot4_navigation/cmake/turtlebot4_navigationConfig-version.cmake
-- Installing: /home/abdosalm/Github repos/SLAM-mapping-Robots/workspace/install/turtlebot4_navigation/share/turtlebot4_navigation/package.xml
