[0.594s] Invoking command in '/home/abdosalm/Github_repos/SLAM-mapping-Robots/workspace/build/explore_lite': CMAKE_PREFIX_PATH=/opt/ros/humble /usr/bin/cmake /home/abdosalm/Github_repos/SLAM-mapping-Robots/workspace/src/explore -DCMAKE_INSTALL_PREFIX=/home/abdosalm/Github_repos/SLAM-mapping-Robots/workspace/install/explore_lite
[0.959s] -- The C compiler identification is GNU 11.4.0
[0.959s] -- The CXX compiler identification is GNU 11.4.0
[0.959s] -- Detecting C compiler ABI info
[0.959s] -- Detecting C compiler ABI info - done
[0.959s] -- Check for working C compiler: /usr/bin/cc - skipped
[0.960s] -- Detecting C compile features
[0.960s] -- Detecting C compile features - done
[0.960s] -- Detecting CXX compiler ABI info
[1.000s] -- Detecting CXX compiler ABI info - done
[1.012s] -- Check for working CXX compiler: /usr/bin/c++ - skipped
[1.012s] -- Detecting CXX compile features
[1.013s] -- Detecting CXX compile features - done
[1.014s] -- BuilD for ROS2: humble
[1.019s] -- Found ament_cmake: 1.3.5 (/opt/ros/humble/share/ament_cmake/cmake)
[1.365s] -- Found Python3: /usr/bin/python3.10 (found version "3.10.12") found components: Interpreter 
[1.491s] -- Found rclcpp: 16.0.6 (/opt/ros/humble/share/rclcpp/cmake)
[1.550s] -- Found rosidl_generator_c: 3.1.5 (/opt/ros/humble/share/rosidl_generator_c/cmake)
[1.558s] -- Found rosidl_adapter: 3.1.5 (/opt/ros/humble/share/rosidl_adapter/cmake)
[1.571s] -- Found rosidl_generator_cpp: 3.1.5 (/opt/ros/humble/share/rosidl_generator_cpp/cmake)
[1.591s] -- Using all available rosidl_typesupport_c: rosidl_typesupport_fastrtps_c;rosidl_typesupport_introspection_c
[1.622s] -- Using all available rosidl_typesupport_cpp: rosidl_typesupport_fastrtps_cpp;rosidl_typesupport_introspection_cpp
[1.715s] -- Found rmw_implementation_cmake: 6.1.1 (/opt/ros/humble/share/rmw_implementation_cmake/cmake)
[1.716s] -- Found rmw_fastrtps_cpp: 6.2.4 (/opt/ros/humble/share/rmw_fastrtps_cpp/cmake)
[1.810s] -- Found OpenSSL: /usr/lib/x86_64-linux-gnu/libcrypto.so (found version "3.0.2")  
[1.836s] -- Found FastRTPS: /opt/ros/humble/include  
[1.883s] -- Using RMW implementation 'rmw_fastrtps_cpp' as default
[1.893s] -- Looking for pthread.h
[1.949s] -- Looking for pthread.h - found
[1.950s] -- Performing Test CMAKE_HAVE_LIBC_PTHREAD
[2.009s] -- Performing Test CMAKE_HAVE_LIBC_PTHREAD - Success
[2.010s] -- Found Threads: TRUE  
[2.164s] -- Found sensor_msgs: 4.2.3 (/opt/ros/humble/share/sensor_msgs/cmake)
[2.337s] -- Found tf2_ros: 0.25.4 (/opt/ros/humble/share/tf2_ros/cmake)
[2.832s] -- Found tf2_geometry_msgs: 0.25.4 (/opt/ros/humble/share/tf2_geometry_msgs/cmake)
[2.853s] -- Found eigen3_cmake_module: 0.1.1 (/opt/ros/humble/share/eigen3_cmake_module/cmake)
[2.855s] -- Found Eigen3: TRUE (found version "3.4.0") 
[2.855s] -- Ensuring Eigen3 include directory is part of orocos-kdl CMake target
[2.876s] -- Found nav2_msgs: 1.1.12 (/opt/ros/humble/share/nav2_msgs/cmake)
[3.344s] -- Found map_msgs: 2.1.0 (/opt/ros/humble/share/map_msgs/cmake)
[3.584s] -- Found visualization_msgs: 4.2.3 (/opt/ros/humble/share/visualization_msgs/cmake)
[3.976s] -- Found nav2_costmap_2d: 1.1.12 (/opt/ros/humble/share/nav2_costmap_2d/cmake)
[6.990s] -- Configuring done
[7.107s] -- Generating done
[7.109s] -- Build files have been written to: /home/abdosalm/Github_repos/SLAM-mapping-Robots/workspace/build/explore_lite
[7.141s] Invoked command in '/home/abdosalm/Github_repos/SLAM-mapping-Robots/workspace/build/explore_lite' returned '0': CMAKE_PREFIX_PATH=/opt/ros/humble /usr/bin/cmake /home/abdosalm/Github_repos/SLAM-mapping-Robots/workspace/src/explore -DCMAKE_INSTALL_PREFIX=/home/abdosalm/Github_repos/SLAM-mapping-Robots/workspace/install/explore_lite
[7.142s] Invoking command in '/home/abdosalm/Github_repos/SLAM-mapping-Robots/workspace/build/explore_lite': CMAKE_PREFIX_PATH=/opt/ros/humble /usr/bin/cmake --build /home/abdosalm/Github_repos/SLAM-mapping-Robots/workspace/build/explore_lite -- -j16 -l16
[7.370s] [ 25%] [32mBuilding CXX object CMakeFiles/explore.dir/src/frontier_search.cpp.o[0m
[7.373s] [ 50%] [32mBuilding CXX object CMakeFiles/explore.dir/src/costmap_client.cpp.o[0m
[7.376s] [ 75%] [32mBuilding CXX object CMakeFiles/explore.dir/src/explore.cpp.o[0m
[13.473s] [01m[K/home/abdosalm/Github_repos/SLAM-mapping-Robots/workspace/src/explore/src/explore.cpp:[m[K In member function ‘[01m[Kvoid explore::Explore::visualizeFrontiers(const std::vector<frontier_exploration::Frontier>&)[m[K’:
[13.473s] [01m[K/home/abdosalm/Github_repos/SLAM-mapping-Robots/workspace/src/explore/src/explore.cpp:152:24:[m[K [01;35m[Kwarning: [m[Kconverting to ‘[01m[Kgeometry_msgs::msg::Point_<std::allocator<void> >[m[K’ from initializer list would use explicit constructor ‘[01m[Kgeometry_msgs::msg::Point_<ContainerAllocator>::Point_(rosidl_runtime_cpp::MessageInitialization) [with ContainerAllocator = std::allocator<void>][m[K’
[13.473s]   152 |     m.pose.position = {[01;35m[K}[m[K;
[13.473s]       |                        [01;35m[K^[m[K
[13.473s] [01m[K/home/abdosalm/Github_repos/SLAM-mapping-Robots/workspace/src/explore/src/explore.cpp:152:24:[m[K [01;36m[Knote: [m[Kin C++11 and above a default constructor can be explicit
[30.316s] [100%] [32m[1mLinking CXX executable explore[0m
[31.964s] [100%] Built target explore
[31.974s] Invoked command in '/home/abdosalm/Github_repos/SLAM-mapping-Robots/workspace/build/explore_lite' returned '0': CMAKE_PREFIX_PATH=/opt/ros/humble /usr/bin/cmake --build /home/abdosalm/Github_repos/SLAM-mapping-Robots/workspace/build/explore_lite -- -j16 -l16
[31.998s] Invoking command in '/home/abdosalm/Github_repos/SLAM-mapping-Robots/workspace/build/explore_lite': CMAKE_PREFIX_PATH=/opt/ros/humble /usr/bin/cmake --install /home/abdosalm/Github_repos/SLAM-mapping-Robots/workspace/build/explore_lite
[32.005s] -- Install configuration: ""
[32.005s] -- Installing: /home/abdosalm/Github_repos/SLAM-mapping-Robots/workspace/install/explore_lite/include/explore/
[32.005s] -- Installing: /home/abdosalm/Github_repos/SLAM-mapping-Robots/workspace/install/explore_lite/include/explore//costmap_client.h
[32.005s] -- Installing: /home/abdosalm/Github_repos/SLAM-mapping-Robots/workspace/install/explore_lite/include/explore//frontier_search.h
[32.006s] -- Installing: /home/abdosalm/Github_repos/SLAM-mapping-Robots/workspace/install/explore_lite/include/explore//costmap_tools.h
[32.006s] -- Installing: /home/abdosalm/Github_repos/SLAM-mapping-Robots/workspace/install/explore_lite/include/explore//explore.h
[32.006s] -- Installing: /home/abdosalm/Github_repos/SLAM-mapping-Robots/workspace/install/explore_lite/share/explore_lite/config
[32.006s] -- Installing: /home/abdosalm/Github_repos/SLAM-mapping-Robots/workspace/install/explore_lite/share/explore_lite/config/params_costmap.yaml
[32.006s] -- Installing: /home/abdosalm/Github_repos/SLAM-mapping-Robots/workspace/install/explore_lite/share/explore_lite/config/params.yaml
[32.006s] -- Installing: /home/abdosalm/Github_repos/SLAM-mapping-Robots/workspace/install/explore_lite/share/explore_lite/launch
[32.007s] -- Installing: /home/abdosalm/Github_repos/SLAM-mapping-Robots/workspace/install/explore_lite/share/explore_lite/launch/explore.launch.py
[32.007s] -- Installing: /home/abdosalm/Github_repos/SLAM-mapping-Robots/workspace/install/explore_lite/lib/explore_lite/explore
[32.011s] -- Set runtime path of "/home/abdosalm/Github_repos/SLAM-mapping-Robots/workspace/install/explore_lite/lib/explore_lite/explore" to ""
[32.012s] -- Installing: /home/abdosalm/Github_repos/SLAM-mapping-Robots/workspace/install/explore_lite/share/ament_index/resource_index/package_run_dependencies/explore_lite
[32.012s] -- Installing: /home/abdosalm/Github_repos/SLAM-mapping-Robots/workspace/install/explore_lite/share/ament_index/resource_index/parent_prefix_path/explore_lite
[32.012s] -- Installing: /home/abdosalm/Github_repos/SLAM-mapping-Robots/workspace/install/explore_lite/share/explore_lite/environment/ament_prefix_path.sh
[32.012s] -- Installing: /home/abdosalm/Github_repos/SLAM-mapping-Robots/workspace/install/explore_lite/share/explore_lite/environment/ament_prefix_path.dsv
[32.012s] -- Installing: /home/abdosalm/Github_repos/SLAM-mapping-Robots/workspace/install/explore_lite/share/explore_lite/environment/path.sh
[32.012s] -- Installing: /home/abdosalm/Github_repos/SLAM-mapping-Robots/workspace/install/explore_lite/share/explore_lite/environment/path.dsv
[32.012s] -- Installing: /home/abdosalm/Github_repos/SLAM-mapping-Robots/workspace/install/explore_lite/share/explore_lite/local_setup.bash
[32.013s] -- Installing: /home/abdosalm/Github_repos/SLAM-mapping-Robots/workspace/install/explore_lite/share/explore_lite/local_setup.sh
[32.013s] -- Installing: /home/abdosalm/Github_repos/SLAM-mapping-Robots/workspace/install/explore_lite/share/explore_lite/local_setup.zsh
[32.013s] -- Installing: /home/abdosalm/Github_repos/SLAM-mapping-Robots/workspace/install/explore_lite/share/explore_lite/local_setup.dsv
[32.013s] -- Installing: /home/abdosalm/Github_repos/SLAM-mapping-Robots/workspace/install/explore_lite/share/explore_lite/package.dsv
[32.013s] -- Installing: /home/abdosalm/Github_repos/SLAM-mapping-Robots/workspace/install/explore_lite/share/ament_index/resource_index/packages/explore_lite
[32.013s] -- Installing: /home/abdosalm/Github_repos/SLAM-mapping-Robots/workspace/install/explore_lite/share/explore_lite/cmake/ament_cmake_export_include_directories-extras.cmake
[32.013s] -- Installing: /home/abdosalm/Github_repos/SLAM-mapping-Robots/workspace/install/explore_lite/share/explore_lite/cmake/explore_liteConfig.cmake
[32.014s] -- Installing: /home/abdosalm/Github_repos/SLAM-mapping-Robots/workspace/install/explore_lite/share/explore_lite/cmake/explore_liteConfig-version.cmake
[32.014s] -- Installing: /home/abdosalm/Github_repos/SLAM-mapping-Robots/workspace/install/explore_lite/share/explore_lite/package.xml
[32.015s] Invoked command in '/home/abdosalm/Github_repos/SLAM-mapping-Robots/workspace/build/explore_lite' returned '0': CMAKE_PREFIX_PATH=/opt/ros/humble /usr/bin/cmake --install /home/abdosalm/Github_repos/SLAM-mapping-Robots/workspace/build/explore_lite
