[0.044s] Invoking command in '/home/abdosalm/Github repos/SLAM-mapping-Robots/workspace/build/turtlebot4_node': AMENT_PREFIX_PATH=/home/abdosalm/Github repos/SLAM-mapping-Robots/workspace/install/turtlebot4_msgs:${AMENT_PREFIX_PATH} CMAKE_PREFIX_PATH=/home/abdosalm/Github repos/SLAM-mapping-Robots/workspace/install/turtlebot4_msgs:/opt/ros/humble LD_LIBRARY_PATH=/home/abdosalm/Github repos/SLAM-mapping-Robots/workspace/install/turtlebot4_msgs/lib:${LD_LIBRARY_PATH} PYTHONPATH=/home/abdosalm/Github repos/SLAM-mapping-Robots/workspace/install/turtlebot4_msgs/local/lib/python3.10/dist-packages:${PYTHONPATH} /usr/bin/cmake /home/abdosalm/Github repos/SLAM-mapping-Robots/workspace/src/turtlebot4/turtlebot4_node -DCMAKE_INSTALL_PREFIX=/home/abdosalm/Github repos/SLAM-mapping-Robots/workspace/install/turtlebot4_node
[0.079s] -- The C compiler identification is GNU 11.4.0
[0.117s] -- The CXX compiler identification is GNU 11.4.0
[0.122s] -- Detecting C compiler ABI info
[0.168s] -- Detecting C compiler ABI info - done
[0.174s] -- Check for working C compiler: /usr/bin/cc - skipped
[0.174s] -- Detecting C compile features
[0.174s] -- Detecting C compile features - done
[0.176s] -- Detecting CXX compiler ABI info
[0.229s] -- Detecting CXX compiler ABI info - done
[0.235s] -- Check for working CXX compiler: /usr/bin/c++ - skipped
[0.235s] -- Detecting CXX compile features
[0.236s] -- Detecting CXX compile features - done
[0.238s] -- Found ament_cmake: 1.3.5 (/opt/ros/humble/share/ament_cmake/cmake)
[0.360s] -- Found Python3: /usr/bin/python3.10 (found version "3.10.12") found components: Interpreter 
[0.430s] -- Found rclcpp: 16.0.6 (/opt/ros/humble/share/rclcpp/cmake)
[0.465s] -- Found rosidl_generator_c: 3.1.5 (/opt/ros/humble/share/rosidl_generator_c/cmake)
[0.468s] -- Found rosidl_adapter: 3.1.5 (/opt/ros/humble/share/rosidl_adapter/cmake)
[0.475s] -- Found rosidl_generator_cpp: 3.1.5 (/opt/ros/humble/share/rosidl_generator_cpp/cmake)
[0.485s] -- Using all available rosidl_typesupport_c: rosidl_typesupport_fastrtps_c;rosidl_typesupport_introspection_c
[0.500s] -- Using all available rosidl_typesupport_cpp: rosidl_typesupport_fastrtps_cpp;rosidl_typesupport_introspection_cpp
[0.576s] -- Found rmw_implementation_cmake: 6.1.1 (/opt/ros/humble/share/rmw_implementation_cmake/cmake)
[0.580s] -- Found rmw_fastrtps_cpp: 6.2.4 (/opt/ros/humble/share/rmw_fastrtps_cpp/cmake)
[0.666s] -- Found OpenSSL: /usr/lib/x86_64-linux-gnu/libcrypto.so (found version "3.0.2")  
[0.688s] -- Found FastRTPS: /opt/ros/humble/include  
[0.723s] -- Using RMW implementation 'rmw_fastrtps_cpp' as default
[0.735s] -- Looking for pthread.h
[0.784s] -- Looking for pthread.h - found
[0.784s] -- Performing Test CMAKE_HAVE_LIBC_PTHREAD
[0.833s] -- Performing Test CMAKE_HAVE_LIBC_PTHREAD - Success
[0.834s] -- Found Threads: TRUE  
[0.985s] -- Found rclcpp_action: 16.0.6 (/opt/ros/humble/share/rclcpp_action/cmake)
[1.083s] -- Found std_srvs: 4.2.3 (/opt/ros/humble/share/std_srvs/cmake)
[1.104s] -- Found sensor_msgs: 4.2.3 (/opt/ros/humble/share/sensor_msgs/cmake)
[1.213s] -- Found irobot_create_msgs: 2.1.0 (/opt/ros/humble/share/irobot_create_msgs/cmake)
[1.337s] -- Found turtlebot4_msgs: 1.0.4 (/home/abdosalm/Github repos/SLAM-mapping-Robots/workspace/install/turtlebot4_msgs/share/turtlebot4_msgs/cmake)
[1.354s] -- Found ament_lint_auto: 0.12.8 (/opt/ros/humble/share/ament_lint_auto/cmake)
[1.415s] -- Added test 'cppcheck' to perform static code analysis on C / C++ code
[1.415s] -- Configured cppcheck include dirs: /home/abdosalm/Github repos/SLAM-mapping-Robots/workspace/src/turtlebot4/turtlebot4_node/include
[1.415s] -- Configured cppcheck exclude dirs and/or files: 
[1.416s] -- Added test 'cpplint' to check C / C++ code against the Google style
[1.416s] -- Configured cpplint exclude dirs and/or files: 
[1.417s] -- Added test 'lint_cmake' to check CMake code style
[1.417s] -- Added test 'uncrustify' to check C / C++ code style
[1.418s] -- Configured uncrustify additional arguments: 
[1.418s] -- Added test 'xmllint' to check XML markup files
[1.419s] -- Configuring done
[1.431s] -- Generating done
[1.433s] -- Build files have been written to: /home/abdosalm/Github repos/SLAM-mapping-Robots/workspace/build/turtlebot4_node
[1.441s] Invoked command in '/home/abdosalm/Github repos/SLAM-mapping-Robots/workspace/build/turtlebot4_node' returned '0': AMENT_PREFIX_PATH=/home/abdosalm/Github repos/SLAM-mapping-Robots/workspace/install/turtlebot4_msgs:${AMENT_PREFIX_PATH} CMAKE_PREFIX_PATH=/home/abdosalm/Github repos/SLAM-mapping-Robots/workspace/install/turtlebot4_msgs:/opt/ros/humble LD_LIBRARY_PATH=/home/abdosalm/Github repos/SLAM-mapping-Robots/workspace/install/turtlebot4_msgs/lib:${LD_LIBRARY_PATH} PYTHONPATH=/home/abdosalm/Github repos/SLAM-mapping-Robots/workspace/install/turtlebot4_msgs/local/lib/python3.10/dist-packages:${PYTHONPATH} /usr/bin/cmake /home/abdosalm/Github repos/SLAM-mapping-Robots/workspace/src/turtlebot4/turtlebot4_node -DCMAKE_INSTALL_PREFIX=/home/abdosalm/Github repos/SLAM-mapping-Robots/workspace/install/turtlebot4_node
[1.443s] Invoking command in '/home/abdosalm/Github repos/SLAM-mapping-Robots/workspace/build/turtlebot4_node': AMENT_PREFIX_PATH=/home/abdosalm/Github repos/SLAM-mapping-Robots/workspace/install/turtlebot4_msgs:${AMENT_PREFIX_PATH} CMAKE_PREFIX_PATH=/home/abdosalm/Github repos/SLAM-mapping-Robots/workspace/install/turtlebot4_msgs:/opt/ros/humble LD_LIBRARY_PATH=/home/abdosalm/Github repos/SLAM-mapping-Robots/workspace/install/turtlebot4_msgs/lib:${LD_LIBRARY_PATH} PYTHONPATH=/home/abdosalm/Github repos/SLAM-mapping-Robots/workspace/install/turtlebot4_msgs/local/lib/python3.10/dist-packages:${PYTHONPATH} /usr/bin/cmake --build /home/abdosalm/Github repos/SLAM-mapping-Robots/workspace/build/turtlebot4_node -- -j16 -l16
[1.478s] [ 37%] [32mBuilding CXX object CMakeFiles/turtlebot4_node_lib.dir/src/leds.cpp.o[0m
[1.478s] [ 37%] [32mBuilding CXX object CMakeFiles/turtlebot4_node_lib.dir/src/main.cpp.o[0m
[1.478s] [ 37%] [32mBuilding CXX object CMakeFiles/turtlebot4_node_lib.dir/src/buttons.cpp.o[0m
[1.479s] [ 50%] [32mBuilding CXX object CMakeFiles/turtlebot4_node_lib.dir/src/turtlebot4.cpp.o[0m
[1.479s] [ 62%] [32mBuilding CXX object CMakeFiles/turtlebot4_node_lib.dir/src/display.cpp.o[0m
[21.352s] [ 75%] [32m[1mLinking CXX static library libturtlebot4_node_lib.a[0m
[22.290s] [ 75%] Built target turtlebot4_node_lib
[22.304s] [ 87%] [32mBuilding CXX object CMakeFiles/turtlebot4_node.dir/src/main.cpp.o[0m
[26.331s] [100%] [32m[1mLinking CXX executable turtlebot4_node[0m
[28.504s] [100%] Built target turtlebot4_node
[28.512s] Invoked command in '/home/abdosalm/Github repos/SLAM-mapping-Robots/workspace/build/turtlebot4_node' returned '0': AMENT_PREFIX_PATH=/home/abdosalm/Github repos/SLAM-mapping-Robots/workspace/install/turtlebot4_msgs:${AMENT_PREFIX_PATH} CMAKE_PREFIX_PATH=/home/abdosalm/Github repos/SLAM-mapping-Robots/workspace/install/turtlebot4_msgs:/opt/ros/humble LD_LIBRARY_PATH=/home/abdosalm/Github repos/SLAM-mapping-Robots/workspace/install/turtlebot4_msgs/lib:${LD_LIBRARY_PATH} PYTHONPATH=/home/abdosalm/Github repos/SLAM-mapping-Robots/workspace/install/turtlebot4_msgs/local/lib/python3.10/dist-packages:${PYTHONPATH} /usr/bin/cmake --build /home/abdosalm/Github repos/SLAM-mapping-Robots/workspace/build/turtlebot4_node -- -j16 -l16
[28.533s] Invoking command in '/home/abdosalm/Github repos/SLAM-mapping-Robots/workspace/build/turtlebot4_node': AMENT_PREFIX_PATH=/home/abdosalm/Github repos/SLAM-mapping-Robots/workspace/install/turtlebot4_msgs:${AMENT_PREFIX_PATH} CMAKE_PREFIX_PATH=/home/abdosalm/Github repos/SLAM-mapping-Robots/workspace/install/turtlebot4_msgs:/opt/ros/humble LD_LIBRARY_PATH=/home/abdosalm/Github repos/SLAM-mapping-Robots/workspace/install/turtlebot4_msgs/lib:${LD_LIBRARY_PATH} PYTHONPATH=/home/abdosalm/Github repos/SLAM-mapping-Robots/workspace/install/turtlebot4_msgs/local/lib/python3.10/dist-packages:${PYTHONPATH} /usr/bin/cmake --install /home/abdosalm/Github repos/SLAM-mapping-Robots/workspace/build/turtlebot4_node
[28.538s] -- Install configuration: ""
[28.538s] -- Installing: /home/abdosalm/Github repos/SLAM-mapping-Robots/workspace/install/turtlebot4_node/lib/turtlebot4_node/turtlebot4_node
[28.550s] -- Set runtime path of "/home/abdosalm/Github repos/SLAM-mapping-Robots/workspace/install/turtlebot4_node/lib/turtlebot4_node/turtlebot4_node" to ""
[28.550s] -- Installing: /home/abdosalm/Github repos/SLAM-mapping-Robots/workspace/install/turtlebot4_node/include
[28.550s] -- Installing: /home/abdosalm/Github repos/SLAM-mapping-Robots/workspace/install/turtlebot4_node/include/turtlebot4_node
[28.550s] -- Installing: /home/abdosalm/Github repos/SLAM-mapping-Robots/workspace/install/turtlebot4_node/include/turtlebot4_node/action.hpp
[28.550s] -- Installing: /home/abdosalm/Github repos/SLAM-mapping-Robots/workspace/install/turtlebot4_node/include/turtlebot4_node/display.hpp
[28.550s] -- Installing: /home/abdosalm/Github repos/SLAM-mapping-Robots/workspace/install/turtlebot4_node/include/turtlebot4_node/utils.hpp
[28.550s] -- Installing: /home/abdosalm/Github repos/SLAM-mapping-Robots/workspace/install/turtlebot4_node/include/turtlebot4_node/service.hpp
[28.550s] -- Installing: /home/abdosalm/Github repos/SLAM-mapping-Robots/workspace/install/turtlebot4_node/include/turtlebot4_node/turtlebot4.hpp
[28.550s] -- Installing: /home/abdosalm/Github repos/SLAM-mapping-Robots/workspace/install/turtlebot4_node/include/turtlebot4_node/leds.hpp
[28.551s] -- Installing: /home/abdosalm/Github repos/SLAM-mapping-Robots/workspace/install/turtlebot4_node/include/turtlebot4_node/buttons.hpp
[28.551s] -- Installing: /home/abdosalm/Github repos/SLAM-mapping-Robots/workspace/install/turtlebot4_node/share/ament_index/resource_index/package_run_dependencies/turtlebot4_node
[28.551s] -- Installing: /home/abdosalm/Github repos/SLAM-mapping-Robots/workspace/install/turtlebot4_node/share/ament_index/resource_index/parent_prefix_path/turtlebot4_node
[28.551s] -- Installing: /home/abdosalm/Github repos/SLAM-mapping-Robots/workspace/install/turtlebot4_node/share/turtlebot4_node/environment/ament_prefix_path.sh
[28.551s] -- Installing: /home/abdosalm/Github repos/SLAM-mapping-Robots/workspace/install/turtlebot4_node/share/turtlebot4_node/environment/ament_prefix_path.dsv
[28.551s] -- Installing: /home/abdosalm/Github repos/SLAM-mapping-Robots/workspace/install/turtlebot4_node/share/turtlebot4_node/environment/path.sh
[28.551s] -- Installing: /home/abdosalm/Github repos/SLAM-mapping-Robots/workspace/install/turtlebot4_node/share/turtlebot4_node/environment/path.dsv
[28.551s] -- Installing: /home/abdosalm/Github repos/SLAM-mapping-Robots/workspace/install/turtlebot4_node/share/turtlebot4_node/local_setup.bash
[28.551s] -- Installing: /home/abdosalm/Github repos/SLAM-mapping-Robots/workspace/install/turtlebot4_node/share/turtlebot4_node/local_setup.sh
[28.551s] -- Installing: /home/abdosalm/Github repos/SLAM-mapping-Robots/workspace/install/turtlebot4_node/share/turtlebot4_node/local_setup.zsh
[28.551s] -- Installing: /home/abdosalm/Github repos/SLAM-mapping-Robots/workspace/install/turtlebot4_node/share/turtlebot4_node/local_setup.dsv
[28.551s] -- Installing: /home/abdosalm/Github repos/SLAM-mapping-Robots/workspace/install/turtlebot4_node/share/turtlebot4_node/package.dsv
[28.551s] -- Installing: /home/abdosalm/Github repos/SLAM-mapping-Robots/workspace/install/turtlebot4_node/share/ament_index/resource_index/packages/turtlebot4_node
[28.551s] -- Installing: /home/abdosalm/Github repos/SLAM-mapping-Robots/workspace/install/turtlebot4_node/share/turtlebot4_node/cmake/ament_cmake_export_include_directories-extras.cmake
[28.551s] -- Installing: /home/abdosalm/Github repos/SLAM-mapping-Robots/workspace/install/turtlebot4_node/share/turtlebot4_node/cmake/turtlebot4_nodeConfig.cmake
[28.551s] -- Installing: /home/abdosalm/Github repos/SLAM-mapping-Robots/workspace/install/turtlebot4_node/share/turtlebot4_node/cmake/turtlebot4_nodeConfig-version.cmake
[28.551s] -- Installing: /home/abdosalm/Github repos/SLAM-mapping-Robots/workspace/install/turtlebot4_node/share/turtlebot4_node/package.xml
[28.553s] Invoked command in '/home/abdosalm/Github repos/SLAM-mapping-Robots/workspace/build/turtlebot4_node' returned '0': AMENT_PREFIX_PATH=/home/abdosalm/Github repos/SLAM-mapping-Robots/workspace/install/turtlebot4_msgs:${AMENT_PREFIX_PATH} CMAKE_PREFIX_PATH=/home/abdosalm/Github repos/SLAM-mapping-Robots/workspace/install/turtlebot4_msgs:/opt/ros/humble LD_LIBRARY_PATH=/home/abdosalm/Github repos/SLAM-mapping-Robots/workspace/install/turtlebot4_msgs/lib:${LD_LIBRARY_PATH} PYTHONPATH=/home/abdosalm/Github repos/SLAM-mapping-Robots/workspace/install/turtlebot4_msgs/local/lib/python3.10/dist-packages:${PYTHONPATH} /usr/bin/cmake --install /home/abdosalm/Github repos/SLAM-mapping-Robots/workspace/build/turtlebot4_node
