[0.083s] Invoking command in '/home/abdosalm/Github repos/SLAM-mapping-Robots/workspace/build/turtlebot4_ignition_toolbox': AMENT_PREFIX_PATH=/home/abdosalm/Github repos/SLAM-mapping-Robots/workspace/install/turtlebot4_msgs:${AMENT_PREFIX_PATH} CMAKE_PREFIX_PATH=/home/abdosalm/Github repos/SLAM-mapping-Robots/workspace/install/turtlebot4_msgs:/opt/ros/humble LD_LIBRARY_PATH=/home/abdosalm/Github repos/SLAM-mapping-Robots/workspace/install/turtlebot4_msgs/lib:${LD_LIBRARY_PATH} PYTHONPATH=/home/abdosalm/Github repos/SLAM-mapping-Robots/workspace/install/turtlebot4_msgs/local/lib/python3.10/dist-packages:${PYTHONPATH} /usr/bin/cmake /home/abdosalm/Github repos/SLAM-mapping-Robots/workspace/src/turtlebot4/turtlebot4_ignition_toolbox -DCMAKE_INSTALL_PREFIX=/home/abdosalm/Github repos/SLAM-mapping-Robots/workspace/install/turtlebot4_ignition_toolbox
[0.118s] -- The C compiler identification is GNU 11.4.0
[0.157s] -- The CXX compiler identification is GNU 11.4.0
[0.162s] -- Detecting C compiler ABI info
[0.208s] -- Detecting C compiler ABI info - done
[0.213s] -- Check for working C compiler: /usr/bin/cc - skipped
[0.214s] -- Detecting C compile features
[0.214s] -- Detecting C compile features - done
[0.216s] -- Detecting CXX compiler ABI info
[0.269s] -- Detecting CXX compiler ABI info - done
[0.275s] -- Check for working CXX compiler: /usr/bin/c++ - skipped
[0.275s] -- Detecting CXX compile features
[0.275s] -- Detecting CXX compile features - done
[0.277s] -- Found ament_cmake: 1.3.5 (/opt/ros/humble/share/ament_cmake/cmake)
[0.400s] -- Found Python3: /usr/bin/python3.10 (found version "3.10.12") found components: Interpreter 
[0.470s] -- Found rclcpp: 16.0.6 (/opt/ros/humble/share/rclcpp/cmake)
[0.505s] -- Found rosidl_generator_c: 3.1.5 (/opt/ros/humble/share/rosidl_generator_c/cmake)
[0.508s] -- Found rosidl_adapter: 3.1.5 (/opt/ros/humble/share/rosidl_adapter/cmake)
[0.514s] -- Found rosidl_generator_cpp: 3.1.5 (/opt/ros/humble/share/rosidl_generator_cpp/cmake)
[0.525s] -- Using all available rosidl_typesupport_c: rosidl_typesupport_fastrtps_c;rosidl_typesupport_introspection_c
[0.540s] -- Using all available rosidl_typesupport_cpp: rosidl_typesupport_fastrtps_cpp;rosidl_typesupport_introspection_cpp
[0.616s] -- Found rmw_implementation_cmake: 6.1.1 (/opt/ros/humble/share/rmw_implementation_cmake/cmake)
[0.620s] -- Found rmw_fastrtps_cpp: 6.2.4 (/opt/ros/humble/share/rmw_fastrtps_cpp/cmake)
[0.705s] -- Found OpenSSL: /usr/lib/x86_64-linux-gnu/libcrypto.so (found version "3.0.2")  
[0.728s] -- Found FastRTPS: /opt/ros/humble/include  
[0.763s] -- Using RMW implementation 'rmw_fastrtps_cpp' as default
[0.775s] -- Looking for pthread.h
[0.824s] -- Looking for pthread.h - found
[0.824s] -- Performing Test CMAKE_HAVE_LIBC_PTHREAD
[0.873s] -- Performing Test CMAKE_HAVE_LIBC_PTHREAD - Success
[0.873s] -- Found Threads: TRUE  
[1.025s] -- Found rclcpp_action: 16.0.6 (/opt/ros/humble/share/rclcpp_action/cmake)
[1.123s] -- Found sensor_msgs: 4.2.3 (/opt/ros/humble/share/sensor_msgs/cmake)
[1.244s] -- Found turtlebot4_msgs: 1.0.4 (/home/abdosalm/Github repos/SLAM-mapping-Robots/workspace/install/turtlebot4_msgs/share/turtlebot4_msgs/cmake)
[1.259s] -- Found ament_lint_auto: 0.12.8 (/opt/ros/humble/share/ament_lint_auto/cmake)
[1.321s] -- Added test 'cppcheck' to perform static code analysis on C / C++ code
[1.321s] -- Configured cppcheck include dirs: /home/abdosalm/Github repos/SLAM-mapping-Robots/workspace/src/turtlebot4/turtlebot4_ignition_toolbox/include
[1.321s] -- Configured cppcheck exclude dirs and/or files: 
[1.322s] -- Added test 'cpplint' to check C / C++ code against the Google style
[1.322s] -- Configured cpplint exclude dirs and/or files: 
[1.322s] -- Added test 'lint_cmake' to check CMake code style
[1.323s] -- Added test 'uncrustify' to check C / C++ code style
[1.323s] -- Configured uncrustify additional arguments: 
[1.323s] -- Added test 'xmllint' to check XML markup files
[1.324s] -- Configuring done
[1.335s] -- Generating done
[1.336s] -- Build files have been written to: /home/abdosalm/Github repos/SLAM-mapping-Robots/workspace/build/turtlebot4_ignition_toolbox
[1.344s] Invoked command in '/home/abdosalm/Github repos/SLAM-mapping-Robots/workspace/build/turtlebot4_ignition_toolbox' returned '0': AMENT_PREFIX_PATH=/home/abdosalm/Github repos/SLAM-mapping-Robots/workspace/install/turtlebot4_msgs:${AMENT_PREFIX_PATH} CMAKE_PREFIX_PATH=/home/abdosalm/Github repos/SLAM-mapping-Robots/workspace/install/turtlebot4_msgs:/opt/ros/humble LD_LIBRARY_PATH=/home/abdosalm/Github repos/SLAM-mapping-Robots/workspace/install/turtlebot4_msgs/lib:${LD_LIBRARY_PATH} PYTHONPATH=/home/abdosalm/Github repos/SLAM-mapping-Robots/workspace/install/turtlebot4_msgs/local/lib/python3.10/dist-packages:${PYTHONPATH} /usr/bin/cmake /home/abdosalm/Github repos/SLAM-mapping-Robots/workspace/src/turtlebot4/turtlebot4_ignition_toolbox -DCMAKE_INSTALL_PREFIX=/home/abdosalm/Github repos/SLAM-mapping-Robots/workspace/install/turtlebot4_ignition_toolbox
[1.345s] Invoking command in '/home/abdosalm/Github repos/SLAM-mapping-Robots/workspace/build/turtlebot4_ignition_toolbox': AMENT_PREFIX_PATH=/home/abdosalm/Github repos/SLAM-mapping-Robots/workspace/install/turtlebot4_msgs:${AMENT_PREFIX_PATH} CMAKE_PREFIX_PATH=/home/abdosalm/Github repos/SLAM-mapping-Robots/workspace/install/turtlebot4_msgs:/opt/ros/humble LD_LIBRARY_PATH=/home/abdosalm/Github repos/SLAM-mapping-Robots/workspace/install/turtlebot4_msgs/lib:${LD_LIBRARY_PATH} PYTHONPATH=/home/abdosalm/Github repos/SLAM-mapping-Robots/workspace/install/turtlebot4_msgs/local/lib/python3.10/dist-packages:${PYTHONPATH} /usr/bin/cmake --build /home/abdosalm/Github repos/SLAM-mapping-Robots/workspace/build/turtlebot4_ignition_toolbox -- -j16 -l16
[1.380s] [ 40%] [32mBuilding CXX object CMakeFiles/turtlebot4_ignition_toolbox_lib.dir/src/hmi_main.cpp.o[0m
[1.380s] [ 40%] [32mBuilding CXX object CMakeFiles/turtlebot4_ignition_toolbox_lib.dir/src/hmi_node.cpp.o[0m
[12.722s] [ 60%] [32m[1mLinking CXX static library libturtlebot4_ignition_toolbox_lib.a[0m
[12.905s] [ 60%] Built target turtlebot4_ignition_toolbox_lib
[12.920s] [ 80%] [32mBuilding CXX object CMakeFiles/turtlebot4_ignition_hmi_node.dir/src/hmi_main.cpp.o[0m
[15.220s] [100%] [32m[1mLinking CXX executable turtlebot4_ignition_hmi_node[0m
[15.759s] [100%] Built target turtlebot4_ignition_hmi_node
[15.767s] Invoked command in '/home/abdosalm/Github repos/SLAM-mapping-Robots/workspace/build/turtlebot4_ignition_toolbox' returned '0': AMENT_PREFIX_PATH=/home/abdosalm/Github repos/SLAM-mapping-Robots/workspace/install/turtlebot4_msgs:${AMENT_PREFIX_PATH} CMAKE_PREFIX_PATH=/home/abdosalm/Github repos/SLAM-mapping-Robots/workspace/install/turtlebot4_msgs:/opt/ros/humble LD_LIBRARY_PATH=/home/abdosalm/Github repos/SLAM-mapping-Robots/workspace/install/turtlebot4_msgs/lib:${LD_LIBRARY_PATH} PYTHONPATH=/home/abdosalm/Github repos/SLAM-mapping-Robots/workspace/install/turtlebot4_msgs/local/lib/python3.10/dist-packages:${PYTHONPATH} /usr/bin/cmake --build /home/abdosalm/Github repos/SLAM-mapping-Robots/workspace/build/turtlebot4_ignition_toolbox -- -j16 -l16
[15.782s] Invoking command in '/home/abdosalm/Github repos/SLAM-mapping-Robots/workspace/build/turtlebot4_ignition_toolbox': AMENT_PREFIX_PATH=/home/abdosalm/Github repos/SLAM-mapping-Robots/workspace/install/turtlebot4_msgs:${AMENT_PREFIX_PATH} CMAKE_PREFIX_PATH=/home/abdosalm/Github repos/SLAM-mapping-Robots/workspace/install/turtlebot4_msgs:/opt/ros/humble LD_LIBRARY_PATH=/home/abdosalm/Github repos/SLAM-mapping-Robots/workspace/install/turtlebot4_msgs/lib:${LD_LIBRARY_PATH} PYTHONPATH=/home/abdosalm/Github repos/SLAM-mapping-Robots/workspace/install/turtlebot4_msgs/local/lib/python3.10/dist-packages:${PYTHONPATH} /usr/bin/cmake --install /home/abdosalm/Github repos/SLAM-mapping-Robots/workspace/build/turtlebot4_ignition_toolbox
[15.787s] -- Install configuration: ""
[15.787s] -- Installing: /home/abdosalm/Github repos/SLAM-mapping-Robots/workspace/install/turtlebot4_ignition_toolbox/lib/turtlebot4_ignition_toolbox/turtlebot4_ignition_hmi_node
[15.790s] -- Set runtime path of "/home/abdosalm/Github repos/SLAM-mapping-Robots/workspace/install/turtlebot4_ignition_toolbox/lib/turtlebot4_ignition_toolbox/turtlebot4_ignition_hmi_node" to ""
[15.790s] -- Installing: /home/abdosalm/Github repos/SLAM-mapping-Robots/workspace/install/turtlebot4_ignition_toolbox/share/ament_index/resource_index/package_run_dependencies/turtlebot4_ignition_toolbox
[15.791s] -- Installing: /home/abdosalm/Github repos/SLAM-mapping-Robots/workspace/install/turtlebot4_ignition_toolbox/share/ament_index/resource_index/parent_prefix_path/turtlebot4_ignition_toolbox
[15.791s] -- Installing: /home/abdosalm/Github repos/SLAM-mapping-Robots/workspace/install/turtlebot4_ignition_toolbox/share/turtlebot4_ignition_toolbox/environment/ament_prefix_path.sh
[15.791s] -- Installing: /home/abdosalm/Github repos/SLAM-mapping-Robots/workspace/install/turtlebot4_ignition_toolbox/share/turtlebot4_ignition_toolbox/environment/ament_prefix_path.dsv
[15.791s] -- Installing: /home/abdosalm/Github repos/SLAM-mapping-Robots/workspace/install/turtlebot4_ignition_toolbox/share/turtlebot4_ignition_toolbox/environment/path.sh
[15.791s] -- Installing: /home/abdosalm/Github repos/SLAM-mapping-Robots/workspace/install/turtlebot4_ignition_toolbox/share/turtlebot4_ignition_toolbox/environment/path.dsv
[15.791s] -- Installing: /home/abdosalm/Github repos/SLAM-mapping-Robots/workspace/install/turtlebot4_ignition_toolbox/share/turtlebot4_ignition_toolbox/local_setup.bash
[15.791s] -- Installing: /home/abdosalm/Github repos/SLAM-mapping-Robots/workspace/install/turtlebot4_ignition_toolbox/share/turtlebot4_ignition_toolbox/local_setup.sh
[15.791s] -- Installing: /home/abdosalm/Github repos/SLAM-mapping-Robots/workspace/install/turtlebot4_ignition_toolbox/share/turtlebot4_ignition_toolbox/local_setup.zsh
[15.791s] -- Installing: /home/abdosalm/Github repos/SLAM-mapping-Robots/workspace/install/turtlebot4_ignition_toolbox/share/turtlebot4_ignition_toolbox/local_setup.dsv
[15.791s] -- Installing: /home/abdosalm/Github repos/SLAM-mapping-Robots/workspace/install/turtlebot4_ignition_toolbox/share/turtlebot4_ignition_toolbox/package.dsv
[15.791s] -- Installing: /home/abdosalm/Github repos/SLAM-mapping-Robots/workspace/install/turtlebot4_ignition_toolbox/share/ament_index/resource_index/packages/turtlebot4_ignition_toolbox
[15.791s] -- Installing: /home/abdosalm/Github repos/SLAM-mapping-Robots/workspace/install/turtlebot4_ignition_toolbox/share/turtlebot4_ignition_toolbox/cmake/ament_cmake_export_include_directories-extras.cmake
[15.792s] -- Installing: /home/abdosalm/Github repos/SLAM-mapping-Robots/workspace/install/turtlebot4_ignition_toolbox/share/turtlebot4_ignition_toolbox/cmake/turtlebot4_ignition_toolboxConfig.cmake
[15.792s] -- Installing: /home/abdosalm/Github repos/SLAM-mapping-Robots/workspace/install/turtlebot4_ignition_toolbox/share/turtlebot4_ignition_toolbox/cmake/turtlebot4_ignition_toolboxConfig-version.cmake
[15.792s] -- Installing: /home/abdosalm/Github repos/SLAM-mapping-Robots/workspace/install/turtlebot4_ignition_toolbox/share/turtlebot4_ignition_toolbox/package.xml
[15.793s] Invoked command in '/home/abdosalm/Github repos/SLAM-mapping-Robots/workspace/build/turtlebot4_ignition_toolbox' returned '0': AMENT_PREFIX_PATH=/home/abdosalm/Github repos/SLAM-mapping-Robots/workspace/install/turtlebot4_msgs:${AMENT_PREFIX_PATH} CMAKE_PREFIX_PATH=/home/abdosalm/Github repos/SLAM-mapping-Robots/workspace/install/turtlebot4_msgs:/opt/ros/humble LD_LIBRARY_PATH=/home/abdosalm/Github repos/SLAM-mapping-Robots/workspace/install/turtlebot4_msgs/lib:${LD_LIBRARY_PATH} PYTHONPATH=/home/abdosalm/Github repos/SLAM-mapping-Robots/workspace/install/turtlebot4_msgs/local/lib/python3.10/dist-packages:${PYTHONPATH} /usr/bin/cmake --install /home/abdosalm/Github repos/SLAM-mapping-Robots/workspace/build/turtlebot4_ignition_toolbox
