[0.152s] Invoking command in '/home/abdosalm/Github_repos/SLAM-mapping-Robots/workspace/build/explore_lite': CMAKE_PREFIX_PATH=/opt/ros/humble /usr/bin/cmake /home/abdosalm/Github_repos/SLAM-mapping-Robots/workspace/src/explore -DCMAKE_INSTALL_PREFIX=/home/abdosalm/Github_repos/SLAM-mapping-Robots/workspace/install/explore_lite
[0.192s] -- The C compiler identification is GNU 11.4.0
[0.232s] -- The CXX compiler identification is GNU 11.4.0
[0.237s] -- Detecting C compiler ABI info
[0.291s] -- Detecting C compiler ABI info - done
[0.297s] -- Check for working C compiler: /usr/bin/cc - skipped
[0.297s] -- Detecting C compile features
[0.297s] -- Detecting C compile features - done
[0.300s] -- Detecting CXX compiler ABI info
[0.368s] -- Detecting CXX compiler ABI info - done
[0.376s] -- Check for working CXX compiler: /usr/bin/c++ - skipped
[0.376s] -- Detecting CXX compile features
[0.377s] -- Detecting CXX compile features - done
[0.377s] -- BuilD for ROS2: humble
[0.378s] -- Found ament_cmake: 1.3.5 (/opt/ros/humble/share/ament_cmake/cmake)
[0.531s] -- Found Python3: /usr/bin/python3.10 (found version "3.10.12") found components: Interpreter 
[0.638s] -- Found rclcpp: 16.0.6 (/opt/ros/humble/share/rclcpp/cmake)
[0.677s] -- Found rosidl_generator_c: 3.1.5 (/opt/ros/humble/share/rosidl_generator_c/cmake)
[0.681s] -- Found rosidl_adapter: 3.1.5 (/opt/ros/humble/share/rosidl_adapter/cmake)
[0.688s] -- Found rosidl_generator_cpp: 3.1.5 (/opt/ros/humble/share/rosidl_generator_cpp/cmake)
[0.699s] -- Using all available rosidl_typesupport_c: rosidl_typesupport_fastrtps_c;rosidl_typesupport_introspection_c
[0.717s] -- Using all available rosidl_typesupport_cpp: rosidl_typesupport_fastrtps_cpp;rosidl_typesupport_introspection_cpp
[0.779s] -- Found rmw_implementation_cmake: 6.1.1 (/opt/ros/humble/share/rmw_implementation_cmake/cmake)
[0.781s] -- Found rmw_fastrtps_cpp: 6.2.4 (/opt/ros/humble/share/rmw_fastrtps_cpp/cmake)
[0.869s] -- Found OpenSSL: /usr/lib/x86_64-linux-gnu/libcrypto.so (found version "3.0.2")  
[0.899s] -- Found FastRTPS: /opt/ros/humble/include  
[0.949s] -- Using RMW implementation 'rmw_fastrtps_cpp' as default
[0.962s] -- Looking for pthread.h
[1.020s] -- Looking for pthread.h - found
[1.020s] -- Performing Test CMAKE_HAVE_LIBC_PTHREAD
[1.084s] -- Performing Test CMAKE_HAVE_LIBC_PTHREAD - Success
[1.084s] -- Found Threads: TRUE  
[1.265s] -- Found sensor_msgs: 4.2.3 (/opt/ros/humble/share/sensor_msgs/cmake)
[1.405s] -- Found tf2_ros: 0.25.4 (/opt/ros/humble/share/tf2_ros/cmake)
[1.737s] -- Found tf2_geometry_msgs: 0.25.4 (/opt/ros/humble/share/tf2_geometry_msgs/cmake)
[1.756s] -- Found eigen3_cmake_module: 0.1.1 (/opt/ros/humble/share/eigen3_cmake_module/cmake)
[1.758s] -- Found Eigen3: TRUE (found version "3.4.0") 
[1.758s] -- Ensuring Eigen3 include directory is part of orocos-kdl CMake target
[1.768s] -- Found nav2_msgs: 1.1.12 (/opt/ros/humble/share/nav2_msgs/cmake)
[2.043s] -- Found map_msgs: 2.1.0 (/opt/ros/humble/share/map_msgs/cmake)
[2.181s] -- Found visualization_msgs: 4.2.3 (/opt/ros/humble/share/visualization_msgs/cmake)
[2.329s] -- Found nav2_costmap_2d: 1.1.12 (/opt/ros/humble/share/nav2_costmap_2d/cmake)
[4.215s] -- Configuring done
[4.240s] -- Generating done
[4.241s] -- Build files have been written to: /home/abdosalm/Github_repos/SLAM-mapping-Robots/workspace/build/explore_lite
[4.255s] Invoked command in '/home/abdosalm/Github_repos/SLAM-mapping-Robots/workspace/build/explore_lite' returned '0': CMAKE_PREFIX_PATH=/opt/ros/humble /usr/bin/cmake /home/abdosalm/Github_repos/SLAM-mapping-Robots/workspace/src/explore -DCMAKE_INSTALL_PREFIX=/home/abdosalm/Github_repos/SLAM-mapping-Robots/workspace/install/explore_lite
[4.256s] Invoking command in '/home/abdosalm/Github_repos/SLAM-mapping-Robots/workspace/build/explore_lite': CMAKE_PREFIX_PATH=/opt/ros/humble /usr/bin/cmake --build /home/abdosalm/Github_repos/SLAM-mapping-Robots/workspace/build/explore_lite -- -j16 -l16
[4.299s] [ 75%] [32mBuilding CXX object CMakeFiles/explore.dir/src/frontier_search.cpp.o[0m
[4.300s] [ 75%] [32mBuilding CXX object CMakeFiles/explore.dir/src/costmap_client.cpp.o[0m
[4.300s] [ 75%] [32mBuilding CXX object CMakeFiles/explore.dir/src/explore.cpp.o[0m
[8.253s] [01m[K/home/abdosalm/Github_repos/SLAM-mapping-Robots/workspace/src/explore/src/explore.cpp:[m[K In member function ‘[01m[Kvoid explore::Explore::visualizeFrontiers(const std::vector<frontier_exploration::Frontier>&)[m[K’:
[8.253s] [01m[K/home/abdosalm/Github_repos/SLAM-mapping-Robots/workspace/src/explore/src/explore.cpp:152:24:[m[K [01;35m[Kwarning: [m[Kconverting to ‘[01m[Kgeometry_msgs::msg::Point_<std::allocator<void> >[m[K’ from initializer list would use explicit constructor ‘[01m[Kgeometry_msgs::msg::Point_<ContainerAllocator>::Point_(rosidl_runtime_cpp::MessageInitialization) [with ContainerAllocator = std::allocator<void>][m[K’
[8.253s]   152 |     m.pose.position = {[01;35m[K}[m[K;
[8.253s]       |                        [01;35m[K^[m[K
[8.253s] [01m[K/home/abdosalm/Github_repos/SLAM-mapping-Robots/workspace/src/explore/src/explore.cpp:152:24:[m[K [01;36m[Knote: [m[Kin C++11 and above a default constructor can be explicit
[18.882s] [100%] [32m[1mLinking CXX executable explore[0m
[19.832s] [100%] Built target explore
[19.841s] Invoked command in '/home/abdosalm/Github_repos/SLAM-mapping-Robots/workspace/build/explore_lite' returned '0': CMAKE_PREFIX_PATH=/opt/ros/humble /usr/bin/cmake --build /home/abdosalm/Github_repos/SLAM-mapping-Robots/workspace/build/explore_lite -- -j16 -l16
[19.861s] Invoking command in '/home/abdosalm/Github_repos/SLAM-mapping-Robots/workspace/build/explore_lite': CMAKE_PREFIX_PATH=/opt/ros/humble /usr/bin/cmake --install /home/abdosalm/Github_repos/SLAM-mapping-Robots/workspace/build/explore_lite
[19.867s] -- Install configuration: ""
[19.867s] -- Installing: /home/abdosalm/Github_repos/SLAM-mapping-Robots/workspace/install/explore_lite/include/explore/
[19.867s] -- Installing: /home/abdosalm/Github_repos/SLAM-mapping-Robots/workspace/install/explore_lite/include/explore//costmap_client.h
[19.867s] -- Installing: /home/abdosalm/Github_repos/SLAM-mapping-Robots/workspace/install/explore_lite/include/explore//frontier_search.h
[19.868s] -- Installing: /home/abdosalm/Github_repos/SLAM-mapping-Robots/workspace/install/explore_lite/include/explore//costmap_tools.h
[19.868s] -- Installing: /home/abdosalm/Github_repos/SLAM-mapping-Robots/workspace/install/explore_lite/include/explore//explore.h
[19.868s] -- Installing: /home/abdosalm/Github_repos/SLAM-mapping-Robots/workspace/install/explore_lite/share/explore_lite/config
[19.868s] -- Installing: /home/abdosalm/Github_repos/SLAM-mapping-Robots/workspace/install/explore_lite/share/explore_lite/config/params_costmap.yaml
[19.868s] -- Installing: /home/abdosalm/Github_repos/SLAM-mapping-Robots/workspace/install/explore_lite/share/explore_lite/config/params.yaml
[19.868s] -- Installing: /home/abdosalm/Github_repos/SLAM-mapping-Robots/workspace/install/explore_lite/share/explore_lite/launch
[19.868s] -- Installing: /home/abdosalm/Github_repos/SLAM-mapping-Robots/workspace/install/explore_lite/share/explore_lite/launch/explore.launch.py
[19.868s] -- Installing: /home/abdosalm/Github_repos/SLAM-mapping-Robots/workspace/install/explore_lite/lib/explore_lite/explore
[19.873s] -- Set runtime path of "/home/abdosalm/Github_repos/SLAM-mapping-Robots/workspace/install/explore_lite/lib/explore_lite/explore" to ""
[19.873s] -- Installing: /home/abdosalm/Github_repos/SLAM-mapping-Robots/workspace/install/explore_lite/share/ament_index/resource_index/package_run_dependencies/explore_lite
[19.873s] -- Installing: /home/abdosalm/Github_repos/SLAM-mapping-Robots/workspace/install/explore_lite/share/ament_index/resource_index/parent_prefix_path/explore_lite
[19.873s] -- Installing: /home/abdosalm/Github_repos/SLAM-mapping-Robots/workspace/install/explore_lite/share/explore_lite/environment/ament_prefix_path.sh
[19.873s] -- Installing: /home/abdosalm/Github_repos/SLAM-mapping-Robots/workspace/install/explore_lite/share/explore_lite/environment/ament_prefix_path.dsv
[19.873s] -- Installing: /home/abdosalm/Github_repos/SLAM-mapping-Robots/workspace/install/explore_lite/share/explore_lite/environment/path.sh
[19.873s] -- Installing: /home/abdosalm/Github_repos/SLAM-mapping-Robots/workspace/install/explore_lite/share/explore_lite/environment/path.dsv
[19.873s] -- Installing: /home/abdosalm/Github_repos/SLAM-mapping-Robots/workspace/install/explore_lite/share/explore_lite/local_setup.bash
[19.873s] -- Installing: /home/abdosalm/Github_repos/SLAM-mapping-Robots/workspace/install/explore_lite/share/explore_lite/local_setup.sh
[19.873s] -- Installing: /home/abdosalm/Github_repos/SLAM-mapping-Robots/workspace/install/explore_lite/share/explore_lite/local_setup.zsh
[19.873s] -- Installing: /home/abdosalm/Github_repos/SLAM-mapping-Robots/workspace/install/explore_lite/share/explore_lite/local_setup.dsv
[19.874s] -- Installing: /home/abdosalm/Github_repos/SLAM-mapping-Robots/workspace/install/explore_lite/share/explore_lite/package.dsv
[19.874s] -- Installing: /home/abdosalm/Github_repos/SLAM-mapping-Robots/workspace/install/explore_lite/share/ament_index/resource_index/packages/explore_lite
[19.874s] -- Installing: /home/abdosalm/Github_repos/SLAM-mapping-Robots/workspace/install/explore_lite/share/explore_lite/cmake/ament_cmake_export_include_directories-extras.cmake
[19.874s] -- Installing: /home/abdosalm/Github_repos/SLAM-mapping-Robots/workspace/install/explore_lite/share/explore_lite/cmake/explore_liteConfig.cmake
[19.874s] -- Installing: /home/abdosalm/Github_repos/SLAM-mapping-Robots/workspace/install/explore_lite/share/explore_lite/cmake/explore_liteConfig-version.cmake
[19.874s] -- Installing: /home/abdosalm/Github_repos/SLAM-mapping-Robots/workspace/install/explore_lite/share/explore_lite/package.xml
[19.876s] Invoked command in '/home/abdosalm/Github_repos/SLAM-mapping-Robots/workspace/build/explore_lite' returned '0': CMAKE_PREFIX_PATH=/opt/ros/humble /usr/bin/cmake --install /home/abdosalm/Github_repos/SLAM-mapping-Robots/workspace/build/explore_lite
