[0.965s] DEBUG:colcon:Command line arguments: ['/usr/bin/colcon', 'build', '--packages-select', 'slam_robots']
[0.966s] DEBUG:colcon:Parsed command line arguments: Namespace(log_base=None, log_level=None, verb_name='build', build_base='build', install_base='install', merge_install=False, symlink_install=False, test_result_base=None, continue_on_error=False, executor='parallel', parallel_workers=16, event_handlers=None, ignore_user_meta=False, metas=['./colcon.meta'], base_paths=['.'], packages_ignore=None, packages_ignore_regex=None, paths=None, packages_up_to=None, packages_up_to_regex=None, packages_above=None, packages_above_and_dependencies=None, packages_above_depth=None, packages_select_by_dep=None, packages_skip_by_dep=None, packages_skip_up_to=None, packages_select_build_failed=False, packages_skip_build_finished=False, packages_select_test_failures=False, packages_skip_test_passed=False, packages_select=['slam_robots'], packages_skip=None, packages_select_regex=None, packages_skip_regex=None, packages_start=None, packages_end=None, allow_overriding=[], cmake_args=None, cmake_target=None, cmake_target_skip_unavailable=False, cmake_clean_cache=False, cmake_clean_first=False, cmake_force_configure=False, ament_cmake_args=None, catkin_cmake_args=None, catkin_skip_building_tests=False, verb_parser=<colcon_defaults.argument_parser.defaults.DefaultArgumentsDecorator object at 0x7f824f093a00>, verb_extension=<colcon_core.verb.build.BuildVerb object at 0x7f824f0936a0>, main=<bound method BuildVerb.main of <colcon_core.verb.build.BuildVerb object at 0x7f824f0936a0>>)
[1.003s] Level 1:colcon.colcon_core.package_discovery:discover_packages(colcon_meta) check parameters
[1.003s] Level 1:colcon.colcon_core.package_discovery:discover_packages(recursive) check parameters
[1.003s] Level 1:colcon.colcon_core.package_discovery:discover_packages(ignore) check parameters
[1.004s] Level 1:colcon.colcon_core.package_discovery:discover_packages(path) check parameters
[1.004s] Level 1:colcon.colcon_core.package_discovery:discover_packages(colcon_meta) discover
[1.004s] Level 1:colcon.colcon_core.package_discovery:discover_packages(recursive) discover
[1.004s] INFO:colcon.colcon_core.package_discovery:Crawling recursively for packages in '/home/abdosalm/Github_repos/SLAM-mapping-Robots/workspace'
[1.004s] Level 1:colcon.colcon_core.package_identification:_identify(.) by extensions ['ignore', 'ignore_ament_install']
[1.004s] Level 1:colcon.colcon_core.package_identification:_identify(.) by extension 'ignore'
[1.004s] Level 1:colcon.colcon_core.package_identification:_identify(.) by extension 'ignore_ament_install'
[1.004s] Level 1:colcon.colcon_core.package_identification:_identify(.) by extensions ['colcon_pkg']
[1.004s] Level 1:colcon.colcon_core.package_identification:_identify(.) by extension 'colcon_pkg'
[1.004s] Level 1:colcon.colcon_core.package_identification:_identify(.) by extensions ['colcon_meta']
[1.004s] Level 1:colcon.colcon_core.package_identification:_identify(.) by extension 'colcon_meta'
[1.004s] Level 1:colcon.colcon_core.package_identification:_identify(.) by extensions ['ros']
[1.004s] Level 1:colcon.colcon_core.package_identification:_identify(.) by extension 'ros'
[1.012s] Level 1:colcon.colcon_core.package_identification:_identify(.) by extensions ['cmake', 'python']
[1.013s] Level 1:colcon.colcon_core.package_identification:_identify(.) by extension 'cmake'
[1.013s] Level 1:colcon.colcon_core.package_identification:_identify(.) by extension 'python'
[1.013s] Level 1:colcon.colcon_core.package_identification:_identify(.) by extensions ['python_setup_py']
[1.013s] Level 1:colcon.colcon_core.package_identification:_identify(.) by extension 'python_setup_py'
[1.013s] Level 1:colcon.colcon_core.package_identification:_identify(build) by extensions ['ignore', 'ignore_ament_install']
[1.013s] Level 1:colcon.colcon_core.package_identification:_identify(build) by extension 'ignore'
[1.013s] Level 1:colcon.colcon_core.package_identification:_identify(build) ignored
[1.013s] Level 1:colcon.colcon_core.package_identification:_identify(install) by extensions ['ignore', 'ignore_ament_install']
[1.013s] Level 1:colcon.colcon_core.package_identification:_identify(install) by extension 'ignore'
[1.013s] Level 1:colcon.colcon_core.package_identification:_identify(install) ignored
[1.013s] Level 1:colcon.colcon_core.package_identification:_identify(log) by extensions ['ignore', 'ignore_ament_install']
[1.013s] Level 1:colcon.colcon_core.package_identification:_identify(log) by extension 'ignore'
[1.013s] Level 1:colcon.colcon_core.package_identification:_identify(log) ignored
[1.013s] Level 1:colcon.colcon_core.package_identification:_identify(src) by extensions ['ignore', 'ignore_ament_install']
[1.013s] Level 1:colcon.colcon_core.package_identification:_identify(src) by extension 'ignore'
[1.013s] Level 1:colcon.colcon_core.package_identification:_identify(src) by extension 'ignore_ament_install'
[1.013s] Level 1:colcon.colcon_core.package_identification:_identify(src) by extensions ['colcon_pkg']
[1.013s] Level 1:colcon.colcon_core.package_identification:_identify(src) by extension 'colcon_pkg'
[1.013s] Level 1:colcon.colcon_core.package_identification:_identify(src) by extensions ['colcon_meta']
[1.013s] Level 1:colcon.colcon_core.package_identification:_identify(src) by extension 'colcon_meta'
[1.014s] Level 1:colcon.colcon_core.package_identification:_identify(src) by extensions ['ros']
[1.014s] Level 1:colcon.colcon_core.package_identification:_identify(src) by extension 'ros'
[1.014s] Level 1:colcon.colcon_core.package_identification:_identify(src) by extensions ['cmake', 'python']
[1.014s] Level 1:colcon.colcon_core.package_identification:_identify(src) by extension 'cmake'
[1.014s] Level 1:colcon.colcon_core.package_identification:_identify(src) by extension 'python'
[1.014s] Level 1:colcon.colcon_core.package_identification:_identify(src) by extensions ['python_setup_py']
[1.014s] Level 1:colcon.colcon_core.package_identification:_identify(src) by extension 'python_setup_py'
[1.014s] Level 1:colcon.colcon_core.package_identification:_identify(src/slam_robots) by extensions ['ignore', 'ignore_ament_install']
[1.014s] Level 1:colcon.colcon_core.package_identification:_identify(src/slam_robots) by extension 'ignore'
[1.014s] Level 1:colcon.colcon_core.package_identification:_identify(src/slam_robots) by extension 'ignore_ament_install'
[1.014s] Level 1:colcon.colcon_core.package_identification:_identify(src/slam_robots) by extensions ['colcon_pkg']
[1.014s] Level 1:colcon.colcon_core.package_identification:_identify(src/slam_robots) by extension 'colcon_pkg'
[1.014s] Level 1:colcon.colcon_core.package_identification:_identify(src/slam_robots) by extensions ['colcon_meta']
[1.014s] Level 1:colcon.colcon_core.package_identification:_identify(src/slam_robots) by extension 'colcon_meta'
[1.014s] Level 1:colcon.colcon_core.package_identification:_identify(src/slam_robots) by extensions ['ros']
[1.014s] Level 1:colcon.colcon_core.package_identification:_identify(src/slam_robots) by extension 'ros'
[1.016s] DEBUG:colcon.colcon_core.package_identification:Package 'src/slam_robots' with type 'ros.ament_cmake' and name 'slam_robots'
[1.016s] Level 1:colcon.colcon_core.package_discovery:discover_packages(recursive) using defaults
[1.016s] Level 1:colcon.colcon_core.package_discovery:discover_packages(ignore) discover
[1.016s] Level 1:colcon.colcon_core.package_discovery:discover_packages(ignore) using defaults
[1.016s] Level 1:colcon.colcon_core.package_discovery:discover_packages(path) discover
[1.016s] Level 1:colcon.colcon_core.package_discovery:discover_packages(path) using defaults
[1.092s] Level 1:colcon.colcon_core.package_discovery:discover_packages(prefix_path) check parameters
[1.092s] Level 1:colcon.colcon_core.package_discovery:discover_packages(prefix_path) discover
[1.119s] DEBUG:colcon.colcon_installed_package_information.package_discovery:Found 403 installed packages in /opt/ros/humble
[1.121s] Level 1:colcon.colcon_core.package_discovery:discover_packages(prefix_path) using defaults
[1.214s] Level 5:colcon.colcon_core.verb:set package 'slam_robots' build argument 'cmake_args' from command line to 'None'
[1.214s] Level 5:colcon.colcon_core.verb:set package 'slam_robots' build argument 'cmake_target' from command line to 'None'
[1.214s] Level 5:colcon.colcon_core.verb:set package 'slam_robots' build argument 'cmake_target_skip_unavailable' from command line to 'False'
[1.214s] Level 5:colcon.colcon_core.verb:set package 'slam_robots' build argument 'cmake_clean_cache' from command line to 'False'
[1.214s] Level 5:colcon.colcon_core.verb:set package 'slam_robots' build argument 'cmake_clean_first' from command line to 'False'
[1.214s] Level 5:colcon.colcon_core.verb:set package 'slam_robots' build argument 'cmake_force_configure' from command line to 'False'
[1.214s] Level 5:colcon.colcon_core.verb:set package 'slam_robots' build argument 'ament_cmake_args' from command line to 'None'
[1.214s] Level 5:colcon.colcon_core.verb:set package 'slam_robots' build argument 'catkin_cmake_args' from command line to 'None'
[1.214s] Level 5:colcon.colcon_core.verb:set package 'slam_robots' build argument 'catkin_skip_building_tests' from command line to 'False'
[1.214s] DEBUG:colcon.colcon_core.verb:Building package 'slam_robots' with the following arguments: {'ament_cmake_args': None, 'build_base': '/home/abdosalm/Github_repos/SLAM-mapping-Robots/workspace/build/slam_robots', 'catkin_cmake_args': None, 'catkin_skip_building_tests': False, 'cmake_args': None, 'cmake_clean_cache': False, 'cmake_clean_first': False, 'cmake_force_configure': False, 'cmake_target': None, 'cmake_target_skip_unavailable': False, 'install_base': '/home/abdosalm/Github_repos/SLAM-mapping-Robots/workspace/install/slam_robots', 'merge_install': False, 'path': '/home/abdosalm/Github_repos/SLAM-mapping-Robots/workspace/src/slam_robots', 'symlink_install': False, 'test_result_base': None}
[1.226s] INFO:colcon.colcon_core.executor:Executing jobs using 'parallel' executor
[1.238s] DEBUG:colcon.colcon_parallel_executor.executor.parallel:run_until_complete
[1.238s] INFO:colcon.colcon_ros.task.ament_cmake.build:Building ROS package in '/home/abdosalm/Github_repos/SLAM-mapping-Robots/workspace/src/slam_robots' with build type 'ament_cmake'
[1.239s] INFO:colcon.colcon_cmake.task.cmake.build:Building CMake package in '/home/abdosalm/Github_repos/SLAM-mapping-Robots/workspace/src/slam_robots'
[1.252s] INFO:colcon.colcon_core.plugin_system:Skipping extension 'colcon_core.shell.bat': Not used on non-Windows systems
[1.252s] INFO:colcon.colcon_core.shell:Skip shell extension 'powershell' for command environment: Not usable outside of PowerShell
[1.252s] DEBUG:colcon.colcon_core.shell:Skip shell extension 'dsv' for command environment
[1.286s] DEBUG:colcon.colcon_core.event_handler.log_command:Invoking command in '/home/abdosalm/Github_repos/SLAM-mapping-Robots/workspace/build/slam_robots': CMAKE_PREFIX_PATH=/opt/ros/humble /usr/bin/cmake --build /home/abdosalm/Github_repos/SLAM-mapping-Robots/workspace/build/slam_robots -- -j16 -l16
[1.312s] DEBUG:colcon.colcon_core.event_handler.log_command:Invoked command in '/home/abdosalm/Github_repos/SLAM-mapping-Robots/workspace/build/slam_robots' returned '0': CMAKE_PREFIX_PATH=/opt/ros/humble /usr/bin/cmake --build /home/abdosalm/Github_repos/SLAM-mapping-Robots/workspace/build/slam_robots -- -j16 -l16
[1.333s] DEBUG:colcon.colcon_core.event_handler.log_command:Invoking command in '/home/abdosalm/Github_repos/SLAM-mapping-Robots/workspace/build/slam_robots': CMAKE_PREFIX_PATH=/opt/ros/humble /usr/bin/cmake --install /home/abdosalm/Github_repos/SLAM-mapping-Robots/workspace/build/slam_robots
[1.342s] Level 1:colcon.colcon_core.environment:create_environment_scripts_only(slam_robots)
[1.357s] DEBUG:colcon.colcon_core.event_handler.log_command:Invoked command in '/home/abdosalm/Github_repos/SLAM-mapping-Robots/workspace/build/slam_robots' returned '0': CMAKE_PREFIX_PATH=/opt/ros/humble /usr/bin/cmake --install /home/abdosalm/Github_repos/SLAM-mapping-Robots/workspace/build/slam_robots
[1.366s] Level 1:colcon.colcon_core.environment:checking '/home/abdosalm/Github_repos/SLAM-mapping-Robots/workspace/install/slam_robots' for CMake module files
[1.366s] Level 1:colcon.colcon_core.environment:checking '/home/abdosalm/Github_repos/SLAM-mapping-Robots/workspace/install/slam_robots' for CMake config files
[1.366s] Level 1:colcon.colcon_core.shell:create_environment_hook('slam_robots', 'cmake_prefix_path')
[1.381s] INFO:colcon.colcon_core.shell:Creating environment hook '/home/abdosalm/Github_repos/SLAM-mapping-Robots/workspace/install/slam_robots/share/slam_robots/hook/cmake_prefix_path.ps1'
[1.381s] INFO:colcon.colcon_core.shell:Creating environment descriptor '/home/abdosalm/Github_repos/SLAM-mapping-Robots/workspace/install/slam_robots/share/slam_robots/hook/cmake_prefix_path.dsv'
[1.382s] INFO:colcon.colcon_core.shell:Creating environment hook '/home/abdosalm/Github_repos/SLAM-mapping-Robots/workspace/install/slam_robots/share/slam_robots/hook/cmake_prefix_path.sh'
[1.382s] Level 1:colcon.colcon_core.environment:checking '/home/abdosalm/Github_repos/SLAM-mapping-Robots/workspace/install/slam_robots/bin'
[1.383s] Level 1:colcon.colcon_core.environment:checking '/home/abdosalm/Github_repos/SLAM-mapping-Robots/workspace/install/slam_robots/lib/pkgconfig/slam_robots.pc'
[1.383s] Level 1:colcon.colcon_core.environment:checking '/home/abdosalm/Github_repos/SLAM-mapping-Robots/workspace/install/slam_robots/lib/python3.10/site-packages'
[1.383s] Level 1:colcon.colcon_core.environment:checking '/home/abdosalm/Github_repos/SLAM-mapping-Robots/workspace/install/slam_robots/bin'
[1.397s] INFO:colcon.colcon_core.shell:Creating package script '/home/abdosalm/Github_repos/SLAM-mapping-Robots/workspace/install/slam_robots/share/slam_robots/package.ps1'
[1.397s] INFO:colcon.colcon_core.shell:Creating package descriptor '/home/abdosalm/Github_repos/SLAM-mapping-Robots/workspace/install/slam_robots/share/slam_robots/package.dsv'
[1.398s] INFO:colcon.colcon_core.shell:Creating package script '/home/abdosalm/Github_repos/SLAM-mapping-Robots/workspace/install/slam_robots/share/slam_robots/package.sh'
[1.398s] INFO:colcon.colcon_core.shell:Creating package script '/home/abdosalm/Github_repos/SLAM-mapping-Robots/workspace/install/slam_robots/share/slam_robots/package.bash'
[1.399s] INFO:colcon.colcon_core.shell:Creating package script '/home/abdosalm/Github_repos/SLAM-mapping-Robots/workspace/install/slam_robots/share/slam_robots/package.zsh'
[1.400s] Level 1:colcon.colcon_core.environment:create_file_with_runtime_dependencies(/home/abdosalm/Github_repos/SLAM-mapping-Robots/workspace/install/slam_robots/share/colcon-core/packages/slam_robots)
[1.430s] Level 1:colcon.colcon_core.environment:create_environment_scripts_only(slam_robots)
[1.450s] Level 1:colcon.colcon_core.environment:checking '/home/abdosalm/Github_repos/SLAM-mapping-Robots/workspace/install/slam_robots' for CMake module files
[1.451s] Level 1:colcon.colcon_core.environment:checking '/home/abdosalm/Github_repos/SLAM-mapping-Robots/workspace/install/slam_robots' for CMake config files
[1.452s] Level 1:colcon.colcon_core.shell:create_environment_hook('slam_robots', 'cmake_prefix_path')
[1.473s] INFO:colcon.colcon_core.shell:Creating environment hook '/home/abdosalm/Github_repos/SLAM-mapping-Robots/workspace/install/slam_robots/share/slam_robots/hook/cmake_prefix_path.ps1'
[1.474s] INFO:colcon.colcon_core.shell:Creating environment descriptor '/home/abdosalm/Github_repos/SLAM-mapping-Robots/workspace/install/slam_robots/share/slam_robots/hook/cmake_prefix_path.dsv'
[1.474s] INFO:colcon.colcon_core.shell:Creating environment hook '/home/abdosalm/Github_repos/SLAM-mapping-Robots/workspace/install/slam_robots/share/slam_robots/hook/cmake_prefix_path.sh'
[1.475s] Level 1:colcon.colcon_core.environment:checking '/home/abdosalm/Github_repos/SLAM-mapping-Robots/workspace/install/slam_robots/bin'
[1.475s] Level 1:colcon.colcon_core.environment:checking '/home/abdosalm/Github_repos/SLAM-mapping-Robots/workspace/install/slam_robots/lib/pkgconfig/slam_robots.pc'
[1.475s] Level 1:colcon.colcon_core.environment:checking '/home/abdosalm/Github_repos/SLAM-mapping-Robots/workspace/install/slam_robots/lib/python3.10/site-packages'
[1.475s] Level 1:colcon.colcon_core.environment:checking '/home/abdosalm/Github_repos/SLAM-mapping-Robots/workspace/install/slam_robots/bin'
[1.497s] INFO:colcon.colcon_core.shell:Creating package script '/home/abdosalm/Github_repos/SLAM-mapping-Robots/workspace/install/slam_robots/share/slam_robots/package.ps1'
[1.498s] INFO:colcon.colcon_core.shell:Creating package descriptor '/home/abdosalm/Github_repos/SLAM-mapping-Robots/workspace/install/slam_robots/share/slam_robots/package.dsv'
[1.498s] INFO:colcon.colcon_core.shell:Creating package script '/home/abdosalm/Github_repos/SLAM-mapping-Robots/workspace/install/slam_robots/share/slam_robots/package.sh'
[1.499s] INFO:colcon.colcon_core.shell:Creating package script '/home/abdosalm/Github_repos/SLAM-mapping-Robots/workspace/install/slam_robots/share/slam_robots/package.bash'
[1.499s] INFO:colcon.colcon_core.shell:Creating package script '/home/abdosalm/Github_repos/SLAM-mapping-Robots/workspace/install/slam_robots/share/slam_robots/package.zsh'
[1.500s] Level 1:colcon.colcon_core.environment:create_file_with_runtime_dependencies(/home/abdosalm/Github_repos/SLAM-mapping-Robots/workspace/install/slam_robots/share/colcon-core/packages/slam_robots)
[1.500s] DEBUG:colcon.colcon_parallel_executor.executor.parallel:closing loop
[1.500s] DEBUG:colcon.colcon_parallel_executor.executor.parallel:loop closed
[1.501s] DEBUG:colcon.colcon_parallel_executor.executor.parallel:run_until_complete finished with '0'
[1.501s] DEBUG:colcon.colcon_core.event_reactor:joining thread
[1.517s] INFO:colcon.colcon_core.plugin_system:Skipping extension 'colcon_notification.desktop_notification.terminal_notifier': Not used on non-Darwin systems
[1.518s] INFO:colcon.colcon_core.plugin_system:Skipping extension 'colcon_notification.desktop_notification.win32': Not used on non-Windows systems
[1.518s] INFO:colcon.colcon_notification.desktop_notification:Sending desktop notification using 'notify2'
[1.526s] DEBUG:colcon.colcon_core.event_reactor:joined thread
[1.547s] INFO:colcon.colcon_core.shell:Creating prefix script '/home/abdosalm/Github_repos/SLAM-mapping-Robots/workspace/install/local_setup.ps1'
[1.550s] INFO:colcon.colcon_core.shell:Creating prefix util module '/home/abdosalm/Github_repos/SLAM-mapping-Robots/workspace/install/_local_setup_util_ps1.py'
[1.552s] INFO:colcon.colcon_core.shell:Creating prefix chain script '/home/abdosalm/Github_repos/SLAM-mapping-Robots/workspace/install/setup.ps1'
[1.576s] INFO:colcon.colcon_core.shell:Creating prefix script '/home/abdosalm/Github_repos/SLAM-mapping-Robots/workspace/install/local_setup.sh'
[1.577s] INFO:colcon.colcon_core.shell:Creating prefix util module '/home/abdosalm/Github_repos/SLAM-mapping-Robots/workspace/install/_local_setup_util_sh.py'
[1.577s] INFO:colcon.colcon_core.shell:Creating prefix chain script '/home/abdosalm/Github_repos/SLAM-mapping-Robots/workspace/install/setup.sh'
[1.591s] INFO:colcon.colcon_core.shell:Creating prefix script '/home/abdosalm/Github_repos/SLAM-mapping-Robots/workspace/install/local_setup.bash'
[1.592s] INFO:colcon.colcon_core.shell:Creating prefix chain script '/home/abdosalm/Github_repos/SLAM-mapping-Robots/workspace/install/setup.bash'
[1.606s] INFO:colcon.colcon_core.shell:Creating prefix script '/home/abdosalm/Github_repos/SLAM-mapping-Robots/workspace/install/local_setup.zsh'
[1.607s] INFO:colcon.colcon_core.shell:Creating prefix chain script '/home/abdosalm/Github_repos/SLAM-mapping-Robots/workspace/install/setup.zsh'
