[0.062s] Invoking command in '/home/abdosalm/Github_repos/SLAM-mapping-Robots/workspace/build/slam_robots': CMAKE_PREFIX_PATH=/opt/ros/humble /usr/bin/cmake --build /home/abdosalm/Github_repos/SLAM-mapping-Robots/workspace/build/slam_robots -- -j16 -l16
[0.261s] [100%] Built target gazebo_middleware
[0.269s] Invoked command in '/home/abdosalm/Github_repos/SLAM-mapping-Robots/workspace/build/slam_robots' returned '0': CMAKE_PREFIX_PATH=/opt/ros/humble /usr/bin/cmake --build /home/abdosalm/Github_repos/SLAM-mapping-Robots/workspace/build/slam_robots -- -j16 -l16
[0.298s] Invoking command in '/home/abdosalm/Github_repos/SLAM-mapping-Robots/workspace/build/slam_robots': CMAKE_PREFIX_PATH=/opt/ros/humble /usr/bin/cmake --install /home/abdosalm/Github_repos/SLAM-mapping-Robots/workspace/build/slam_robots
[0.304s] -- Install configuration: ""
[0.305s] -- Execute custom install script
[0.307s] -- Up-to-date symlink: /home/abdosalm/Github_repos/SLAM-mapping-Robots/workspace/install/slam_robots/lib/slam_robots/gazebo_middleware
[0.309s] -- Up-to-date symlink: /home/abdosalm/Github_repos/SLAM-mapping-Robots/workspace/install/slam_robots/share/slam_robots/launch/launch_sim.launch.py
[0.309s] -- Up-to-date symlink: /home/abdosalm/Github_repos/SLAM-mapping-Robots/workspace/install/slam_robots/share/slam_robots/launch/robot_launch.launch.py
[0.311s] -- Up-to-date symlink: /home/abdosalm/Github_repos/SLAM-mapping-Robots/workspace/install/slam_robots/share/slam_robots/launch/slam_robots_main.launch.py
[0.312s] -- Up-to-date symlink: /home/abdosalm/Github_repos/SLAM-mapping-Robots/workspace/install/slam_robots/share/slam_robots/launch/slam_robots_main_trial.launch.py
[0.312s] -- Up-to-date symlink: /home/abdosalm/Github_repos/SLAM-mapping-Robots/workspace/install/slam_robots/share/slam_robots/launch/slam_robots_main_turtlebot4_trial.launch.py
[0.337s] -- Up-to-date symlink: /home/abdosalm/Github_repos/SLAM-mapping-Robots/workspace/install/slam_robots/share/slam_robots/worlds/models/freeCad design files/chair.FCStd
[0.337s] -- Up-to-date symlink: /home/abdosalm/Github_repos/SLAM-mapping-Robots/workspace/install/slam_robots/share/slam_robots/worlds/models/freeCad design files/chair.FCStd1
[0.337s] -- Up-to-date symlink: /home/abdosalm/Github_repos/SLAM-mapping-Robots/workspace/install/slam_robots/share/slam_robots/worlds/models/freeCad design files/computer_table.FCStd
[0.338s] -- Up-to-date symlink: /home/abdosalm/Github_repos/SLAM-mapping-Robots/workspace/install/slam_robots/share/slam_robots/worlds/models/freeCad design files/computer_table.FCStd1
[0.338s] -- Up-to-date symlink: /home/abdosalm/Github_repos/SLAM-mapping-Robots/workspace/install/slam_robots/share/slam_robots/worlds/models/freeCad design files/corridor.FCStd
[0.338s] -- Up-to-date symlink: /home/abdosalm/Github_repos/SLAM-mapping-Robots/workspace/install/slam_robots/share/slam_robots/worlds/models/freeCad design files/corridor.FCStd1
[0.339s] -- Up-to-date symlink: /home/abdosalm/Github_repos/SLAM-mapping-Robots/workspace/install/slam_robots/share/slam_robots/worlds/models/freeCad design files/lecture_theater_platform.FCStd
[0.339s] -- Up-to-date symlink: /home/abdosalm/Github_repos/SLAM-mapping-Robots/workspace/install/slam_robots/share/slam_robots/worlds/models/freeCad design files/lecture_theater_platform.FCStd1
[0.340s] -- Up-to-date symlink: /home/abdosalm/Github_repos/SLAM-mapping-Robots/workspace/install/slam_robots/share/slam_robots/worlds/models/freeCad design files/smart_board.FCStd
[0.340s] -- Up-to-date symlink: /home/abdosalm/Github_repos/SLAM-mapping-Robots/workspace/install/slam_robots/share/slam_robots/worlds/models/freeCad design files/smart_board.FCStd1
[0.341s] -- Up-to-date symlink: /home/abdosalm/Github_repos/SLAM-mapping-Robots/workspace/install/slam_robots/share/slam_robots/worlds/models/freeCad design files/stadium.FCStd
[0.341s] -- Up-to-date symlink: /home/abdosalm/Github_repos/SLAM-mapping-Robots/workspace/install/slam_robots/share/slam_robots/worlds/models/freeCad design files/stadium.FCStd1
[0.341s] -- Up-to-date symlink: /home/abdosalm/Github_repos/SLAM-mapping-Robots/workspace/install/slam_robots/share/slam_robots/worlds/models/freeCad design files/table.FCStd
[0.342s] -- Up-to-date symlink: /home/abdosalm/Github_repos/SLAM-mapping-Robots/workspace/install/slam_robots/share/slam_robots/worlds/models/freeCad design files/table.FCStd1
[0.342s] -- Up-to-date symlink: /home/abdosalm/Github_repos/SLAM-mapping-Robots/workspace/install/slam_robots/share/slam_robots/worlds/models/freeCad design files/wall.FCStd
[0.342s] -- Up-to-date symlink: /home/abdosalm/Github_repos/SLAM-mapping-Robots/workspace/install/slam_robots/share/slam_robots/worlds/models/freeCad design files/wall.FCStd1
[0.343s] -- Up-to-date symlink: /home/abdosalm/Github_repos/SLAM-mapping-Robots/workspace/install/slam_robots/share/slam_robots/worlds/models/freeCad design files/wall_with_window.FCStd
[0.343s] -- Up-to-date symlink: /home/abdosalm/Github_repos/SLAM-mapping-Robots/workspace/install/slam_robots/share/slam_robots/worlds/models/freeCad design files/wall_with_window.FCStd1
[0.344s] -- Up-to-date symlink: /home/abdosalm/Github_repos/SLAM-mapping-Robots/workspace/install/slam_robots/share/slam_robots/worlds/models/freeCad_dae/chair.dae
[0.344s] -- Up-to-date symlink: /home/abdosalm/Github_repos/SLAM-mapping-Robots/workspace/install/slam_robots/share/slam_robots/worlds/models/freeCad_dae/chair.sdf
[0.345s] -- Up-to-date symlink: /home/abdosalm/Github_repos/SLAM-mapping-Robots/workspace/install/slam_robots/share/slam_robots/worlds/models/freeCad_dae/computer_table.dae
[0.345s] -- Up-to-date symlink: /home/abdosalm/Github_repos/SLAM-mapping-Robots/workspace/install/slam_robots/share/slam_robots/worlds/models/freeCad_dae/computer_table.sdf
[0.345s] -- Up-to-date symlink: /home/abdosalm/Github_repos/SLAM-mapping-Robots/workspace/install/slam_robots/share/slam_robots/worlds/models/freeCad_dae/corridor.dae
[0.346s] -- Up-to-date symlink: /home/abdosalm/Github_repos/SLAM-mapping-Robots/workspace/install/slam_robots/share/slam_robots/worlds/models/freeCad_dae/corridor.sdf
[0.346s] -- Up-to-date symlink: /home/abdosalm/Github_repos/SLAM-mapping-Robots/workspace/install/slam_robots/share/slam_robots/worlds/models/freeCad_dae/lecture_theater_platform.dae
[0.347s] -- Up-to-date symlink: /home/abdosalm/Github_repos/SLAM-mapping-Robots/workspace/install/slam_robots/share/slam_robots/worlds/models/freeCad_dae/lecture_theater_platform.sdf
[0.347s] -- Up-to-date symlink: /home/abdosalm/Github_repos/SLAM-mapping-Robots/workspace/install/slam_robots/share/slam_robots/worlds/models/freeCad_dae/smart_board.dae
[0.348s] -- Up-to-date symlink: /home/abdosalm/Github_repos/SLAM-mapping-Robots/workspace/install/slam_robots/share/slam_robots/worlds/models/freeCad_dae/smart_board.sdf
[0.348s] -- Up-to-date symlink: /home/abdosalm/Github_repos/SLAM-mapping-Robots/workspace/install/slam_robots/share/slam_robots/worlds/models/freeCad_dae/stadium.dae
[0.348s] -- Up-to-date symlink: /home/abdosalm/Github_repos/SLAM-mapping-Robots/workspace/install/slam_robots/share/slam_robots/worlds/models/freeCad_dae/stadium.sdf
[0.349s] -- Up-to-date symlink: /home/abdosalm/Github_repos/SLAM-mapping-Robots/workspace/install/slam_robots/share/slam_robots/worlds/models/freeCad_dae/table.dae
[0.349s] -- Up-to-date symlink: /home/abdosalm/Github_repos/SLAM-mapping-Robots/workspace/install/slam_robots/share/slam_robots/worlds/models/freeCad_dae/table.sdf
[0.350s] -- Up-to-date symlink: /home/abdosalm/Github_repos/SLAM-mapping-Robots/workspace/install/slam_robots/share/slam_robots/worlds/models/freeCad_dae/wall.dae
[0.350s] -- Up-to-date symlink: /home/abdosalm/Github_repos/SLAM-mapping-Robots/workspace/install/slam_robots/share/slam_robots/worlds/models/freeCad_dae/wall.sdf
[0.350s] -- Up-to-date symlink: /home/abdosalm/Github_repos/SLAM-mapping-Robots/workspace/install/slam_robots/share/slam_robots/worlds/models/freeCad_dae/wall_with_window.dae
[0.351s] -- Up-to-date symlink: /home/abdosalm/Github_repos/SLAM-mapping-Robots/workspace/install/slam_robots/share/slam_robots/worlds/models/freeCad_dae/wall_with_window.sdf
[0.353s] -- Up-to-date symlink: /home/abdosalm/Github_repos/SLAM-mapping-Robots/workspace/install/slam_robots/share/slam_robots/worlds/models/fuel_models/Casual_female/materials/textures/brown_eye.png
[0.353s] -- Up-to-date symlink: /home/abdosalm/Github_repos/SLAM-mapping-Robots/workspace/install/slam_robots/share/slam_robots/worlds/models/fuel_models/Casual_female/materials/textures/casual_female.png
[0.354s] -- Up-to-date symlink: /home/abdosalm/Github_repos/SLAM-mapping-Robots/workspace/install/slam_robots/share/slam_robots/worlds/models/fuel_models/Casual_female/materials/textures/eyebrow002.png
[0.354s] -- Up-to-date symlink: /home/abdosalm/Github_repos/SLAM-mapping-Robots/workspace/install/slam_robots/share/slam_robots/worlds/models/fuel_models/Casual_female/materials/textures/eyelashes01.png
[0.354s] -- Up-to-date symlink: /home/abdosalm/Github_repos/SLAM-mapping-Robots/workspace/install/slam_robots/share/slam_robots/worlds/models/fuel_models/Casual_female/materials/textures/female_casualsuit01_diffuse.png
[0.355s] -- Up-to-date symlink: /home/abdosalm/Github_repos/SLAM-mapping-Robots/workspace/install/slam_robots/share/slam_robots/worlds/models/fuel_models/Casual_female/materials/textures/female_casualsuit01_normal.png
[0.355s] -- Up-to-date symlink: /home/abdosalm/Github_repos/SLAM-mapping-Robots/workspace/install/slam_robots/share/slam_robots/worlds/models/fuel_models/Casual_female/materials/textures/female_casualsuit02_diffuse.png
[0.355s] -- Up-to-date symlink: /home/abdosalm/Github_repos/SLAM-mapping-Robots/workspace/install/slam_robots/share/slam_robots/worlds/models/fuel_models/Casual_female/materials/textures/female_casualsuit02_normal.png
[0.356s] -- Up-to-date symlink: /home/abdosalm/Github_repos/SLAM-mapping-Robots/workspace/install/slam_robots/share/slam_robots/worlds/models/fuel_models/Casual_female/materials/textures/ponytail01_diffuse.png
[0.356s] -- Up-to-date symlink: /home/abdosalm/Github_repos/SLAM-mapping-Robots/workspace/install/slam_robots/share/slam_robots/worlds/models/fuel_models/Casual_female/materials/textures/shoes05_diffuse.png
[0.357s] -- Up-to-date symlink: /home/abdosalm/Github_repos/SLAM-mapping-Robots/workspace/install/slam_robots/share/slam_robots/worlds/models/fuel_models/Casual_female/materials/textures/tongue01_diffuse.png
[0.357s] -- Up-to-date symlink: /home/abdosalm/Github_repos/SLAM-mapping-Robots/workspace/install/slam_robots/share/slam_robots/worlds/models/fuel_models/Casual_female/materials/textures/young_lightskinned_female_diffuse.png
[0.358s] -- Up-to-date symlink: /home/abdosalm/Github_repos/SLAM-mapping-Robots/workspace/install/slam_robots/share/slam_robots/worlds/models/fuel_models/Casual_female/meshes/casual_female.dae
[0.358s] -- Up-to-date symlink: /home/abdosalm/Github_repos/SLAM-mapping-Robots/workspace/install/slam_robots/share/slam_robots/worlds/models/fuel_models/Casual_female/model.config
[0.358s] -- Up-to-date symlink: /home/abdosalm/Github_repos/SLAM-mapping-Robots/workspace/install/slam_robots/share/slam_robots/worlds/models/fuel_models/Casual_female/model.sdf
[0.359s] -- Up-to-date symlink: /home/abdosalm/Github_repos/SLAM-mapping-Robots/workspace/install/slam_robots/share/slam_robots/worlds/models/fuel_models/Casual_female/thumbnails/1.png
[0.360s] -- Up-to-date symlink: /home/abdosalm/Github_repos/SLAM-mapping-Robots/workspace/install/slam_robots/share/slam_robots/worlds/models/fuel_models/Casual_female/thumbnails/2.png
[0.360s] -- Up-to-date symlink: /home/abdosalm/Github_repos/SLAM-mapping-Robots/workspace/install/slam_robots/share/slam_robots/worlds/models/fuel_models/Casual_female/thumbnails/3.png
[0.360s] -- Up-to-date symlink: /home/abdosalm/Github_repos/SLAM-mapping-Robots/workspace/install/slam_robots/share/slam_robots/worlds/models/fuel_models/Casual_female/thumbnails/4.png
[0.361s] -- Up-to-date symlink: /home/abdosalm/Github_repos/SLAM-mapping-Robots/workspace/install/slam_robots/share/slam_robots/worlds/models/fuel_models/Casual_female/thumbnails/5.png
[0.362s] -- Up-to-date symlink: /home/abdosalm/Github_repos/SLAM-mapping-Robots/workspace/install/slam_robots/share/slam_robots/worlds/models/fuel_models/Standing_person/materials/textures/eyebrow001-unmodified.png
[0.362s] -- Up-to-date symlink: /home/abdosalm/Github_repos/SLAM-mapping-Robots/workspace/install/slam_robots/share/slam_robots/worlds/models/fuel_models/Standing_person/materials/textures/eyebrow001.png
[0.362s] -- Up-to-date symlink: /home/abdosalm/Github_repos/SLAM-mapping-Robots/workspace/install/slam_robots/share/slam_robots/worlds/models/fuel_models/Standing_person/materials/textures/green_eye.png
[0.363s] -- Up-to-date symlink: /home/abdosalm/Github_repos/SLAM-mapping-Robots/workspace/install/slam_robots/share/slam_robots/worlds/models/fuel_models/Standing_person/materials/textures/jeans01_normals.png
[0.363s] -- Up-to-date symlink: /home/abdosalm/Github_repos/SLAM-mapping-Robots/workspace/install/slam_robots/share/slam_robots/worlds/models/fuel_models/Standing_person/materials/textures/jeans_basic_diffuse.png
[0.363s] -- Up-to-date symlink: /home/abdosalm/Github_repos/SLAM-mapping-Robots/workspace/install/slam_robots/share/slam_robots/worlds/models/fuel_models/Standing_person/materials/textures/male02_diffuse_black-unmodified.png
[0.364s] -- Up-to-date symlink: /home/abdosalm/Github_repos/SLAM-mapping-Robots/workspace/install/slam_robots/share/slam_robots/worlds/models/fuel_models/Standing_person/materials/textures/male02_diffuse_black.png
[0.364s] -- Up-to-date symlink: /home/abdosalm/Github_repos/SLAM-mapping-Robots/workspace/install/slam_robots/share/slam_robots/worlds/models/fuel_models/Standing_person/materials/textures/teeth.png
[0.365s] -- Up-to-date symlink: /home/abdosalm/Github_repos/SLAM-mapping-Robots/workspace/install/slam_robots/share/slam_robots/worlds/models/fuel_models/Standing_person/materials/textures/tshirt02_normals.png
[0.365s] -- Up-to-date symlink: /home/abdosalm/Github_repos/SLAM-mapping-Robots/workspace/install/slam_robots/share/slam_robots/worlds/models/fuel_models/Standing_person/materials/textures/tshirt02_texture.png
[0.365s] -- Up-to-date symlink: /home/abdosalm/Github_repos/SLAM-mapping-Robots/workspace/install/slam_robots/share/slam_robots/worlds/models/fuel_models/Standing_person/materials/textures/young_lightskinned_male_diffuse.png
[0.366s] -- Up-to-date symlink: /home/abdosalm/Github_repos/SLAM-mapping-Robots/workspace/install/slam_robots/share/slam_robots/worlds/models/fuel_models/Standing_person/meshes/standing.dae
[0.366s] -- Up-to-date symlink: /home/abdosalm/Github_repos/SLAM-mapping-Robots/workspace/install/slam_robots/share/slam_robots/worlds/models/fuel_models/Standing_person/model.config
[0.366s] -- Up-to-date symlink: /home/abdosalm/Github_repos/SLAM-mapping-Robots/workspace/install/slam_robots/share/slam_robots/worlds/models/fuel_models/Standing_person/model.sdf
[0.367s] -- Up-to-date symlink: /home/abdosalm/Github_repos/SLAM-mapping-Robots/workspace/install/slam_robots/share/slam_robots/worlds/models/fuel_models/Standing_person/thumbnails/1.png
[0.368s] -- Up-to-date symlink: /home/abdosalm/Github_repos/SLAM-mapping-Robots/workspace/install/slam_robots/share/slam_robots/worlds/models/fuel_models/Standing_person/thumbnails/2.png
[0.368s] -- Up-to-date symlink: /home/abdosalm/Github_repos/SLAM-mapping-Robots/workspace/install/slam_robots/share/slam_robots/worlds/models/fuel_models/Standing_person/thumbnails/3.png
[0.368s] -- Up-to-date symlink: /home/abdosalm/Github_repos/SLAM-mapping-Robots/workspace/install/slam_robots/share/slam_robots/worlds/models/fuel_models/Standing_person/thumbnails/4.png
[0.368s] -- Up-to-date symlink: /home/abdosalm/Github_repos/SLAM-mapping-Robots/workspace/install/slam_robots/share/slam_robots/worlds/models/fuel_models/Standing_person/thumbnails/5.png
[0.370s] -- Up-to-date symlink: /home/abdosalm/Github_repos/SLAM-mapping-Robots/workspace/install/slam_robots/share/slam_robots/worlds/models/fuel_models/Walking_person/materials/textures/eyebrow001-unmodified.png
[0.370s] -- Up-to-date symlink: /home/abdosalm/Github_repos/SLAM-mapping-Robots/workspace/install/slam_robots/share/slam_robots/worlds/models/fuel_models/Walking_person/materials/textures/eyebrow001.png
[0.371s] -- Up-to-date symlink: /home/abdosalm/Github_repos/SLAM-mapping-Robots/workspace/install/slam_robots/share/slam_robots/worlds/models/fuel_models/Walking_person/materials/textures/green_eye.png
[0.371s] -- Up-to-date symlink: /home/abdosalm/Github_repos/SLAM-mapping-Robots/workspace/install/slam_robots/share/slam_robots/worlds/models/fuel_models/Walking_person/materials/textures/jeans01_normals.png
[0.371s] -- Up-to-date symlink: /home/abdosalm/Github_repos/SLAM-mapping-Robots/workspace/install/slam_robots/share/slam_robots/worlds/models/fuel_models/Walking_person/materials/textures/jeans_basic_diffuse.png
[0.372s] -- Up-to-date symlink: /home/abdosalm/Github_repos/SLAM-mapping-Robots/workspace/install/slam_robots/share/slam_robots/worlds/models/fuel_models/Walking_person/materials/textures/male02_diffuse_black-unmodified.png
[0.372s] -- Up-to-date symlink: /home/abdosalm/Github_repos/SLAM-mapping-Robots/workspace/install/slam_robots/share/slam_robots/worlds/models/fuel_models/Walking_person/materials/textures/male02_diffuse_black.png
[0.372s] -- Up-to-date symlink: /home/abdosalm/Github_repos/SLAM-mapping-Robots/workspace/install/slam_robots/share/slam_robots/worlds/models/fuel_models/Walking_person/materials/textures/teeth.png
[0.373s] -- Up-to-date symlink: /home/abdosalm/Github_repos/SLAM-mapping-Robots/workspace/install/slam_robots/share/slam_robots/worlds/models/fuel_models/Walking_person/materials/textures/tshirt02_normals.png
[0.373s] -- Up-to-date symlink: /home/abdosalm/Github_repos/SLAM-mapping-Robots/workspace/install/slam_robots/share/slam_robots/worlds/models/fuel_models/Walking_person/materials/textures/tshirt02_texture.png
[0.373s] -- Up-to-date symlink: /home/abdosalm/Github_repos/SLAM-mapping-Robots/workspace/install/slam_robots/share/slam_robots/worlds/models/fuel_models/Walking_person/materials/textures/young_lightskinned_male_diffuse.png
[0.374s] -- Up-to-date symlink: /home/abdosalm/Github_repos/SLAM-mapping-Robots/workspace/install/slam_robots/share/slam_robots/worlds/models/fuel_models/Walking_person/meshes/walking.dae
[0.374s] -- Up-to-date symlink: /home/abdosalm/Github_repos/SLAM-mapping-Robots/workspace/install/slam_robots/share/slam_robots/worlds/models/fuel_models/Walking_person/model.config
[0.375s] -- Up-to-date symlink: /home/abdosalm/Github_repos/SLAM-mapping-Robots/workspace/install/slam_robots/share/slam_robots/worlds/models/fuel_models/Walking_person/model.sdf
[0.375s] -- Up-to-date symlink: /home/abdosalm/Github_repos/SLAM-mapping-Robots/workspace/install/slam_robots/share/slam_robots/worlds/models/fuel_models/Walking_person/thumbnails/1.png
[0.376s] -- Up-to-date symlink: /home/abdosalm/Github_repos/SLAM-mapping-Robots/workspace/install/slam_robots/share/slam_robots/worlds/models/fuel_models/Walking_person/thumbnails/2.png
[0.376s] -- Up-to-date symlink: /home/abdosalm/Github_repos/SLAM-mapping-Robots/workspace/install/slam_robots/share/slam_robots/worlds/models/fuel_models/Walking_person/thumbnails/3.png
[0.377s] -- Up-to-date symlink: /home/abdosalm/Github_repos/SLAM-mapping-Robots/workspace/install/slam_robots/share/slam_robots/worlds/models/fuel_models/Walking_person/thumbnails/4.png
[0.377s] -- Up-to-date symlink: /home/abdosalm/Github_repos/SLAM-mapping-Robots/workspace/install/slam_robots/share/slam_robots/worlds/models/fuel_models/Walking_person/thumbnails/5.png
[0.378s] -- Up-to-date symlink: /home/abdosalm/Github_repos/SLAM-mapping-Robots/workspace/install/slam_robots/share/slam_robots/worlds/models/robots/robot1.sdf
[0.378s] -- Up-to-date symlink: /home/abdosalm/Github_repos/SLAM-mapping-Robots/workspace/install/slam_robots/share/slam_robots/worlds/models/robots/robot10.sdf
[0.379s] -- Up-to-date symlink: /home/abdosalm/Github_repos/SLAM-mapping-Robots/workspace/install/slam_robots/share/slam_robots/worlds/models/robots/robot2.sdf
[0.379s] -- Up-to-date symlink: /home/abdosalm/Github_repos/SLAM-mapping-Robots/workspace/install/slam_robots/share/slam_robots/worlds/models/robots/robot3.sdf
[0.380s] -- Up-to-date symlink: /home/abdosalm/Github_repos/SLAM-mapping-Robots/workspace/install/slam_robots/share/slam_robots/worlds/models/robots/robot4.sdf
[0.380s] -- Up-to-date symlink: /home/abdosalm/Github_repos/SLAM-mapping-Robots/workspace/install/slam_robots/share/slam_robots/worlds/models/robots/robot5.sdf
[0.380s] -- Up-to-date symlink: /home/abdosalm/Github_repos/SLAM-mapping-Robots/workspace/install/slam_robots/share/slam_robots/worlds/models/robots/robot6.sdf
[0.381s] -- Up-to-date symlink: /home/abdosalm/Github_repos/SLAM-mapping-Robots/workspace/install/slam_robots/share/slam_robots/worlds/models/robots/robot7.sdf
[0.381s] -- Up-to-date symlink: /home/abdosalm/Github_repos/SLAM-mapping-Robots/workspace/install/slam_robots/share/slam_robots/worlds/models/robots/robot8.sdf
[0.382s] -- Up-to-date symlink: /home/abdosalm/Github_repos/SLAM-mapping-Robots/workspace/install/slam_robots/share/slam_robots/worlds/models/robots/robot9.sdf
[0.382s] -- Up-to-date symlink: /home/abdosalm/Github_repos/SLAM-mapping-Robots/workspace/install/slam_robots/share/slam_robots/worlds/models/sub_worlds/first_year.sdf
[0.383s] -- Up-to-date symlink: /home/abdosalm/Github_repos/SLAM-mapping-Robots/workspace/install/slam_robots/share/slam_robots/worlds/models/sub_worlds/fourth_year.sdf
[0.383s] -- Up-to-date symlink: /home/abdosalm/Github_repos/SLAM-mapping-Robots/workspace/install/slam_robots/share/slam_robots/worlds/models/sub_worlds/lab1.sdf
[0.384s] -- Up-to-date symlink: /home/abdosalm/Github_repos/SLAM-mapping-Robots/workspace/install/slam_robots/share/slam_robots/worlds/models/sub_worlds/lab2.sdf
[0.384s] -- Up-to-date symlink: /home/abdosalm/Github_repos/SLAM-mapping-Robots/workspace/install/slam_robots/share/slam_robots/worlds/models/sub_worlds/lab3.sdf
[0.384s] -- Up-to-date symlink: /home/abdosalm/Github_repos/SLAM-mapping-Robots/workspace/install/slam_robots/share/slam_robots/worlds/models/sub_worlds/lab4.sdf
[0.385s] -- Up-to-date symlink: /home/abdosalm/Github_repos/SLAM-mapping-Robots/workspace/install/slam_robots/share/slam_robots/worlds/models/sub_worlds/library.sdf
[0.385s] -- Up-to-date symlink: /home/abdosalm/Github_repos/SLAM-mapping-Robots/workspace/install/slam_robots/share/slam_robots/worlds/models/sub_worlds/maincorridor.sdf
[0.385s] -- Up-to-date symlink: /home/abdosalm/Github_repos/SLAM-mapping-Robots/workspace/install/slam_robots/share/slam_robots/worlds/models/sub_worlds/robots.sdf
[0.386s] -- Up-to-date symlink: /home/abdosalm/Github_repos/SLAM-mapping-Robots/workspace/install/slam_robots/share/slam_robots/worlds/models/sub_worlds/second_year.sdf
[0.386s] -- Up-to-date symlink: /home/abdosalm/Github_repos/SLAM-mapping-Robots/workspace/install/slam_robots/share/slam_robots/worlds/models/sub_worlds/third_year.sdf
[0.387s] -- Up-to-date symlink: /home/abdosalm/Github_repos/SLAM-mapping-Robots/workspace/install/slam_robots/share/slam_robots/worlds/models_classic/basic_models/chair/chair.dae
[0.388s] -- Up-to-date symlink: /home/abdosalm/Github_repos/SLAM-mapping-Robots/workspace/install/slam_robots/share/slam_robots/worlds/models_classic/basic_models/chair/model.config
[0.388s] -- Up-to-date symlink: /home/abdosalm/Github_repos/SLAM-mapping-Robots/workspace/install/slam_robots/share/slam_robots/worlds/models_classic/basic_models/chair/model.sdf
[0.389s] -- Up-to-date symlink: /home/abdosalm/Github_repos/SLAM-mapping-Robots/workspace/install/slam_robots/share/slam_robots/worlds/models_classic/basic_models/computer_table/computer_table.dae
[0.389s] -- Up-to-date symlink: /home/abdosalm/Github_repos/SLAM-mapping-Robots/workspace/install/slam_robots/share/slam_robots/worlds/models_classic/basic_models/computer_table/model.config
[0.390s] -- Up-to-date symlink: /home/abdosalm/Github_repos/SLAM-mapping-Robots/workspace/install/slam_robots/share/slam_robots/worlds/models_classic/basic_models/computer_table/model.sdf
[0.391s] -- Up-to-date symlink: /home/abdosalm/Github_repos/SLAM-mapping-Robots/workspace/install/slam_robots/share/slam_robots/worlds/models_classic/basic_models/corridor/corridor.dae
[0.391s] -- Up-to-date symlink: /home/abdosalm/Github_repos/SLAM-mapping-Robots/workspace/install/slam_robots/share/slam_robots/worlds/models_classic/basic_models/corridor/model.config
[0.391s] -- Up-to-date symlink: /home/abdosalm/Github_repos/SLAM-mapping-Robots/workspace/install/slam_robots/share/slam_robots/worlds/models_classic/basic_models/corridor/model.sdf
[0.392s] -- Up-to-date symlink: /home/abdosalm/Github_repos/SLAM-mapping-Robots/workspace/install/slam_robots/share/slam_robots/worlds/models_classic/basic_models/lecture_theater_platform/lecture_theater_platform.dae
[0.393s] -- Up-to-date symlink: /home/abdosalm/Github_repos/SLAM-mapping-Robots/workspace/install/slam_robots/share/slam_robots/worlds/models_classic/basic_models/lecture_theater_platform/model.config
[0.393s] -- Up-to-date symlink: /home/abdosalm/Github_repos/SLAM-mapping-Robots/workspace/install/slam_robots/share/slam_robots/worlds/models_classic/basic_models/lecture_theater_platform/model.sdf
[0.394s] -- Up-to-date symlink: /home/abdosalm/Github_repos/SLAM-mapping-Robots/workspace/install/slam_robots/share/slam_robots/worlds/models_classic/basic_models/smart_board/model.config
[0.394s] -- Up-to-date symlink: /home/abdosalm/Github_repos/SLAM-mapping-Robots/workspace/install/slam_robots/share/slam_robots/worlds/models_classic/basic_models/smart_board/model.sdf
[0.395s] -- Up-to-date symlink: /home/abdosalm/Github_repos/SLAM-mapping-Robots/workspace/install/slam_robots/share/slam_robots/worlds/models_classic/basic_models/smart_board/smart_board.dae
[0.395s] -- Up-to-date symlink: /home/abdosalm/Github_repos/SLAM-mapping-Robots/workspace/install/slam_robots/share/slam_robots/worlds/models_classic/basic_models/stadium/model.config
[0.396s] -- Up-to-date symlink: /home/abdosalm/Github_repos/SLAM-mapping-Robots/workspace/install/slam_robots/share/slam_robots/worlds/models_classic/basic_models/stadium/model.sdf
[0.396s] -- Up-to-date symlink: /home/abdosalm/Github_repos/SLAM-mapping-Robots/workspace/install/slam_robots/share/slam_robots/worlds/models_classic/basic_models/stadium/stadium.dae
[0.397s] -- Up-to-date symlink: /home/abdosalm/Github_repos/SLAM-mapping-Robots/workspace/install/slam_robots/share/slam_robots/worlds/models_classic/basic_models/table/model.config
[0.397s] -- Up-to-date symlink: /home/abdosalm/Github_repos/SLAM-mapping-Robots/workspace/install/slam_robots/share/slam_robots/worlds/models_classic/basic_models/table/model.sdf
[0.398s] -- Up-to-date symlink: /home/abdosalm/Github_repos/SLAM-mapping-Robots/workspace/install/slam_robots/share/slam_robots/worlds/models_classic/basic_models/table/table.dae
[0.398s] -- Up-to-date symlink: /home/abdosalm/Github_repos/SLAM-mapping-Robots/workspace/install/slam_robots/share/slam_robots/worlds/models_classic/basic_models/wall/model.config
[0.399s] -- Up-to-date symlink: /home/abdosalm/Github_repos/SLAM-mapping-Robots/workspace/install/slam_robots/share/slam_robots/worlds/models_classic/basic_models/wall/model.sdf
[0.399s] -- Up-to-date symlink: /home/abdosalm/Github_repos/SLAM-mapping-Robots/workspace/install/slam_robots/share/slam_robots/worlds/models_classic/basic_models/wall/wall.dae
[0.400s] -- Up-to-date symlink: /home/abdosalm/Github_repos/SLAM-mapping-Robots/workspace/install/slam_robots/share/slam_robots/worlds/models_classic/basic_models/wall_with_window/model.config
[0.400s] -- Up-to-date symlink: /home/abdosalm/Github_repos/SLAM-mapping-Robots/workspace/install/slam_robots/share/slam_robots/worlds/models_classic/basic_models/wall_with_window/model.sdf
[0.401s] -- Up-to-date symlink: /home/abdosalm/Github_repos/SLAM-mapping-Robots/workspace/install/slam_robots/share/slam_robots/worlds/models_classic/basic_models/wall_with_window/wall_with_window.dae
[0.402s] -- Up-to-date symlink: /home/abdosalm/Github_repos/SLAM-mapping-Robots/workspace/install/slam_robots/share/slam_robots/worlds/models_classic/freeCad design files/chair.FCStd
[0.402s] -- Up-to-date symlink: /home/abdosalm/Github_repos/SLAM-mapping-Robots/workspace/install/slam_robots/share/slam_robots/worlds/models_classic/freeCad design files/chair.FCStd1
[0.402s] -- Up-to-date symlink: /home/abdosalm/Github_repos/SLAM-mapping-Robots/workspace/install/slam_robots/share/slam_robots/worlds/models_classic/freeCad design files/computer_table.FCStd
[0.403s] -- Up-to-date symlink: /home/abdosalm/Github_repos/SLAM-mapping-Robots/workspace/install/slam_robots/share/slam_robots/worlds/models_classic/freeCad design files/computer_table.FCStd1
[0.403s] -- Up-to-date symlink: /home/abdosalm/Github_repos/SLAM-mapping-Robots/workspace/install/slam_robots/share/slam_robots/worlds/models_classic/freeCad design files/corridor.FCStd
[0.403s] -- Up-to-date symlink: /home/abdosalm/Github_repos/SLAM-mapping-Robots/workspace/install/slam_robots/share/slam_robots/worlds/models_classic/freeCad design files/corridor.FCStd1
[0.404s] -- Up-to-date symlink: /home/abdosalm/Github_repos/SLAM-mapping-Robots/workspace/install/slam_robots/share/slam_robots/worlds/models_classic/freeCad design files/lecture_theater_platform.FCStd
[0.404s] -- Up-to-date symlink: /home/abdosalm/Github_repos/SLAM-mapping-Robots/workspace/install/slam_robots/share/slam_robots/worlds/models_classic/freeCad design files/lecture_theater_platform.FCStd1
[0.404s] -- Up-to-date symlink: /home/abdosalm/Github_repos/SLAM-mapping-Robots/workspace/install/slam_robots/share/slam_robots/worlds/models_classic/freeCad design files/smart_board.FCStd
[0.404s] -- Up-to-date symlink: /home/abdosalm/Github_repos/SLAM-mapping-Robots/workspace/install/slam_robots/share/slam_robots/worlds/models_classic/freeCad design files/smart_board.FCStd1
[0.405s] -- Up-to-date symlink: /home/abdosalm/Github_repos/SLAM-mapping-Robots/workspace/install/slam_robots/share/slam_robots/worlds/models_classic/freeCad design files/stadium.FCStd
[0.405s] -- Up-to-date symlink: /home/abdosalm/Github_repos/SLAM-mapping-Robots/workspace/install/slam_robots/share/slam_robots/worlds/models_classic/freeCad design files/stadium.FCStd1
[0.406s] -- Up-to-date symlink: /home/abdosalm/Github_repos/SLAM-mapping-Robots/workspace/install/slam_robots/share/slam_robots/worlds/models_classic/freeCad design files/table.FCStd
[0.406s] -- Up-to-date symlink: /home/abdosalm/Github_repos/SLAM-mapping-Robots/workspace/install/slam_robots/share/slam_robots/worlds/models_classic/freeCad design files/table.FCStd1
[0.406s] -- Up-to-date symlink: /home/abdosalm/Github_repos/SLAM-mapping-Robots/workspace/install/slam_robots/share/slam_robots/worlds/models_classic/freeCad design files/wall.FCStd
[0.407s] -- Up-to-date symlink: /home/abdosalm/Github_repos/SLAM-mapping-Robots/workspace/install/slam_robots/share/slam_robots/worlds/models_classic/freeCad design files/wall.FCStd1
[0.407s] -- Up-to-date symlink: /home/abdosalm/Github_repos/SLAM-mapping-Robots/workspace/install/slam_robots/share/slam_robots/worlds/models_classic/freeCad design files/wall_with_window.FCStd
[0.407s] -- Up-to-date symlink: /home/abdosalm/Github_repos/SLAM-mapping-Robots/workspace/install/slam_robots/share/slam_robots/worlds/models_classic/freeCad design files/wall_with_window.FCStd1
[0.409s] -- Up-to-date symlink: /home/abdosalm/Github_repos/SLAM-mapping-Robots/workspace/install/slam_robots/share/slam_robots/worlds/models_classic/fuel_models/Casual_female/materials/textures/brown_eye.png
[0.409s] -- Up-to-date symlink: /home/abdosalm/Github_repos/SLAM-mapping-Robots/workspace/install/slam_robots/share/slam_robots/worlds/models_classic/fuel_models/Casual_female/materials/textures/casual_female.png
[0.410s] -- Up-to-date symlink: /home/abdosalm/Github_repos/SLAM-mapping-Robots/workspace/install/slam_robots/share/slam_robots/worlds/models_classic/fuel_models/Casual_female/materials/textures/eyebrow002.png
[0.410s] -- Up-to-date symlink: /home/abdosalm/Github_repos/SLAM-mapping-Robots/workspace/install/slam_robots/share/slam_robots/worlds/models_classic/fuel_models/Casual_female/materials/textures/eyelashes01.png
[0.410s] -- Up-to-date symlink: /home/abdosalm/Github_repos/SLAM-mapping-Robots/workspace/install/slam_robots/share/slam_robots/worlds/models_classic/fuel_models/Casual_female/materials/textures/female_casualsuit01_diffuse.png
[0.411s] -- Up-to-date symlink: /home/abdosalm/Github_repos/SLAM-mapping-Robots/workspace/install/slam_robots/share/slam_robots/worlds/models_classic/fuel_models/Casual_female/materials/textures/female_casualsuit01_normal.png
[0.411s] -- Up-to-date symlink: /home/abdosalm/Github_repos/SLAM-mapping-Robots/workspace/install/slam_robots/share/slam_robots/worlds/models_classic/fuel_models/Casual_female/materials/textures/female_casualsuit02_diffuse.png
[0.411s] -- Up-to-date symlink: /home/abdosalm/Github_repos/SLAM-mapping-Robots/workspace/install/slam_robots/share/slam_robots/worlds/models_classic/fuel_models/Casual_female/materials/textures/female_casualsuit02_normal.png
[0.411s] -- Up-to-date symlink: /home/abdosalm/Github_repos/SLAM-mapping-Robots/workspace/install/slam_robots/share/slam_robots/worlds/models_classic/fuel_models/Casual_female/materials/textures/ponytail01_diffuse.png
[0.412s] -- Up-to-date symlink: /home/abdosalm/Github_repos/SLAM-mapping-Robots/workspace/install/slam_robots/share/slam_robots/worlds/models_classic/fuel_models/Casual_female/materials/textures/shoes05_diffuse.png
[0.412s] -- Up-to-date symlink: /home/abdosalm/Github_repos/SLAM-mapping-Robots/workspace/install/slam_robots/share/slam_robots/worlds/models_classic/fuel_models/Casual_female/materials/textures/tongue01_diffuse.png
[0.413s] -- Up-to-date symlink: /home/abdosalm/Github_repos/SLAM-mapping-Robots/workspace/install/slam_robots/share/slam_robots/worlds/models_classic/fuel_models/Casual_female/materials/textures/young_lightskinned_female_diffuse.png
[0.413s] -- Up-to-date symlink: /home/abdosalm/Github_repos/SLAM-mapping-Robots/workspace/install/slam_robots/share/slam_robots/worlds/models_classic/fuel_models/Casual_female/meshes/casual_female.dae
[0.414s] -- Up-to-date symlink: /home/abdosalm/Github_repos/SLAM-mapping-Robots/workspace/install/slam_robots/share/slam_robots/worlds/models_classic/fuel_models/Casual_female/model.config
[0.414s] -- Up-to-date symlink: /home/abdosalm/Github_repos/SLAM-mapping-Robots/workspace/install/slam_robots/share/slam_robots/worlds/models_classic/fuel_models/Casual_female/model.sdf
[0.415s] -- Up-to-date symlink: /home/abdosalm/Github_repos/SLAM-mapping-Robots/workspace/install/slam_robots/share/slam_robots/worlds/models_classic/fuel_models/Casual_female/thumbnails/1.png
[0.415s] -- Up-to-date symlink: /home/abdosalm/Github_repos/SLAM-mapping-Robots/workspace/install/slam_robots/share/slam_robots/worlds/models_classic/fuel_models/Casual_female/thumbnails/2.png
[0.415s] -- Up-to-date symlink: /home/abdosalm/Github_repos/SLAM-mapping-Robots/workspace/install/slam_robots/share/slam_robots/worlds/models_classic/fuel_models/Casual_female/thumbnails/3.png
[0.416s] -- Up-to-date symlink: /home/abdosalm/Github_repos/SLAM-mapping-Robots/workspace/install/slam_robots/share/slam_robots/worlds/models_classic/fuel_models/Casual_female/thumbnails/4.png
[0.416s] -- Up-to-date symlink: /home/abdosalm/Github_repos/SLAM-mapping-Robots/workspace/install/slam_robots/share/slam_robots/worlds/models_classic/fuel_models/Casual_female/thumbnails/5.png
[0.418s] -- Up-to-date symlink: /home/abdosalm/Github_repos/SLAM-mapping-Robots/workspace/install/slam_robots/share/slam_robots/worlds/models_classic/fuel_models/Standing_person/materials/textures/eyebrow001-unmodified.png
[0.418s] -- Up-to-date symlink: /home/abdosalm/Github_repos/SLAM-mapping-Robots/workspace/install/slam_robots/share/slam_robots/worlds/models_classic/fuel_models/Standing_person/materials/textures/eyebrow001.png
[0.419s] -- Up-to-date symlink: /home/abdosalm/Github_repos/SLAM-mapping-Robots/workspace/install/slam_robots/share/slam_robots/worlds/models_classic/fuel_models/Standing_person/materials/textures/green_eye.png
[0.419s] -- Up-to-date symlink: /home/abdosalm/Github_repos/SLAM-mapping-Robots/workspace/install/slam_robots/share/slam_robots/worlds/models_classic/fuel_models/Standing_person/materials/textures/jeans01_normals.png
[0.419s] -- Up-to-date symlink: /home/abdosalm/Github_repos/SLAM-mapping-Robots/workspace/install/slam_robots/share/slam_robots/worlds/models_classic/fuel_models/Standing_person/materials/textures/jeans_basic_diffuse.png
[0.420s] -- Up-to-date symlink: /home/abdosalm/Github_repos/SLAM-mapping-Robots/workspace/install/slam_robots/share/slam_robots/worlds/models_classic/fuel_models/Standing_person/materials/textures/male02_diffuse_black-unmodified.png
[0.420s] -- Up-to-date symlink: /home/abdosalm/Github_repos/SLAM-mapping-Robots/workspace/install/slam_robots/share/slam_robots/worlds/models_classic/fuel_models/Standing_person/materials/textures/male02_diffuse_black.png
[0.420s] -- Up-to-date symlink: /home/abdosalm/Github_repos/SLAM-mapping-Robots/workspace/install/slam_robots/share/slam_robots/worlds/models_classic/fuel_models/Standing_person/materials/textures/teeth.png
[0.421s] -- Up-to-date symlink: /home/abdosalm/Github_repos/SLAM-mapping-Robots/workspace/install/slam_robots/share/slam_robots/worlds/models_classic/fuel_models/Standing_person/materials/textures/tshirt02_normals.png
[0.421s] -- Up-to-date symlink: /home/abdosalm/Github_repos/SLAM-mapping-Robots/workspace/install/slam_robots/share/slam_robots/worlds/models_classic/fuel_models/Standing_person/materials/textures/tshirt02_texture.png
[0.421s] -- Up-to-date symlink: /home/abdosalm/Github_repos/SLAM-mapping-Robots/workspace/install/slam_robots/share/slam_robots/worlds/models_classic/fuel_models/Standing_person/materials/textures/young_lightskinned_male_diffuse.png
[0.422s] -- Up-to-date symlink: /home/abdosalm/Github_repos/SLAM-mapping-Robots/workspace/install/slam_robots/share/slam_robots/worlds/models_classic/fuel_models/Standing_person/meshes/standing.dae
[0.422s] -- Up-to-date symlink: /home/abdosalm/Github_repos/SLAM-mapping-Robots/workspace/install/slam_robots/share/slam_robots/worlds/models_classic/fuel_models/Standing_person/model.config
[0.423s] -- Up-to-date symlink: /home/abdosalm/Github_repos/SLAM-mapping-Robots/workspace/install/slam_robots/share/slam_robots/worlds/models_classic/fuel_models/Standing_person/model.sdf
[0.423s] -- Up-to-date symlink: /home/abdosalm/Github_repos/SLAM-mapping-Robots/workspace/install/slam_robots/share/slam_robots/worlds/models_classic/fuel_models/Standing_person/thumbnails/1.png
[0.424s] -- Up-to-date symlink: /home/abdosalm/Github_repos/SLAM-mapping-Robots/workspace/install/slam_robots/share/slam_robots/worlds/models_classic/fuel_models/Standing_person/thumbnails/2.png
[0.424s] -- Up-to-date symlink: /home/abdosalm/Github_repos/SLAM-mapping-Robots/workspace/install/slam_robots/share/slam_robots/worlds/models_classic/fuel_models/Standing_person/thumbnails/3.png
[0.424s] -- Up-to-date symlink: /home/abdosalm/Github_repos/SLAM-mapping-Robots/workspace/install/slam_robots/share/slam_robots/worlds/models_classic/fuel_models/Standing_person/thumbnails/4.png
[0.425s] -- Up-to-date symlink: /home/abdosalm/Github_repos/SLAM-mapping-Robots/workspace/install/slam_robots/share/slam_robots/worlds/models_classic/fuel_models/Standing_person/thumbnails/5.png
[0.426s] -- Up-to-date symlink: /home/abdosalm/Github_repos/SLAM-mapping-Robots/workspace/install/slam_robots/share/slam_robots/worlds/models_classic/fuel_models/Walking_person/materials/textures/eyebrow001-unmodified.png
[0.426s] -- Up-to-date symlink: /home/abdosalm/Github_repos/SLAM-mapping-Robots/workspace/install/slam_robots/share/slam_robots/worlds/models_classic/fuel_models/Walking_person/materials/textures/eyebrow001.png
[0.426s] -- Up-to-date symlink: /home/abdosalm/Github_repos/SLAM-mapping-Robots/workspace/install/slam_robots/share/slam_robots/worlds/models_classic/fuel_models/Walking_person/materials/textures/green_eye.png
[0.427s] -- Up-to-date symlink: /home/abdosalm/Github_repos/SLAM-mapping-Robots/workspace/install/slam_robots/share/slam_robots/worlds/models_classic/fuel_models/Walking_person/materials/textures/jeans01_normals.png
[0.427s] -- Up-to-date symlink: /home/abdosalm/Github_repos/SLAM-mapping-Robots/workspace/install/slam_robots/share/slam_robots/worlds/models_classic/fuel_models/Walking_person/materials/textures/jeans_basic_diffuse.png
[0.428s] -- Up-to-date symlink: /home/abdosalm/Github_repos/SLAM-mapping-Robots/workspace/install/slam_robots/share/slam_robots/worlds/models_classic/fuel_models/Walking_person/materials/textures/male02_diffuse_black-unmodified.png
[0.428s] -- Up-to-date symlink: /home/abdosalm/Github_repos/SLAM-mapping-Robots/workspace/install/slam_robots/share/slam_robots/worlds/models_classic/fuel_models/Walking_person/materials/textures/male02_diffuse_black.png
[0.429s] -- Up-to-date symlink: /home/abdosalm/Github_repos/SLAM-mapping-Robots/workspace/install/slam_robots/share/slam_robots/worlds/models_classic/fuel_models/Walking_person/materials/textures/teeth.png
[0.429s] -- Up-to-date symlink: /home/abdosalm/Github_repos/SLAM-mapping-Robots/workspace/install/slam_robots/share/slam_robots/worlds/models_classic/fuel_models/Walking_person/materials/textures/tshirt02_normals.png
[0.429s] -- Up-to-date symlink: /home/abdosalm/Github_repos/SLAM-mapping-Robots/workspace/install/slam_robots/share/slam_robots/worlds/models_classic/fuel_models/Walking_person/materials/textures/tshirt02_texture.png
[0.430s] -- Up-to-date symlink: /home/abdosalm/Github_repos/SLAM-mapping-Robots/workspace/install/slam_robots/share/slam_robots/worlds/models_classic/fuel_models/Walking_person/materials/textures/young_lightskinned_male_diffuse.png
[0.430s] -- Up-to-date symlink: /home/abdosalm/Github_repos/SLAM-mapping-Robots/workspace/install/slam_robots/share/slam_robots/worlds/models_classic/fuel_models/Walking_person/meshes/walking.dae
[0.431s] -- Up-to-date symlink: /home/abdosalm/Github_repos/SLAM-mapping-Robots/workspace/install/slam_robots/share/slam_robots/worlds/models_classic/fuel_models/Walking_person/model.config
[0.431s] -- Up-to-date symlink: /home/abdosalm/Github_repos/SLAM-mapping-Robots/workspace/install/slam_robots/share/slam_robots/worlds/models_classic/fuel_models/Walking_person/model.sdf
[0.432s] -- Up-to-date symlink: /home/abdosalm/Github_repos/SLAM-mapping-Robots/workspace/install/slam_robots/share/slam_robots/worlds/models_classic/fuel_models/Walking_person/thumbnails/1.png
[0.432s] -- Up-to-date symlink: /home/abdosalm/Github_repos/SLAM-mapping-Robots/workspace/install/slam_robots/share/slam_robots/worlds/models_classic/fuel_models/Walking_person/thumbnails/2.png
[0.432s] -- Up-to-date symlink: /home/abdosalm/Github_repos/SLAM-mapping-Robots/workspace/install/slam_robots/share/slam_robots/worlds/models_classic/fuel_models/Walking_person/thumbnails/3.png
[0.433s] -- Up-to-date symlink: /home/abdosalm/Github_repos/SLAM-mapping-Robots/workspace/install/slam_robots/share/slam_robots/worlds/models_classic/fuel_models/Walking_person/thumbnails/4.png
[0.433s] -- Up-to-date symlink: /home/abdosalm/Github_repos/SLAM-mapping-Robots/workspace/install/slam_robots/share/slam_robots/worlds/models_classic/fuel_models/Walking_person/thumbnails/5.png
[0.434s] -- Up-to-date symlink: /home/abdosalm/Github_repos/SLAM-mapping-Robots/workspace/install/slam_robots/share/slam_robots/worlds/models_classic/robots/robot1.sdf
[0.434s] -- Up-to-date symlink: /home/abdosalm/Github_repos/SLAM-mapping-Robots/workspace/install/slam_robots/share/slam_robots/worlds/models_classic/robots/robot10.sdf
[0.435s] -- Up-to-date symlink: /home/abdosalm/Github_repos/SLAM-mapping-Robots/workspace/install/slam_robots/share/slam_robots/worlds/models_classic/robots/robot2.sdf
[0.435s] -- Up-to-date symlink: /home/abdosalm/Github_repos/SLAM-mapping-Robots/workspace/install/slam_robots/share/slam_robots/worlds/models_classic/robots/robot3.sdf
[0.435s] -- Up-to-date symlink: /home/abdosalm/Github_repos/SLAM-mapping-Robots/workspace/install/slam_robots/share/slam_robots/worlds/models_classic/robots/robot4.sdf
[0.436s] -- Up-to-date symlink: /home/abdosalm/Github_repos/SLAM-mapping-Robots/workspace/install/slam_robots/share/slam_robots/worlds/models_classic/robots/robot5.sdf
[0.436s] -- Up-to-date symlink: /home/abdosalm/Github_repos/SLAM-mapping-Robots/workspace/install/slam_robots/share/slam_robots/worlds/models_classic/robots/robot6.sdf
[0.436s] -- Up-to-date symlink: /home/abdosalm/Github_repos/SLAM-mapping-Robots/workspace/install/slam_robots/share/slam_robots/worlds/models_classic/robots/robot7.sdf
[0.436s] -- Up-to-date symlink: /home/abdosalm/Github_repos/SLAM-mapping-Robots/workspace/install/slam_robots/share/slam_robots/worlds/models_classic/robots/robot8.sdf
[0.437s] -- Up-to-date symlink: /home/abdosalm/Github_repos/SLAM-mapping-Robots/workspace/install/slam_robots/share/slam_robots/worlds/models_classic/robots/robot9.sdf
[0.438s] -- Up-to-date symlink: /home/abdosalm/Github_repos/SLAM-mapping-Robots/workspace/install/slam_robots/share/slam_robots/worlds/models_classic/sub_worlds/first_year/model.config
[0.438s] -- Up-to-date symlink: /home/abdosalm/Github_repos/SLAM-mapping-Robots/workspace/install/slam_robots/share/slam_robots/worlds/models_classic/sub_worlds/first_year/model.sdf
[0.439s] -- Up-to-date symlink: /home/abdosalm/Github_repos/SLAM-mapping-Robots/workspace/install/slam_robots/share/slam_robots/worlds/models_classic/sub_worlds/fourth_year/model.config
[0.439s] -- Up-to-date symlink: /home/abdosalm/Github_repos/SLAM-mapping-Robots/workspace/install/slam_robots/share/slam_robots/worlds/models_classic/sub_worlds/fourth_year/model.sdf
[0.440s] -- Up-to-date symlink: /home/abdosalm/Github_repos/SLAM-mapping-Robots/workspace/install/slam_robots/share/slam_robots/worlds/models_classic/sub_worlds/lab1/model.config
[0.440s] -- Up-to-date symlink: /home/abdosalm/Github_repos/SLAM-mapping-Robots/workspace/install/slam_robots/share/slam_robots/worlds/models_classic/sub_worlds/lab1/model.sdf
[0.441s] -- Up-to-date symlink: /home/abdosalm/Github_repos/SLAM-mapping-Robots/workspace/install/slam_robots/share/slam_robots/worlds/models_classic/sub_worlds/lab2/model.config
[0.441s] -- Up-to-date symlink: /home/abdosalm/Github_repos/SLAM-mapping-Robots/workspace/install/slam_robots/share/slam_robots/worlds/models_classic/sub_worlds/lab2/model.sdf
[0.442s] -- Up-to-date symlink: /home/abdosalm/Github_repos/SLAM-mapping-Robots/workspace/install/slam_robots/share/slam_robots/worlds/models_classic/sub_worlds/lab3/model.config
[0.442s] -- Up-to-date symlink: /home/abdosalm/Github_repos/SLAM-mapping-Robots/workspace/install/slam_robots/share/slam_robots/worlds/models_classic/sub_worlds/lab3/model.sdf
[0.443s] -- Up-to-date symlink: /home/abdosalm/Github_repos/SLAM-mapping-Robots/workspace/install/slam_robots/share/slam_robots/worlds/models_classic/sub_worlds/lab4/model.config
[0.443s] -- Up-to-date symlink: /home/abdosalm/Github_repos/SLAM-mapping-Robots/workspace/install/slam_robots/share/slam_robots/worlds/models_classic/sub_worlds/lab4/model.sdf
[0.444s] -- Up-to-date symlink: /home/abdosalm/Github_repos/SLAM-mapping-Robots/workspace/install/slam_robots/share/slam_robots/worlds/models_classic/sub_worlds/library/model.config
[0.444s] -- Up-to-date symlink: /home/abdosalm/Github_repos/SLAM-mapping-Robots/workspace/install/slam_robots/share/slam_robots/worlds/models_classic/sub_worlds/library/model.sdf
[0.445s] -- Up-to-date symlink: /home/abdosalm/Github_repos/SLAM-mapping-Robots/workspace/install/slam_robots/share/slam_robots/worlds/models_classic/sub_worlds/maincorridor/model.config
[0.445s] -- Up-to-date symlink: /home/abdosalm/Github_repos/SLAM-mapping-Robots/workspace/install/slam_robots/share/slam_robots/worlds/models_classic/sub_worlds/maincorridor/model.sdf
[0.446s] -- Up-to-date symlink: /home/abdosalm/Github_repos/SLAM-mapping-Robots/workspace/install/slam_robots/share/slam_robots/worlds/models_classic/sub_worlds/robots.sdf
[0.447s] -- Up-to-date symlink: /home/abdosalm/Github_repos/SLAM-mapping-Robots/workspace/install/slam_robots/share/slam_robots/worlds/models_classic/sub_worlds/second_year/model.config
[0.447s] -- Up-to-date symlink: /home/abdosalm/Github_repos/SLAM-mapping-Robots/workspace/install/slam_robots/share/slam_robots/worlds/models_classic/sub_worlds/second_year/model.sdf
[0.448s] -- Up-to-date symlink: /home/abdosalm/Github_repos/SLAM-mapping-Robots/workspace/install/slam_robots/share/slam_robots/worlds/models_classic/sub_worlds/third_year/model.config
[0.449s] -- Up-to-date symlink: /home/abdosalm/Github_repos/SLAM-mapping-Robots/workspace/install/slam_robots/share/slam_robots/worlds/models_classic/sub_worlds/third_year/model.sdf
[0.449s] -- Up-to-date symlink: /home/abdosalm/Github_repos/SLAM-mapping-Robots/workspace/install/slam_robots/share/slam_robots/worlds/world.sdf
[0.449s] -- Up-to-date symlink: /home/abdosalm/Github_repos/SLAM-mapping-Robots/workspace/install/slam_robots/share/slam_robots/worlds/world_classic.sdf
[0.453s] -- Up-to-date symlink: /home/abdosalm/Github_repos/SLAM-mapping-Robots/workspace/install/slam_robots/share/slam_robots/robot/camera.xacro
[0.454s] -- Up-to-date symlink: /home/abdosalm/Github_repos/SLAM-mapping-Robots/workspace/install/slam_robots/share/slam_robots/robot/depth_camera.xacro
[0.455s] -- Up-to-date symlink: /home/abdosalm/Github_repos/SLAM-mapping-Robots/workspace/install/slam_robots/share/slam_robots/robot/face.xacro
[0.455s] -- Up-to-date symlink: /home/abdosalm/Github_repos/SLAM-mapping-Robots/workspace/install/slam_robots/share/slam_robots/robot/gazebo_control.xacro
[0.456s] -- Up-to-date symlink: /home/abdosalm/Github_repos/SLAM-mapping-Robots/workspace/install/slam_robots/share/slam_robots/robot/image_system_comarison.png
[0.456s] -- Up-to-date symlink: /home/abdosalm/Github_repos/SLAM-mapping-Robots/workspace/install/slam_robots/share/slam_robots/robot/inertial_macros.xacro
[0.456s] -- Up-to-date symlink: /home/abdosalm/Github_repos/SLAM-mapping-Robots/workspace/install/slam_robots/share/slam_robots/robot/lidar.xacro
[0.457s] -- Up-to-date symlink: /home/abdosalm/Github_repos/SLAM-mapping-Robots/workspace/install/slam_robots/share/slam_robots/robot/robot.urdf.xacro
[0.457s] -- Up-to-date symlink: /home/abdosalm/Github_repos/SLAM-mapping-Robots/workspace/install/slam_robots/share/slam_robots/robot/robot_core.xacro
[0.458s] -- Up-to-date symlink: /home/abdosalm/Github_repos/SLAM-mapping-Robots/workspace/install/slam_robots/share/slam_robots/robot/ros2_control.xacro
[0.458s] -- Up-to-date symlink: /home/abdosalm/Github_repos/SLAM-mapping-Robots/workspace/install/slam_robots/share/slam_robots/robot/rviz/drive_bot.rviz
[0.459s] -- Up-to-date symlink: /home/abdosalm/Github_repos/SLAM-mapping-Robots/workspace/install/slam_robots/share/slam_robots/robot/rviz/final_config.rviz
[0.459s] -- Up-to-date symlink: /home/abdosalm/Github_repos/SLAM-mapping-Robots/workspace/install/slam_robots/share/slam_robots/robot/rviz/robot_depth_camera.rviz
[0.459s] -- Up-to-date symlink: /home/abdosalm/Github_repos/SLAM-mapping-Robots/workspace/install/slam_robots/share/slam_robots/robot/rviz/robot_lidar_visualize.rviz
[0.460s] -- Up-to-date symlink: /home/abdosalm/Github_repos/SLAM-mapping-Robots/workspace/install/slam_robots/share/slam_robots/robot/rviz/slam_robot_mapping.rviz
[0.461s] -- Up-to-date symlink: /home/abdosalm/Github_repos/SLAM-mapping-Robots/workspace/install/slam_robots/share/slam_robots/robot/rviz/test.rviz
[0.461s] -- Up-to-date symlink: /home/abdosalm/Github_repos/SLAM-mapping-Robots/workspace/install/slam_robots/share/slam_robots/robot/rviz/view_robot.rviz
[0.463s] -- Up-to-date symlink: /home/abdosalm/Github_repos/SLAM-mapping-Robots/workspace/install/slam_robots/share/slam_robots/config/gazebo_params.yaml
[0.463s] -- Up-to-date symlink: /home/abdosalm/Github_repos/SLAM-mapping-Robots/workspace/install/slam_robots/share/slam_robots/config/mapper_params_online_async.yaml
[0.465s] -- Up-to-date symlink: /home/abdosalm/Github_repos/SLAM-mapping-Robots/workspace/install/slam_robots/share/ament_index/resource_index/package_run_dependencies/slam_robots
[0.465s] -- Up-to-date symlink: /home/abdosalm/Github_repos/SLAM-mapping-Robots/workspace/install/slam_robots/share/ament_index/resource_index/parent_prefix_path/slam_robots
[0.466s] -- Up-to-date symlink: /home/abdosalm/Github_repos/SLAM-mapping-Robots/workspace/install/slam_robots/share/slam_robots/environment/ament_prefix_path.sh
[0.467s] -- Up-to-date symlink: /home/abdosalm/Github_repos/SLAM-mapping-Robots/workspace/install/slam_robots/share/slam_robots/environment/ament_prefix_path.dsv
[0.467s] -- Up-to-date symlink: /home/abdosalm/Github_repos/SLAM-mapping-Robots/workspace/install/slam_robots/share/slam_robots/environment/path.sh
[0.468s] -- Up-to-date symlink: /home/abdosalm/Github_repos/SLAM-mapping-Robots/workspace/install/slam_robots/share/slam_robots/environment/path.dsv
[0.468s] -- Up-to-date symlink: /home/abdosalm/Github_repos/SLAM-mapping-Robots/workspace/install/slam_robots/share/slam_robots/local_setup.bash
[0.469s] -- Up-to-date symlink: /home/abdosalm/Github_repos/SLAM-mapping-Robots/workspace/install/slam_robots/share/slam_robots/local_setup.sh
[0.469s] -- Up-to-date symlink: /home/abdosalm/Github_repos/SLAM-mapping-Robots/workspace/install/slam_robots/share/slam_robots/local_setup.zsh
[0.470s] -- Up-to-date symlink: /home/abdosalm/Github_repos/SLAM-mapping-Robots/workspace/install/slam_robots/share/slam_robots/local_setup.dsv
[0.470s] -- Symlinking: /home/abdosalm/Github_repos/SLAM-mapping-Robots/workspace/install/slam_robots/share/slam_robots/package.dsv
[0.478s] -- Up-to-date symlink: /home/abdosalm/Github_repos/SLAM-mapping-Robots/workspace/install/slam_robots/share/ament_index/resource_index/packages/slam_robots
[0.479s] -- Up-to-date symlink: /home/abdosalm/Github_repos/SLAM-mapping-Robots/workspace/install/slam_robots/share/slam_robots/cmake/slam_robotsConfig.cmake
[0.479s] -- Up-to-date symlink: /home/abdosalm/Github_repos/SLAM-mapping-Robots/workspace/install/slam_robots/share/slam_robots/cmake/slam_robotsConfig-version.cmake
[0.480s] -- Up-to-date symlink: /home/abdosalm/Github_repos/SLAM-mapping-Robots/workspace/install/slam_robots/share/slam_robots/package.xml
[0.481s] Invoked command in '/home/abdosalm/Github_repos/SLAM-mapping-Robots/workspace/build/slam_robots' returned '0': CMAKE_PREFIX_PATH=/opt/ros/humble /usr/bin/cmake --install /home/abdosalm/Github_repos/SLAM-mapping-Robots/workspace/build/slam_robots
