[0.982s] DEBUG:colcon:Command line arguments: ['/usr/bin/colcon', 'build', '--packages-select', 'slam_robots']
[0.982s] DEBUG:colcon:Parsed command line arguments: Namespace(log_base=None, log_level=None, verb_name='build', build_base='build', install_base='install', merge_install=False, symlink_install=False, test_result_base=None, continue_on_error=False, executor='parallel', parallel_workers=16, event_handlers=None, ignore_user_meta=False, metas=['./colcon.meta'], base_paths=['.'], packages_ignore=None, packages_ignore_regex=None, paths=None, packages_up_to=None, packages_up_to_regex=None, packages_above=None, packages_above_and_dependencies=None, packages_above_depth=None, packages_select_by_dep=None, packages_skip_by_dep=None, packages_skip_up_to=None, packages_select_build_failed=False, packages_skip_build_finished=False, packages_select_test_failures=False, packages_skip_test_passed=False, packages_select=['slam_robots'], packages_skip=None, packages_select_regex=None, packages_skip_regex=None, packages_start=None, packages_end=None, allow_overriding=[], cmake_args=None, cmake_target=None, cmake_target_skip_unavailable=False, cmake_clean_cache=False, cmake_clean_first=False, cmake_force_configure=False, ament_cmake_args=None, catkin_cmake_args=None, catkin_skip_building_tests=False, verb_parser=<colcon_defaults.argument_parser.defaults.DefaultArgumentsDecorator object at 0x7f4194830430>, verb_extension=<colcon_core.verb.build.BuildVerb object at 0x7f41947bfeb0>, main=<bound method BuildVerb.main of <colcon_core.verb.build.BuildVerb object at 0x7f41947bfeb0>>)
[1.020s] Level 1:colcon.colcon_core.package_discovery:discover_packages(colcon_meta) check parameters
[1.020s] Level 1:colcon.colcon_core.package_discovery:discover_packages(recursive) check parameters
[1.020s] Level 1:colcon.colcon_core.package_discovery:discover_packages(ignore) check parameters
[1.020s] Level 1:colcon.colcon_core.package_discovery:discover_packages(path) check parameters
[1.020s] Level 1:colcon.colcon_core.package_discovery:discover_packages(colcon_meta) discover
[1.020s] Level 1:colcon.colcon_core.package_discovery:discover_packages(recursive) discover
[1.020s] INFO:colcon.colcon_core.package_discovery:Crawling recursively for packages in '/home/abdosalm/Github_repos/SLAM-mapping-Robots/workspace'
[1.020s] Level 1:colcon.colcon_core.package_identification:_identify(.) by extensions ['ignore', 'ignore_ament_install']
[1.020s] Level 1:colcon.colcon_core.package_identification:_identify(.) by extension 'ignore'
[1.020s] Level 1:colcon.colcon_core.package_identification:_identify(.) by extension 'ignore_ament_install'
[1.020s] Level 1:colcon.colcon_core.package_identification:_identify(.) by extensions ['colcon_pkg']
[1.020s] Level 1:colcon.colcon_core.package_identification:_identify(.) by extension 'colcon_pkg'
[1.020s] Level 1:colcon.colcon_core.package_identification:_identify(.) by extensions ['colcon_meta']
[1.020s] Level 1:colcon.colcon_core.package_identification:_identify(.) by extension 'colcon_meta'
[1.020s] Level 1:colcon.colcon_core.package_identification:_identify(.) by extensions ['ros']
[1.020s] Level 1:colcon.colcon_core.package_identification:_identify(.) by extension 'ros'
[1.028s] Level 1:colcon.colcon_core.package_identification:_identify(.) by extensions ['cmake', 'python']
[1.028s] Level 1:colcon.colcon_core.package_identification:_identify(.) by extension 'cmake'
[1.028s] Level 1:colcon.colcon_core.package_identification:_identify(.) by extension 'python'
[1.028s] Level 1:colcon.colcon_core.package_identification:_identify(.) by extensions ['python_setup_py']
[1.028s] Level 1:colcon.colcon_core.package_identification:_identify(.) by extension 'python_setup_py'
[1.028s] Level 1:colcon.colcon_core.package_identification:_identify(build) by extensions ['ignore', 'ignore_ament_install']
[1.028s] Level 1:colcon.colcon_core.package_identification:_identify(build) by extension 'ignore'
[1.028s] Level 1:colcon.colcon_core.package_identification:_identify(build) ignored
[1.029s] Level 1:colcon.colcon_core.package_identification:_identify(install) by extensions ['ignore', 'ignore_ament_install']
[1.029s] Level 1:colcon.colcon_core.package_identification:_identify(install) by extension 'ignore'
[1.029s] Level 1:colcon.colcon_core.package_identification:_identify(install) ignored
[1.029s] Level 1:colcon.colcon_core.package_identification:_identify(log) by extensions ['ignore', 'ignore_ament_install']
[1.029s] Level 1:colcon.colcon_core.package_identification:_identify(log) by extension 'ignore'
[1.029s] Level 1:colcon.colcon_core.package_identification:_identify(log) ignored
[1.029s] Level 1:colcon.colcon_core.package_identification:_identify(src) by extensions ['ignore', 'ignore_ament_install']
[1.029s] Level 1:colcon.colcon_core.package_identification:_identify(src) by extension 'ignore'
[1.029s] Level 1:colcon.colcon_core.package_identification:_identify(src) by extension 'ignore_ament_install'
[1.029s] Level 1:colcon.colcon_core.package_identification:_identify(src) by extensions ['colcon_pkg']
[1.029s] Level 1:colcon.colcon_core.package_identification:_identify(src) by extension 'colcon_pkg'
[1.029s] Level 1:colcon.colcon_core.package_identification:_identify(src) by extensions ['colcon_meta']
[1.029s] Level 1:colcon.colcon_core.package_identification:_identify(src) by extension 'colcon_meta'
[1.029s] Level 1:colcon.colcon_core.package_identification:_identify(src) by extensions ['ros']
[1.029s] Level 1:colcon.colcon_core.package_identification:_identify(src) by extension 'ros'
[1.029s] Level 1:colcon.colcon_core.package_identification:_identify(src) by extensions ['cmake', 'python']
[1.029s] Level 1:colcon.colcon_core.package_identification:_identify(src) by extension 'cmake'
[1.029s] Level 1:colcon.colcon_core.package_identification:_identify(src) by extension 'python'
[1.029s] Level 1:colcon.colcon_core.package_identification:_identify(src) by extensions ['python_setup_py']
[1.029s] Level 1:colcon.colcon_core.package_identification:_identify(src) by extension 'python_setup_py'
[1.029s] Level 1:colcon.colcon_core.package_identification:_identify(src/slam_robots) by extensions ['ignore', 'ignore_ament_install']
[1.030s] Level 1:colcon.colcon_core.package_identification:_identify(src/slam_robots) by extension 'ignore'
[1.030s] Level 1:colcon.colcon_core.package_identification:_identify(src/slam_robots) by extension 'ignore_ament_install'
[1.030s] Level 1:colcon.colcon_core.package_identification:_identify(src/slam_robots) by extensions ['colcon_pkg']
[1.030s] Level 1:colcon.colcon_core.package_identification:_identify(src/slam_robots) by extension 'colcon_pkg'
[1.030s] Level 1:colcon.colcon_core.package_identification:_identify(src/slam_robots) by extensions ['colcon_meta']
[1.030s] Level 1:colcon.colcon_core.package_identification:_identify(src/slam_robots) by extension 'colcon_meta'
[1.030s] Level 1:colcon.colcon_core.package_identification:_identify(src/slam_robots) by extensions ['ros']
[1.030s] Level 1:colcon.colcon_core.package_identification:_identify(src/slam_robots) by extension 'ros'
[1.031s] DEBUG:colcon.colcon_core.package_identification:Package 'src/slam_robots' with type 'ros.ament_cmake' and name 'slam_robots'
[1.031s] Level 1:colcon.colcon_core.package_discovery:discover_packages(recursive) using defaults
[1.032s] Level 1:colcon.colcon_core.package_discovery:discover_packages(ignore) discover
[1.032s] Level 1:colcon.colcon_core.package_discovery:discover_packages(ignore) using defaults
[1.032s] Level 1:colcon.colcon_core.package_discovery:discover_packages(path) discover
[1.032s] Level 1:colcon.colcon_core.package_discovery:discover_packages(path) using defaults
[1.109s] Level 1:colcon.colcon_core.package_discovery:discover_packages(prefix_path) check parameters
[1.109s] Level 1:colcon.colcon_core.package_discovery:discover_packages(prefix_path) discover
[1.135s] DEBUG:colcon.colcon_installed_package_information.package_discovery:Found 403 installed packages in /opt/ros/humble
[1.137s] Level 1:colcon.colcon_core.package_discovery:discover_packages(prefix_path) using defaults
[1.229s] Level 5:colcon.colcon_core.verb:set package 'slam_robots' build argument 'cmake_args' from command line to 'None'
[1.229s] Level 5:colcon.colcon_core.verb:set package 'slam_robots' build argument 'cmake_target' from command line to 'None'
[1.229s] Level 5:colcon.colcon_core.verb:set package 'slam_robots' build argument 'cmake_target_skip_unavailable' from command line to 'False'
[1.229s] Level 5:colcon.colcon_core.verb:set package 'slam_robots' build argument 'cmake_clean_cache' from command line to 'False'
[1.229s] Level 5:colcon.colcon_core.verb:set package 'slam_robots' build argument 'cmake_clean_first' from command line to 'False'
[1.229s] Level 5:colcon.colcon_core.verb:set package 'slam_robots' build argument 'cmake_force_configure' from command line to 'False'
[1.229s] Level 5:colcon.colcon_core.verb:set package 'slam_robots' build argument 'ament_cmake_args' from command line to 'None'
[1.229s] Level 5:colcon.colcon_core.verb:set package 'slam_robots' build argument 'catkin_cmake_args' from command line to 'None'
[1.229s] Level 5:colcon.colcon_core.verb:set package 'slam_robots' build argument 'catkin_skip_building_tests' from command line to 'False'
[1.229s] DEBUG:colcon.colcon_core.verb:Building package 'slam_robots' with the following arguments: {'ament_cmake_args': None, 'build_base': '/home/abdosalm/Github_repos/SLAM-mapping-Robots/workspace/build/slam_robots', 'catkin_cmake_args': None, 'catkin_skip_building_tests': False, 'cmake_args': None, 'cmake_clean_cache': False, 'cmake_clean_first': False, 'cmake_force_configure': False, 'cmake_target': None, 'cmake_target_skip_unavailable': False, 'install_base': '/home/abdosalm/Github_repos/SLAM-mapping-Robots/workspace/install/slam_robots', 'merge_install': False, 'path': '/home/abdosalm/Github_repos/SLAM-mapping-Robots/workspace/src/slam_robots', 'symlink_install': False, 'test_result_base': None}
[1.242s] INFO:colcon.colcon_core.executor:Executing jobs using 'parallel' executor
[1.255s] DEBUG:colcon.colcon_parallel_executor.executor.parallel:run_until_complete
[1.255s] INFO:colcon.colcon_ros.task.ament_cmake.build:Building ROS package in '/home/abdosalm/Github_repos/SLAM-mapping-Robots/workspace/src/slam_robots' with build type 'ament_cmake'
[1.255s] INFO:colcon.colcon_cmake.task.cmake.build:Building CMake package in '/home/abdosalm/Github_repos/SLAM-mapping-Robots/workspace/src/slam_robots'
[1.270s] INFO:colcon.colcon_core.plugin_system:Skipping extension 'colcon_core.shell.bat': Not used on non-Windows systems
[1.270s] INFO:colcon.colcon_core.shell:Skip shell extension 'powershell' for command environment: Not usable outside of PowerShell
[1.270s] DEBUG:colcon.colcon_core.shell:Skip shell extension 'dsv' for command environment
[1.304s] DEBUG:colcon.colcon_core.event_handler.log_command:Invoking command in '/home/abdosalm/Github_repos/SLAM-mapping-Robots/workspace/build/slam_robots': CMAKE_PREFIX_PATH=/opt/ros/humble /usr/bin/cmake --build /home/abdosalm/Github_repos/SLAM-mapping-Robots/workspace/build/slam_robots -- -j16 -l16
[1.331s] DEBUG:colcon.colcon_core.event_handler.log_command:Invoked command in '/home/abdosalm/Github_repos/SLAM-mapping-Robots/workspace/build/slam_robots' returned '0': CMAKE_PREFIX_PATH=/opt/ros/humble /usr/bin/cmake --build /home/abdosalm/Github_repos/SLAM-mapping-Robots/workspace/build/slam_robots -- -j16 -l16
[1.350s] DEBUG:colcon.colcon_core.event_handler.log_command:Invoking command in '/home/abdosalm/Github_repos/SLAM-mapping-Robots/workspace/build/slam_robots': CMAKE_PREFIX_PATH=/opt/ros/humble /usr/bin/cmake --install /home/abdosalm/Github_repos/SLAM-mapping-Robots/workspace/build/slam_robots
[1.361s] Level 1:colcon.colcon_core.environment:create_environment_scripts_only(slam_robots)
[1.367s] DEBUG:colcon.colcon_core.event_handler.log_command:Invoked command in '/home/abdosalm/Github_repos/SLAM-mapping-Robots/workspace/build/slam_robots' returned '0': CMAKE_PREFIX_PATH=/opt/ros/humble /usr/bin/cmake --install /home/abdosalm/Github_repos/SLAM-mapping-Robots/workspace/build/slam_robots
[1.386s] Level 1:colcon.colcon_core.environment:checking '/home/abdosalm/Github_repos/SLAM-mapping-Robots/workspace/install/slam_robots' for CMake module files
[1.386s] Level 1:colcon.colcon_core.environment:checking '/home/abdosalm/Github_repos/SLAM-mapping-Robots/workspace/install/slam_robots' for CMake config files
[1.387s] Level 1:colcon.colcon_core.shell:create_environment_hook('slam_robots', 'cmake_prefix_path')
[1.401s] INFO:colcon.colcon_core.shell:Creating environment hook '/home/abdosalm/Github_repos/SLAM-mapping-Robots/workspace/install/slam_robots/share/slam_robots/hook/cmake_prefix_path.ps1'
[1.402s] INFO:colcon.colcon_core.shell:Creating environment descriptor '/home/abdosalm/Github_repos/SLAM-mapping-Robots/workspace/install/slam_robots/share/slam_robots/hook/cmake_prefix_path.dsv'
[1.403s] INFO:colcon.colcon_core.shell:Creating environment hook '/home/abdosalm/Github_repos/SLAM-mapping-Robots/workspace/install/slam_robots/share/slam_robots/hook/cmake_prefix_path.sh'
[1.405s] Level 1:colcon.colcon_core.environment:checking '/home/abdosalm/Github_repos/SLAM-mapping-Robots/workspace/install/slam_robots/bin'
[1.405s] Level 1:colcon.colcon_core.environment:checking '/home/abdosalm/Github_repos/SLAM-mapping-Robots/workspace/install/slam_robots/lib/pkgconfig/slam_robots.pc'
[1.405s] Level 1:colcon.colcon_core.environment:checking '/home/abdosalm/Github_repos/SLAM-mapping-Robots/workspace/install/slam_robots/lib/python3.10/site-packages'
[1.405s] Level 1:colcon.colcon_core.environment:checking '/home/abdosalm/Github_repos/SLAM-mapping-Robots/workspace/install/slam_robots/bin'
[1.419s] INFO:colcon.colcon_core.shell:Creating package script '/home/abdosalm/Github_repos/SLAM-mapping-Robots/workspace/install/slam_robots/share/slam_robots/package.ps1'
[1.420s] INFO:colcon.colcon_core.shell:Creating package descriptor '/home/abdosalm/Github_repos/SLAM-mapping-Robots/workspace/install/slam_robots/share/slam_robots/package.dsv'
[1.420s] INFO:colcon.colcon_core.shell:Creating package script '/home/abdosalm/Github_repos/SLAM-mapping-Robots/workspace/install/slam_robots/share/slam_robots/package.sh'
[1.421s] INFO:colcon.colcon_core.shell:Creating package script '/home/abdosalm/Github_repos/SLAM-mapping-Robots/workspace/install/slam_robots/share/slam_robots/package.bash'
[1.421s] INFO:colcon.colcon_core.shell:Creating package script '/home/abdosalm/Github_repos/SLAM-mapping-Robots/workspace/install/slam_robots/share/slam_robots/package.zsh'
[1.422s] Level 1:colcon.colcon_core.environment:create_file_with_runtime_dependencies(/home/abdosalm/Github_repos/SLAM-mapping-Robots/workspace/install/slam_robots/share/colcon-core/packages/slam_robots)
[1.447s] Level 1:colcon.colcon_core.environment:create_environment_scripts_only(slam_robots)
[1.460s] Level 1:colcon.colcon_core.environment:checking '/home/abdosalm/Github_repos/SLAM-mapping-Robots/workspace/install/slam_robots' for CMake module files
[1.460s] Level 1:colcon.colcon_core.environment:checking '/home/abdosalm/Github_repos/SLAM-mapping-Robots/workspace/install/slam_robots' for CMake config files
[1.461s] Level 1:colcon.colcon_core.shell:create_environment_hook('slam_robots', 'cmake_prefix_path')
[1.473s] INFO:colcon.colcon_core.shell:Creating environment hook '/home/abdosalm/Github_repos/SLAM-mapping-Robots/workspace/install/slam_robots/share/slam_robots/hook/cmake_prefix_path.ps1'
[1.473s] INFO:colcon.colcon_core.shell:Creating environment descriptor '/home/abdosalm/Github_repos/SLAM-mapping-Robots/workspace/install/slam_robots/share/slam_robots/hook/cmake_prefix_path.dsv'
[1.473s] INFO:colcon.colcon_core.shell:Creating environment hook '/home/abdosalm/Github_repos/SLAM-mapping-Robots/workspace/install/slam_robots/share/slam_robots/hook/cmake_prefix_path.sh'
[1.474s] Level 1:colcon.colcon_core.environment:checking '/home/abdosalm/Github_repos/SLAM-mapping-Robots/workspace/install/slam_robots/bin'
[1.474s] Level 1:colcon.colcon_core.environment:checking '/home/abdosalm/Github_repos/SLAM-mapping-Robots/workspace/install/slam_robots/lib/pkgconfig/slam_robots.pc'
[1.474s] Level 1:colcon.colcon_core.environment:checking '/home/abdosalm/Github_repos/SLAM-mapping-Robots/workspace/install/slam_robots/lib/python3.10/site-packages'
[1.474s] Level 1:colcon.colcon_core.environment:checking '/home/abdosalm/Github_repos/SLAM-mapping-Robots/workspace/install/slam_robots/bin'
[1.487s] INFO:colcon.colcon_core.shell:Creating package script '/home/abdosalm/Github_repos/SLAM-mapping-Robots/workspace/install/slam_robots/share/slam_robots/package.ps1'
[1.487s] INFO:colcon.colcon_core.shell:Creating package descriptor '/home/abdosalm/Github_repos/SLAM-mapping-Robots/workspace/install/slam_robots/share/slam_robots/package.dsv'
[1.488s] INFO:colcon.colcon_core.shell:Creating package script '/home/abdosalm/Github_repos/SLAM-mapping-Robots/workspace/install/slam_robots/share/slam_robots/package.sh'
[1.488s] INFO:colcon.colcon_core.shell:Creating package script '/home/abdosalm/Github_repos/SLAM-mapping-Robots/workspace/install/slam_robots/share/slam_robots/package.bash'
[1.488s] INFO:colcon.colcon_core.shell:Creating package script '/home/abdosalm/Github_repos/SLAM-mapping-Robots/workspace/install/slam_robots/share/slam_robots/package.zsh'
[1.489s] Level 1:colcon.colcon_core.environment:create_file_with_runtime_dependencies(/home/abdosalm/Github_repos/SLAM-mapping-Robots/workspace/install/slam_robots/share/colcon-core/packages/slam_robots)
[1.489s] DEBUG:colcon.colcon_parallel_executor.executor.parallel:closing loop
[1.489s] DEBUG:colcon.colcon_parallel_executor.executor.parallel:loop closed
[1.489s] DEBUG:colcon.colcon_parallel_executor.executor.parallel:run_until_complete finished with '0'
[1.489s] DEBUG:colcon.colcon_core.event_reactor:joining thread
[1.506s] INFO:colcon.colcon_core.plugin_system:Skipping extension 'colcon_notification.desktop_notification.terminal_notifier': Not used on non-Darwin systems
[1.506s] INFO:colcon.colcon_core.plugin_system:Skipping extension 'colcon_notification.desktop_notification.win32': Not used on non-Windows systems
[1.506s] INFO:colcon.colcon_notification.desktop_notification:Sending desktop notification using 'notify2'
[1.515s] DEBUG:colcon.colcon_core.event_reactor:joined thread
[1.530s] INFO:colcon.colcon_core.shell:Creating prefix script '/home/abdosalm/Github_repos/SLAM-mapping-Robots/workspace/install/local_setup.ps1'
[1.531s] INFO:colcon.colcon_core.shell:Creating prefix util module '/home/abdosalm/Github_repos/SLAM-mapping-Robots/workspace/install/_local_setup_util_ps1.py'
[1.533s] INFO:colcon.colcon_core.shell:Creating prefix chain script '/home/abdosalm/Github_repos/SLAM-mapping-Robots/workspace/install/setup.ps1'
[1.547s] INFO:colcon.colcon_core.shell:Creating prefix script '/home/abdosalm/Github_repos/SLAM-mapping-Robots/workspace/install/local_setup.sh'
[1.548s] INFO:colcon.colcon_core.shell:Creating prefix util module '/home/abdosalm/Github_repos/SLAM-mapping-Robots/workspace/install/_local_setup_util_sh.py'
[1.549s] INFO:colcon.colcon_core.shell:Creating prefix chain script '/home/abdosalm/Github_repos/SLAM-mapping-Robots/workspace/install/setup.sh'
[1.565s] INFO:colcon.colcon_core.shell:Creating prefix script '/home/abdosalm/Github_repos/SLAM-mapping-Robots/workspace/install/local_setup.bash'
[1.566s] INFO:colcon.colcon_core.shell:Creating prefix chain script '/home/abdosalm/Github_repos/SLAM-mapping-Robots/workspace/install/setup.bash'
[1.581s] INFO:colcon.colcon_core.shell:Creating prefix script '/home/abdosalm/Github_repos/SLAM-mapping-Robots/workspace/install/local_setup.zsh'
[1.582s] INFO:colcon.colcon_core.shell:Creating prefix chain script '/home/abdosalm/Github_repos/SLAM-mapping-Robots/workspace/install/setup.zsh'
