[0.048s] Invoking command in '/home/abdosalm/Github_repos/SLAM-mapping-Robots/workspace/build/slam_robots': CMAKE_PREFIX_PATH=/opt/ros/humble /usr/bin/cmake /home/abdosalm/Github_repos/SLAM-mapping-Robots/workspace/src/slam_robots -DCMAKE_INSTALL_PREFIX=/home/abdosalm/Github_repos/SLAM-mapping-Robots/workspace/install/slam_robots
[0.121s] -- The C compiler identification is GNU 11.4.0
[0.211s] -- The CXX compiler identification is GNU 11.4.0
[0.223s] -- Detecting C compiler ABI info
[0.270s] -- Detecting C compiler ABI info - done
[0.276s] -- Check for working C compiler: /usr/bin/cc - skipped
[0.277s] -- Detecting C compile features
[0.278s] -- Detecting C compile features - done
[0.281s] -- Detecting CXX compiler ABI info
[0.349s] -- Detecting CXX compiler ABI info - done
[0.361s] -- Check for working CXX compiler: /usr/bin/c++ - skipped
[0.361s] -- Detecting CXX compile features
[0.362s] -- Detecting CXX compile features - done
[0.378s] -- Found ament_cmake: 1.3.5 (/opt/ros/humble/share/ament_cmake/cmake)
[0.595s] -- Found Python3: /usr/bin/python3.10 (found version "3.10.12") found components: Interpreter 
[0.911s] -- Configuring done
[0.913s] -- Generating done
[0.914s] -- Build files have been written to: /home/abdosalm/Github_repos/SLAM-mapping-Robots/workspace/build/slam_robots
[0.918s] Invoked command in '/home/abdosalm/Github_repos/SLAM-mapping-Robots/workspace/build/slam_robots' returned '0': CMAKE_PREFIX_PATH=/opt/ros/humble /usr/bin/cmake /home/abdosalm/Github_repos/SLAM-mapping-Robots/workspace/src/slam_robots -DCMAKE_INSTALL_PREFIX=/home/abdosalm/Github_repos/SLAM-mapping-Robots/workspace/install/slam_robots
[0.920s] Invoking command in '/home/abdosalm/Github_repos/SLAM-mapping-Robots/workspace/build/slam_robots': CMAKE_PREFIX_PATH=/opt/ros/humble /usr/bin/cmake --build /home/abdosalm/Github_repos/SLAM-mapping-Robots/workspace/build/slam_robots -- -j16 -l16
[0.965s] Invoked command in '/home/abdosalm/Github_repos/SLAM-mapping-Robots/workspace/build/slam_robots' returned '0': CMAKE_PREFIX_PATH=/opt/ros/humble /usr/bin/cmake --build /home/abdosalm/Github_repos/SLAM-mapping-Robots/workspace/build/slam_robots -- -j16 -l16
[1.052s] Invoking command in '/home/abdosalm/Github_repos/SLAM-mapping-Robots/workspace/build/slam_robots': CMAKE_PREFIX_PATH=/opt/ros/humble /usr/bin/cmake --install /home/abdosalm/Github_repos/SLAM-mapping-Robots/workspace/build/slam_robots
[1.075s] -- Install configuration: ""
[1.076s] -- Installing: /home/abdosalm/Github_repos/SLAM-mapping-Robots/workspace/install/slam_robots/share/slam_robots/launch
[1.077s] -- Installing: /home/abdosalm/Github_repos/SLAM-mapping-Robots/workspace/install/slam_robots/share/slam_robots/launch/slam_robots_main.launch.py
[1.077s] -- Installing: /home/abdosalm/Github_repos/SLAM-mapping-Robots/workspace/install/slam_robots/share/slam_robots/launch/slam_robots_turtlebots.launch.py
[1.078s] -- Installing: /home/abdosalm/Github_repos/SLAM-mapping-Robots/workspace/install/slam_robots/share/slam_robots/launch/slam_robots_bot3.launch.py
[1.078s] -- Installing: /home/abdosalm/Github_repos/SLAM-mapping-Robots/workspace/install/slam_robots/share/slam_robots/worlds
[1.079s] -- Installing: /home/abdosalm/Github_repos/SLAM-mapping-Robots/workspace/install/slam_robots/share/slam_robots/worlds/world.sdf
[1.080s] -- Installing: /home/abdosalm/Github_repos/SLAM-mapping-Robots/workspace/install/slam_robots/share/slam_robots/worlds/models
[1.080s] -- Installing: /home/abdosalm/Github_repos/SLAM-mapping-Robots/workspace/install/slam_robots/share/slam_robots/worlds/models/robots
[1.080s] -- Installing: /home/abdosalm/Github_repos/SLAM-mapping-Robots/workspace/install/slam_robots/share/slam_robots/worlds/models/robots/robot2.sdf
[1.081s] -- Installing: /home/abdosalm/Github_repos/SLAM-mapping-Robots/workspace/install/slam_robots/share/slam_robots/worlds/models/robots/robot7.sdf
[1.081s] -- Installing: /home/abdosalm/Github_repos/SLAM-mapping-Robots/workspace/install/slam_robots/share/slam_robots/worlds/models/robots/robot10.sdf
[1.081s] -- Installing: /home/abdosalm/Github_repos/SLAM-mapping-Robots/workspace/install/slam_robots/share/slam_robots/worlds/models/robots/robot3.sdf
[1.082s] -- Installing: /home/abdosalm/Github_repos/SLAM-mapping-Robots/workspace/install/slam_robots/share/slam_robots/worlds/models/robots/robot1.sdf
[1.082s] -- Installing: /home/abdosalm/Github_repos/SLAM-mapping-Robots/workspace/install/slam_robots/share/slam_robots/worlds/models/robots/robot4.sdf
[1.082s] -- Installing: /home/abdosalm/Github_repos/SLAM-mapping-Robots/workspace/install/slam_robots/share/slam_robots/worlds/models/robots/robot8.sdf
[1.082s] -- Installing: /home/abdosalm/Github_repos/SLAM-mapping-Robots/workspace/install/slam_robots/share/slam_robots/worlds/models/robots/robot6.sdf
[1.082s] -- Installing: /home/abdosalm/Github_repos/SLAM-mapping-Robots/workspace/install/slam_robots/share/slam_robots/worlds/models/robots/robot5.sdf
[1.082s] -- Installing: /home/abdosalm/Github_repos/SLAM-mapping-Robots/workspace/install/slam_robots/share/slam_robots/worlds/models/robots/robot9.sdf
[1.083s] -- Installing: /home/abdosalm/Github_repos/SLAM-mapping-Robots/workspace/install/slam_robots/share/slam_robots/worlds/models/sub_worlds
[1.083s] -- Installing: /home/abdosalm/Github_repos/SLAM-mapping-Robots/workspace/install/slam_robots/share/slam_robots/worlds/models/sub_worlds/robots.sdf
[1.083s] -- Installing: /home/abdosalm/Github_repos/SLAM-mapping-Robots/workspace/install/slam_robots/share/slam_robots/worlds/models/sub_worlds/fourth_year.sdf
[1.083s] -- Installing: /home/abdosalm/Github_repos/SLAM-mapping-Robots/workspace/install/slam_robots/share/slam_robots/worlds/models/sub_worlds/lab4.sdf
[1.083s] -- Installing: /home/abdosalm/Github_repos/SLAM-mapping-Robots/workspace/install/slam_robots/share/slam_robots/worlds/models/sub_worlds/first_year.sdf
[1.083s] -- Installing: /home/abdosalm/Github_repos/SLAM-mapping-Robots/workspace/install/slam_robots/share/slam_robots/worlds/models/sub_worlds/second_year.sdf
[1.083s] -- Installing: /home/abdosalm/Github_repos/SLAM-mapping-Robots/workspace/install/slam_robots/share/slam_robots/worlds/models/sub_worlds/maincorridor.sdf
[1.083s] -- Installing: /home/abdosalm/Github_repos/SLAM-mapping-Robots/workspace/install/slam_robots/share/slam_robots/worlds/models/sub_worlds/lab3.sdf
[1.083s] -- Installing: /home/abdosalm/Github_repos/SLAM-mapping-Robots/workspace/install/slam_robots/share/slam_robots/worlds/models/sub_worlds/third_year.sdf
[1.083s] -- Installing: /home/abdosalm/Github_repos/SLAM-mapping-Robots/workspace/install/slam_robots/share/slam_robots/worlds/models/sub_worlds/lab2.sdf
[1.083s] -- Installing: /home/abdosalm/Github_repos/SLAM-mapping-Robots/workspace/install/slam_robots/share/slam_robots/worlds/models/sub_worlds/library.sdf
[1.083s] -- Installing: /home/abdosalm/Github_repos/SLAM-mapping-Robots/workspace/install/slam_robots/share/slam_robots/worlds/models/sub_worlds/lab1.sdf
[1.083s] -- Installing: /home/abdosalm/Github_repos/SLAM-mapping-Robots/workspace/install/slam_robots/share/slam_robots/worlds/models/freeCad design files
[1.083s] -- Installing: /home/abdosalm/Github_repos/SLAM-mapping-Robots/workspace/install/slam_robots/share/slam_robots/worlds/models/freeCad design files/chair.FCStd1
[1.084s] -- Installing: /home/abdosalm/Github_repos/SLAM-mapping-Robots/workspace/install/slam_robots/share/slam_robots/worlds/models/freeCad design files/lecture_theater_platform.FCStd
[1.084s] -- Installing: /home/abdosalm/Github_repos/SLAM-mapping-Robots/workspace/install/slam_robots/share/slam_robots/worlds/models/freeCad design files/computer_table.FCStd
[1.086s] -- Installing: /home/abdosalm/Github_repos/SLAM-mapping-Robots/workspace/install/slam_robots/share/slam_robots/worlds/models/freeCad design files/stadium.FCStd1
[1.086s] -- Installing: /home/abdosalm/Github_repos/SLAM-mapping-Robots/workspace/install/slam_robots/share/slam_robots/worlds/models/freeCad design files/smart_board.FCStd
[1.087s] -- Installing: /home/abdosalm/Github_repos/SLAM-mapping-Robots/workspace/install/slam_robots/share/slam_robots/worlds/models/freeCad design files/wall.FCStd1
[1.087s] -- Installing: /home/abdosalm/Github_repos/SLAM-mapping-Robots/workspace/install/slam_robots/share/slam_robots/worlds/models/freeCad design files/table.FCStd1
[1.088s] -- Installing: /home/abdosalm/Github_repos/SLAM-mapping-Robots/workspace/install/slam_robots/share/slam_robots/worlds/models/freeCad design files/corridor.FCStd
[1.089s] -- Installing: /home/abdosalm/Github_repos/SLAM-mapping-Robots/workspace/install/slam_robots/share/slam_robots/worlds/models/freeCad design files/wall.FCStd
[1.089s] -- Installing: /home/abdosalm/Github_repos/SLAM-mapping-Robots/workspace/install/slam_robots/share/slam_robots/worlds/models/freeCad design files/smart_board.FCStd1
[1.090s] -- Installing: /home/abdosalm/Github_repos/SLAM-mapping-Robots/workspace/install/slam_robots/share/slam_robots/worlds/models/freeCad design files/corridor.FCStd1
[1.091s] -- Installing: /home/abdosalm/Github_repos/SLAM-mapping-Robots/workspace/install/slam_robots/share/slam_robots/worlds/models/freeCad design files/chair.FCStd
[1.091s] -- Installing: /home/abdosalm/Github_repos/SLAM-mapping-Robots/workspace/install/slam_robots/share/slam_robots/worlds/models/freeCad design files/wall_with_window.FCStd
[1.091s] -- Installing: /home/abdosalm/Github_repos/SLAM-mapping-Robots/workspace/install/slam_robots/share/slam_robots/worlds/models/freeCad design files/table.FCStd
[1.092s] -- Installing: /home/abdosalm/Github_repos/SLAM-mapping-Robots/workspace/install/slam_robots/share/slam_robots/worlds/models/freeCad design files/lecture_theater_platform.FCStd1
[1.093s] -- Installing: /home/abdosalm/Github_repos/SLAM-mapping-Robots/workspace/install/slam_robots/share/slam_robots/worlds/models/freeCad design files/stadium.FCStd
[1.093s] -- Installing: /home/abdosalm/Github_repos/SLAM-mapping-Robots/workspace/install/slam_robots/share/slam_robots/worlds/models/freeCad design files/wall_with_window.FCStd1
[1.095s] -- Installing: /home/abdosalm/Github_repos/SLAM-mapping-Robots/workspace/install/slam_robots/share/slam_robots/worlds/models/freeCad design files/computer_table.FCStd1
[1.096s] -- Installing: /home/abdosalm/Github_repos/SLAM-mapping-Robots/workspace/install/slam_robots/share/slam_robots/worlds/models/fuel_models
[1.096s] -- Installing: /home/abdosalm/Github_repos/SLAM-mapping-Robots/workspace/install/slam_robots/share/slam_robots/worlds/models/fuel_models/Standing_person
[1.096s] -- Installing: /home/abdosalm/Github_repos/SLAM-mapping-Robots/workspace/install/slam_robots/share/slam_robots/worlds/models/fuel_models/Standing_person/model.sdf
[1.096s] -- Installing: /home/abdosalm/Github_repos/SLAM-mapping-Robots/workspace/install/slam_robots/share/slam_robots/worlds/models/fuel_models/Standing_person/model.config
[1.096s] -- Installing: /home/abdosalm/Github_repos/SLAM-mapping-Robots/workspace/install/slam_robots/share/slam_robots/worlds/models/fuel_models/Standing_person/thumbnails
[1.097s] -- Installing: /home/abdosalm/Github_repos/SLAM-mapping-Robots/workspace/install/slam_robots/share/slam_robots/worlds/models/fuel_models/Standing_person/thumbnails/4.png
[1.097s] -- Installing: /home/abdosalm/Github_repos/SLAM-mapping-Robots/workspace/install/slam_robots/share/slam_robots/worlds/models/fuel_models/Standing_person/thumbnails/5.png
[1.098s] -- Installing: /home/abdosalm/Github_repos/SLAM-mapping-Robots/workspace/install/slam_robots/share/slam_robots/worlds/models/fuel_models/Standing_person/thumbnails/2.png
[1.098s] -- Installing: /home/abdosalm/Github_repos/SLAM-mapping-Robots/workspace/install/slam_robots/share/slam_robots/worlds/models/fuel_models/Standing_person/thumbnails/1.png
[1.098s] -- Installing: /home/abdosalm/Github_repos/SLAM-mapping-Robots/workspace/install/slam_robots/share/slam_robots/worlds/models/fuel_models/Standing_person/thumbnails/3.png
[1.099s] -- Installing: /home/abdosalm/Github_repos/SLAM-mapping-Robots/workspace/install/slam_robots/share/slam_robots/worlds/models/fuel_models/Standing_person/meshes
[1.099s] -- Installing: /home/abdosalm/Github_repos/SLAM-mapping-Robots/workspace/install/slam_robots/share/slam_robots/worlds/models/fuel_models/Standing_person/meshes/standing.dae
[1.101s] -- Installing: /home/abdosalm/Github_repos/SLAM-mapping-Robots/workspace/install/slam_robots/share/slam_robots/worlds/models/fuel_models/Standing_person/materials
[1.101s] -- Installing: /home/abdosalm/Github_repos/SLAM-mapping-Robots/workspace/install/slam_robots/share/slam_robots/worlds/models/fuel_models/Standing_person/materials/textures
[1.102s] -- Installing: /home/abdosalm/Github_repos/SLAM-mapping-Robots/workspace/install/slam_robots/share/slam_robots/worlds/models/fuel_models/Standing_person/materials/textures/eyebrow001-unmodified.png
[1.102s] -- Installing: /home/abdosalm/Github_repos/SLAM-mapping-Robots/workspace/install/slam_robots/share/slam_robots/worlds/models/fuel_models/Standing_person/materials/textures/tshirt02_normals.png
[1.104s] -- Installing: /home/abdosalm/Github_repos/SLAM-mapping-Robots/workspace/install/slam_robots/share/slam_robots/worlds/models/fuel_models/Standing_person/materials/textures/male02_diffuse_black-unmodified.png
[1.110s] -- Installing: /home/abdosalm/Github_repos/SLAM-mapping-Robots/workspace/install/slam_robots/share/slam_robots/worlds/models/fuel_models/Standing_person/materials/textures/male02_diffuse_black.png
[1.112s] -- Installing: /home/abdosalm/Github_repos/SLAM-mapping-Robots/workspace/install/slam_robots/share/slam_robots/worlds/models/fuel_models/Standing_person/materials/textures/tshirt02_texture.png
[1.112s] -- Installing: /home/abdosalm/Github_repos/SLAM-mapping-Robots/workspace/install/slam_robots/share/slam_robots/worlds/models/fuel_models/Standing_person/materials/textures/eyebrow001.png
[1.113s] -- Installing: /home/abdosalm/Github_repos/SLAM-mapping-Robots/workspace/install/slam_robots/share/slam_robots/worlds/models/fuel_models/Standing_person/materials/textures/green_eye.png
[1.113s] -- Installing: /home/abdosalm/Github_repos/SLAM-mapping-Robots/workspace/install/slam_robots/share/slam_robots/worlds/models/fuel_models/Standing_person/materials/textures/teeth.png
[1.114s] -- Installing: /home/abdosalm/Github_repos/SLAM-mapping-Robots/workspace/install/slam_robots/share/slam_robots/worlds/models/fuel_models/Standing_person/materials/textures/jeans_basic_diffuse.png
[1.117s] -- Installing: /home/abdosalm/Github_repos/SLAM-mapping-Robots/workspace/install/slam_robots/share/slam_robots/worlds/models/fuel_models/Standing_person/materials/textures/jeans01_normals.png
[1.124s] -- Installing: /home/abdosalm/Github_repos/SLAM-mapping-Robots/workspace/install/slam_robots/share/slam_robots/worlds/models/fuel_models/Standing_person/materials/textures/young_lightskinned_male_diffuse.png
[1.126s] -- Installing: /home/abdosalm/Github_repos/SLAM-mapping-Robots/workspace/install/slam_robots/share/slam_robots/worlds/models/fuel_models/Casual_female
[1.126s] -- Installing: /home/abdosalm/Github_repos/SLAM-mapping-Robots/workspace/install/slam_robots/share/slam_robots/worlds/models/fuel_models/Casual_female/model.sdf
[1.126s] -- Installing: /home/abdosalm/Github_repos/SLAM-mapping-Robots/workspace/install/slam_robots/share/slam_robots/worlds/models/fuel_models/Casual_female/model.config
[1.127s] -- Installing: /home/abdosalm/Github_repos/SLAM-mapping-Robots/workspace/install/slam_robots/share/slam_robots/worlds/models/fuel_models/Casual_female/thumbnails
[1.127s] -- Installing: /home/abdosalm/Github_repos/SLAM-mapping-Robots/workspace/install/slam_robots/share/slam_robots/worlds/models/fuel_models/Casual_female/thumbnails/4.png
[1.127s] -- Installing: /home/abdosalm/Github_repos/SLAM-mapping-Robots/workspace/install/slam_robots/share/slam_robots/worlds/models/fuel_models/Casual_female/thumbnails/5.png
[1.128s] -- Installing: /home/abdosalm/Github_repos/SLAM-mapping-Robots/workspace/install/slam_robots/share/slam_robots/worlds/models/fuel_models/Casual_female/thumbnails/2.png
[1.129s] -- Installing: /home/abdosalm/Github_repos/SLAM-mapping-Robots/workspace/install/slam_robots/share/slam_robots/worlds/models/fuel_models/Casual_female/thumbnails/1.png
[1.129s] -- Installing: /home/abdosalm/Github_repos/SLAM-mapping-Robots/workspace/install/slam_robots/share/slam_robots/worlds/models/fuel_models/Casual_female/thumbnails/3.png
[1.130s] -- Installing: /home/abdosalm/Github_repos/SLAM-mapping-Robots/workspace/install/slam_robots/share/slam_robots/worlds/models/fuel_models/Casual_female/meshes
[1.130s] -- Installing: /home/abdosalm/Github_repos/SLAM-mapping-Robots/workspace/install/slam_robots/share/slam_robots/worlds/models/fuel_models/Casual_female/meshes/casual_female.dae
[1.132s] -- Installing: /home/abdosalm/Github_repos/SLAM-mapping-Robots/workspace/install/slam_robots/share/slam_robots/worlds/models/fuel_models/Casual_female/materials
[1.133s] -- Installing: /home/abdosalm/Github_repos/SLAM-mapping-Robots/workspace/install/slam_robots/share/slam_robots/worlds/models/fuel_models/Casual_female/materials/textures
[1.133s] -- Installing: /home/abdosalm/Github_repos/SLAM-mapping-Robots/workspace/install/slam_robots/share/slam_robots/worlds/models/fuel_models/Casual_female/materials/textures/eyelashes01.png
[1.133s] -- Installing: /home/abdosalm/Github_repos/SLAM-mapping-Robots/workspace/install/slam_robots/share/slam_robots/worlds/models/fuel_models/Casual_female/materials/textures/female_casualsuit01_diffuse.png
[1.134s] -- Installing: /home/abdosalm/Github_repos/SLAM-mapping-Robots/workspace/install/slam_robots/share/slam_robots/worlds/models/fuel_models/Casual_female/materials/textures/female_casualsuit02_diffuse.png
[1.137s] -- Installing: /home/abdosalm/Github_repos/SLAM-mapping-Robots/workspace/install/slam_robots/share/slam_robots/worlds/models/fuel_models/Casual_female/materials/textures/female_casualsuit02_normal.png
[1.141s] -- Installing: /home/abdosalm/Github_repos/SLAM-mapping-Robots/workspace/install/slam_robots/share/slam_robots/worlds/models/fuel_models/Casual_female/materials/textures/young_lightskinned_female_diffuse.png
[1.143s] -- Installing: /home/abdosalm/Github_repos/SLAM-mapping-Robots/workspace/install/slam_robots/share/slam_robots/worlds/models/fuel_models/Casual_female/materials/textures/eyebrow002.png
[1.143s] -- Installing: /home/abdosalm/Github_repos/SLAM-mapping-Robots/workspace/install/slam_robots/share/slam_robots/worlds/models/fuel_models/Casual_female/materials/textures/casual_female.png
[1.145s] -- Installing: /home/abdosalm/Github_repos/SLAM-mapping-Robots/workspace/install/slam_robots/share/slam_robots/worlds/models/fuel_models/Casual_female/materials/textures/brown_eye.png
[1.145s] -- Installing: /home/abdosalm/Github_repos/SLAM-mapping-Robots/workspace/install/slam_robots/share/slam_robots/worlds/models/fuel_models/Casual_female/materials/textures/shoes05_diffuse.png
[1.146s] -- Installing: /home/abdosalm/Github_repos/SLAM-mapping-Robots/workspace/install/slam_robots/share/slam_robots/worlds/models/fuel_models/Casual_female/materials/textures/ponytail01_diffuse.png
[1.148s] -- Installing: /home/abdosalm/Github_repos/SLAM-mapping-Robots/workspace/install/slam_robots/share/slam_robots/worlds/models/fuel_models/Casual_female/materials/textures/female_casualsuit01_normal.png
[1.156s] -- Installing: /home/abdosalm/Github_repos/SLAM-mapping-Robots/workspace/install/slam_robots/share/slam_robots/worlds/models/fuel_models/Casual_female/materials/textures/tongue01_diffuse.png
[1.157s] -- Installing: /home/abdosalm/Github_repos/SLAM-mapping-Robots/workspace/install/slam_robots/share/slam_robots/worlds/models/fuel_models/Walking_person
[1.157s] -- Installing: /home/abdosalm/Github_repos/SLAM-mapping-Robots/workspace/install/slam_robots/share/slam_robots/worlds/models/fuel_models/Walking_person/model.sdf
[1.157s] -- Installing: /home/abdosalm/Github_repos/SLAM-mapping-Robots/workspace/install/slam_robots/share/slam_robots/worlds/models/fuel_models/Walking_person/model.config
[1.157s] -- Installing: /home/abdosalm/Github_repos/SLAM-mapping-Robots/workspace/install/slam_robots/share/slam_robots/worlds/models/fuel_models/Walking_person/thumbnails
[1.157s] -- Installing: /home/abdosalm/Github_repos/SLAM-mapping-Robots/workspace/install/slam_robots/share/slam_robots/worlds/models/fuel_models/Walking_person/thumbnails/4.png
[1.158s] -- Installing: /home/abdosalm/Github_repos/SLAM-mapping-Robots/workspace/install/slam_robots/share/slam_robots/worlds/models/fuel_models/Walking_person/thumbnails/5.png
[1.158s] -- Installing: /home/abdosalm/Github_repos/SLAM-mapping-Robots/workspace/install/slam_robots/share/slam_robots/worlds/models/fuel_models/Walking_person/thumbnails/2.png
[1.159s] -- Installing: /home/abdosalm/Github_repos/SLAM-mapping-Robots/workspace/install/slam_robots/share/slam_robots/worlds/models/fuel_models/Walking_person/thumbnails/1.png
[1.159s] -- Installing: /home/abdosalm/Github_repos/SLAM-mapping-Robots/workspace/install/slam_robots/share/slam_robots/worlds/models/fuel_models/Walking_person/thumbnails/3.png
[1.160s] -- Installing: /home/abdosalm/Github_repos/SLAM-mapping-Robots/workspace/install/slam_robots/share/slam_robots/worlds/models/fuel_models/Walking_person/meshes
[1.160s] -- Installing: /home/abdosalm/Github_repos/SLAM-mapping-Robots/workspace/install/slam_robots/share/slam_robots/worlds/models/fuel_models/Walking_person/meshes/walking.dae
[1.163s] -- Installing: /home/abdosalm/Github_repos/SLAM-mapping-Robots/workspace/install/slam_robots/share/slam_robots/worlds/models/fuel_models/Walking_person/materials
[1.163s] -- Installing: /home/abdosalm/Github_repos/SLAM-mapping-Robots/workspace/install/slam_robots/share/slam_robots/worlds/models/fuel_models/Walking_person/materials/textures
[1.163s] -- Installing: /home/abdosalm/Github_repos/SLAM-mapping-Robots/workspace/install/slam_robots/share/slam_robots/worlds/models/fuel_models/Walking_person/materials/textures/eyebrow001-unmodified.png
[1.164s] -- Installing: /home/abdosalm/Github_repos/SLAM-mapping-Robots/workspace/install/slam_robots/share/slam_robots/worlds/models/fuel_models/Walking_person/materials/textures/tshirt02_normals.png
[1.165s] -- Installing: /home/abdosalm/Github_repos/SLAM-mapping-Robots/workspace/install/slam_robots/share/slam_robots/worlds/models/fuel_models/Walking_person/materials/textures/male02_diffuse_black-unmodified.png
[1.172s] -- Installing: /home/abdosalm/Github_repos/SLAM-mapping-Robots/workspace/install/slam_robots/share/slam_robots/worlds/models/fuel_models/Walking_person/materials/textures/male02_diffuse_black.png
[1.177s] -- Installing: /home/abdosalm/Github_repos/SLAM-mapping-Robots/workspace/install/slam_robots/share/slam_robots/worlds/models/fuel_models/Walking_person/materials/textures/tshirt02_texture.png
[1.178s] -- Installing: /home/abdosalm/Github_repos/SLAM-mapping-Robots/workspace/install/slam_robots/share/slam_robots/worlds/models/fuel_models/Walking_person/materials/textures/eyebrow001.png
[1.179s] -- Installing: /home/abdosalm/Github_repos/SLAM-mapping-Robots/workspace/install/slam_robots/share/slam_robots/worlds/models/fuel_models/Walking_person/materials/textures/green_eye.png
[1.181s] -- Installing: /home/abdosalm/Github_repos/SLAM-mapping-Robots/workspace/install/slam_robots/share/slam_robots/worlds/models/fuel_models/Walking_person/materials/textures/teeth.png
[1.185s] -- Installing: /home/abdosalm/Github_repos/SLAM-mapping-Robots/workspace/install/slam_robots/share/slam_robots/worlds/models/fuel_models/Walking_person/materials/textures/jeans_basic_diffuse.png
[1.192s] -- Installing: /home/abdosalm/Github_repos/SLAM-mapping-Robots/workspace/install/slam_robots/share/slam_robots/worlds/models/fuel_models/Walking_person/materials/textures/jeans01_normals.png
[1.197s] -- Installing: /home/abdosalm/Github_repos/SLAM-mapping-Robots/workspace/install/slam_robots/share/slam_robots/worlds/models/fuel_models/Walking_person/materials/textures/young_lightskinned_male_diffuse.png
[1.204s] -- Installing: /home/abdosalm/Github_repos/SLAM-mapping-Robots/workspace/install/slam_robots/share/slam_robots/worlds/models/freeCad_dae
[1.204s] -- Installing: /home/abdosalm/Github_repos/SLAM-mapping-Robots/workspace/install/slam_robots/share/slam_robots/worlds/models/freeCad_dae/lecture_theater_platform.dae
[1.204s] -- Installing: /home/abdosalm/Github_repos/SLAM-mapping-Robots/workspace/install/slam_robots/share/slam_robots/worlds/models/freeCad_dae/stadium.sdf
[1.204s] -- Installing: /home/abdosalm/Github_repos/SLAM-mapping-Robots/workspace/install/slam_robots/share/slam_robots/worlds/models/freeCad_dae/wall.dae
[1.204s] -- Installing: /home/abdosalm/Github_repos/SLAM-mapping-Robots/workspace/install/slam_robots/share/slam_robots/worlds/models/freeCad_dae/smart_board.sdf
[1.204s] -- Installing: /home/abdosalm/Github_repos/SLAM-mapping-Robots/workspace/install/slam_robots/share/slam_robots/worlds/models/freeCad_dae/computer_table.dae
[1.204s] -- Installing: /home/abdosalm/Github_repos/SLAM-mapping-Robots/workspace/install/slam_robots/share/slam_robots/worlds/models/freeCad_dae/table.dae
[1.204s] -- Installing: /home/abdosalm/Github_repos/SLAM-mapping-Robots/workspace/install/slam_robots/share/slam_robots/worlds/models/freeCad_dae/corridor.dae
[1.204s] -- Installing: /home/abdosalm/Github_repos/SLAM-mapping-Robots/workspace/install/slam_robots/share/slam_robots/worlds/models/freeCad_dae/wall_with_window.dae
[1.204s] -- Installing: /home/abdosalm/Github_repos/SLAM-mapping-Robots/workspace/install/slam_robots/share/slam_robots/worlds/models/freeCad_dae/computer_table.sdf
[1.205s] -- Installing: /home/abdosalm/Github_repos/SLAM-mapping-Robots/workspace/install/slam_robots/share/slam_robots/worlds/models/freeCad_dae/chair.dae
[1.205s] -- Installing: /home/abdosalm/Github_repos/SLAM-mapping-Robots/workspace/install/slam_robots/share/slam_robots/worlds/models/freeCad_dae/chair.sdf
[1.205s] -- Installing: /home/abdosalm/Github_repos/SLAM-mapping-Robots/workspace/install/slam_robots/share/slam_robots/worlds/models/freeCad_dae/lecture_theater_platform.sdf
[1.205s] -- Installing: /home/abdosalm/Github_repos/SLAM-mapping-Robots/workspace/install/slam_robots/share/slam_robots/worlds/models/freeCad_dae/wall.sdf
[1.205s] -- Installing: /home/abdosalm/Github_repos/SLAM-mapping-Robots/workspace/install/slam_robots/share/slam_robots/worlds/models/freeCad_dae/smart_board.dae
[1.205s] -- Installing: /home/abdosalm/Github_repos/SLAM-mapping-Robots/workspace/install/slam_robots/share/slam_robots/worlds/models/freeCad_dae/corridor.sdf
[1.205s] -- Installing: /home/abdosalm/Github_repos/SLAM-mapping-Robots/workspace/install/slam_robots/share/slam_robots/worlds/models/freeCad_dae/wall_with_window.sdf
[1.205s] -- Installing: /home/abdosalm/Github_repos/SLAM-mapping-Robots/workspace/install/slam_robots/share/slam_robots/worlds/models/freeCad_dae/stadium.dae
[1.205s] -- Installing: /home/abdosalm/Github_repos/SLAM-mapping-Robots/workspace/install/slam_robots/share/slam_robots/worlds/models/freeCad_dae/table.sdf
[1.205s] -- Installing: /home/abdosalm/Github_repos/SLAM-mapping-Robots/workspace/install/slam_robots/share/ament_index/resource_index/package_run_dependencies/slam_robots
[1.205s] -- Installing: /home/abdosalm/Github_repos/SLAM-mapping-Robots/workspace/install/slam_robots/share/ament_index/resource_index/parent_prefix_path/slam_robots
[1.205s] -- Installing: /home/abdosalm/Github_repos/SLAM-mapping-Robots/workspace/install/slam_robots/share/slam_robots/environment/ament_prefix_path.sh
[1.205s] -- Installing: /home/abdosalm/Github_repos/SLAM-mapping-Robots/workspace/install/slam_robots/share/slam_robots/environment/ament_prefix_path.dsv
[1.205s] -- Installing: /home/abdosalm/Github_repos/SLAM-mapping-Robots/workspace/install/slam_robots/share/slam_robots/environment/path.sh
[1.205s] -- Installing: /home/abdosalm/Github_repos/SLAM-mapping-Robots/workspace/install/slam_robots/share/slam_robots/environment/path.dsv
[1.205s] -- Installing: /home/abdosalm/Github_repos/SLAM-mapping-Robots/workspace/install/slam_robots/share/slam_robots/local_setup.bash
[1.205s] -- Installing: /home/abdosalm/Github_repos/SLAM-mapping-Robots/workspace/install/slam_robots/share/slam_robots/local_setup.sh
[1.206s] -- Installing: /home/abdosalm/Github_repos/SLAM-mapping-Robots/workspace/install/slam_robots/share/slam_robots/local_setup.zsh
[1.206s] -- Installing: /home/abdosalm/Github_repos/SLAM-mapping-Robots/workspace/install/slam_robots/share/slam_robots/local_setup.dsv
[1.206s] -- Installing: /home/abdosalm/Github_repos/SLAM-mapping-Robots/workspace/install/slam_robots/share/slam_robots/package.dsv
[1.206s] -- Installing: /home/abdosalm/Github_repos/SLAM-mapping-Robots/workspace/install/slam_robots/share/ament_index/resource_index/packages/slam_robots
[1.206s] -- Installing: /home/abdosalm/Github_repos/SLAM-mapping-Robots/workspace/install/slam_robots/share/slam_robots/cmake/slam_robotsConfig.cmake
[1.206s] -- Installing: /home/abdosalm/Github_repos/SLAM-mapping-Robots/workspace/install/slam_robots/share/slam_robots/cmake/slam_robotsConfig-version.cmake
[1.206s] -- Installing: /home/abdosalm/Github_repos/SLAM-mapping-Robots/workspace/install/slam_robots/share/slam_robots/package.xml
[1.208s] Invoked command in '/home/abdosalm/Github_repos/SLAM-mapping-Robots/workspace/build/slam_robots' returned '0': CMAKE_PREFIX_PATH=/opt/ros/humble /usr/bin/cmake --install /home/abdosalm/Github_repos/SLAM-mapping-Robots/workspace/build/slam_robots
