[0.130s] Invoking command in '/home/abdosalm/Github_repos/SLAM-mapping-Robots/workspace/build/turtlebot4_ignition_gui_plugins': CMAKE_PREFIX_PATH=/opt/ros/humble /usr/bin/cmake /home/abdosalm/Github_repos/SLAM-mapping-Robots/workspace/src/turtlebot4/turtlebot4_ignition_gui_plugins -DCMAKE_INSTALL_PREFIX=/home/abdosalm/Github_repos/SLAM-mapping-Robots/workspace/install/turtlebot4_ignition_gui_plugins
[0.274s] -- The C compiler identification is GNU 11.4.0
[0.567s] -- The CXX compiler identification is GNU 11.4.0
[0.594s] -- Detecting C compiler ABI info
[0.818s] -- Detecting C compiler ABI info - done
[0.871s] -- Check for working C compiler: /usr/bin/cc - skipped
[0.872s] -- Detecting C compile features
[0.875s] -- Detecting C compile features - done
[0.890s] -- Detecting CXX compiler ABI info
[1.174s] -- Detecting CXX compiler ABI info - done
[1.209s] -- Check for working CXX compiler: /usr/bin/c++ - skipped
[1.210s] -- Detecting CXX compile features
[1.212s] -- Detecting CXX compile features - done
[1.221s] -- Found ament_cmake: 1.3.5 (/opt/ros/humble/share/ament_cmake/cmake)
[1.879s] -- Found Python3: /usr/bin/python3.10 (found version "3.10.12") found components: Interpreter 
[1.964s] -- Found ament_lint_auto: 0.12.8 (/opt/ros/humble/share/ament_lint_auto/cmake)
[2.098s] -- Looking for ignition-gui6 -- found version 6.8.0
[2.111s] -- Searching for dependencies of ignition-gui6
[2.252s] -- Found Protobuf: /usr/lib/x86_64-linux-gnu/libprotobuf.so (found suitable version "3.12.4", minimum required is "3") 
[2.257s] -- Checking for module 'tinyxml2'
[2.265s] --   Found tinyxml2, version 9.0.0
[2.288s] -- Looking for ignition-math6 -- found version 6.15.0
[2.288s] -- Searching for dependencies of ignition-math6
[2.295s] -- Looking for ignition-common4 -- found version 4.7.0
[2.295s] -- Searching for dependencies of ignition-common4
[2.295s] -- Looking for dlfcn.h - found
[2.295s] -- Looking for libdl - found
[2.295s] -- Found DL: TRUE  
[2.299s] -- Checking for module 'uuid'
[2.308s] --   Found uuid, version 2.37.2
[2.326s] -- Found UUID: TRUE  
[2.327s] -- Searching for <ignition-common4> component [profiler]
[2.329s] -- Looking for ignition-common4-profiler -- found version 4.7.0
[2.329s] -- Searching for dependencies of ignition-common4-profiler
[2.334s] -- Looking for ignition-plugin1 -- found version 1.4.0
[2.334s] -- Searching for dependencies of ignition-plugin1
[2.335s] -- Searching for <ignition-plugin1> component [loader]
[2.337s] -- Looking for ignition-plugin1-loader -- found version 1.4.0
[2.337s] -- Searching for dependencies of ignition-plugin1-loader
[2.338s] -- Searching for <ignition-plugin1> component [register]
[2.340s] -- Looking for ignition-plugin1-register -- found version 1.4.0
[2.340s] -- Searching for dependencies of ignition-plugin1-register
[2.344s] -- Looking for ignition-transport11 -- found version 11.4.1
[2.344s] -- Searching for dependencies of ignition-transport11
[2.358s] -- Found Protobuf: /usr/lib/x86_64-linux-gnu/libprotobuf.so (found version "3.12.4") 
[2.367s] -- Config-file not installed for ZeroMQ -- checking for pkg-config
[2.371s] -- Checking for module 'libzmq >= 4'
[2.387s] --   Found libzmq , version 4.3.4
[2.414s] -- Found ZeroMQ: TRUE (Required is at least version "4") 
[2.427s] -- Looking for ignition-utils1 -- found version 1.5.1
[2.427s] -- Searching for dependencies of ignition-utils1
[2.431s] -- Searching for <ignition-utils1> component [cli]
[2.434s] -- Looking for ignition-utils1-cli -- found version 1.5.1
[2.434s] -- Searching for dependencies of ignition-utils1-cli
[2.437s] -- Looking for ignition-msgs8 -- found version 8.7.0
[2.438s] -- Searching for dependencies of ignition-msgs8
[2.451s] -- Found Protobuf: /usr/lib/x86_64-linux-gnu/libprotobuf.so (found suitable version "3.12.4", minimum required is "3") 
[2.451s] -- Looking for ignition-math6 -- found version 6.15.0
[2.463s] -- Looking for ignition-rendering6 -- found version 6.6.2
[2.463s] -- Searching for dependencies of ignition-rendering6
[2.463s] -- Looking for ignition-math6 -- found version 6.15.0
[2.464s] -- Searching for dependencies of ignition-math6
[2.464s] -- Searching for <ignition-math6> component [eigen3]
[2.466s] -- Looking for ignition-math6-eigen3 -- found version 6.15.0
[2.467s] -- Searching for dependencies of ignition-math6-eigen3
[2.479s] -- Looking for ignition-common4 -- found version 4.7.0
[2.479s] -- Searching for dependencies of ignition-common4
[2.480s] -- Looking for dlfcn.h - found
[2.480s] -- Looking for libdl - found
[2.489s] -- Searching for <ignition-common4> component [graphics]
[2.493s] -- Looking for ignition-common4-graphics -- found version 4.7.0
[2.493s] -- Searching for dependencies of ignition-common4-graphics
[2.493s] -- Looking for ignition-math6 -- found version 6.15.0
[2.494s] -- Looking for ignition-utils1 -- found version 1.5.1
[2.495s] -- Searching for <ignition-common4> component [events]
[2.498s] -- Looking for ignition-common4-events -- found version 4.7.0
[2.498s] -- Searching for dependencies of ignition-common4-events
[2.499s] -- Looking for ignition-math6 -- found version 6.15.0
[2.500s] -- Looking for ignition-plugin1 -- found version 1.4.0
[2.501s] -- Searching for dependencies of ignition-plugin1
[2.501s] -- Searching for <ignition-plugin1> component [all]
[2.504s] -- Looking for all libraries of ignition-plugin1 -- found version 1.4.0
[2.504s] -- Looking for ignition-plugin1 -- found version 1.4.0
[2.508s] -- Looking for ignition-msgs8 -- found version 8.7.0
[2.514s] -- Looking for ignition-common4 -- found version 4.7.0
[2.519s] -- Added test 'cppcheck' to perform static code analysis on C / C++ code
[2.519s] -- Configured cppcheck include dirs: 
[2.519s] -- Configured cppcheck exclude dirs and/or files: 
[2.520s] -- Added test 'cpplint' to check C / C++ code against the Google style
[2.520s] -- Configured cpplint exclude dirs and/or files: 
[2.520s] -- Added test 'lint_cmake' to check CMake code style
[2.521s] -- Added test 'xmllint' to check XML markup files
[2.523s] -- Configuring done
[2.542s] -- Generating done
[2.544s] -- Build files have been written to: /home/abdosalm/Github_repos/SLAM-mapping-Robots/workspace/build/turtlebot4_ignition_gui_plugins
[2.552s] Invoked command in '/home/abdosalm/Github_repos/SLAM-mapping-Robots/workspace/build/turtlebot4_ignition_gui_plugins' returned '0': CMAKE_PREFIX_PATH=/opt/ros/humble /usr/bin/cmake /home/abdosalm/Github_repos/SLAM-mapping-Robots/workspace/src/turtlebot4/turtlebot4_ignition_gui_plugins -DCMAKE_INSTALL_PREFIX=/home/abdosalm/Github_repos/SLAM-mapping-Robots/workspace/install/turtlebot4_ignition_gui_plugins
[2.553s] Invoking command in '/home/abdosalm/Github_repos/SLAM-mapping-Robots/workspace/build/turtlebot4_ignition_gui_plugins': CMAKE_PREFIX_PATH=/opt/ros/humble /usr/bin/cmake --build /home/abdosalm/Github_repos/SLAM-mapping-Robots/workspace/build/turtlebot4_ignition_gui_plugins -- -j16 -l16
[2.589s] [ 16%] [34m[1mAutomatic MOC for target Turtlebot4Hmi[0m
[4.716s] [ 16%] Built target Turtlebot4Hmi_autogen
[4.723s] [ 33%] [34m[1mGenerating qrc_Turtlebot4Hmi.cpp[0m
[4.740s] [ 83%] [32mBuilding CXX object Turtlebot4Hmi/CMakeFiles/Turtlebot4Hmi.dir/Turtlebot4Hmi_autogen/mocs_compilation.cpp.o[0m
[4.740s] [ 83%] [32mBuilding CXX object Turtlebot4Hmi/CMakeFiles/Turtlebot4Hmi.dir/Turtlebot4Hmi.cc.o[0m
[4.740s] [ 83%] [32mBuilding CXX object Turtlebot4Hmi/CMakeFiles/Turtlebot4Hmi.dir/qrc_Turtlebot4Hmi.cpp.o[0m
[11.623s] [100%] [32m[1mLinking CXX shared library libTurtlebot4Hmi.so[0m
[12.015s] [100%] Built target Turtlebot4Hmi
[12.025s] Invoked command in '/home/abdosalm/Github_repos/SLAM-mapping-Robots/workspace/build/turtlebot4_ignition_gui_plugins' returned '0': CMAKE_PREFIX_PATH=/opt/ros/humble /usr/bin/cmake --build /home/abdosalm/Github_repos/SLAM-mapping-Robots/workspace/build/turtlebot4_ignition_gui_plugins -- -j16 -l16
[12.043s] Invoking command in '/home/abdosalm/Github_repos/SLAM-mapping-Robots/workspace/build/turtlebot4_ignition_gui_plugins': CMAKE_PREFIX_PATH=/opt/ros/humble /usr/bin/cmake --install /home/abdosalm/Github_repos/SLAM-mapping-Robots/workspace/build/turtlebot4_ignition_gui_plugins
[12.049s] -- Install configuration: ""
[12.049s] -- Installing: /home/abdosalm/Github_repos/SLAM-mapping-Robots/workspace/install/turtlebot4_ignition_gui_plugins/share/ament_index/resource_index/package_run_dependencies/turtlebot4_ignition_gui_plugins
[12.049s] -- Installing: /home/abdosalm/Github_repos/SLAM-mapping-Robots/workspace/install/turtlebot4_ignition_gui_plugins/share/ament_index/resource_index/parent_prefix_path/turtlebot4_ignition_gui_plugins
[12.049s] -- Installing: /home/abdosalm/Github_repos/SLAM-mapping-Robots/workspace/install/turtlebot4_ignition_gui_plugins/share/turtlebot4_ignition_gui_plugins/environment/ament_prefix_path.sh
[12.049s] -- Installing: /home/abdosalm/Github_repos/SLAM-mapping-Robots/workspace/install/turtlebot4_ignition_gui_plugins/share/turtlebot4_ignition_gui_plugins/environment/ament_prefix_path.dsv
[12.049s] -- Installing: /home/abdosalm/Github_repos/SLAM-mapping-Robots/workspace/install/turtlebot4_ignition_gui_plugins/share/turtlebot4_ignition_gui_plugins/environment/path.sh
[12.049s] -- Installing: /home/abdosalm/Github_repos/SLAM-mapping-Robots/workspace/install/turtlebot4_ignition_gui_plugins/share/turtlebot4_ignition_gui_plugins/environment/path.dsv
[12.049s] -- Installing: /home/abdosalm/Github_repos/SLAM-mapping-Robots/workspace/install/turtlebot4_ignition_gui_plugins/share/turtlebot4_ignition_gui_plugins/local_setup.bash
[12.050s] -- Installing: /home/abdosalm/Github_repos/SLAM-mapping-Robots/workspace/install/turtlebot4_ignition_gui_plugins/share/turtlebot4_ignition_gui_plugins/local_setup.sh
[12.050s] -- Installing: /home/abdosalm/Github_repos/SLAM-mapping-Robots/workspace/install/turtlebot4_ignition_gui_plugins/share/turtlebot4_ignition_gui_plugins/local_setup.zsh
[12.050s] -- Installing: /home/abdosalm/Github_repos/SLAM-mapping-Robots/workspace/install/turtlebot4_ignition_gui_plugins/share/turtlebot4_ignition_gui_plugins/local_setup.dsv
[12.050s] -- Installing: /home/abdosalm/Github_repos/SLAM-mapping-Robots/workspace/install/turtlebot4_ignition_gui_plugins/share/turtlebot4_ignition_gui_plugins/package.dsv
[12.050s] -- Installing: /home/abdosalm/Github_repos/SLAM-mapping-Robots/workspace/install/turtlebot4_ignition_gui_plugins/share/ament_index/resource_index/packages/turtlebot4_ignition_gui_plugins
[12.050s] -- Installing: /home/abdosalm/Github_repos/SLAM-mapping-Robots/workspace/install/turtlebot4_ignition_gui_plugins/share/turtlebot4_ignition_gui_plugins/cmake/turtlebot4_ignition_gui_pluginsConfig.cmake
[12.050s] -- Installing: /home/abdosalm/Github_repos/SLAM-mapping-Robots/workspace/install/turtlebot4_ignition_gui_plugins/share/turtlebot4_ignition_gui_plugins/cmake/turtlebot4_ignition_gui_pluginsConfig-version.cmake
[12.050s] -- Installing: /home/abdosalm/Github_repos/SLAM-mapping-Robots/workspace/install/turtlebot4_ignition_gui_plugins/share/turtlebot4_ignition_gui_plugins/package.xml
[12.050s] -- Installing: /home/abdosalm/Github_repos/SLAM-mapping-Robots/workspace/install/turtlebot4_ignition_gui_plugins/share/turtlebot4_ignition_gui_plugins/lib/libTurtlebot4Hmi.so
[12.054s] Invoked command in '/home/abdosalm/Github_repos/SLAM-mapping-Robots/workspace/build/turtlebot4_ignition_gui_plugins' returned '0': CMAKE_PREFIX_PATH=/opt/ros/humble /usr/bin/cmake --install /home/abdosalm/Github_repos/SLAM-mapping-Robots/workspace/build/turtlebot4_ignition_gui_plugins
