[0.212s] Invoking command in '/home/abdosalm/Github_repos/SLAM-mapping-Robots/workspace/build/turtlebot4_ignition_gui_plugins': CMAKE_PREFIX_PATH=${CMAKE_PREFIX_PATH}:/opt/ros/humble /usr/bin/cmake /home/abdosalm/Github_repos/SLAM-mapping-Robots/workspace/src/turtlebot4/turtlebot4_ignition_gui_plugins -DCMAKE_INSTALL_PREFIX=/home/abdosalm/Github_repos/SLAM-mapping-Robots/workspace/install/turtlebot4_ignition_gui_plugins
[0.256s] -- The C compiler identification is GNU 11.4.0
[0.310s] -- The CXX compiler identification is GNU 11.4.0
[0.319s] -- Detecting C compiler ABI info
[0.377s] -- Detecting C compiler ABI info - done
[0.384s] -- Check for working C compiler: /usr/bin/cc - skipped
[0.385s] -- Detecting C compile features
[0.385s] -- Detecting C compile features - done
[0.388s] -- Detecting CXX compiler ABI info
[0.462s] -- Detecting CXX compiler ABI info - done
[0.476s] -- Check for working CXX compiler: /usr/bin/c++ - skipped
[0.476s] -- Detecting CXX compile features
[0.477s] -- Detecting CXX compile features - done
[0.479s] -- Found ament_cmake: 1.3.5 (/opt/ros/humble/share/ament_cmake/cmake)
[0.656s] -- Found Python3: /usr/bin/python3.10 (found version "3.10.12") found components: Interpreter 
[0.743s] -- Found ament_lint_auto: 0.12.8 (/opt/ros/humble/share/ament_lint_auto/cmake)
[0.844s] -- Looking for ignition-gui6 -- found version 6.8.0
[0.849s] -- Searching for dependencies of ignition-gui6
[1.001s] -- Found Protobuf: /usr/lib/x86_64-linux-gnu/libprotobuf.so (found suitable version "3.12.4", minimum required is "3") 
[1.007s] -- Checking for module 'tinyxml2'
[1.017s] --   Found tinyxml2, version 9.0.0
[1.046s] -- Looking for ignition-math6 -- found version 6.15.0
[1.047s] -- Searching for dependencies of ignition-math6
[1.047s] -- Looking for ignition-common4 -- found version 4.7.0
[1.048s] -- Searching for dependencies of ignition-common4
[1.048s] -- Looking for dlfcn.h - found
[1.049s] -- Looking for libdl - found
[1.051s] -- Found DL: TRUE  
[1.055s] -- Checking for module 'uuid'
[1.066s] --   Found uuid, version 2.37.2
[1.093s] -- Found UUID: TRUE  
[1.093s] -- Searching for <ignition-common4> component [profiler]
[1.096s] -- Looking for ignition-common4-profiler -- found version 4.7.0
[1.096s] -- Searching for dependencies of ignition-common4-profiler
[1.099s] -- Looking for ignition-plugin1 -- found version 1.4.0
[1.100s] -- Searching for dependencies of ignition-plugin1
[1.103s] -- Searching for <ignition-plugin1> component [loader]
[1.103s] -- Looking for ignition-plugin1-loader -- found version 1.4.0
[1.104s] -- Searching for dependencies of ignition-plugin1-loader
[1.105s] -- Searching for <ignition-plugin1> component [register]
[1.107s] -- Looking for ignition-plugin1-register -- found version 1.4.0
[1.108s] -- Searching for dependencies of ignition-plugin1-register
[1.111s] -- Looking for ignition-transport11 -- found version 11.4.1
[1.112s] -- Searching for dependencies of ignition-transport11
[1.135s] -- Found Protobuf: /usr/lib/x86_64-linux-gnu/libprotobuf.so (found version "3.12.4") 
[1.151s] -- Config-file not installed for ZeroMQ -- checking for pkg-config
[1.156s] -- Checking for module 'libzmq >= 4'
[1.168s] --   Found libzmq , version 4.3.4
[1.197s] -- Found ZeroMQ: TRUE (Required is at least version "4") 
[1.211s] -- Looking for ignition-utils1 -- found version 1.5.1
[1.212s] -- Searching for dependencies of ignition-utils1
[1.212s] -- Searching for <ignition-utils1> component [cli]
[1.214s] -- Looking for ignition-utils1-cli -- found version 1.5.1
[1.214s] -- Searching for dependencies of ignition-utils1-cli
[1.216s] -- Looking for ignition-msgs8 -- found version 8.7.0
[1.217s] -- Searching for dependencies of ignition-msgs8
[1.232s] -- Found Protobuf: /usr/lib/x86_64-linux-gnu/libprotobuf.so (found suitable version "3.12.4", minimum required is "3") 
[1.233s] -- Looking for ignition-math6 -- found version 6.15.0
[1.242s] -- Looking for ignition-rendering6 -- found version 6.6.2
[1.242s] -- Searching for dependencies of ignition-rendering6
[1.243s] -- Looking for ignition-math6 -- found version 6.15.0
[1.243s] -- Searching for dependencies of ignition-math6
[1.243s] -- Searching for <ignition-math6> component [eigen3]
[1.245s] -- Looking for ignition-math6-eigen3 -- found version 6.15.0
[1.245s] -- Searching for dependencies of ignition-math6-eigen3
[1.252s] -- Looking for ignition-common4 -- found version 4.7.0
[1.252s] -- Searching for dependencies of ignition-common4
[1.252s] -- Looking for dlfcn.h - found
[1.252s] -- Looking for libdl - found
[1.261s] -- Searching for <ignition-common4> component [graphics]
[1.263s] -- Looking for ignition-common4-graphics -- found version 4.7.0
[1.263s] -- Searching for dependencies of ignition-common4-graphics
[1.263s] -- Looking for ignition-math6 -- found version 6.15.0
[1.264s] -- Looking for ignition-utils1 -- found version 1.5.1
[1.264s] -- Searching for <ignition-common4> component [events]
[1.266s] -- Looking for ignition-common4-events -- found version 4.7.0
[1.266s] -- Searching for dependencies of ignition-common4-events
[1.267s] -- Looking for ignition-math6 -- found version 6.15.0
[1.268s] -- Looking for ignition-plugin1 -- found version 1.4.0
[1.268s] -- Searching for dependencies of ignition-plugin1
[1.268s] -- Searching for <ignition-plugin1> component [all]
[1.270s] -- Looking for all libraries of ignition-plugin1 -- found version 1.4.0
[1.270s] -- Looking for ignition-plugin1 -- found version 1.4.0
[1.272s] -- Looking for ignition-msgs8 -- found version 8.7.0
[1.275s] -- Looking for ignition-common4 -- found version 4.7.0
[1.279s] -- Added test 'cppcheck' to perform static code analysis on C / C++ code
[1.279s] -- Configured cppcheck include dirs: 
[1.279s] -- Configured cppcheck exclude dirs and/or files: 
[1.280s] -- Added test 'cpplint' to check C / C++ code against the Google style
[1.280s] -- Configured cpplint exclude dirs and/or files: 
[1.280s] -- Added test 'lint_cmake' to check CMake code style
[1.281s] -- Added test 'xmllint' to check XML markup files
[1.283s] -- Configuring done
[1.296s] -- Generating done
[1.298s] -- Build files have been written to: /home/abdosalm/Github_repos/SLAM-mapping-Robots/workspace/build/turtlebot4_ignition_gui_plugins
[1.312s] Invoked command in '/home/abdosalm/Github_repos/SLAM-mapping-Robots/workspace/build/turtlebot4_ignition_gui_plugins' returned '0': CMAKE_PREFIX_PATH=${CMAKE_PREFIX_PATH}:/opt/ros/humble /usr/bin/cmake /home/abdosalm/Github_repos/SLAM-mapping-Robots/workspace/src/turtlebot4/turtlebot4_ignition_gui_plugins -DCMAKE_INSTALL_PREFIX=/home/abdosalm/Github_repos/SLAM-mapping-Robots/workspace/install/turtlebot4_ignition_gui_plugins
[1.313s] Invoking command in '/home/abdosalm/Github_repos/SLAM-mapping-Robots/workspace/build/turtlebot4_ignition_gui_plugins': CMAKE_PREFIX_PATH=${CMAKE_PREFIX_PATH}:/opt/ros/humble /usr/bin/cmake --build /home/abdosalm/Github_repos/SLAM-mapping-Robots/workspace/build/turtlebot4_ignition_gui_plugins -- -j16 -l16
[1.356s] [ 16%] [34m[1mAutomatic MOC for target Turtlebot4Hmi[0m
[2.846s] [ 16%] Built target Turtlebot4Hmi_autogen
[2.853s] [ 33%] [34m[1mGenerating qrc_Turtlebot4Hmi.cpp[0m
[2.870s] [ 50%] [32mBuilding CXX object Turtlebot4Hmi/CMakeFiles/Turtlebot4Hmi.dir/Turtlebot4Hmi_autogen/mocs_compilation.cpp.o[0m
[9.344s] [ 66%] [32mBuilding CXX object Turtlebot4Hmi/CMakeFiles/Turtlebot4Hmi.dir/qrc_Turtlebot4Hmi.cpp.o[0m
[9.390s] [ 83%] [32mBuilding CXX object Turtlebot4Hmi/CMakeFiles/Turtlebot4Hmi.dir/Turtlebot4Hmi.cc.o[0m
[17.624s] [100%] [32m[1mLinking CXX shared library libTurtlebot4Hmi.so[0m
[18.033s] [100%] Built target Turtlebot4Hmi
[18.047s] Invoked command in '/home/abdosalm/Github_repos/SLAM-mapping-Robots/workspace/build/turtlebot4_ignition_gui_plugins' returned '0': CMAKE_PREFIX_PATH=${CMAKE_PREFIX_PATH}:/opt/ros/humble /usr/bin/cmake --build /home/abdosalm/Github_repos/SLAM-mapping-Robots/workspace/build/turtlebot4_ignition_gui_plugins -- -j16 -l16
[18.068s] Invoking command in '/home/abdosalm/Github_repos/SLAM-mapping-Robots/workspace/build/turtlebot4_ignition_gui_plugins': CMAKE_PREFIX_PATH=${CMAKE_PREFIX_PATH}:/opt/ros/humble /usr/bin/cmake --install /home/abdosalm/Github_repos/SLAM-mapping-Robots/workspace/build/turtlebot4_ignition_gui_plugins
[18.075s] -- Install configuration: ""
[18.075s] -- Installing: /home/abdosalm/Github_repos/SLAM-mapping-Robots/workspace/install/turtlebot4_ignition_gui_plugins/share/ament_index/resource_index/package_run_dependencies/turtlebot4_ignition_gui_plugins
[18.075s] -- Installing: /home/abdosalm/Github_repos/SLAM-mapping-Robots/workspace/install/turtlebot4_ignition_gui_plugins/share/ament_index/resource_index/parent_prefix_path/turtlebot4_ignition_gui_plugins
[18.075s] -- Installing: /home/abdosalm/Github_repos/SLAM-mapping-Robots/workspace/install/turtlebot4_ignition_gui_plugins/share/turtlebot4_ignition_gui_plugins/environment/ament_prefix_path.sh
[18.075s] -- Installing: /home/abdosalm/Github_repos/SLAM-mapping-Robots/workspace/install/turtlebot4_ignition_gui_plugins/share/turtlebot4_ignition_gui_plugins/environment/ament_prefix_path.dsv
[18.075s] -- Installing: /home/abdosalm/Github_repos/SLAM-mapping-Robots/workspace/install/turtlebot4_ignition_gui_plugins/share/turtlebot4_ignition_gui_plugins/environment/path.sh
[18.076s] -- Installing: /home/abdosalm/Github_repos/SLAM-mapping-Robots/workspace/install/turtlebot4_ignition_gui_plugins/share/turtlebot4_ignition_gui_plugins/environment/path.dsv
[18.076s] -- Installing: /home/abdosalm/Github_repos/SLAM-mapping-Robots/workspace/install/turtlebot4_ignition_gui_plugins/share/turtlebot4_ignition_gui_plugins/local_setup.bash
[18.076s] -- Installing: /home/abdosalm/Github_repos/SLAM-mapping-Robots/workspace/install/turtlebot4_ignition_gui_plugins/share/turtlebot4_ignition_gui_plugins/local_setup.sh
[18.076s] -- Installing: /home/abdosalm/Github_repos/SLAM-mapping-Robots/workspace/install/turtlebot4_ignition_gui_plugins/share/turtlebot4_ignition_gui_plugins/local_setup.zsh
[18.076s] -- Installing: /home/abdosalm/Github_repos/SLAM-mapping-Robots/workspace/install/turtlebot4_ignition_gui_plugins/share/turtlebot4_ignition_gui_plugins/local_setup.dsv
[18.076s] -- Installing: /home/abdosalm/Github_repos/SLAM-mapping-Robots/workspace/install/turtlebot4_ignition_gui_plugins/share/turtlebot4_ignition_gui_plugins/package.dsv
[18.076s] -- Installing: /home/abdosalm/Github_repos/SLAM-mapping-Robots/workspace/install/turtlebot4_ignition_gui_plugins/share/ament_index/resource_index/packages/turtlebot4_ignition_gui_plugins
[18.076s] -- Installing: /home/abdosalm/Github_repos/SLAM-mapping-Robots/workspace/install/turtlebot4_ignition_gui_plugins/share/turtlebot4_ignition_gui_plugins/cmake/turtlebot4_ignition_gui_pluginsConfig.cmake
[18.077s] -- Installing: /home/abdosalm/Github_repos/SLAM-mapping-Robots/workspace/install/turtlebot4_ignition_gui_plugins/share/turtlebot4_ignition_gui_plugins/cmake/turtlebot4_ignition_gui_pluginsConfig-version.cmake
[18.077s] -- Installing: /home/abdosalm/Github_repos/SLAM-mapping-Robots/workspace/install/turtlebot4_ignition_gui_plugins/share/turtlebot4_ignition_gui_plugins/package.xml
[18.077s] -- Installing: /home/abdosalm/Github_repos/SLAM-mapping-Robots/workspace/install/turtlebot4_ignition_gui_plugins/share/turtlebot4_ignition_gui_plugins/lib/libTurtlebot4Hmi.so
[18.081s] Invoked command in '/home/abdosalm/Github_repos/SLAM-mapping-Robots/workspace/build/turtlebot4_ignition_gui_plugins' returned '0': CMAKE_PREFIX_PATH=${CMAKE_PREFIX_PATH}:/opt/ros/humble /usr/bin/cmake --install /home/abdosalm/Github_repos/SLAM-mapping-Robots/workspace/build/turtlebot4_ignition_gui_plugins
