[0.101s] Invoking command in '/home/abdosalm/Github_repos/SLAM-mapping-Robots/workspace/build/turtlebot4_ignition_bringup': AMENT_PREFIX_PATH=/home/abdosalm/Github_repos/SLAM-mapping-Robots/workspace/install/turtlebot4_node:/home/abdosalm/Github_repos/SLAM-mapping-Robots/workspace/install/turtlebot4_ignition_toolbox:/home/abdosalm/Github_repos/SLAM-mapping-Robots/workspace/install/turtlebot4_navigation:/home/abdosalm/Github_repos/SLAM-mapping-Robots/workspace/install/turtlebot4_msgs:/home/abdosalm/Github_repos/SLAM-mapping-Robots/workspace/install/turtlebot4_ignition_gui_plugins:/home/abdosalm/Github_repos/SLAM-mapping-Robots/workspace/install/turtlebot4_description:${AMENT_PREFIX_PATH} CMAKE_PREFIX_PATH=/home/abdosalm/Github_repos/SLAM-mapping-Robots/workspace/install/turtlebot4_node:/home/abdosalm/Github_repos/SLAM-mapping-Robots/workspace/install/turtlebot4_ignition_toolbox:/home/abdosalm/Github_repos/SLAM-mapping-Robots/workspace/install/turtlebot4_navigation:/home/abdosalm/Github_repos/SLAM-mapping-Robots/workspace/install/turtlebot4_msgs:/home/abdosalm/Github_repos/SLAM-mapping-Robots/workspace/install/turtlebot4_ignition_gui_plugins:/home/abdosalm/Github_repos/SLAM-mapping-Robots/workspace/install/turtlebot4_description:/opt/ros/humble LD_LIBRARY_PATH=/home/abdosalm/Github_repos/SLAM-mapping-Robots/workspace/install/turtlebot4_msgs/lib:${LD_LIBRARY_PATH} PYTHONPATH=/home/abdosalm/Github_repos/SLAM-mapping-Robots/workspace/install/turtlebot4_navigation/local/lib/python3.10/dist-packages:/home/abdosalm/Github_repos/SLAM-mapping-Robots/workspace/install/turtlebot4_msgs/local/lib/python3.10/dist-packages:${PYTHONPATH} /usr/bin/cmake /home/abdosalm/Github_repos/SLAM-mapping-Robots/workspace/src/turtlebot4/turtlebot4_ignition_bringup -DCMAKE_INSTALL_PREFIX=/home/abdosalm/Github_repos/SLAM-mapping-Robots/workspace/install/turtlebot4_ignition_bringup
[0.257s] -- The C compiler identification is GNU 11.4.0
[0.455s] -- The CXX compiler identification is GNU 11.4.0
[0.481s] -- Detecting C compiler ABI info
[0.716s] -- Detecting C compiler ABI info - done
[0.750s] -- Check for working C compiler: /usr/bin/cc - skipped
[0.750s] -- Detecting C compile features
[0.752s] -- Detecting C compile features - done
[0.764s] -- Detecting CXX compiler ABI info
[1.065s] -- Detecting CXX compiler ABI info - done
[1.099s] -- Check for working CXX compiler: /usr/bin/c++ - skipped
[1.100s] -- Detecting CXX compile features
[1.102s] -- Detecting CXX compile features - done
[1.114s] -- Found ament_cmake: 1.3.5 (/opt/ros/humble/share/ament_cmake/cmake)
[1.790s] -- Found Python3: /usr/bin/python3.10 (found version "3.10.12") found components: Interpreter 
[2.061s] -- Found ros_ign_interfaces: 0.244.11 (/opt/ros/humble/share/ros_ign_interfaces/cmake)
[2.231s] -- Found rosidl_generator_c: 3.1.5 (/opt/ros/humble/share/rosidl_generator_c/cmake)
[2.258s] -- Found rosidl_adapter: 3.1.5 (/opt/ros/humble/share/rosidl_adapter/cmake)
[2.293s] -- Found rosidl_generator_cpp: 3.1.5 (/opt/ros/humble/share/rosidl_generator_cpp/cmake)
[2.305s] -- Using all available rosidl_typesupport_c: rosidl_typesupport_fastrtps_c;rosidl_typesupport_introspection_c
[2.320s] -- Using all available rosidl_typesupport_cpp: rosidl_typesupport_fastrtps_cpp;rosidl_typesupport_introspection_cpp
[2.605s] -- Found ament_lint_auto: 0.12.8 (/opt/ros/humble/share/ament_lint_auto/cmake)
[2.686s] -- Added test 'copyright' to check source files copyright and LICENSE
[2.690s] -- Added test 'flake8' to check Python code syntax and style conventions
[2.691s] -- Added test 'lint_cmake' to check CMake code style
[2.692s] -- Added test 'pep257' to check Python code against some of the docstring style conventions in PEP 257
[2.695s] -- Added test 'xmllint' to check XML markup files
[2.697s] -- Configuring done
[2.706s] -- Generating done
[2.709s] -- Build files have been written to: /home/abdosalm/Github_repos/SLAM-mapping-Robots/workspace/build/turtlebot4_ignition_bringup
[2.723s] Invoked command in '/home/abdosalm/Github_repos/SLAM-mapping-Robots/workspace/build/turtlebot4_ignition_bringup' returned '0': AMENT_PREFIX_PATH=/home/abdosalm/Github_repos/SLAM-mapping-Robots/workspace/install/turtlebot4_node:/home/abdosalm/Github_repos/SLAM-mapping-Robots/workspace/install/turtlebot4_ignition_toolbox:/home/abdosalm/Github_repos/SLAM-mapping-Robots/workspace/install/turtlebot4_navigation:/home/abdosalm/Github_repos/SLAM-mapping-Robots/workspace/install/turtlebot4_msgs:/home/abdosalm/Github_repos/SLAM-mapping-Robots/workspace/install/turtlebot4_ignition_gui_plugins:/home/abdosalm/Github_repos/SLAM-mapping-Robots/workspace/install/turtlebot4_description:${AMENT_PREFIX_PATH} CMAKE_PREFIX_PATH=/home/abdosalm/Github_repos/SLAM-mapping-Robots/workspace/install/turtlebot4_node:/home/abdosalm/Github_repos/SLAM-mapping-Robots/workspace/install/turtlebot4_ignition_toolbox:/home/abdosalm/Github_repos/SLAM-mapping-Robots/workspace/install/turtlebot4_navigation:/home/abdosalm/Github_repos/SLAM-mapping-Robots/workspace/install/turtlebot4_msgs:/home/abdosalm/Github_repos/SLAM-mapping-Robots/workspace/install/turtlebot4_ignition_gui_plugins:/home/abdosalm/Github_repos/SLAM-mapping-Robots/workspace/install/turtlebot4_description:/opt/ros/humble LD_LIBRARY_PATH=/home/abdosalm/Github_repos/SLAM-mapping-Robots/workspace/install/turtlebot4_msgs/lib:${LD_LIBRARY_PATH} PYTHONPATH=/home/abdosalm/Github_repos/SLAM-mapping-Robots/workspace/install/turtlebot4_navigation/local/lib/python3.10/dist-packages:/home/abdosalm/Github_repos/SLAM-mapping-Robots/workspace/install/turtlebot4_msgs/local/lib/python3.10/dist-packages:${PYTHONPATH} /usr/bin/cmake /home/abdosalm/Github_repos/SLAM-mapping-Robots/workspace/src/turtlebot4/turtlebot4_ignition_bringup -DCMAKE_INSTALL_PREFIX=/home/abdosalm/Github_repos/SLAM-mapping-Robots/workspace/install/turtlebot4_ignition_bringup
[2.728s] Invoking command in '/home/abdosalm/Github_repos/SLAM-mapping-Robots/workspace/build/turtlebot4_ignition_bringup': AMENT_PREFIX_PATH=/home/abdosalm/Github_repos/SLAM-mapping-Robots/workspace/install/turtlebot4_node:/home/abdosalm/Github_repos/SLAM-mapping-Robots/workspace/install/turtlebot4_ignition_toolbox:/home/abdosalm/Github_repos/SLAM-mapping-Robots/workspace/install/turtlebot4_navigation:/home/abdosalm/Github_repos/SLAM-mapping-Robots/workspace/install/turtlebot4_msgs:/home/abdosalm/Github_repos/SLAM-mapping-Robots/workspace/install/turtlebot4_ignition_gui_plugins:/home/abdosalm/Github_repos/SLAM-mapping-Robots/workspace/install/turtlebot4_description:${AMENT_PREFIX_PATH} CMAKE_PREFIX_PATH=/home/abdosalm/Github_repos/SLAM-mapping-Robots/workspace/install/turtlebot4_node:/home/abdosalm/Github_repos/SLAM-mapping-Robots/workspace/install/turtlebot4_ignition_toolbox:/home/abdosalm/Github_repos/SLAM-mapping-Robots/workspace/install/turtlebot4_navigation:/home/abdosalm/Github_repos/SLAM-mapping-Robots/workspace/install/turtlebot4_msgs:/home/abdosalm/Github_repos/SLAM-mapping-Robots/workspace/install/turtlebot4_ignition_gui_plugins:/home/abdosalm/Github_repos/SLAM-mapping-Robots/workspace/install/turtlebot4_description:/opt/ros/humble LD_LIBRARY_PATH=/home/abdosalm/Github_repos/SLAM-mapping-Robots/workspace/install/turtlebot4_msgs/lib:${LD_LIBRARY_PATH} PYTHONPATH=/home/abdosalm/Github_repos/SLAM-mapping-Robots/workspace/install/turtlebot4_navigation/local/lib/python3.10/dist-packages:/home/abdosalm/Github_repos/SLAM-mapping-Robots/workspace/install/turtlebot4_msgs/local/lib/python3.10/dist-packages:${PYTHONPATH} /usr/bin/cmake --build /home/abdosalm/Github_repos/SLAM-mapping-Robots/workspace/build/turtlebot4_ignition_bringup -- -j16 -l16
[2.855s] Invoked command in '/home/abdosalm/Github_repos/SLAM-mapping-Robots/workspace/build/turtlebot4_ignition_bringup' returned '0': AMENT_PREFIX_PATH=/home/abdosalm/Github_repos/SLAM-mapping-Robots/workspace/install/turtlebot4_node:/home/abdosalm/Github_repos/SLAM-mapping-Robots/workspace/install/turtlebot4_ignition_toolbox:/home/abdosalm/Github_repos/SLAM-mapping-Robots/workspace/install/turtlebot4_navigation:/home/abdosalm/Github_repos/SLAM-mapping-Robots/workspace/install/turtlebot4_msgs:/home/abdosalm/Github_repos/SLAM-mapping-Robots/workspace/install/turtlebot4_ignition_gui_plugins:/home/abdosalm/Github_repos/SLAM-mapping-Robots/workspace/install/turtlebot4_description:${AMENT_PREFIX_PATH} CMAKE_PREFIX_PATH=/home/abdosalm/Github_repos/SLAM-mapping-Robots/workspace/install/turtlebot4_node:/home/abdosalm/Github_repos/SLAM-mapping-Robots/workspace/install/turtlebot4_ignition_toolbox:/home/abdosalm/Github_repos/SLAM-mapping-Robots/workspace/install/turtlebot4_navigation:/home/abdosalm/Github_repos/SLAM-mapping-Robots/workspace/install/turtlebot4_msgs:/home/abdosalm/Github_repos/SLAM-mapping-Robots/workspace/install/turtlebot4_ignition_gui_plugins:/home/abdosalm/Github_repos/SLAM-mapping-Robots/workspace/install/turtlebot4_description:/opt/ros/humble LD_LIBRARY_PATH=/home/abdosalm/Github_repos/SLAM-mapping-Robots/workspace/install/turtlebot4_msgs/lib:${LD_LIBRARY_PATH} PYTHONPATH=/home/abdosalm/Github_repos/SLAM-mapping-Robots/workspace/install/turtlebot4_navigation/local/lib/python3.10/dist-packages:/home/abdosalm/Github_repos/SLAM-mapping-Robots/workspace/install/turtlebot4_msgs/local/lib/python3.10/dist-packages:${PYTHONPATH} /usr/bin/cmake --build /home/abdosalm/Github_repos/SLAM-mapping-Robots/workspace/build/turtlebot4_ignition_bringup -- -j16 -l16
[2.926s] Invoking command in '/home/abdosalm/Github_repos/SLAM-mapping-Robots/workspace/build/turtlebot4_ignition_bringup': AMENT_PREFIX_PATH=/home/abdosalm/Github_repos/SLAM-mapping-Robots/workspace/install/turtlebot4_node:/home/abdosalm/Github_repos/SLAM-mapping-Robots/workspace/install/turtlebot4_ignition_toolbox:/home/abdosalm/Github_repos/SLAM-mapping-Robots/workspace/install/turtlebot4_navigation:/home/abdosalm/Github_repos/SLAM-mapping-Robots/workspace/install/turtlebot4_msgs:/home/abdosalm/Github_repos/SLAM-mapping-Robots/workspace/install/turtlebot4_ignition_gui_plugins:/home/abdosalm/Github_repos/SLAM-mapping-Robots/workspace/install/turtlebot4_description:${AMENT_PREFIX_PATH} CMAKE_PREFIX_PATH=/home/abdosalm/Github_repos/SLAM-mapping-Robots/workspace/install/turtlebot4_node:/home/abdosalm/Github_repos/SLAM-mapping-Robots/workspace/install/turtlebot4_ignition_toolbox:/home/abdosalm/Github_repos/SLAM-mapping-Robots/workspace/install/turtlebot4_navigation:/home/abdosalm/Github_repos/SLAM-mapping-Robots/workspace/install/turtlebot4_msgs:/home/abdosalm/Github_repos/SLAM-mapping-Robots/workspace/install/turtlebot4_ignition_gui_plugins:/home/abdosalm/Github_repos/SLAM-mapping-Robots/workspace/install/turtlebot4_description:/opt/ros/humble LD_LIBRARY_PATH=/home/abdosalm/Github_repos/SLAM-mapping-Robots/workspace/install/turtlebot4_msgs/lib:${LD_LIBRARY_PATH} PYTHONPATH=/home/abdosalm/Github_repos/SLAM-mapping-Robots/workspace/install/turtlebot4_navigation/local/lib/python3.10/dist-packages:/home/abdosalm/Github_repos/SLAM-mapping-Robots/workspace/install/turtlebot4_msgs/local/lib/python3.10/dist-packages:${PYTHONPATH} /usr/bin/cmake --install /home/abdosalm/Github_repos/SLAM-mapping-Robots/workspace/build/turtlebot4_ignition_bringup
[2.949s] -- Install configuration: ""
[2.950s] -- Installing: /home/abdosalm/Github_repos/SLAM-mapping-Robots/workspace/install/turtlebot4_ignition_bringup/share/turtlebot4_ignition_bringup/config
[2.950s] -- Installing: /home/abdosalm/Github_repos/SLAM-mapping-Robots/workspace/install/turtlebot4_ignition_bringup/share/turtlebot4_ignition_bringup/config/turtlebot4_node.yaml
[2.953s] -- Installing: /home/abdosalm/Github_repos/SLAM-mapping-Robots/workspace/install/turtlebot4_ignition_bringup/share/turtlebot4_ignition_bringup/gui
[2.953s] -- Installing: /home/abdosalm/Github_repos/SLAM-mapping-Robots/workspace/install/turtlebot4_ignition_bringup/share/turtlebot4_ignition_bringup/gui/standard
[2.954s] -- Installing: /home/abdosalm/Github_repos/SLAM-mapping-Robots/workspace/install/turtlebot4_ignition_bringup/share/turtlebot4_ignition_bringup/gui/standard/gui.config
[2.954s] -- Installing: /home/abdosalm/Github_repos/SLAM-mapping-Robots/workspace/install/turtlebot4_ignition_bringup/share/turtlebot4_ignition_bringup/gui/lite
[2.955s] -- Installing: /home/abdosalm/Github_repos/SLAM-mapping-Robots/workspace/install/turtlebot4_ignition_bringup/share/turtlebot4_ignition_bringup/gui/lite/gui.config
[2.955s] -- Installing: /home/abdosalm/Github_repos/SLAM-mapping-Robots/workspace/install/turtlebot4_ignition_bringup/share/turtlebot4_ignition_bringup/launch
[2.955s] -- Installing: /home/abdosalm/Github_repos/SLAM-mapping-Robots/workspace/install/turtlebot4_ignition_bringup/share/turtlebot4_ignition_bringup/launch/turtlebot4_spawn.launch.py
[2.956s] -- Installing: /home/abdosalm/Github_repos/SLAM-mapping-Robots/workspace/install/turtlebot4_ignition_bringup/share/turtlebot4_ignition_bringup/launch/ignition.launch.py
[2.956s] -- Installing: /home/abdosalm/Github_repos/SLAM-mapping-Robots/workspace/install/turtlebot4_ignition_bringup/share/turtlebot4_ignition_bringup/launch/turtlebot4_nodes.launch.py
[2.956s] -- Installing: /home/abdosalm/Github_repos/SLAM-mapping-Robots/workspace/install/turtlebot4_ignition_bringup/share/turtlebot4_ignition_bringup/launch/turtlebot4_ignition.launch.py
[2.957s] -- Installing: /home/abdosalm/Github_repos/SLAM-mapping-Robots/workspace/install/turtlebot4_ignition_bringup/share/turtlebot4_ignition_bringup/launch/ros_ign_bridge.launch.py
[2.957s] -- Installing: /home/abdosalm/Github_repos/SLAM-mapping-Robots/workspace/install/turtlebot4_ignition_bringup/share/turtlebot4_ignition_bringup/worlds
[2.957s] -- Installing: /home/abdosalm/Github_repos/SLAM-mapping-Robots/workspace/install/turtlebot4_ignition_bringup/share/turtlebot4_ignition_bringup/worlds/maze.sdf
[2.958s] -- Installing: /home/abdosalm/Github_repos/SLAM-mapping-Robots/workspace/install/turtlebot4_ignition_bringup/share/turtlebot4_ignition_bringup/worlds/depot.sdf
[2.958s] -- Installing: /home/abdosalm/Github_repos/SLAM-mapping-Robots/workspace/install/turtlebot4_ignition_bringup/share/turtlebot4_ignition_bringup/worlds/warehouse.sdf
[2.958s] -- Installing: /home/abdosalm/Github_repos/SLAM-mapping-Robots/workspace/install/turtlebot4_ignition_bringup/share/turtlebot4_ignition_bringup/worlds/turtlebot4_world.sdf
[2.959s] -- Installing: /home/abdosalm/Github_repos/SLAM-mapping-Robots/workspace/install/turtlebot4_ignition_bringup/share/ament_index/resource_index/package_run_dependencies/turtlebot4_ignition_bringup
[2.959s] -- Installing: /home/abdosalm/Github_repos/SLAM-mapping-Robots/workspace/install/turtlebot4_ignition_bringup/share/ament_index/resource_index/parent_prefix_path/turtlebot4_ignition_bringup
[2.959s] -- Installing: /home/abdosalm/Github_repos/SLAM-mapping-Robots/workspace/install/turtlebot4_ignition_bringup/share/turtlebot4_ignition_bringup/environment/ament_prefix_path.sh
[2.959s] -- Installing: /home/abdosalm/Github_repos/SLAM-mapping-Robots/workspace/install/turtlebot4_ignition_bringup/share/turtlebot4_ignition_bringup/environment/ament_prefix_path.dsv
[2.959s] -- Installing: /home/abdosalm/Github_repos/SLAM-mapping-Robots/workspace/install/turtlebot4_ignition_bringup/share/turtlebot4_ignition_bringup/environment/path.sh
[2.959s] -- Installing: /home/abdosalm/Github_repos/SLAM-mapping-Robots/workspace/install/turtlebot4_ignition_bringup/share/turtlebot4_ignition_bringup/environment/path.dsv
[2.959s] -- Installing: /home/abdosalm/Github_repos/SLAM-mapping-Robots/workspace/install/turtlebot4_ignition_bringup/share/turtlebot4_ignition_bringup/local_setup.bash
[2.959s] -- Installing: /home/abdosalm/Github_repos/SLAM-mapping-Robots/workspace/install/turtlebot4_ignition_bringup/share/turtlebot4_ignition_bringup/local_setup.sh
[2.959s] -- Installing: /home/abdosalm/Github_repos/SLAM-mapping-Robots/workspace/install/turtlebot4_ignition_bringup/share/turtlebot4_ignition_bringup/local_setup.zsh
[2.960s] -- Installing: /home/abdosalm/Github_repos/SLAM-mapping-Robots/workspace/install/turtlebot4_ignition_bringup/share/turtlebot4_ignition_bringup/local_setup.dsv
[2.960s] -- Installing: /home/abdosalm/Github_repos/SLAM-mapping-Robots/workspace/install/turtlebot4_ignition_bringup/share/turtlebot4_ignition_bringup/package.dsv
[2.960s] -- Installing: /home/abdosalm/Github_repos/SLAM-mapping-Robots/workspace/install/turtlebot4_ignition_bringup/share/ament_index/resource_index/packages/turtlebot4_ignition_bringup
[2.960s] -- Installing: /home/abdosalm/Github_repos/SLAM-mapping-Robots/workspace/install/turtlebot4_ignition_bringup/share/turtlebot4_ignition_bringup/cmake/turtlebot4_ignition_bringupConfig.cmake
[2.960s] -- Installing: /home/abdosalm/Github_repos/SLAM-mapping-Robots/workspace/install/turtlebot4_ignition_bringup/share/turtlebot4_ignition_bringup/cmake/turtlebot4_ignition_bringupConfig-version.cmake
[2.960s] -- Installing: /home/abdosalm/Github_repos/SLAM-mapping-Robots/workspace/install/turtlebot4_ignition_bringup/share/turtlebot4_ignition_bringup/package.xml
[2.961s] Invoked command in '/home/abdosalm/Github_repos/SLAM-mapping-Robots/workspace/build/turtlebot4_ignition_bringup' returned '0': AMENT_PREFIX_PATH=/home/abdosalm/Github_repos/SLAM-mapping-Robots/workspace/install/turtlebot4_node:/home/abdosalm/Github_repos/SLAM-mapping-Robots/workspace/install/turtlebot4_ignition_toolbox:/home/abdosalm/Github_repos/SLAM-mapping-Robots/workspace/install/turtlebot4_navigation:/home/abdosalm/Github_repos/SLAM-mapping-Robots/workspace/install/turtlebot4_msgs:/home/abdosalm/Github_repos/SLAM-mapping-Robots/workspace/install/turtlebot4_ignition_gui_plugins:/home/abdosalm/Github_repos/SLAM-mapping-Robots/workspace/install/turtlebot4_description:${AMENT_PREFIX_PATH} CMAKE_PREFIX_PATH=/home/abdosalm/Github_repos/SLAM-mapping-Robots/workspace/install/turtlebot4_node:/home/abdosalm/Github_repos/SLAM-mapping-Robots/workspace/install/turtlebot4_ignition_toolbox:/home/abdosalm/Github_repos/SLAM-mapping-Robots/workspace/install/turtlebot4_navigation:/home/abdosalm/Github_repos/SLAM-mapping-Robots/workspace/install/turtlebot4_msgs:/home/abdosalm/Github_repos/SLAM-mapping-Robots/workspace/install/turtlebot4_ignition_gui_plugins:/home/abdosalm/Github_repos/SLAM-mapping-Robots/workspace/install/turtlebot4_description:/opt/ros/humble LD_LIBRARY_PATH=/home/abdosalm/Github_repos/SLAM-mapping-Robots/workspace/install/turtlebot4_msgs/lib:${LD_LIBRARY_PATH} PYTHONPATH=/home/abdosalm/Github_repos/SLAM-mapping-Robots/workspace/install/turtlebot4_navigation/local/lib/python3.10/dist-packages:/home/abdosalm/Github_repos/SLAM-mapping-Robots/workspace/install/turtlebot4_msgs/local/lib/python3.10/dist-packages:${PYTHONPATH} /usr/bin/cmake --install /home/abdosalm/Github_repos/SLAM-mapping-Robots/workspace/build/turtlebot4_ignition_bringup
