[0.662s] Invoking command in '/home/abdosalm/Github_repos/SLAM-mapping-Robots/workspace/build/dynamixel_sdk': CMAKE_PREFIX_PATH=/opt/ros/humble /usr/bin/cmake /home/abdosalm/Github_repos/SLAM-mapping-Robots/workspace/src/turtlebot3/DynamixelSDK/dynamixel_sdk -DCMAKE_INSTALL_PREFIX=/home/abdosalm/Github_repos/SLAM-mapping-Robots/workspace/install/dynamixel_sdk
[1.123s] -- The C compiler identification is GNU 11.4.0
[1.123s] -- The CXX compiler identification is GNU 11.4.0
[1.123s] -- Detecting C compiler ABI info
[1.123s] -- Detecting C compiler ABI info - done
[1.124s] -- Check for working C compiler: /usr/bin/cc - skipped
[1.124s] -- Detecting C compile features
[1.124s] -- Detecting C compile features - done
[1.124s] -- Detecting CXX compiler ABI info
[1.124s] -- Detecting CXX compiler ABI info - done
[1.124s] -- Check for working CXX compiler: /usr/bin/c++ - skipped
[1.124s] -- Detecting CXX compile features
[1.124s] -- Detecting CXX compile features - done
[1.124s] -- Found ament_cmake: 1.3.5 (/opt/ros/humble/share/ament_cmake/cmake)
[1.234s] -- Found Python3: /usr/bin/python3.10 (found version "3.10.12") found components: Interpreter 
[1.462s] -- Configuring done
[1.468s] -- Generating done
[1.470s] -- Build files have been written to: /home/abdosalm/Github_repos/SLAM-mapping-Robots/workspace/build/dynamixel_sdk
[1.478s] Invoked command in '/home/abdosalm/Github_repos/SLAM-mapping-Robots/workspace/build/dynamixel_sdk' returned '0': CMAKE_PREFIX_PATH=/opt/ros/humble /usr/bin/cmake /home/abdosalm/Github_repos/SLAM-mapping-Robots/workspace/src/turtlebot3/DynamixelSDK/dynamixel_sdk -DCMAKE_INSTALL_PREFIX=/home/abdosalm/Github_repos/SLAM-mapping-Robots/workspace/install/dynamixel_sdk
[1.479s] Invoking command in '/home/abdosalm/Github_repos/SLAM-mapping-Robots/workspace/build/dynamixel_sdk': CMAKE_PREFIX_PATH=/opt/ros/humble /usr/bin/cmake --build /home/abdosalm/Github_repos/SLAM-mapping-Robots/workspace/build/dynamixel_sdk -- -j16 -l16
[1.606s] [ 10%] [32mBuilding CXX object CMakeFiles/dynamixel_sdk.dir/src/dynamixel_sdk/packet_handler.cpp.o[0m
[1.606s] [ 20%] [32mBuilding CXX object CMakeFiles/dynamixel_sdk.dir/src/dynamixel_sdk/protocol2_packet_handler.cpp.o[0m
[1.606s] [ 30%] [32mBuilding CXX object CMakeFiles/dynamixel_sdk.dir/src/dynamixel_sdk/protocol1_packet_handler.cpp.o[0m
[1.607s] [ 40%] [32mBuilding CXX object CMakeFiles/dynamixel_sdk.dir/src/dynamixel_sdk/group_sync_write.cpp.o[0m
[1.607s] [ 50%] [32mBuilding CXX object CMakeFiles/dynamixel_sdk.dir/src/dynamixel_sdk/group_sync_read.cpp.o[0m
[1.607s] [ 60%] [32mBuilding CXX object CMakeFiles/dynamixel_sdk.dir/src/dynamixel_sdk/group_bulk_read.cpp.o[0m
[1.607s] [ 70%] [32mBuilding CXX object CMakeFiles/dynamixel_sdk.dir/src/dynamixel_sdk/port_handler.cpp.o[0m
[1.613s] [ 80%] [32mBuilding CXX object CMakeFiles/dynamixel_sdk.dir/src/dynamixel_sdk/group_bulk_write.cpp.o[0m
[1.627s] [ 90%] [32mBuilding CXX object CMakeFiles/dynamixel_sdk.dir/src/dynamixel_sdk/port_handler_linux.cpp.o[0m
[2.234s] [100%] [32m[1mLinking CXX shared library libdynamixel_sdk.so[0m
[2.345s] [100%] Built target dynamixel_sdk
[2.569s] Invoked command in '/home/abdosalm/Github_repos/SLAM-mapping-Robots/workspace/build/dynamixel_sdk' returned '0': CMAKE_PREFIX_PATH=/opt/ros/humble /usr/bin/cmake --build /home/abdosalm/Github_repos/SLAM-mapping-Robots/workspace/build/dynamixel_sdk -- -j16 -l16
[3.040s] Invoking command in '/home/abdosalm/Github_repos/SLAM-mapping-Robots/workspace/build/dynamixel_sdk': CMAKE_PREFIX_PATH=/opt/ros/humble /usr/bin/cmake --install /home/abdosalm/Github_repos/SLAM-mapping-Robots/workspace/build/dynamixel_sdk
[3.157s] -- Install configuration: ""
[3.157s] -- Installing: /home/abdosalm/Github_repos/SLAM-mapping-Robots/workspace/install/dynamixel_sdk/include/
[3.158s] -- Installing: /home/abdosalm/Github_repos/SLAM-mapping-Robots/workspace/install/dynamixel_sdk/include//dynamixel_sdk
[3.158s] -- Installing: /home/abdosalm/Github_repos/SLAM-mapping-Robots/workspace/install/dynamixel_sdk/include//dynamixel_sdk/dynamixel_sdk.h
[3.159s] -- Installing: /home/abdosalm/Github_repos/SLAM-mapping-Robots/workspace/install/dynamixel_sdk/include//dynamixel_sdk/packet_handler.h
[3.159s] -- Installing: /home/abdosalm/Github_repos/SLAM-mapping-Robots/workspace/install/dynamixel_sdk/include//dynamixel_sdk/port_handler.h
[3.160s] -- Installing: /home/abdosalm/Github_repos/SLAM-mapping-Robots/workspace/install/dynamixel_sdk/include//dynamixel_sdk/port_handler_windows.h
[3.160s] -- Installing: /home/abdosalm/Github_repos/SLAM-mapping-Robots/workspace/install/dynamixel_sdk/include//dynamixel_sdk/group_sync_write.h
[3.160s] -- Installing: /home/abdosalm/Github_repos/SLAM-mapping-Robots/workspace/install/dynamixel_sdk/include//dynamixel_sdk/port_handler_arduino.h
[3.160s] -- Installing: /home/abdosalm/Github_repos/SLAM-mapping-Robots/workspace/install/dynamixel_sdk/include//dynamixel_sdk/group_bulk_write.h
[3.160s] -- Installing: /home/abdosalm/Github_repos/SLAM-mapping-Robots/workspace/install/dynamixel_sdk/include//dynamixel_sdk/port_handler_linux.h
[3.160s] -- Installing: /home/abdosalm/Github_repos/SLAM-mapping-Robots/workspace/install/dynamixel_sdk/include//dynamixel_sdk/port_handler_mac.h
[3.160s] -- Installing: /home/abdosalm/Github_repos/SLAM-mapping-Robots/workspace/install/dynamixel_sdk/include//dynamixel_sdk/group_bulk_read.h
[3.160s] -- Installing: /home/abdosalm/Github_repos/SLAM-mapping-Robots/workspace/install/dynamixel_sdk/include//dynamixel_sdk/protocol2_packet_handler.h
[3.160s] -- Installing: /home/abdosalm/Github_repos/SLAM-mapping-Robots/workspace/install/dynamixel_sdk/include//dynamixel_sdk/group_sync_read.h
[3.161s] -- Installing: /home/abdosalm/Github_repos/SLAM-mapping-Robots/workspace/install/dynamixel_sdk/include//dynamixel_sdk/protocol1_packet_handler.h
[3.161s] -- Installing: /home/abdosalm/Github_repos/SLAM-mapping-Robots/workspace/install/dynamixel_sdk/lib/libdynamixel_sdk.so
[3.161s] -- Installing: /home/abdosalm/Github_repos/SLAM-mapping-Robots/workspace/install/dynamixel_sdk/share/dynamixel_sdk/environment/library_path.sh
[3.161s] -- Installing: /home/abdosalm/Github_repos/SLAM-mapping-Robots/workspace/install/dynamixel_sdk/share/dynamixel_sdk/environment/library_path.dsv
[3.161s] -- Installing: /home/abdosalm/Github_repos/SLAM-mapping-Robots/workspace/install/dynamixel_sdk/share/ament_index/resource_index/package_run_dependencies/dynamixel_sdk
[3.161s] -- Installing: /home/abdosalm/Github_repos/SLAM-mapping-Robots/workspace/install/dynamixel_sdk/share/ament_index/resource_index/parent_prefix_path/dynamixel_sdk
[3.161s] -- Installing: /home/abdosalm/Github_repos/SLAM-mapping-Robots/workspace/install/dynamixel_sdk/share/dynamixel_sdk/environment/ament_prefix_path.sh
[3.161s] -- Installing: /home/abdosalm/Github_repos/SLAM-mapping-Robots/workspace/install/dynamixel_sdk/share/dynamixel_sdk/environment/ament_prefix_path.dsv
[3.161s] -- Installing: /home/abdosalm/Github_repos/SLAM-mapping-Robots/workspace/install/dynamixel_sdk/share/dynamixel_sdk/environment/path.sh
[3.161s] -- Installing: /home/abdosalm/Github_repos/SLAM-mapping-Robots/workspace/install/dynamixel_sdk/share/dynamixel_sdk/environment/path.dsv
[3.161s] -- Installing: /home/abdosalm/Github_repos/SLAM-mapping-Robots/workspace/install/dynamixel_sdk/share/dynamixel_sdk/local_setup.bash
[3.162s] -- Installing: /home/abdosalm/Github_repos/SLAM-mapping-Robots/workspace/install/dynamixel_sdk/share/dynamixel_sdk/local_setup.sh
[3.162s] -- Installing: /home/abdosalm/Github_repos/SLAM-mapping-Robots/workspace/install/dynamixel_sdk/share/dynamixel_sdk/local_setup.zsh
[3.162s] -- Installing: /home/abdosalm/Github_repos/SLAM-mapping-Robots/workspace/install/dynamixel_sdk/share/dynamixel_sdk/local_setup.dsv
[3.162s] -- Installing: /home/abdosalm/Github_repos/SLAM-mapping-Robots/workspace/install/dynamixel_sdk/share/dynamixel_sdk/package.dsv
[3.162s] -- Installing: /home/abdosalm/Github_repos/SLAM-mapping-Robots/workspace/install/dynamixel_sdk/share/ament_index/resource_index/packages/dynamixel_sdk
[3.162s] -- Installing: /home/abdosalm/Github_repos/SLAM-mapping-Robots/workspace/install/dynamixel_sdk/share/dynamixel_sdk/cmake/ament_cmake_export_include_directories-extras.cmake
[3.162s] -- Installing: /home/abdosalm/Github_repos/SLAM-mapping-Robots/workspace/install/dynamixel_sdk/share/dynamixel_sdk/cmake/ament_cmake_export_libraries-extras.cmake
[3.162s] -- Installing: /home/abdosalm/Github_repos/SLAM-mapping-Robots/workspace/install/dynamixel_sdk/share/dynamixel_sdk/cmake/dynamixel_sdkConfig.cmake
[3.162s] -- Installing: /home/abdosalm/Github_repos/SLAM-mapping-Robots/workspace/install/dynamixel_sdk/share/dynamixel_sdk/cmake/dynamixel_sdkConfig-version.cmake
[3.163s] -- Installing: /home/abdosalm/Github_repos/SLAM-mapping-Robots/workspace/install/dynamixel_sdk/share/dynamixel_sdk/package.xml
[3.180s] Invoked command in '/home/abdosalm/Github_repos/SLAM-mapping-Robots/workspace/build/dynamixel_sdk' returned '0': CMAKE_PREFIX_PATH=/opt/ros/humble /usr/bin/cmake --install /home/abdosalm/Github_repos/SLAM-mapping-Robots/workspace/build/dynamixel_sdk
