[0.062s] Invoking command in '/home/abdosalm/Github_repos/SLAM-mapping-Robots/workspace/build/slam_robots': CMAKE_PREFIX_PATH=/opt/ros/humble /usr/bin/cmake --build /home/abdosalm/Github_repos/SLAM-mapping-Robots/workspace/build/slam_robots -- -j16 -l16
[0.213s] [100%] Built target gazebo_middleware
[0.223s] Invoked command in '/home/abdosalm/Github_repos/SLAM-mapping-Robots/workspace/build/slam_robots' returned '0': CMAKE_PREFIX_PATH=/opt/ros/humble /usr/bin/cmake --build /home/abdosalm/Github_repos/SLAM-mapping-Robots/workspace/build/slam_robots -- -j16 -l16
[0.254s] Invoking command in '/home/abdosalm/Github_repos/SLAM-mapping-Robots/workspace/build/slam_robots': CMAKE_PREFIX_PATH=/opt/ros/humble /usr/bin/cmake --install /home/abdosalm/Github_repos/SLAM-mapping-Robots/workspace/build/slam_robots
[0.260s] -- Install configuration: ""
[0.260s] -- Execute custom install script
[0.261s] -- Up-to-date symlink: /home/abdosalm/Github_repos/SLAM-mapping-Robots/workspace/install/slam_robots/lib/slam_robots/gazebo_middleware
[0.262s] -- Up-to-date symlink: /home/abdosalm/Github_repos/SLAM-mapping-Robots/workspace/install/slam_robots/share/slam_robots/launch/launch_sim.launch.py
[0.262s] -- Up-to-date symlink: /home/abdosalm/Github_repos/SLAM-mapping-Robots/workspace/install/slam_robots/share/slam_robots/launch/robot_launch.launch.py
[0.262s] -- Up-to-date symlink: /home/abdosalm/Github_repos/SLAM-mapping-Robots/workspace/install/slam_robots/share/slam_robots/launch/slam_robots_main.launch.py
[0.262s] -- Up-to-date symlink: /home/abdosalm/Github_repos/SLAM-mapping-Robots/workspace/install/slam_robots/share/slam_robots/launch/slam_robots_main_trial.launch.py
[0.263s] -- Up-to-date symlink: /home/abdosalm/Github_repos/SLAM-mapping-Robots/workspace/install/slam_robots/share/slam_robots/launch/slam_robots_main_turtlebot4_trial.launch.py
[0.265s] -- Up-to-date symlink: /home/abdosalm/Github_repos/SLAM-mapping-Robots/workspace/install/slam_robots/share/slam_robots/worlds/models/freeCad design files/chair.FCStd
[0.265s] -- Up-to-date symlink: /home/abdosalm/Github_repos/SLAM-mapping-Robots/workspace/install/slam_robots/share/slam_robots/worlds/models/freeCad design files/chair.FCStd1
[0.266s] -- Up-to-date symlink: /home/abdosalm/Github_repos/SLAM-mapping-Robots/workspace/install/slam_robots/share/slam_robots/worlds/models/freeCad design files/computer_table.FCStd
[0.266s] -- Up-to-date symlink: /home/abdosalm/Github_repos/SLAM-mapping-Robots/workspace/install/slam_robots/share/slam_robots/worlds/models/freeCad design files/computer_table.FCStd1
[0.266s] -- Up-to-date symlink: /home/abdosalm/Github_repos/SLAM-mapping-Robots/workspace/install/slam_robots/share/slam_robots/worlds/models/freeCad design files/corridor.FCStd
[0.267s] -- Up-to-date symlink: /home/abdosalm/Github_repos/SLAM-mapping-Robots/workspace/install/slam_robots/share/slam_robots/worlds/models/freeCad design files/corridor.FCStd1
[0.267s] -- Up-to-date symlink: /home/abdosalm/Github_repos/SLAM-mapping-Robots/workspace/install/slam_robots/share/slam_robots/worlds/models/freeCad design files/lecture_theater_platform.FCStd
[0.269s] -- Up-to-date symlink: /home/abdosalm/Github_repos/SLAM-mapping-Robots/workspace/install/slam_robots/share/slam_robots/worlds/models/freeCad design files/lecture_theater_platform.FCStd1
[0.269s] -- Up-to-date symlink: /home/abdosalm/Github_repos/SLAM-mapping-Robots/workspace/install/slam_robots/share/slam_robots/worlds/models/freeCad design files/smart_board.FCStd
[0.269s] -- Up-to-date symlink: /home/abdosalm/Github_repos/SLAM-mapping-Robots/workspace/install/slam_robots/share/slam_robots/worlds/models/freeCad design files/smart_board.FCStd1
[0.269s] -- Up-to-date symlink: /home/abdosalm/Github_repos/SLAM-mapping-Robots/workspace/install/slam_robots/share/slam_robots/worlds/models/freeCad design files/stadium.FCStd
[0.270s] -- Up-to-date symlink: /home/abdosalm/Github_repos/SLAM-mapping-Robots/workspace/install/slam_robots/share/slam_robots/worlds/models/freeCad design files/stadium.FCStd1
[0.270s] -- Up-to-date symlink: /home/abdosalm/Github_repos/SLAM-mapping-Robots/workspace/install/slam_robots/share/slam_robots/worlds/models/freeCad design files/table.FCStd
[0.270s] -- Up-to-date symlink: /home/abdosalm/Github_repos/SLAM-mapping-Robots/workspace/install/slam_robots/share/slam_robots/worlds/models/freeCad design files/table.FCStd1
[0.271s] -- Up-to-date symlink: /home/abdosalm/Github_repos/SLAM-mapping-Robots/workspace/install/slam_robots/share/slam_robots/worlds/models/freeCad design files/wall.FCStd
[0.271s] -- Up-to-date symlink: /home/abdosalm/Github_repos/SLAM-mapping-Robots/workspace/install/slam_robots/share/slam_robots/worlds/models/freeCad design files/wall.FCStd1
[0.271s] -- Up-to-date symlink: /home/abdosalm/Github_repos/SLAM-mapping-Robots/workspace/install/slam_robots/share/slam_robots/worlds/models/freeCad design files/wall_with_window.FCStd
[0.272s] -- Up-to-date symlink: /home/abdosalm/Github_repos/SLAM-mapping-Robots/workspace/install/slam_robots/share/slam_robots/worlds/models/freeCad design files/wall_with_window.FCStd1
[0.272s] -- Up-to-date symlink: /home/abdosalm/Github_repos/SLAM-mapping-Robots/workspace/install/slam_robots/share/slam_robots/worlds/models/freeCad_dae/chair.dae
[0.272s] -- Up-to-date symlink: /home/abdosalm/Github_repos/SLAM-mapping-Robots/workspace/install/slam_robots/share/slam_robots/worlds/models/freeCad_dae/chair.sdf
[0.272s] -- Up-to-date symlink: /home/abdosalm/Github_repos/SLAM-mapping-Robots/workspace/install/slam_robots/share/slam_robots/worlds/models/freeCad_dae/computer_table.dae
[0.273s] -- Up-to-date symlink: /home/abdosalm/Github_repos/SLAM-mapping-Robots/workspace/install/slam_robots/share/slam_robots/worlds/models/freeCad_dae/computer_table.sdf
[0.273s] -- Up-to-date symlink: /home/abdosalm/Github_repos/SLAM-mapping-Robots/workspace/install/slam_robots/share/slam_robots/worlds/models/freeCad_dae/corridor.dae
[0.274s] -- Up-to-date symlink: /home/abdosalm/Github_repos/SLAM-mapping-Robots/workspace/install/slam_robots/share/slam_robots/worlds/models/freeCad_dae/corridor.sdf
[0.274s] -- Up-to-date symlink: /home/abdosalm/Github_repos/SLAM-mapping-Robots/workspace/install/slam_robots/share/slam_robots/worlds/models/freeCad_dae/lecture_theater_platform.dae
[0.274s] -- Up-to-date symlink: /home/abdosalm/Github_repos/SLAM-mapping-Robots/workspace/install/slam_robots/share/slam_robots/worlds/models/freeCad_dae/lecture_theater_platform.sdf
[0.275s] -- Up-to-date symlink: /home/abdosalm/Github_repos/SLAM-mapping-Robots/workspace/install/slam_robots/share/slam_robots/worlds/models/freeCad_dae/smart_board.dae
[0.275s] -- Up-to-date symlink: /home/abdosalm/Github_repos/SLAM-mapping-Robots/workspace/install/slam_robots/share/slam_robots/worlds/models/freeCad_dae/smart_board.sdf
[0.275s] -- Up-to-date symlink: /home/abdosalm/Github_repos/SLAM-mapping-Robots/workspace/install/slam_robots/share/slam_robots/worlds/models/freeCad_dae/stadium.dae
[0.275s] -- Up-to-date symlink: /home/abdosalm/Github_repos/SLAM-mapping-Robots/workspace/install/slam_robots/share/slam_robots/worlds/models/freeCad_dae/stadium.sdf
[0.276s] -- Up-to-date symlink: /home/abdosalm/Github_repos/SLAM-mapping-Robots/workspace/install/slam_robots/share/slam_robots/worlds/models/freeCad_dae/table.dae
[0.276s] -- Up-to-date symlink: /home/abdosalm/Github_repos/SLAM-mapping-Robots/workspace/install/slam_robots/share/slam_robots/worlds/models/freeCad_dae/table.sdf
[0.277s] -- Up-to-date symlink: /home/abdosalm/Github_repos/SLAM-mapping-Robots/workspace/install/slam_robots/share/slam_robots/worlds/models/freeCad_dae/wall.dae
[0.277s] -- Up-to-date symlink: /home/abdosalm/Github_repos/SLAM-mapping-Robots/workspace/install/slam_robots/share/slam_robots/worlds/models/freeCad_dae/wall.sdf
[0.277s] -- Up-to-date symlink: /home/abdosalm/Github_repos/SLAM-mapping-Robots/workspace/install/slam_robots/share/slam_robots/worlds/models/freeCad_dae/wall_with_window.dae
[0.277s] -- Up-to-date symlink: /home/abdosalm/Github_repos/SLAM-mapping-Robots/workspace/install/slam_robots/share/slam_robots/worlds/models/freeCad_dae/wall_with_window.sdf
[0.278s] -- Up-to-date symlink: /home/abdosalm/Github_repos/SLAM-mapping-Robots/workspace/install/slam_robots/share/slam_robots/worlds/models/fuel_models/Casual_female/materials/textures/brown_eye.png
[0.278s] -- Up-to-date symlink: /home/abdosalm/Github_repos/SLAM-mapping-Robots/workspace/install/slam_robots/share/slam_robots/worlds/models/fuel_models/Casual_female/materials/textures/casual_female.png
[0.278s] -- Up-to-date symlink: /home/abdosalm/Github_repos/SLAM-mapping-Robots/workspace/install/slam_robots/share/slam_robots/worlds/models/fuel_models/Casual_female/materials/textures/eyebrow002.png
[0.279s] -- Up-to-date symlink: /home/abdosalm/Github_repos/SLAM-mapping-Robots/workspace/install/slam_robots/share/slam_robots/worlds/models/fuel_models/Casual_female/materials/textures/eyelashes01.png
[0.279s] -- Up-to-date symlink: /home/abdosalm/Github_repos/SLAM-mapping-Robots/workspace/install/slam_robots/share/slam_robots/worlds/models/fuel_models/Casual_female/materials/textures/female_casualsuit01_diffuse.png
[0.279s] -- Up-to-date symlink: /home/abdosalm/Github_repos/SLAM-mapping-Robots/workspace/install/slam_robots/share/slam_robots/worlds/models/fuel_models/Casual_female/materials/textures/female_casualsuit01_normal.png
[0.280s] -- Up-to-date symlink: /home/abdosalm/Github_repos/SLAM-mapping-Robots/workspace/install/slam_robots/share/slam_robots/worlds/models/fuel_models/Casual_female/materials/textures/female_casualsuit02_diffuse.png
[0.280s] -- Up-to-date symlink: /home/abdosalm/Github_repos/SLAM-mapping-Robots/workspace/install/slam_robots/share/slam_robots/worlds/models/fuel_models/Casual_female/materials/textures/female_casualsuit02_normal.png
[0.280s] -- Up-to-date symlink: /home/abdosalm/Github_repos/SLAM-mapping-Robots/workspace/install/slam_robots/share/slam_robots/worlds/models/fuel_models/Casual_female/materials/textures/ponytail01_diffuse.png
[0.281s] -- Up-to-date symlink: /home/abdosalm/Github_repos/SLAM-mapping-Robots/workspace/install/slam_robots/share/slam_robots/worlds/models/fuel_models/Casual_female/materials/textures/shoes05_diffuse.png
[0.281s] -- Up-to-date symlink: /home/abdosalm/Github_repos/SLAM-mapping-Robots/workspace/install/slam_robots/share/slam_robots/worlds/models/fuel_models/Casual_female/materials/textures/tongue01_diffuse.png
[0.282s] -- Up-to-date symlink: /home/abdosalm/Github_repos/SLAM-mapping-Robots/workspace/install/slam_robots/share/slam_robots/worlds/models/fuel_models/Casual_female/materials/textures/young_lightskinned_female_diffuse.png
[0.282s] -- Up-to-date symlink: /home/abdosalm/Github_repos/SLAM-mapping-Robots/workspace/install/slam_robots/share/slam_robots/worlds/models/fuel_models/Casual_female/meshes/casual_female.dae
[0.282s] -- Up-to-date symlink: /home/abdosalm/Github_repos/SLAM-mapping-Robots/workspace/install/slam_robots/share/slam_robots/worlds/models/fuel_models/Casual_female/model.config
[0.283s] -- Up-to-date symlink: /home/abdosalm/Github_repos/SLAM-mapping-Robots/workspace/install/slam_robots/share/slam_robots/worlds/models/fuel_models/Casual_female/model.sdf
[0.283s] -- Up-to-date symlink: /home/abdosalm/Github_repos/SLAM-mapping-Robots/workspace/install/slam_robots/share/slam_robots/worlds/models/fuel_models/Casual_female/thumbnails/1.png
[0.283s] -- Up-to-date symlink: /home/abdosalm/Github_repos/SLAM-mapping-Robots/workspace/install/slam_robots/share/slam_robots/worlds/models/fuel_models/Casual_female/thumbnails/2.png
[0.284s] -- Up-to-date symlink: /home/abdosalm/Github_repos/SLAM-mapping-Robots/workspace/install/slam_robots/share/slam_robots/worlds/models/fuel_models/Casual_female/thumbnails/3.png
[0.284s] -- Up-to-date symlink: /home/abdosalm/Github_repos/SLAM-mapping-Robots/workspace/install/slam_robots/share/slam_robots/worlds/models/fuel_models/Casual_female/thumbnails/4.png
[0.284s] -- Up-to-date symlink: /home/abdosalm/Github_repos/SLAM-mapping-Robots/workspace/install/slam_robots/share/slam_robots/worlds/models/fuel_models/Casual_female/thumbnails/5.png
[0.285s] -- Up-to-date symlink: /home/abdosalm/Github_repos/SLAM-mapping-Robots/workspace/install/slam_robots/share/slam_robots/worlds/models/fuel_models/Standing_person/materials/textures/eyebrow001-unmodified.png
[0.285s] -- Up-to-date symlink: /home/abdosalm/Github_repos/SLAM-mapping-Robots/workspace/install/slam_robots/share/slam_robots/worlds/models/fuel_models/Standing_person/materials/textures/eyebrow001.png
[0.285s] -- Up-to-date symlink: /home/abdosalm/Github_repos/SLAM-mapping-Robots/workspace/install/slam_robots/share/slam_robots/worlds/models/fuel_models/Standing_person/materials/textures/green_eye.png
[0.286s] -- Up-to-date symlink: /home/abdosalm/Github_repos/SLAM-mapping-Robots/workspace/install/slam_robots/share/slam_robots/worlds/models/fuel_models/Standing_person/materials/textures/jeans01_normals.png
[0.286s] -- Up-to-date symlink: /home/abdosalm/Github_repos/SLAM-mapping-Robots/workspace/install/slam_robots/share/slam_robots/worlds/models/fuel_models/Standing_person/materials/textures/jeans_basic_diffuse.png
[0.286s] -- Up-to-date symlink: /home/abdosalm/Github_repos/SLAM-mapping-Robots/workspace/install/slam_robots/share/slam_robots/worlds/models/fuel_models/Standing_person/materials/textures/male02_diffuse_black-unmodified.png
[0.287s] -- Up-to-date symlink: /home/abdosalm/Github_repos/SLAM-mapping-Robots/workspace/install/slam_robots/share/slam_robots/worlds/models/fuel_models/Standing_person/materials/textures/male02_diffuse_black.png
[0.287s] -- Up-to-date symlink: /home/abdosalm/Github_repos/SLAM-mapping-Robots/workspace/install/slam_robots/share/slam_robots/worlds/models/fuel_models/Standing_person/materials/textures/teeth.png
[0.287s] -- Up-to-date symlink: /home/abdosalm/Github_repos/SLAM-mapping-Robots/workspace/install/slam_robots/share/slam_robots/worlds/models/fuel_models/Standing_person/materials/textures/tshirt02_normals.png
[0.288s] -- Up-to-date symlink: /home/abdosalm/Github_repos/SLAM-mapping-Robots/workspace/install/slam_robots/share/slam_robots/worlds/models/fuel_models/Standing_person/materials/textures/tshirt02_texture.png
[0.288s] -- Up-to-date symlink: /home/abdosalm/Github_repos/SLAM-mapping-Robots/workspace/install/slam_robots/share/slam_robots/worlds/models/fuel_models/Standing_person/materials/textures/young_lightskinned_male_diffuse.png
[0.288s] -- Up-to-date symlink: /home/abdosalm/Github_repos/SLAM-mapping-Robots/workspace/install/slam_robots/share/slam_robots/worlds/models/fuel_models/Standing_person/meshes/standing.dae
[0.289s] -- Up-to-date symlink: /home/abdosalm/Github_repos/SLAM-mapping-Robots/workspace/install/slam_robots/share/slam_robots/worlds/models/fuel_models/Standing_person/model.config
[0.289s] -- Up-to-date symlink: /home/abdosalm/Github_repos/SLAM-mapping-Robots/workspace/install/slam_robots/share/slam_robots/worlds/models/fuel_models/Standing_person/model.sdf
[0.289s] -- Up-to-date symlink: /home/abdosalm/Github_repos/SLAM-mapping-Robots/workspace/install/slam_robots/share/slam_robots/worlds/models/fuel_models/Standing_person/thumbnails/1.png
[0.290s] -- Up-to-date symlink: /home/abdosalm/Github_repos/SLAM-mapping-Robots/workspace/install/slam_robots/share/slam_robots/worlds/models/fuel_models/Standing_person/thumbnails/2.png
[0.290s] -- Up-to-date symlink: /home/abdosalm/Github_repos/SLAM-mapping-Robots/workspace/install/slam_robots/share/slam_robots/worlds/models/fuel_models/Standing_person/thumbnails/3.png
[0.290s] -- Up-to-date symlink: /home/abdosalm/Github_repos/SLAM-mapping-Robots/workspace/install/slam_robots/share/slam_robots/worlds/models/fuel_models/Standing_person/thumbnails/4.png
[0.291s] -- Up-to-date symlink: /home/abdosalm/Github_repos/SLAM-mapping-Robots/workspace/install/slam_robots/share/slam_robots/worlds/models/fuel_models/Standing_person/thumbnails/5.png
[0.291s] -- Up-to-date symlink: /home/abdosalm/Github_repos/SLAM-mapping-Robots/workspace/install/slam_robots/share/slam_robots/worlds/models/fuel_models/Walking_person/materials/textures/eyebrow001-unmodified.png
[0.291s] -- Up-to-date symlink: /home/abdosalm/Github_repos/SLAM-mapping-Robots/workspace/install/slam_robots/share/slam_robots/worlds/models/fuel_models/Walking_person/materials/textures/eyebrow001.png
[0.292s] -- Up-to-date symlink: /home/abdosalm/Github_repos/SLAM-mapping-Robots/workspace/install/slam_robots/share/slam_robots/worlds/models/fuel_models/Walking_person/materials/textures/green_eye.png
[0.293s] -- Up-to-date symlink: /home/abdosalm/Github_repos/SLAM-mapping-Robots/workspace/install/slam_robots/share/slam_robots/worlds/models/fuel_models/Walking_person/materials/textures/jeans01_normals.png
[0.293s] -- Up-to-date symlink: /home/abdosalm/Github_repos/SLAM-mapping-Robots/workspace/install/slam_robots/share/slam_robots/worlds/models/fuel_models/Walking_person/materials/textures/jeans_basic_diffuse.png
[0.293s] -- Up-to-date symlink: /home/abdosalm/Github_repos/SLAM-mapping-Robots/workspace/install/slam_robots/share/slam_robots/worlds/models/fuel_models/Walking_person/materials/textures/male02_diffuse_black-unmodified.png
[0.294s] -- Up-to-date symlink: /home/abdosalm/Github_repos/SLAM-mapping-Robots/workspace/install/slam_robots/share/slam_robots/worlds/models/fuel_models/Walking_person/materials/textures/male02_diffuse_black.png
[0.294s] -- Up-to-date symlink: /home/abdosalm/Github_repos/SLAM-mapping-Robots/workspace/install/slam_robots/share/slam_robots/worlds/models/fuel_models/Walking_person/materials/textures/teeth.png
[0.294s] -- Up-to-date symlink: /home/abdosalm/Github_repos/SLAM-mapping-Robots/workspace/install/slam_robots/share/slam_robots/worlds/models/fuel_models/Walking_person/materials/textures/tshirt02_normals.png
[0.295s] -- Up-to-date symlink: /home/abdosalm/Github_repos/SLAM-mapping-Robots/workspace/install/slam_robots/share/slam_robots/worlds/models/fuel_models/Walking_person/materials/textures/tshirt02_texture.png
[0.295s] -- Up-to-date symlink: /home/abdosalm/Github_repos/SLAM-mapping-Robots/workspace/install/slam_robots/share/slam_robots/worlds/models/fuel_models/Walking_person/materials/textures/young_lightskinned_male_diffuse.png
[0.295s] -- Up-to-date symlink: /home/abdosalm/Github_repos/SLAM-mapping-Robots/workspace/install/slam_robots/share/slam_robots/worlds/models/fuel_models/Walking_person/meshes/walking.dae
[0.295s] -- Up-to-date symlink: /home/abdosalm/Github_repos/SLAM-mapping-Robots/workspace/install/slam_robots/share/slam_robots/worlds/models/fuel_models/Walking_person/model.config
[0.296s] -- Up-to-date symlink: /home/abdosalm/Github_repos/SLAM-mapping-Robots/workspace/install/slam_robots/share/slam_robots/worlds/models/fuel_models/Walking_person/model.sdf
[0.296s] -- Up-to-date symlink: /home/abdosalm/Github_repos/SLAM-mapping-Robots/workspace/install/slam_robots/share/slam_robots/worlds/models/fuel_models/Walking_person/thumbnails/1.png
[0.296s] -- Up-to-date symlink: /home/abdosalm/Github_repos/SLAM-mapping-Robots/workspace/install/slam_robots/share/slam_robots/worlds/models/fuel_models/Walking_person/thumbnails/2.png
[0.297s] -- Up-to-date symlink: /home/abdosalm/Github_repos/SLAM-mapping-Robots/workspace/install/slam_robots/share/slam_robots/worlds/models/fuel_models/Walking_person/thumbnails/3.png
[0.297s] -- Up-to-date symlink: /home/abdosalm/Github_repos/SLAM-mapping-Robots/workspace/install/slam_robots/share/slam_robots/worlds/models/fuel_models/Walking_person/thumbnails/4.png
[0.297s] -- Up-to-date symlink: /home/abdosalm/Github_repos/SLAM-mapping-Robots/workspace/install/slam_robots/share/slam_robots/worlds/models/fuel_models/Walking_person/thumbnails/5.png
[0.298s] -- Up-to-date symlink: /home/abdosalm/Github_repos/SLAM-mapping-Robots/workspace/install/slam_robots/share/slam_robots/worlds/models/robots/robot1.sdf
[0.298s] -- Up-to-date symlink: /home/abdosalm/Github_repos/SLAM-mapping-Robots/workspace/install/slam_robots/share/slam_robots/worlds/models/robots/robot10.sdf
[0.299s] -- Up-to-date symlink: /home/abdosalm/Github_repos/SLAM-mapping-Robots/workspace/install/slam_robots/share/slam_robots/worlds/models/robots/robot2.sdf
[0.299s] -- Up-to-date symlink: /home/abdosalm/Github_repos/SLAM-mapping-Robots/workspace/install/slam_robots/share/slam_robots/worlds/models/robots/robot3.sdf
[0.299s] -- Up-to-date symlink: /home/abdosalm/Github_repos/SLAM-mapping-Robots/workspace/install/slam_robots/share/slam_robots/worlds/models/robots/robot4.sdf
[0.299s] -- Up-to-date symlink: /home/abdosalm/Github_repos/SLAM-mapping-Robots/workspace/install/slam_robots/share/slam_robots/worlds/models/robots/robot5.sdf
[0.300s] -- Up-to-date symlink: /home/abdosalm/Github_repos/SLAM-mapping-Robots/workspace/install/slam_robots/share/slam_robots/worlds/models/robots/robot6.sdf
[0.300s] -- Up-to-date symlink: /home/abdosalm/Github_repos/SLAM-mapping-Robots/workspace/install/slam_robots/share/slam_robots/worlds/models/robots/robot7.sdf
[0.300s] -- Up-to-date symlink: /home/abdosalm/Github_repos/SLAM-mapping-Robots/workspace/install/slam_robots/share/slam_robots/worlds/models/robots/robot8.sdf
[0.301s] -- Up-to-date symlink: /home/abdosalm/Github_repos/SLAM-mapping-Robots/workspace/install/slam_robots/share/slam_robots/worlds/models/robots/robot9.sdf
[0.301s] -- Up-to-date symlink: /home/abdosalm/Github_repos/SLAM-mapping-Robots/workspace/install/slam_robots/share/slam_robots/worlds/models/sub_worlds/first_year.sdf
[0.301s] -- Up-to-date symlink: /home/abdosalm/Github_repos/SLAM-mapping-Robots/workspace/install/slam_robots/share/slam_robots/worlds/models/sub_worlds/fourth_year.sdf
[0.302s] -- Up-to-date symlink: /home/abdosalm/Github_repos/SLAM-mapping-Robots/workspace/install/slam_robots/share/slam_robots/worlds/models/sub_worlds/lab1.sdf
[0.302s] -- Up-to-date symlink: /home/abdosalm/Github_repos/SLAM-mapping-Robots/workspace/install/slam_robots/share/slam_robots/worlds/models/sub_worlds/lab2.sdf
[0.302s] -- Up-to-date symlink: /home/abdosalm/Github_repos/SLAM-mapping-Robots/workspace/install/slam_robots/share/slam_robots/worlds/models/sub_worlds/lab3.sdf
[0.303s] -- Up-to-date symlink: /home/abdosalm/Github_repos/SLAM-mapping-Robots/workspace/install/slam_robots/share/slam_robots/worlds/models/sub_worlds/lab4.sdf
[0.303s] -- Up-to-date symlink: /home/abdosalm/Github_repos/SLAM-mapping-Robots/workspace/install/slam_robots/share/slam_robots/worlds/models/sub_worlds/library.sdf
[0.303s] -- Up-to-date symlink: /home/abdosalm/Github_repos/SLAM-mapping-Robots/workspace/install/slam_robots/share/slam_robots/worlds/models/sub_worlds/maincorridor.sdf
[0.303s] -- Up-to-date symlink: /home/abdosalm/Github_repos/SLAM-mapping-Robots/workspace/install/slam_robots/share/slam_robots/worlds/models/sub_worlds/robots.sdf
[0.304s] -- Up-to-date symlink: /home/abdosalm/Github_repos/SLAM-mapping-Robots/workspace/install/slam_robots/share/slam_robots/worlds/models/sub_worlds/second_year.sdf
[0.304s] -- Up-to-date symlink: /home/abdosalm/Github_repos/SLAM-mapping-Robots/workspace/install/slam_robots/share/slam_robots/worlds/models/sub_worlds/third_year.sdf
[0.304s] -- Up-to-date symlink: /home/abdosalm/Github_repos/SLAM-mapping-Robots/workspace/install/slam_robots/share/slam_robots/worlds/models_classic/basic_models/chair/chair.dae
[0.305s] -- Up-to-date symlink: /home/abdosalm/Github_repos/SLAM-mapping-Robots/workspace/install/slam_robots/share/slam_robots/worlds/models_classic/basic_models/chair/model.config
[0.305s] -- Up-to-date symlink: /home/abdosalm/Github_repos/SLAM-mapping-Robots/workspace/install/slam_robots/share/slam_robots/worlds/models_classic/basic_models/chair/model.sdf
[0.305s] -- Up-to-date symlink: /home/abdosalm/Github_repos/SLAM-mapping-Robots/workspace/install/slam_robots/share/slam_robots/worlds/models_classic/basic_models/computer_table/computer_table.dae
[0.306s] -- Up-to-date symlink: /home/abdosalm/Github_repos/SLAM-mapping-Robots/workspace/install/slam_robots/share/slam_robots/worlds/models_classic/basic_models/computer_table/model.config
[0.306s] -- Up-to-date symlink: /home/abdosalm/Github_repos/SLAM-mapping-Robots/workspace/install/slam_robots/share/slam_robots/worlds/models_classic/basic_models/computer_table/model.sdf
[0.306s] -- Up-to-date symlink: /home/abdosalm/Github_repos/SLAM-mapping-Robots/workspace/install/slam_robots/share/slam_robots/worlds/models_classic/basic_models/corridor/corridor.dae
[0.307s] -- Up-to-date symlink: /home/abdosalm/Github_repos/SLAM-mapping-Robots/workspace/install/slam_robots/share/slam_robots/worlds/models_classic/basic_models/corridor/model.config
[0.307s] -- Up-to-date symlink: /home/abdosalm/Github_repos/SLAM-mapping-Robots/workspace/install/slam_robots/share/slam_robots/worlds/models_classic/basic_models/corridor/model.sdf
[0.307s] -- Up-to-date symlink: /home/abdosalm/Github_repos/SLAM-mapping-Robots/workspace/install/slam_robots/share/slam_robots/worlds/models_classic/basic_models/lecture_theater_platform/lecture_theater_platform.dae
[0.307s] -- Up-to-date symlink: /home/abdosalm/Github_repos/SLAM-mapping-Robots/workspace/install/slam_robots/share/slam_robots/worlds/models_classic/basic_models/lecture_theater_platform/model.config
[0.308s] -- Up-to-date symlink: /home/abdosalm/Github_repos/SLAM-mapping-Robots/workspace/install/slam_robots/share/slam_robots/worlds/models_classic/basic_models/lecture_theater_platform/model.sdf
[0.308s] -- Up-to-date symlink: /home/abdosalm/Github_repos/SLAM-mapping-Robots/workspace/install/slam_robots/share/slam_robots/worlds/models_classic/basic_models/smart_board/model.config
[0.309s] -- Up-to-date symlink: /home/abdosalm/Github_repos/SLAM-mapping-Robots/workspace/install/slam_robots/share/slam_robots/worlds/models_classic/basic_models/smart_board/model.sdf
[0.309s] -- Up-to-date symlink: /home/abdosalm/Github_repos/SLAM-mapping-Robots/workspace/install/slam_robots/share/slam_robots/worlds/models_classic/basic_models/smart_board/smart_board.dae
[0.309s] -- Up-to-date symlink: /home/abdosalm/Github_repos/SLAM-mapping-Robots/workspace/install/slam_robots/share/slam_robots/worlds/models_classic/basic_models/stadium/model.config
[0.310s] -- Up-to-date symlink: /home/abdosalm/Github_repos/SLAM-mapping-Robots/workspace/install/slam_robots/share/slam_robots/worlds/models_classic/basic_models/stadium/model.sdf
[0.310s] -- Up-to-date symlink: /home/abdosalm/Github_repos/SLAM-mapping-Robots/workspace/install/slam_robots/share/slam_robots/worlds/models_classic/basic_models/stadium/stadium.dae
[0.310s] -- Up-to-date symlink: /home/abdosalm/Github_repos/SLAM-mapping-Robots/workspace/install/slam_robots/share/slam_robots/worlds/models_classic/basic_models/table/model.config
[0.310s] -- Up-to-date symlink: /home/abdosalm/Github_repos/SLAM-mapping-Robots/workspace/install/slam_robots/share/slam_robots/worlds/models_classic/basic_models/table/model.sdf
[0.311s] -- Up-to-date symlink: /home/abdosalm/Github_repos/SLAM-mapping-Robots/workspace/install/slam_robots/share/slam_robots/worlds/models_classic/basic_models/table/table.dae
[0.311s] -- Up-to-date symlink: /home/abdosalm/Github_repos/SLAM-mapping-Robots/workspace/install/slam_robots/share/slam_robots/worlds/models_classic/basic_models/wall/model.config
[0.311s] -- Up-to-date symlink: /home/abdosalm/Github_repos/SLAM-mapping-Robots/workspace/install/slam_robots/share/slam_robots/worlds/models_classic/basic_models/wall/model.sdf
[0.312s] -- Up-to-date symlink: /home/abdosalm/Github_repos/SLAM-mapping-Robots/workspace/install/slam_robots/share/slam_robots/worlds/models_classic/basic_models/wall/wall.dae
[0.312s] -- Up-to-date symlink: /home/abdosalm/Github_repos/SLAM-mapping-Robots/workspace/install/slam_robots/share/slam_robots/worlds/models_classic/basic_models/wall_with_window/model.config
[0.312s] -- Up-to-date symlink: /home/abdosalm/Github_repos/SLAM-mapping-Robots/workspace/install/slam_robots/share/slam_robots/worlds/models_classic/basic_models/wall_with_window/model.sdf
[0.313s] -- Up-to-date symlink: /home/abdosalm/Github_repos/SLAM-mapping-Robots/workspace/install/slam_robots/share/slam_robots/worlds/models_classic/basic_models/wall_with_window/wall_with_window.dae
[0.313s] -- Up-to-date symlink: /home/abdosalm/Github_repos/SLAM-mapping-Robots/workspace/install/slam_robots/share/slam_robots/worlds/models_classic/freeCad design files/chair.FCStd
[0.313s] -- Up-to-date symlink: /home/abdosalm/Github_repos/SLAM-mapping-Robots/workspace/install/slam_robots/share/slam_robots/worlds/models_classic/freeCad design files/chair.FCStd1
[0.314s] -- Up-to-date symlink: /home/abdosalm/Github_repos/SLAM-mapping-Robots/workspace/install/slam_robots/share/slam_robots/worlds/models_classic/freeCad design files/computer_table.FCStd
[0.314s] -- Up-to-date symlink: /home/abdosalm/Github_repos/SLAM-mapping-Robots/workspace/install/slam_robots/share/slam_robots/worlds/models_classic/freeCad design files/computer_table.FCStd1
[0.314s] -- Up-to-date symlink: /home/abdosalm/Github_repos/SLAM-mapping-Robots/workspace/install/slam_robots/share/slam_robots/worlds/models_classic/freeCad design files/corridor.FCStd
[0.314s] -- Up-to-date symlink: /home/abdosalm/Github_repos/SLAM-mapping-Robots/workspace/install/slam_robots/share/slam_robots/worlds/models_classic/freeCad design files/corridor.FCStd1
[0.315s] -- Up-to-date symlink: /home/abdosalm/Github_repos/SLAM-mapping-Robots/workspace/install/slam_robots/share/slam_robots/worlds/models_classic/freeCad design files/lecture_theater_platform.FCStd
[0.315s] -- Up-to-date symlink: /home/abdosalm/Github_repos/SLAM-mapping-Robots/workspace/install/slam_robots/share/slam_robots/worlds/models_classic/freeCad design files/lecture_theater_platform.FCStd1
[0.315s] -- Up-to-date symlink: /home/abdosalm/Github_repos/SLAM-mapping-Robots/workspace/install/slam_robots/share/slam_robots/worlds/models_classic/freeCad design files/smart_board.FCStd
[0.317s] -- Up-to-date symlink: /home/abdosalm/Github_repos/SLAM-mapping-Robots/workspace/install/slam_robots/share/slam_robots/worlds/models_classic/freeCad design files/smart_board.FCStd1
[0.317s] -- Up-to-date symlink: /home/abdosalm/Github_repos/SLAM-mapping-Robots/workspace/install/slam_robots/share/slam_robots/worlds/models_classic/freeCad design files/stadium.FCStd
[0.317s] -- Up-to-date symlink: /home/abdosalm/Github_repos/SLAM-mapping-Robots/workspace/install/slam_robots/share/slam_robots/worlds/models_classic/freeCad design files/stadium.FCStd1
[0.318s] -- Up-to-date symlink: /home/abdosalm/Github_repos/SLAM-mapping-Robots/workspace/install/slam_robots/share/slam_robots/worlds/models_classic/freeCad design files/table.FCStd
[0.318s] -- Up-to-date symlink: /home/abdosalm/Github_repos/SLAM-mapping-Robots/workspace/install/slam_robots/share/slam_robots/worlds/models_classic/freeCad design files/table.FCStd1
[0.318s] -- Up-to-date symlink: /home/abdosalm/Github_repos/SLAM-mapping-Robots/workspace/install/slam_robots/share/slam_robots/worlds/models_classic/freeCad design files/wall.FCStd
[0.319s] -- Up-to-date symlink: /home/abdosalm/Github_repos/SLAM-mapping-Robots/workspace/install/slam_robots/share/slam_robots/worlds/models_classic/freeCad design files/wall.FCStd1
[0.319s] -- Up-to-date symlink: /home/abdosalm/Github_repos/SLAM-mapping-Robots/workspace/install/slam_robots/share/slam_robots/worlds/models_classic/freeCad design files/wall_with_window.FCStd
[0.319s] -- Up-to-date symlink: /home/abdosalm/Github_repos/SLAM-mapping-Robots/workspace/install/slam_robots/share/slam_robots/worlds/models_classic/freeCad design files/wall_with_window.FCStd1
[0.319s] -- Up-to-date symlink: /home/abdosalm/Github_repos/SLAM-mapping-Robots/workspace/install/slam_robots/share/slam_robots/worlds/models_classic/fuel_models/Casual_female/materials/textures/brown_eye.png
[0.320s] -- Up-to-date symlink: /home/abdosalm/Github_repos/SLAM-mapping-Robots/workspace/install/slam_robots/share/slam_robots/worlds/models_classic/fuel_models/Casual_female/materials/textures/casual_female.png
[0.320s] -- Up-to-date symlink: /home/abdosalm/Github_repos/SLAM-mapping-Robots/workspace/install/slam_robots/share/slam_robots/worlds/models_classic/fuel_models/Casual_female/materials/textures/eyebrow002.png
[0.320s] -- Up-to-date symlink: /home/abdosalm/Github_repos/SLAM-mapping-Robots/workspace/install/slam_robots/share/slam_robots/worlds/models_classic/fuel_models/Casual_female/materials/textures/eyelashes01.png
[0.321s] -- Up-to-date symlink: /home/abdosalm/Github_repos/SLAM-mapping-Robots/workspace/install/slam_robots/share/slam_robots/worlds/models_classic/fuel_models/Casual_female/materials/textures/female_casualsuit01_diffuse.png
[0.321s] -- Up-to-date symlink: /home/abdosalm/Github_repos/SLAM-mapping-Robots/workspace/install/slam_robots/share/slam_robots/worlds/models_classic/fuel_models/Casual_female/materials/textures/female_casualsuit01_normal.png
[0.321s] -- Up-to-date symlink: /home/abdosalm/Github_repos/SLAM-mapping-Robots/workspace/install/slam_robots/share/slam_robots/worlds/models_classic/fuel_models/Casual_female/materials/textures/female_casualsuit02_diffuse.png
[0.322s] -- Up-to-date symlink: /home/abdosalm/Github_repos/SLAM-mapping-Robots/workspace/install/slam_robots/share/slam_robots/worlds/models_classic/fuel_models/Casual_female/materials/textures/female_casualsuit02_normal.png
[0.322s] -- Up-to-date symlink: /home/abdosalm/Github_repos/SLAM-mapping-Robots/workspace/install/slam_robots/share/slam_robots/worlds/models_classic/fuel_models/Casual_female/materials/textures/ponytail01_diffuse.png
[0.322s] -- Up-to-date symlink: /home/abdosalm/Github_repos/SLAM-mapping-Robots/workspace/install/slam_robots/share/slam_robots/worlds/models_classic/fuel_models/Casual_female/materials/textures/shoes05_diffuse.png
[0.323s] -- Up-to-date symlink: /home/abdosalm/Github_repos/SLAM-mapping-Robots/workspace/install/slam_robots/share/slam_robots/worlds/models_classic/fuel_models/Casual_female/materials/textures/tongue01_diffuse.png
[0.323s] -- Up-to-date symlink: /home/abdosalm/Github_repos/SLAM-mapping-Robots/workspace/install/slam_robots/share/slam_robots/worlds/models_classic/fuel_models/Casual_female/materials/textures/young_lightskinned_female_diffuse.png
[0.323s] -- Up-to-date symlink: /home/abdosalm/Github_repos/SLAM-mapping-Robots/workspace/install/slam_robots/share/slam_robots/worlds/models_classic/fuel_models/Casual_female/meshes/casual_female.dae
[0.324s] -- Up-to-date symlink: /home/abdosalm/Github_repos/SLAM-mapping-Robots/workspace/install/slam_robots/share/slam_robots/worlds/models_classic/fuel_models/Casual_female/model.config
[0.324s] -- Up-to-date symlink: /home/abdosalm/Github_repos/SLAM-mapping-Robots/workspace/install/slam_robots/share/slam_robots/worlds/models_classic/fuel_models/Casual_female/model.sdf
[0.324s] -- Up-to-date symlink: /home/abdosalm/Github_repos/SLAM-mapping-Robots/workspace/install/slam_robots/share/slam_robots/worlds/models_classic/fuel_models/Casual_female/thumbnails/1.png
[0.325s] -- Up-to-date symlink: /home/abdosalm/Github_repos/SLAM-mapping-Robots/workspace/install/slam_robots/share/slam_robots/worlds/models_classic/fuel_models/Casual_female/thumbnails/2.png
[0.325s] -- Up-to-date symlink: /home/abdosalm/Github_repos/SLAM-mapping-Robots/workspace/install/slam_robots/share/slam_robots/worlds/models_classic/fuel_models/Casual_female/thumbnails/3.png
[0.325s] -- Up-to-date symlink: /home/abdosalm/Github_repos/SLAM-mapping-Robots/workspace/install/slam_robots/share/slam_robots/worlds/models_classic/fuel_models/Casual_female/thumbnails/4.png
[0.325s] -- Up-to-date symlink: /home/abdosalm/Github_repos/SLAM-mapping-Robots/workspace/install/slam_robots/share/slam_robots/worlds/models_classic/fuel_models/Casual_female/thumbnails/5.png
[0.326s] -- Up-to-date symlink: /home/abdosalm/Github_repos/SLAM-mapping-Robots/workspace/install/slam_robots/share/slam_robots/worlds/models_classic/fuel_models/Standing_person/materials/textures/eyebrow001-unmodified.png
[0.326s] -- Up-to-date symlink: /home/abdosalm/Github_repos/SLAM-mapping-Robots/workspace/install/slam_robots/share/slam_robots/worlds/models_classic/fuel_models/Standing_person/materials/textures/eyebrow001.png
[0.326s] -- Up-to-date symlink: /home/abdosalm/Github_repos/SLAM-mapping-Robots/workspace/install/slam_robots/share/slam_robots/worlds/models_classic/fuel_models/Standing_person/materials/textures/green_eye.png
[0.327s] -- Up-to-date symlink: /home/abdosalm/Github_repos/SLAM-mapping-Robots/workspace/install/slam_robots/share/slam_robots/worlds/models_classic/fuel_models/Standing_person/materials/textures/jeans01_normals.png
[0.327s] -- Up-to-date symlink: /home/abdosalm/Github_repos/SLAM-mapping-Robots/workspace/install/slam_robots/share/slam_robots/worlds/models_classic/fuel_models/Standing_person/materials/textures/jeans_basic_diffuse.png
[0.328s] -- Up-to-date symlink: /home/abdosalm/Github_repos/SLAM-mapping-Robots/workspace/install/slam_robots/share/slam_robots/worlds/models_classic/fuel_models/Standing_person/materials/textures/male02_diffuse_black-unmodified.png
[0.328s] -- Up-to-date symlink: /home/abdosalm/Github_repos/SLAM-mapping-Robots/workspace/install/slam_robots/share/slam_robots/worlds/models_classic/fuel_models/Standing_person/materials/textures/male02_diffuse_black.png
[0.329s] -- Up-to-date symlink: /home/abdosalm/Github_repos/SLAM-mapping-Robots/workspace/install/slam_robots/share/slam_robots/worlds/models_classic/fuel_models/Standing_person/materials/textures/teeth.png
[0.329s] -- Up-to-date symlink: /home/abdosalm/Github_repos/SLAM-mapping-Robots/workspace/install/slam_robots/share/slam_robots/worlds/models_classic/fuel_models/Standing_person/materials/textures/tshirt02_normals.png
[0.329s] -- Up-to-date symlink: /home/abdosalm/Github_repos/SLAM-mapping-Robots/workspace/install/slam_robots/share/slam_robots/worlds/models_classic/fuel_models/Standing_person/materials/textures/tshirt02_texture.png
[0.330s] -- Up-to-date symlink: /home/abdosalm/Github_repos/SLAM-mapping-Robots/workspace/install/slam_robots/share/slam_robots/worlds/models_classic/fuel_models/Standing_person/materials/textures/young_lightskinned_male_diffuse.png
[0.331s] -- Up-to-date symlink: /home/abdosalm/Github_repos/SLAM-mapping-Robots/workspace/install/slam_robots/share/slam_robots/worlds/models_classic/fuel_models/Standing_person/meshes/standing.dae
[0.331s] -- Up-to-date symlink: /home/abdosalm/Github_repos/SLAM-mapping-Robots/workspace/install/slam_robots/share/slam_robots/worlds/models_classic/fuel_models/Standing_person/model.config
[0.332s] -- Up-to-date symlink: /home/abdosalm/Github_repos/SLAM-mapping-Robots/workspace/install/slam_robots/share/slam_robots/worlds/models_classic/fuel_models/Standing_person/model.sdf
[0.332s] -- Up-to-date symlink: /home/abdosalm/Github_repos/SLAM-mapping-Robots/workspace/install/slam_robots/share/slam_robots/worlds/models_classic/fuel_models/Standing_person/thumbnails/1.png
[0.332s] -- Up-to-date symlink: /home/abdosalm/Github_repos/SLAM-mapping-Robots/workspace/install/slam_robots/share/slam_robots/worlds/models_classic/fuel_models/Standing_person/thumbnails/2.png
[0.333s] -- Up-to-date symlink: /home/abdosalm/Github_repos/SLAM-mapping-Robots/workspace/install/slam_robots/share/slam_robots/worlds/models_classic/fuel_models/Standing_person/thumbnails/3.png
[0.333s] -- Up-to-date symlink: /home/abdosalm/Github_repos/SLAM-mapping-Robots/workspace/install/slam_robots/share/slam_robots/worlds/models_classic/fuel_models/Standing_person/thumbnails/4.png
[0.333s] -- Up-to-date symlink: /home/abdosalm/Github_repos/SLAM-mapping-Robots/workspace/install/slam_robots/share/slam_robots/worlds/models_classic/fuel_models/Standing_person/thumbnails/5.png
[0.333s] -- Up-to-date symlink: /home/abdosalm/Github_repos/SLAM-mapping-Robots/workspace/install/slam_robots/share/slam_robots/worlds/models_classic/fuel_models/Walking_person/materials/textures/eyebrow001-unmodified.png
[0.334s] -- Up-to-date symlink: /home/abdosalm/Github_repos/SLAM-mapping-Robots/workspace/install/slam_robots/share/slam_robots/worlds/models_classic/fuel_models/Walking_person/materials/textures/eyebrow001.png
[0.334s] -- Up-to-date symlink: /home/abdosalm/Github_repos/SLAM-mapping-Robots/workspace/install/slam_robots/share/slam_robots/worlds/models_classic/fuel_models/Walking_person/materials/textures/green_eye.png
[0.334s] -- Up-to-date symlink: /home/abdosalm/Github_repos/SLAM-mapping-Robots/workspace/install/slam_robots/share/slam_robots/worlds/models_classic/fuel_models/Walking_person/materials/textures/jeans01_normals.png
[0.335s] -- Up-to-date symlink: /home/abdosalm/Github_repos/SLAM-mapping-Robots/workspace/install/slam_robots/share/slam_robots/worlds/models_classic/fuel_models/Walking_person/materials/textures/jeans_basic_diffuse.png
[0.335s] -- Up-to-date symlink: /home/abdosalm/Github_repos/SLAM-mapping-Robots/workspace/install/slam_robots/share/slam_robots/worlds/models_classic/fuel_models/Walking_person/materials/textures/male02_diffuse_black-unmodified.png
[0.335s] -- Up-to-date symlink: /home/abdosalm/Github_repos/SLAM-mapping-Robots/workspace/install/slam_robots/share/slam_robots/worlds/models_classic/fuel_models/Walking_person/materials/textures/male02_diffuse_black.png
[0.336s] -- Up-to-date symlink: /home/abdosalm/Github_repos/SLAM-mapping-Robots/workspace/install/slam_robots/share/slam_robots/worlds/models_classic/fuel_models/Walking_person/materials/textures/teeth.png
[0.336s] -- Up-to-date symlink: /home/abdosalm/Github_repos/SLAM-mapping-Robots/workspace/install/slam_robots/share/slam_robots/worlds/models_classic/fuel_models/Walking_person/materials/textures/tshirt02_normals.png
[0.337s] -- Up-to-date symlink: /home/abdosalm/Github_repos/SLAM-mapping-Robots/workspace/install/slam_robots/share/slam_robots/worlds/models_classic/fuel_models/Walking_person/materials/textures/tshirt02_texture.png
[0.337s] -- Up-to-date symlink: /home/abdosalm/Github_repos/SLAM-mapping-Robots/workspace/install/slam_robots/share/slam_robots/worlds/models_classic/fuel_models/Walking_person/materials/textures/young_lightskinned_male_diffuse.png
[0.337s] -- Up-to-date symlink: /home/abdosalm/Github_repos/SLAM-mapping-Robots/workspace/install/slam_robots/share/slam_robots/worlds/models_classic/fuel_models/Walking_person/meshes/walking.dae
[0.337s] -- Up-to-date symlink: /home/abdosalm/Github_repos/SLAM-mapping-Robots/workspace/install/slam_robots/share/slam_robots/worlds/models_classic/fuel_models/Walking_person/model.config
[0.338s] -- Up-to-date symlink: /home/abdosalm/Github_repos/SLAM-mapping-Robots/workspace/install/slam_robots/share/slam_robots/worlds/models_classic/fuel_models/Walking_person/model.sdf
[0.338s] -- Up-to-date symlink: /home/abdosalm/Github_repos/SLAM-mapping-Robots/workspace/install/slam_robots/share/slam_robots/worlds/models_classic/fuel_models/Walking_person/thumbnails/1.png
[0.338s] -- Up-to-date symlink: /home/abdosalm/Github_repos/SLAM-mapping-Robots/workspace/install/slam_robots/share/slam_robots/worlds/models_classic/fuel_models/Walking_person/thumbnails/2.png
[0.339s] -- Up-to-date symlink: /home/abdosalm/Github_repos/SLAM-mapping-Robots/workspace/install/slam_robots/share/slam_robots/worlds/models_classic/fuel_models/Walking_person/thumbnails/3.png
[0.339s] -- Up-to-date symlink: /home/abdosalm/Github_repos/SLAM-mapping-Robots/workspace/install/slam_robots/share/slam_robots/worlds/models_classic/fuel_models/Walking_person/thumbnails/4.png
[0.339s] -- Up-to-date symlink: /home/abdosalm/Github_repos/SLAM-mapping-Robots/workspace/install/slam_robots/share/slam_robots/worlds/models_classic/fuel_models/Walking_person/thumbnails/5.png
[0.340s] -- Up-to-date symlink: /home/abdosalm/Github_repos/SLAM-mapping-Robots/workspace/install/slam_robots/share/slam_robots/worlds/models_classic/robots/robot1.sdf
[0.341s] -- Up-to-date symlink: /home/abdosalm/Github_repos/SLAM-mapping-Robots/workspace/install/slam_robots/share/slam_robots/worlds/models_classic/robots/robot10.sdf
[0.341s] -- Up-to-date symlink: /home/abdosalm/Github_repos/SLAM-mapping-Robots/workspace/install/slam_robots/share/slam_robots/worlds/models_classic/robots/robot2.sdf
[0.341s] -- Up-to-date symlink: /home/abdosalm/Github_repos/SLAM-mapping-Robots/workspace/install/slam_robots/share/slam_robots/worlds/models_classic/robots/robot3.sdf
[0.341s] -- Up-to-date symlink: /home/abdosalm/Github_repos/SLAM-mapping-Robots/workspace/install/slam_robots/share/slam_robots/worlds/models_classic/robots/robot4.sdf
[0.342s] -- Up-to-date symlink: /home/abdosalm/Github_repos/SLAM-mapping-Robots/workspace/install/slam_robots/share/slam_robots/worlds/models_classic/robots/robot5.sdf
[0.342s] -- Up-to-date symlink: /home/abdosalm/Github_repos/SLAM-mapping-Robots/workspace/install/slam_robots/share/slam_robots/worlds/models_classic/robots/robot6.sdf
[0.342s] -- Up-to-date symlink: /home/abdosalm/Github_repos/SLAM-mapping-Robots/workspace/install/slam_robots/share/slam_robots/worlds/models_classic/robots/robot7.sdf
[0.343s] -- Up-to-date symlink: /home/abdosalm/Github_repos/SLAM-mapping-Robots/workspace/install/slam_robots/share/slam_robots/worlds/models_classic/robots/robot8.sdf
[0.343s] -- Up-to-date symlink: /home/abdosalm/Github_repos/SLAM-mapping-Robots/workspace/install/slam_robots/share/slam_robots/worlds/models_classic/robots/robot9.sdf
[0.343s] -- Up-to-date symlink: /home/abdosalm/Github_repos/SLAM-mapping-Robots/workspace/install/slam_robots/share/slam_robots/worlds/models_classic/sub_worlds/first_year/model.config
[0.343s] -- Up-to-date symlink: /home/abdosalm/Github_repos/SLAM-mapping-Robots/workspace/install/slam_robots/share/slam_robots/worlds/models_classic/sub_worlds/first_year/model.sdf
[0.344s] -- Up-to-date symlink: /home/abdosalm/Github_repos/SLAM-mapping-Robots/workspace/install/slam_robots/share/slam_robots/worlds/models_classic/sub_worlds/fourth_year/model.config
[0.344s] -- Up-to-date symlink: /home/abdosalm/Github_repos/SLAM-mapping-Robots/workspace/install/slam_robots/share/slam_robots/worlds/models_classic/sub_worlds/fourth_year/model.sdf
[0.344s] -- Up-to-date symlink: /home/abdosalm/Github_repos/SLAM-mapping-Robots/workspace/install/slam_robots/share/slam_robots/worlds/models_classic/sub_worlds/lab1/model.config
[0.345s] -- Up-to-date symlink: /home/abdosalm/Github_repos/SLAM-mapping-Robots/workspace/install/slam_robots/share/slam_robots/worlds/models_classic/sub_worlds/lab1/model.sdf
[0.345s] -- Up-to-date symlink: /home/abdosalm/Github_repos/SLAM-mapping-Robots/workspace/install/slam_robots/share/slam_robots/worlds/models_classic/sub_worlds/lab2/model.config
[0.345s] -- Up-to-date symlink: /home/abdosalm/Github_repos/SLAM-mapping-Robots/workspace/install/slam_robots/share/slam_robots/worlds/models_classic/sub_worlds/lab2/model.sdf
[0.346s] -- Up-to-date symlink: /home/abdosalm/Github_repos/SLAM-mapping-Robots/workspace/install/slam_robots/share/slam_robots/worlds/models_classic/sub_worlds/lab3/model.config
[0.346s] -- Up-to-date symlink: /home/abdosalm/Github_repos/SLAM-mapping-Robots/workspace/install/slam_robots/share/slam_robots/worlds/models_classic/sub_worlds/lab3/model.sdf
[0.346s] -- Up-to-date symlink: /home/abdosalm/Github_repos/SLAM-mapping-Robots/workspace/install/slam_robots/share/slam_robots/worlds/models_classic/sub_worlds/lab4/model.config
[0.346s] -- Up-to-date symlink: /home/abdosalm/Github_repos/SLAM-mapping-Robots/workspace/install/slam_robots/share/slam_robots/worlds/models_classic/sub_worlds/lab4/model.sdf
[0.347s] -- Up-to-date symlink: /home/abdosalm/Github_repos/SLAM-mapping-Robots/workspace/install/slam_robots/share/slam_robots/worlds/models_classic/sub_worlds/library/model.config
[0.347s] -- Up-to-date symlink: /home/abdosalm/Github_repos/SLAM-mapping-Robots/workspace/install/slam_robots/share/slam_robots/worlds/models_classic/sub_worlds/library/model.sdf
[0.347s] -- Up-to-date symlink: /home/abdosalm/Github_repos/SLAM-mapping-Robots/workspace/install/slam_robots/share/slam_robots/worlds/models_classic/sub_worlds/maincorridor/model.config
[0.348s] -- Up-to-date symlink: /home/abdosalm/Github_repos/SLAM-mapping-Robots/workspace/install/slam_robots/share/slam_robots/worlds/models_classic/sub_worlds/maincorridor/model.sdf
[0.348s] -- Up-to-date symlink: /home/abdosalm/Github_repos/SLAM-mapping-Robots/workspace/install/slam_robots/share/slam_robots/worlds/models_classic/sub_worlds/robots.sdf
[0.348s] -- Up-to-date symlink: /home/abdosalm/Github_repos/SLAM-mapping-Robots/workspace/install/slam_robots/share/slam_robots/worlds/models_classic/sub_worlds/second_year/model.config
[0.349s] -- Up-to-date symlink: /home/abdosalm/Github_repos/SLAM-mapping-Robots/workspace/install/slam_robots/share/slam_robots/worlds/models_classic/sub_worlds/second_year/model.sdf
[0.349s] -- Up-to-date symlink: /home/abdosalm/Github_repos/SLAM-mapping-Robots/workspace/install/slam_robots/share/slam_robots/worlds/models_classic/sub_worlds/third_year/model.config
[0.349s] -- Up-to-date symlink: /home/abdosalm/Github_repos/SLAM-mapping-Robots/workspace/install/slam_robots/share/slam_robots/worlds/models_classic/sub_worlds/third_year/model.sdf
[0.349s] -- Up-to-date symlink: /home/abdosalm/Github_repos/SLAM-mapping-Robots/workspace/install/slam_robots/share/slam_robots/worlds/world.sdf
[0.350s] -- Up-to-date symlink: /home/abdosalm/Github_repos/SLAM-mapping-Robots/workspace/install/slam_robots/share/slam_robots/worlds/world_classic.sdf
[0.350s] -- Up-to-date symlink: /home/abdosalm/Github_repos/SLAM-mapping-Robots/workspace/install/slam_robots/share/slam_robots/robot/camera.xacro
[0.351s] -- Up-to-date symlink: /home/abdosalm/Github_repos/SLAM-mapping-Robots/workspace/install/slam_robots/share/slam_robots/robot/depth_camera.xacro
[0.351s] -- Up-to-date symlink: /home/abdosalm/Github_repos/SLAM-mapping-Robots/workspace/install/slam_robots/share/slam_robots/robot/face.xacro
[0.351s] -- Up-to-date symlink: /home/abdosalm/Github_repos/SLAM-mapping-Robots/workspace/install/slam_robots/share/slam_robots/robot/gazebo_control.xacro
[0.352s] -- Up-to-date symlink: /home/abdosalm/Github_repos/SLAM-mapping-Robots/workspace/install/slam_robots/share/slam_robots/robot/image_system_comarison.png
[0.352s] -- Up-to-date symlink: /home/abdosalm/Github_repos/SLAM-mapping-Robots/workspace/install/slam_robots/share/slam_robots/robot/inertial_macros.xacro
[0.353s] -- Up-to-date symlink: /home/abdosalm/Github_repos/SLAM-mapping-Robots/workspace/install/slam_robots/share/slam_robots/robot/lidar.xacro
[0.353s] -- Up-to-date symlink: /home/abdosalm/Github_repos/SLAM-mapping-Robots/workspace/install/slam_robots/share/slam_robots/robot/robot.urdf.xacro
[0.353s] -- Up-to-date symlink: /home/abdosalm/Github_repos/SLAM-mapping-Robots/workspace/install/slam_robots/share/slam_robots/robot/robot_core.xacro
[0.353s] -- Up-to-date symlink: /home/abdosalm/Github_repos/SLAM-mapping-Robots/workspace/install/slam_robots/share/slam_robots/robot/ros2_control.xacro
[0.354s] -- Up-to-date symlink: /home/abdosalm/Github_repos/SLAM-mapping-Robots/workspace/install/slam_robots/share/slam_robots/robot/rviz/drive_bot.rviz
[0.354s] -- Up-to-date symlink: /home/abdosalm/Github_repos/SLAM-mapping-Robots/workspace/install/slam_robots/share/slam_robots/robot/rviz/final_config.rviz
[0.354s] -- Up-to-date symlink: /home/abdosalm/Github_repos/SLAM-mapping-Robots/workspace/install/slam_robots/share/slam_robots/robot/rviz/robot_depth_camera.rviz
[0.355s] -- Up-to-date symlink: /home/abdosalm/Github_repos/SLAM-mapping-Robots/workspace/install/slam_robots/share/slam_robots/robot/rviz/robot_lidar_visualize.rviz
[0.355s] -- Up-to-date symlink: /home/abdosalm/Github_repos/SLAM-mapping-Robots/workspace/install/slam_robots/share/slam_robots/robot/rviz/slam_robot_mapping.rviz
[0.355s] -- Up-to-date symlink: /home/abdosalm/Github_repos/SLAM-mapping-Robots/workspace/install/slam_robots/share/slam_robots/robot/rviz/test.rviz
[0.355s] -- Up-to-date symlink: /home/abdosalm/Github_repos/SLAM-mapping-Robots/workspace/install/slam_robots/share/slam_robots/robot/rviz/view_robot.rviz
[0.356s] -- Up-to-date symlink: /home/abdosalm/Github_repos/SLAM-mapping-Robots/workspace/install/slam_robots/share/slam_robots/config/gazebo_params.yaml
[0.356s] -- Up-to-date symlink: /home/abdosalm/Github_repos/SLAM-mapping-Robots/workspace/install/slam_robots/share/slam_robots/config/mapper_params_online_async.yaml
[0.356s] -- Up-to-date symlink: /home/abdosalm/Github_repos/SLAM-mapping-Robots/workspace/install/slam_robots/share/ament_index/resource_index/package_run_dependencies/slam_robots
[0.357s] -- Up-to-date symlink: /home/abdosalm/Github_repos/SLAM-mapping-Robots/workspace/install/slam_robots/share/ament_index/resource_index/parent_prefix_path/slam_robots
[0.357s] -- Up-to-date symlink: /home/abdosalm/Github_repos/SLAM-mapping-Robots/workspace/install/slam_robots/share/slam_robots/environment/ament_prefix_path.sh
[0.357s] -- Up-to-date symlink: /home/abdosalm/Github_repos/SLAM-mapping-Robots/workspace/install/slam_robots/share/slam_robots/environment/ament_prefix_path.dsv
[0.358s] -- Up-to-date symlink: /home/abdosalm/Github_repos/SLAM-mapping-Robots/workspace/install/slam_robots/share/slam_robots/environment/path.sh
[0.358s] -- Up-to-date symlink: /home/abdosalm/Github_repos/SLAM-mapping-Robots/workspace/install/slam_robots/share/slam_robots/environment/path.dsv
[0.358s] -- Up-to-date symlink: /home/abdosalm/Github_repos/SLAM-mapping-Robots/workspace/install/slam_robots/share/slam_robots/local_setup.bash
[0.359s] -- Up-to-date symlink: /home/abdosalm/Github_repos/SLAM-mapping-Robots/workspace/install/slam_robots/share/slam_robots/local_setup.sh
[0.359s] -- Up-to-date symlink: /home/abdosalm/Github_repos/SLAM-mapping-Robots/workspace/install/slam_robots/share/slam_robots/local_setup.zsh
[0.359s] -- Up-to-date symlink: /home/abdosalm/Github_repos/SLAM-mapping-Robots/workspace/install/slam_robots/share/slam_robots/local_setup.dsv
[0.359s] -- Symlinking: /home/abdosalm/Github_repos/SLAM-mapping-Robots/workspace/install/slam_robots/share/slam_robots/package.dsv
[0.366s] -- Up-to-date symlink: /home/abdosalm/Github_repos/SLAM-mapping-Robots/workspace/install/slam_robots/share/ament_index/resource_index/packages/slam_robots
[0.366s] -- Up-to-date symlink: /home/abdosalm/Github_repos/SLAM-mapping-Robots/workspace/install/slam_robots/share/slam_robots/cmake/slam_robotsConfig.cmake
[0.366s] -- Up-to-date symlink: /home/abdosalm/Github_repos/SLAM-mapping-Robots/workspace/install/slam_robots/share/slam_robots/cmake/slam_robotsConfig-version.cmake
[0.367s] -- Up-to-date symlink: /home/abdosalm/Github_repos/SLAM-mapping-Robots/workspace/install/slam_robots/share/slam_robots/package.xml
[0.368s] Invoked command in '/home/abdosalm/Github_repos/SLAM-mapping-Robots/workspace/build/slam_robots' returned '0': CMAKE_PREFIX_PATH=/opt/ros/humble /usr/bin/cmake --install /home/abdosalm/Github_repos/SLAM-mapping-Robots/workspace/build/slam_robots
