[0.092s] Invoking command in '/home/abdosalm/Github_repos/SLAM-mapping-Robots/workspace/build/turtlebot4_ignition_toolbox': AMENT_PREFIX_PATH=/home/abdosalm/Github_repos/SLAM-mapping-Robots/workspace/install/turtlebot4_msgs:${AMENT_PREFIX_PATH} CMAKE_PREFIX_PATH=/home/abdosalm/Github_repos/SLAM-mapping-Robots/workspace/install/turtlebot4_msgs:/opt/ros/humble LD_LIBRARY_PATH=/home/abdosalm/Github_repos/SLAM-mapping-Robots/workspace/install/turtlebot4_msgs/lib:${LD_LIBRARY_PATH} PYTHONPATH=/home/abdosalm/Github_repos/SLAM-mapping-Robots/workspace/install/turtlebot4_msgs/local/lib/python3.10/dist-packages:${PYTHONPATH} /usr/bin/cmake /home/abdosalm/Github_repos/SLAM-mapping-Robots/workspace/src/turtlebot4/turtlebot4_ignition_toolbox -DCMAKE_INSTALL_PREFIX=/home/abdosalm/Github_repos/SLAM-mapping-Robots/workspace/install/turtlebot4_ignition_toolbox
[0.131s] -- The C compiler identification is GNU 11.4.0
[0.170s] -- The CXX compiler identification is GNU 11.4.0
[0.175s] -- Detecting C compiler ABI info
[0.227s] -- Detecting C compiler ABI info - done
[0.232s] -- Check for working C compiler: /usr/bin/cc - skipped
[0.233s] -- Detecting C compile features
[0.233s] -- Detecting C compile features - done
[0.235s] -- Detecting CXX compiler ABI info
[0.292s] -- Detecting CXX compiler ABI info - done
[0.299s] -- Check for working CXX compiler: /usr/bin/c++ - skipped
[0.299s] -- Detecting CXX compile features
[0.300s] -- Detecting CXX compile features - done
[0.302s] -- Found ament_cmake: 1.3.5 (/opt/ros/humble/share/ament_cmake/cmake)
[0.431s] -- Found Python3: /usr/bin/python3.10 (found version "3.10.12") found components: Interpreter 
[0.497s] -- Found rclcpp: 16.0.6 (/opt/ros/humble/share/rclcpp/cmake)
[0.529s] -- Found rosidl_generator_c: 3.1.5 (/opt/ros/humble/share/rosidl_generator_c/cmake)
[0.533s] -- Found rosidl_adapter: 3.1.5 (/opt/ros/humble/share/rosidl_adapter/cmake)
[0.540s] -- Found rosidl_generator_cpp: 3.1.5 (/opt/ros/humble/share/rosidl_generator_cpp/cmake)
[0.550s] -- Using all available rosidl_typesupport_c: rosidl_typesupport_fastrtps_c;rosidl_typesupport_introspection_c
[0.565s] -- Using all available rosidl_typesupport_cpp: rosidl_typesupport_fastrtps_cpp;rosidl_typesupport_introspection_cpp
[0.620s] -- Found rmw_implementation_cmake: 6.1.1 (/opt/ros/humble/share/rmw_implementation_cmake/cmake)
[0.623s] -- Found rmw_fastrtps_cpp: 6.2.4 (/opt/ros/humble/share/rmw_fastrtps_cpp/cmake)
[0.691s] -- Found OpenSSL: /usr/lib/x86_64-linux-gnu/libcrypto.so (found version "3.0.2")  
[0.713s] -- Found FastRTPS: /opt/ros/humble/include  
[0.749s] -- Using RMW implementation 'rmw_fastrtps_cpp' as default
[0.756s] -- Looking for pthread.h
[0.810s] -- Looking for pthread.h - found
[0.811s] -- Performing Test CMAKE_HAVE_LIBC_PTHREAD
[0.860s] -- Performing Test CMAKE_HAVE_LIBC_PTHREAD - Success
[0.861s] -- Found Threads: TRUE  
[0.997s] -- Found rclcpp_action: 16.0.6 (/opt/ros/humble/share/rclcpp_action/cmake)
[1.093s] -- Found sensor_msgs: 4.2.3 (/opt/ros/humble/share/sensor_msgs/cmake)
[1.199s] -- Found turtlebot4_msgs: 1.0.4 (/home/abdosalm/Github_repos/SLAM-mapping-Robots/workspace/install/turtlebot4_msgs/share/turtlebot4_msgs/cmake)
[1.214s] -- Found ament_lint_auto: 0.12.8 (/opt/ros/humble/share/ament_lint_auto/cmake)
[1.274s] -- Added test 'cppcheck' to perform static code analysis on C / C++ code
[1.274s] -- Configured cppcheck include dirs: /home/abdosalm/Github_repos/SLAM-mapping-Robots/workspace/src/turtlebot4/turtlebot4_ignition_toolbox/include
[1.274s] -- Configured cppcheck exclude dirs and/or files: 
[1.275s] -- Added test 'cpplint' to check C / C++ code against the Google style
[1.275s] -- Configured cpplint exclude dirs and/or files: 
[1.276s] -- Added test 'lint_cmake' to check CMake code style
[1.276s] -- Added test 'uncrustify' to check C / C++ code style
[1.276s] -- Configured uncrustify additional arguments: 
[1.277s] -- Added test 'xmllint' to check XML markup files
[1.278s] -- Configuring done
[1.290s] -- Generating done
[1.292s] -- Build files have been written to: /home/abdosalm/Github_repos/SLAM-mapping-Robots/workspace/build/turtlebot4_ignition_toolbox
[1.304s] Invoked command in '/home/abdosalm/Github_repos/SLAM-mapping-Robots/workspace/build/turtlebot4_ignition_toolbox' returned '0': AMENT_PREFIX_PATH=/home/abdosalm/Github_repos/SLAM-mapping-Robots/workspace/install/turtlebot4_msgs:${AMENT_PREFIX_PATH} CMAKE_PREFIX_PATH=/home/abdosalm/Github_repos/SLAM-mapping-Robots/workspace/install/turtlebot4_msgs:/opt/ros/humble LD_LIBRARY_PATH=/home/abdosalm/Github_repos/SLAM-mapping-Robots/workspace/install/turtlebot4_msgs/lib:${LD_LIBRARY_PATH} PYTHONPATH=/home/abdosalm/Github_repos/SLAM-mapping-Robots/workspace/install/turtlebot4_msgs/local/lib/python3.10/dist-packages:${PYTHONPATH} /usr/bin/cmake /home/abdosalm/Github_repos/SLAM-mapping-Robots/workspace/src/turtlebot4/turtlebot4_ignition_toolbox -DCMAKE_INSTALL_PREFIX=/home/abdosalm/Github_repos/SLAM-mapping-Robots/workspace/install/turtlebot4_ignition_toolbox
[1.305s] Invoking command in '/home/abdosalm/Github_repos/SLAM-mapping-Robots/workspace/build/turtlebot4_ignition_toolbox': AMENT_PREFIX_PATH=/home/abdosalm/Github_repos/SLAM-mapping-Robots/workspace/install/turtlebot4_msgs:${AMENT_PREFIX_PATH} CMAKE_PREFIX_PATH=/home/abdosalm/Github_repos/SLAM-mapping-Robots/workspace/install/turtlebot4_msgs:/opt/ros/humble LD_LIBRARY_PATH=/home/abdosalm/Github_repos/SLAM-mapping-Robots/workspace/install/turtlebot4_msgs/lib:${LD_LIBRARY_PATH} PYTHONPATH=/home/abdosalm/Github_repos/SLAM-mapping-Robots/workspace/install/turtlebot4_msgs/local/lib/python3.10/dist-packages:${PYTHONPATH} /usr/bin/cmake --build /home/abdosalm/Github_repos/SLAM-mapping-Robots/workspace/build/turtlebot4_ignition_toolbox -- -j16 -l16
[1.340s] [ 40%] [32mBuilding CXX object CMakeFiles/turtlebot4_ignition_toolbox_lib.dir/src/hmi_node.cpp.o[0m
[1.340s] [ 40%] [32mBuilding CXX object CMakeFiles/turtlebot4_ignition_toolbox_lib.dir/src/hmi_main.cpp.o[0m
[11.704s] [ 60%] [32m[1mLinking CXX static library libturtlebot4_ignition_toolbox_lib.a[0m
[11.954s] [ 60%] Built target turtlebot4_ignition_toolbox_lib
[11.969s] [ 80%] [32mBuilding CXX object CMakeFiles/turtlebot4_ignition_hmi_node.dir/src/hmi_main.cpp.o[0m
[14.181s] [100%] [32m[1mLinking CXX executable turtlebot4_ignition_hmi_node[0m
[14.687s] [100%] Built target turtlebot4_ignition_hmi_node
[14.695s] Invoked command in '/home/abdosalm/Github_repos/SLAM-mapping-Robots/workspace/build/turtlebot4_ignition_toolbox' returned '0': AMENT_PREFIX_PATH=/home/abdosalm/Github_repos/SLAM-mapping-Robots/workspace/install/turtlebot4_msgs:${AMENT_PREFIX_PATH} CMAKE_PREFIX_PATH=/home/abdosalm/Github_repos/SLAM-mapping-Robots/workspace/install/turtlebot4_msgs:/opt/ros/humble LD_LIBRARY_PATH=/home/abdosalm/Github_repos/SLAM-mapping-Robots/workspace/install/turtlebot4_msgs/lib:${LD_LIBRARY_PATH} PYTHONPATH=/home/abdosalm/Github_repos/SLAM-mapping-Robots/workspace/install/turtlebot4_msgs/local/lib/python3.10/dist-packages:${PYTHONPATH} /usr/bin/cmake --build /home/abdosalm/Github_repos/SLAM-mapping-Robots/workspace/build/turtlebot4_ignition_toolbox -- -j16 -l16
[14.712s] Invoking command in '/home/abdosalm/Github_repos/SLAM-mapping-Robots/workspace/build/turtlebot4_ignition_toolbox': AMENT_PREFIX_PATH=/home/abdosalm/Github_repos/SLAM-mapping-Robots/workspace/install/turtlebot4_msgs:${AMENT_PREFIX_PATH} CMAKE_PREFIX_PATH=/home/abdosalm/Github_repos/SLAM-mapping-Robots/workspace/install/turtlebot4_msgs:/opt/ros/humble LD_LIBRARY_PATH=/home/abdosalm/Github_repos/SLAM-mapping-Robots/workspace/install/turtlebot4_msgs/lib:${LD_LIBRARY_PATH} PYTHONPATH=/home/abdosalm/Github_repos/SLAM-mapping-Robots/workspace/install/turtlebot4_msgs/local/lib/python3.10/dist-packages:${PYTHONPATH} /usr/bin/cmake --install /home/abdosalm/Github_repos/SLAM-mapping-Robots/workspace/build/turtlebot4_ignition_toolbox
[14.717s] -- Install configuration: ""
[14.717s] -- Installing: /home/abdosalm/Github_repos/SLAM-mapping-Robots/workspace/install/turtlebot4_ignition_toolbox/lib/turtlebot4_ignition_toolbox/turtlebot4_ignition_hmi_node
[14.723s] -- Set runtime path of "/home/abdosalm/Github_repos/SLAM-mapping-Robots/workspace/install/turtlebot4_ignition_toolbox/lib/turtlebot4_ignition_toolbox/turtlebot4_ignition_hmi_node" to ""
[14.723s] -- Installing: /home/abdosalm/Github_repos/SLAM-mapping-Robots/workspace/install/turtlebot4_ignition_toolbox/share/ament_index/resource_index/package_run_dependencies/turtlebot4_ignition_toolbox
[14.723s] -- Installing: /home/abdosalm/Github_repos/SLAM-mapping-Robots/workspace/install/turtlebot4_ignition_toolbox/share/ament_index/resource_index/parent_prefix_path/turtlebot4_ignition_toolbox
[14.723s] -- Installing: /home/abdosalm/Github_repos/SLAM-mapping-Robots/workspace/install/turtlebot4_ignition_toolbox/share/turtlebot4_ignition_toolbox/environment/ament_prefix_path.sh
[14.723s] -- Installing: /home/abdosalm/Github_repos/SLAM-mapping-Robots/workspace/install/turtlebot4_ignition_toolbox/share/turtlebot4_ignition_toolbox/environment/ament_prefix_path.dsv
[14.723s] -- Installing: /home/abdosalm/Github_repos/SLAM-mapping-Robots/workspace/install/turtlebot4_ignition_toolbox/share/turtlebot4_ignition_toolbox/environment/path.sh
[14.723s] -- Installing: /home/abdosalm/Github_repos/SLAM-mapping-Robots/workspace/install/turtlebot4_ignition_toolbox/share/turtlebot4_ignition_toolbox/environment/path.dsv
[14.723s] -- Installing: /home/abdosalm/Github_repos/SLAM-mapping-Robots/workspace/install/turtlebot4_ignition_toolbox/share/turtlebot4_ignition_toolbox/local_setup.bash
[14.723s] -- Installing: /home/abdosalm/Github_repos/SLAM-mapping-Robots/workspace/install/turtlebot4_ignition_toolbox/share/turtlebot4_ignition_toolbox/local_setup.sh
[14.723s] -- Installing: /home/abdosalm/Github_repos/SLAM-mapping-Robots/workspace/install/turtlebot4_ignition_toolbox/share/turtlebot4_ignition_toolbox/local_setup.zsh
[14.724s] -- Installing: /home/abdosalm/Github_repos/SLAM-mapping-Robots/workspace/install/turtlebot4_ignition_toolbox/share/turtlebot4_ignition_toolbox/local_setup.dsv
[14.724s] -- Installing: /home/abdosalm/Github_repos/SLAM-mapping-Robots/workspace/install/turtlebot4_ignition_toolbox/share/turtlebot4_ignition_toolbox/package.dsv
[14.724s] -- Installing: /home/abdosalm/Github_repos/SLAM-mapping-Robots/workspace/install/turtlebot4_ignition_toolbox/share/ament_index/resource_index/packages/turtlebot4_ignition_toolbox
[14.724s] -- Installing: /home/abdosalm/Github_repos/SLAM-mapping-Robots/workspace/install/turtlebot4_ignition_toolbox/share/turtlebot4_ignition_toolbox/cmake/ament_cmake_export_include_directories-extras.cmake
[14.724s] -- Installing: /home/abdosalm/Github_repos/SLAM-mapping-Robots/workspace/install/turtlebot4_ignition_toolbox/share/turtlebot4_ignition_toolbox/cmake/turtlebot4_ignition_toolboxConfig.cmake
[14.724s] -- Installing: /home/abdosalm/Github_repos/SLAM-mapping-Robots/workspace/install/turtlebot4_ignition_toolbox/share/turtlebot4_ignition_toolbox/cmake/turtlebot4_ignition_toolboxConfig-version.cmake
[14.724s] -- Installing: /home/abdosalm/Github_repos/SLAM-mapping-Robots/workspace/install/turtlebot4_ignition_toolbox/share/turtlebot4_ignition_toolbox/package.xml
[14.726s] Invoked command in '/home/abdosalm/Github_repos/SLAM-mapping-Robots/workspace/build/turtlebot4_ignition_toolbox' returned '0': AMENT_PREFIX_PATH=/home/abdosalm/Github_repos/SLAM-mapping-Robots/workspace/install/turtlebot4_msgs:${AMENT_PREFIX_PATH} CMAKE_PREFIX_PATH=/home/abdosalm/Github_repos/SLAM-mapping-Robots/workspace/install/turtlebot4_msgs:/opt/ros/humble LD_LIBRARY_PATH=/home/abdosalm/Github_repos/SLAM-mapping-Robots/workspace/install/turtlebot4_msgs/lib:${LD_LIBRARY_PATH} PYTHONPATH=/home/abdosalm/Github_repos/SLAM-mapping-Robots/workspace/install/turtlebot4_msgs/local/lib/python3.10/dist-packages:${PYTHONPATH} /usr/bin/cmake --install /home/abdosalm/Github_repos/SLAM-mapping-Robots/workspace/build/turtlebot4_ignition_toolbox
