-- The C compiler identification is GNU 11.4.0
-- The CXX compiler identification is GNU 11.4.0
-- Detecting C compiler ABI info
-- Detecting C compiler ABI info - done
-- Check for working C compiler: /usr/bin/cc - skipped
-- Detecting C compile features
-- Detecting C compile features - done
-- Detecting CXX compiler ABI info
-- Detecting CXX compiler ABI info - done
-- Check for working CXX compiler: /usr/bin/c++ - skipped
-- Detecting CXX compile features
-- Detecting CXX compile features - done
-- Found ament_cmake: 1.3.5 (/opt/ros/humble/share/ament_cmake/cmake)
-- Found Python3: /usr/bin/python3.10 (found version "3.10.12") found components: Interpreter 
-- Found rclcpp: 16.0.6 (/opt/ros/humble/share/rclcpp/cmake)
-- Found rosidl_generator_c: 3.1.5 (/opt/ros/humble/share/rosidl_generator_c/cmake)
-- Found rosidl_adapter: 3.1.5 (/opt/ros/humble/share/rosidl_adapter/cmake)
-- Found rosidl_generator_cpp: 3.1.5 (/opt/ros/humble/share/rosidl_generator_cpp/cmake)
-- Using all available rosidl_typesupport_c: rosidl_typesupport_fastrtps_c;rosidl_typesupport_introspection_c
-- Using all available rosidl_typesupport_cpp: rosidl_typesupport_fastrtps_cpp;rosidl_typesupport_introspection_cpp
-- Found rmw_implementation_cmake: 6.1.1 (/opt/ros/humble/share/rmw_implementation_cmake/cmake)
-- Found rmw_fastrtps_cpp: 6.2.4 (/opt/ros/humble/share/rmw_fastrtps_cpp/cmake)
-- Found OpenSSL: /usr/lib/x86_64-linux-gnu/libcrypto.so (found version "3.0.2")  
-- Found FastRTPS: /opt/ros/humble/include  
-- Using RMW implementation 'rmw_fastrtps_cpp' as default
-- Looking for pthread.h
-- Looking for pthread.h - found
-- Performing Test CMAKE_HAVE_LIBC_PTHREAD
-- Performing Test CMAKE_HAVE_LIBC_PTHREAD - Success
-- Found Threads: TRUE  
-- Found rclcpp_action: 16.0.6 (/opt/ros/humble/share/rclcpp_action/cmake)
-- Found std_srvs: 4.2.3 (/opt/ros/humble/share/std_srvs/cmake)
-- Found sensor_msgs: 4.2.3 (/opt/ros/humble/share/sensor_msgs/cmake)
-- Found irobot_create_msgs: 2.1.0 (/opt/ros/humble/share/irobot_create_msgs/cmake)
-- Found turtlebot4_msgs: 1.0.4 (/home/abdosalm/Github_repos/SLAM-mapping-Robots/workspace/install/turtlebot4_msgs/share/turtlebot4_msgs/cmake)
-- Found ament_lint_auto: 0.12.8 (/opt/ros/humble/share/ament_lint_auto/cmake)
-- Added test 'cppcheck' to perform static code analysis on C / C++ code
-- Configured cppcheck include dirs: /home/abdosalm/Github_repos/SLAM-mapping-Robots/workspace/src/turtlebot4/turtlebot4_node/include
-- Configured cppcheck exclude dirs and/or files: 
-- Added test 'cpplint' to check C / C++ code against the Google style
-- Configured cpplint exclude dirs and/or files: 
-- Added test 'lint_cmake' to check CMake code style
-- Added test 'uncrustify' to check C / C++ code style
-- Configured uncrustify additional arguments: 
-- Added test 'xmllint' to check XML markup files
-- Configuring done
-- Generating done
-- Build files have been written to: /home/abdosalm/Github_repos/SLAM-mapping-Robots/workspace/build/turtlebot4_node
[ 37%] [32mBuilding CXX object CMakeFiles/turtlebot4_node_lib.dir/src/main.cpp.o[0m
[ 37%] [32mBuilding CXX object CMakeFiles/turtlebot4_node_lib.dir/src/turtlebot4.cpp.o[0m
[ 37%] [32mBuilding CXX object CMakeFiles/turtlebot4_node_lib.dir/src/display.cpp.o[0m
[ 50%] [32mBuilding CXX object CMakeFiles/turtlebot4_node_lib.dir/src/buttons.cpp.o[0m
[ 62%] [32mBuilding CXX object CMakeFiles/turtlebot4_node_lib.dir/src/leds.cpp.o[0m
[ 75%] [32m[1mLinking CXX static library libturtlebot4_node_lib.a[0m
[ 75%] Built target turtlebot4_node_lib
[ 87%] [32mBuilding CXX object CMakeFiles/turtlebot4_node.dir/src/main.cpp.o[0m
[100%] [32m[1mLinking CXX executable turtlebot4_node[0m
[100%] Built target turtlebot4_node
-- Install configuration: ""
-- Installing: /home/abdosalm/Github_repos/SLAM-mapping-Robots/workspace/install/turtlebot4_node/lib/turtlebot4_node/turtlebot4_node
-- Set runtime path of "/home/abdosalm/Github_repos/SLAM-mapping-Robots/workspace/install/turtlebot4_node/lib/turtlebot4_node/turtlebot4_node" to ""
-- Installing: /home/abdosalm/Github_repos/SLAM-mapping-Robots/workspace/install/turtlebot4_node/include
-- Installing: /home/abdosalm/Github_repos/SLAM-mapping-Robots/workspace/install/turtlebot4_node/include/turtlebot4_node
-- Installing: /home/abdosalm/Github_repos/SLAM-mapping-Robots/workspace/install/turtlebot4_node/include/turtlebot4_node/action.hpp
-- Installing: /home/abdosalm/Github_repos/SLAM-mapping-Robots/workspace/install/turtlebot4_node/include/turtlebot4_node/display.hpp
-- Installing: /home/abdosalm/Github_repos/SLAM-mapping-Robots/workspace/install/turtlebot4_node/include/turtlebot4_node/utils.hpp
-- Installing: /home/abdosalm/Github_repos/SLAM-mapping-Robots/workspace/install/turtlebot4_node/include/turtlebot4_node/service.hpp
-- Installing: /home/abdosalm/Github_repos/SLAM-mapping-Robots/workspace/install/turtlebot4_node/include/turtlebot4_node/turtlebot4.hpp
-- Installing: /home/abdosalm/Github_repos/SLAM-mapping-Robots/workspace/install/turtlebot4_node/include/turtlebot4_node/leds.hpp
-- Installing: /home/abdosalm/Github_repos/SLAM-mapping-Robots/workspace/install/turtlebot4_node/include/turtlebot4_node/buttons.hpp
-- Installing: /home/abdosalm/Github_repos/SLAM-mapping-Robots/workspace/install/turtlebot4_node/share/ament_index/resource_index/package_run_dependencies/turtlebot4_node
-- Installing: /home/abdosalm/Github_repos/SLAM-mapping-Robots/workspace/install/turtlebot4_node/share/ament_index/resource_index/parent_prefix_path/turtlebot4_node
-- Installing: /home/abdosalm/Github_repos/SLAM-mapping-Robots/workspace/install/turtlebot4_node/share/turtlebot4_node/environment/ament_prefix_path.sh
-- Installing: /home/abdosalm/Github_repos/SLAM-mapping-Robots/workspace/install/turtlebot4_node/share/turtlebot4_node/environment/ament_prefix_path.dsv
-- Installing: /home/abdosalm/Github_repos/SLAM-mapping-Robots/workspace/install/turtlebot4_node/share/turtlebot4_node/environment/path.sh
-- Installing: /home/abdosalm/Github_repos/SLAM-mapping-Robots/workspace/install/turtlebot4_node/share/turtlebot4_node/environment/path.dsv
-- Installing: /home/abdosalm/Github_repos/SLAM-mapping-Robots/workspace/install/turtlebot4_node/share/turtlebot4_node/local_setup.bash
-- Installing: /home/abdosalm/Github_repos/SLAM-mapping-Robots/workspace/install/turtlebot4_node/share/turtlebot4_node/local_setup.sh
-- Installing: /home/abdosalm/Github_repos/SLAM-mapping-Robots/workspace/install/turtlebot4_node/share/turtlebot4_node/local_setup.zsh
-- Installing: /home/abdosalm/Github_repos/SLAM-mapping-Robots/workspace/install/turtlebot4_node/share/turtlebot4_node/local_setup.dsv
-- Installing: /home/abdosalm/Github_repos/SLAM-mapping-Robots/workspace/install/turtlebot4_node/share/turtlebot4_node/package.dsv
-- Installing: /home/abdosalm/Github_repos/SLAM-mapping-Robots/workspace/install/turtlebot4_node/share/ament_index/resource_index/packages/turtlebot4_node
-- Installing: /home/abdosalm/Github_repos/SLAM-mapping-Robots/workspace/install/turtlebot4_node/share/turtlebot4_node/cmake/ament_cmake_export_include_directories-extras.cmake
-- Installing: /home/abdosalm/Github_repos/SLAM-mapping-Robots/workspace/install/turtlebot4_node/share/turtlebot4_node/cmake/turtlebot4_nodeConfig.cmake
-- Installing: /home/abdosalm/Github_repos/SLAM-mapping-Robots/workspace/install/turtlebot4_node/share/turtlebot4_node/cmake/turtlebot4_nodeConfig-version.cmake
-- Installing: /home/abdosalm/Github_repos/SLAM-mapping-Robots/workspace/install/turtlebot4_node/share/turtlebot4_node/package.xml
