-- The C compiler identification is GNU 11.4.0
-- The CXX compiler identification is GNU 11.4.0
-- Detecting C compiler ABI info
-- Detecting C compiler ABI info - done
-- Check for working C compiler: /usr/bin/cc - skipped
-- Detecting C compile features
-- Detecting C compile features - done
-- Detecting CXX compiler ABI info
-- Detecting CXX compiler ABI info - done
-- Check for working CXX compiler: /usr/bin/c++ - skipped
-- Detecting CXX compile features
-- Detecting CXX compile features - done
-- Found ament_cmake: 1.3.5 (/opt/ros/humble/share/ament_cmake/cmake)
-- Found Python3: /usr/bin/python3.10 (found version "3.10.12") found components: Interpreter 
-- Found rclcpp: 16.0.6 (/opt/ros/humble/share/rclcpp/cmake)
-- Found rosidl_generator_c: 3.1.5 (/opt/ros/humble/share/rosidl_generator_c/cmake)
-- Found rosidl_adapter: 3.1.5 (/opt/ros/humble/share/rosidl_adapter/cmake)
-- Found rosidl_generator_cpp: 3.1.5 (/opt/ros/humble/share/rosidl_generator_cpp/cmake)
-- Using all available rosidl_typesupport_c: rosidl_typesupport_fastrtps_c;rosidl_typesupport_introspection_c
-- Using all available rosidl_typesupport_cpp: rosidl_typesupport_fastrtps_cpp;rosidl_typesupport_introspection_cpp
-- Found rmw_implementation_cmake: 6.1.1 (/opt/ros/humble/share/rmw_implementation_cmake/cmake)
-- Found rmw_fastrtps_cpp: 6.2.4 (/opt/ros/humble/share/rmw_fastrtps_cpp/cmake)
-- Found OpenSSL: /usr/lib/x86_64-linux-gnu/libcrypto.so (found version "3.0.2")  
-- Found FastRTPS: /opt/ros/humble/include  
-- Using RMW implementation 'rmw_fastrtps_cpp' as default
-- Looking for pthread.h
-- Looking for pthread.h - found
-- Performing Test CMAKE_HAVE_LIBC_PTHREAD
-- Performing Test CMAKE_HAVE_LIBC_PTHREAD - Success
-- Found Threads: TRUE  
-- Found geometry_msgs: 4.2.3 (/opt/ros/humble/share/geometry_msgs/cmake)
-- Found image_geometry: 3.2.1 (/opt/ros/humble/share/image_geometry/cmake)
-- Found map_msgs: 2.1.0 (/opt/ros/humble/share/map_msgs/cmake)
-- Found tf2_geometry_msgs: 0.25.4 (/opt/ros/humble/share/tf2_geometry_msgs/cmake)
-- Found eigen3_cmake_module: 0.1.1 (/opt/ros/humble/share/eigen3_cmake_module/cmake)
-- Found Eigen3: TRUE (found version "3.4.0") 
-- Ensuring Eigen3 include directory is part of orocos-kdl CMake target
-- Found Boost: /usr/lib/x86_64-linux-gnu/cmake/Boost-1.74.0/BoostConfig.cmake (found version "1.74.0") found components: thread 
-- Found OpenCV: /usr (found version "4.5.4") 
-- Configuring done
-- Generating done
-- Build files have been written to: /home/abdosalm/Github_repos/SLAM-mapping-Robots/workspace/build/multirobot_map_merge
[ 16%] [32mBuilding CXX object CMakeFiles/combine_grids.dir/src/combine_grids/grid_compositor.cpp.o[0m
[ 33%] [32mBuilding CXX object CMakeFiles/combine_grids.dir/src/combine_grids/grid_warper.cpp.o[0m
[ 50%] [32mBuilding CXX object CMakeFiles/combine_grids.dir/src/combine_grids/merging_pipeline.cpp.o[0m
[ 66%] [32m[1mLinking CXX static library libcombine_grids.a[0m
[ 66%] Built target combine_grids
[ 83%] [32mBuilding CXX object CMakeFiles/map_merge.dir/src/map_merge.cpp.o[0m
[100%] [32m[1mLinking CXX executable map_merge[0m
[100%] Built target map_merge
-- Install configuration: ""
-- Installing: /home/abdosalm/Github_repos/SLAM-mapping-Robots/workspace/install/multirobot_map_merge/include/map_merge/
-- Installing: /home/abdosalm/Github_repos/SLAM-mapping-Robots/workspace/install/multirobot_map_merge/include/map_merge//map_merge.h
-- Installing: /home/abdosalm/Github_repos/SLAM-mapping-Robots/workspace/install/multirobot_map_merge/include/map_merge//ros1_names.hpp
-- Installing: /home/abdosalm/Github_repos/SLAM-mapping-Robots/workspace/install/multirobot_map_merge/share/multirobot_map_merge/launch
-- Installing: /home/abdosalm/Github_repos/SLAM-mapping-Robots/workspace/install/multirobot_map_merge/share/multirobot_map_merge/launch/from_map_server.launch.py
-- Installing: /home/abdosalm/Github_repos/SLAM-mapping-Robots/workspace/install/multirobot_map_merge/share/multirobot_map_merge/launch/map_merge.rviz
-- Installing: /home/abdosalm/Github_repos/SLAM-mapping-Robots/workspace/install/multirobot_map_merge/share/multirobot_map_merge/launch/tb3_simulation
-- Installing: /home/abdosalm/Github_repos/SLAM-mapping-Robots/workspace/install/multirobot_map_merge/share/multirobot_map_merge/launch/tb3_simulation/slam_toolbox.py
-- Installing: /home/abdosalm/Github_repos/SLAM-mapping-Robots/workspace/install/multirobot_map_merge/share/multirobot_map_merge/launch/tb3_simulation/tb3_simulation_launch.py
-- Installing: /home/abdosalm/Github_repos/SLAM-mapping-Robots/workspace/install/multirobot_map_merge/share/multirobot_map_merge/launch/tb3_simulation/multi_tb3_simulation_launch.py
-- Installing: /home/abdosalm/Github_repos/SLAM-mapping-Robots/workspace/install/multirobot_map_merge/share/multirobot_map_merge/launch/tb3_simulation/bringup_launch.py
-- Installing: /home/abdosalm/Github_repos/SLAM-mapping-Robots/workspace/install/multirobot_map_merge/share/multirobot_map_merge/launch/tb3_simulation/worlds
-- Installing: /home/abdosalm/Github_repos/SLAM-mapping-Robots/workspace/install/multirobot_map_merge/share/multirobot_map_merge/launch/tb3_simulation/worlds/world_only.model
-- Installing: /home/abdosalm/Github_repos/SLAM-mapping-Robots/workspace/install/multirobot_map_merge/share/multirobot_map_merge/launch/tb3_simulation/config
-- Installing: /home/abdosalm/Github_repos/SLAM-mapping-Robots/workspace/install/multirobot_map_merge/share/multirobot_map_merge/launch/tb3_simulation/config/nav2_multirobot_params_2.yaml
-- Installing: /home/abdosalm/Github_repos/SLAM-mapping-Robots/workspace/install/multirobot_map_merge/share/multirobot_map_merge/launch/tb3_simulation/config/nav2_multirobot_params_1.yaml
-- Installing: /home/abdosalm/Github_repos/SLAM-mapping-Robots/workspace/install/multirobot_map_merge/share/multirobot_map_merge/launch/from_map_server.launch
-- Installing: /home/abdosalm/Github_repos/SLAM-mapping-Robots/workspace/install/multirobot_map_merge/share/multirobot_map_merge/launch/map_merge.launch
-- Installing: /home/abdosalm/Github_repos/SLAM-mapping-Robots/workspace/install/multirobot_map_merge/share/multirobot_map_merge/launch/experiments
-- Installing: /home/abdosalm/Github_repos/SLAM-mapping-Robots/workspace/install/multirobot_map_merge/share/multirobot_map_merge/launch/experiments/demo-scene-orientation-exp.ttt.launch
-- Installing: /home/abdosalm/Github_repos/SLAM-mapping-Robots/workspace/install/multirobot_map_merge/share/multirobot_map_merge/launch/experiments/3-robots.ttt.launch
-- Installing: /home/abdosalm/Github_repos/SLAM-mapping-Robots/workspace/install/multirobot_map_merge/share/multirobot_map_merge/launch/experiments/demo-scene-1.ttt.launch
-- Installing: /home/abdosalm/Github_repos/SLAM-mapping-Robots/workspace/install/multirobot_map_merge/share/multirobot_map_merge/launch/map_merge.launch.py
-- Installing: /home/abdosalm/Github_repos/SLAM-mapping-Robots/workspace/install/multirobot_map_merge/share/multirobot_map_merge/config
-- Installing: /home/abdosalm/Github_repos/SLAM-mapping-Robots/workspace/install/multirobot_map_merge/share/multirobot_map_merge/config/params.yaml
-- Installing: /home/abdosalm/Github_repos/SLAM-mapping-Robots/workspace/install/multirobot_map_merge/lib/libcombine_grids.a
-- Installing: /home/abdosalm/Github_repos/SLAM-mapping-Robots/workspace/install/multirobot_map_merge/lib/multirobot_map_merge/map_merge
-- Set runtime path of "/home/abdosalm/Github_repos/SLAM-mapping-Robots/workspace/install/multirobot_map_merge/lib/multirobot_map_merge/map_merge" to ""
-- Installing: /home/abdosalm/Github_repos/SLAM-mapping-Robots/workspace/install/multirobot_map_merge/share/multirobot_map_merge/environment/library_path.sh
-- Installing: /home/abdosalm/Github_repos/SLAM-mapping-Robots/workspace/install/multirobot_map_merge/share/multirobot_map_merge/environment/library_path.dsv
-- Installing: /home/abdosalm/Github_repos/SLAM-mapping-Robots/workspace/install/multirobot_map_merge/share/ament_index/resource_index/package_run_dependencies/multirobot_map_merge
-- Installing: /home/abdosalm/Github_repos/SLAM-mapping-Robots/workspace/install/multirobot_map_merge/share/ament_index/resource_index/parent_prefix_path/multirobot_map_merge
-- Installing: /home/abdosalm/Github_repos/SLAM-mapping-Robots/workspace/install/multirobot_map_merge/share/multirobot_map_merge/environment/ament_prefix_path.sh
-- Installing: /home/abdosalm/Github_repos/SLAM-mapping-Robots/workspace/install/multirobot_map_merge/share/multirobot_map_merge/environment/ament_prefix_path.dsv
-- Installing: /home/abdosalm/Github_repos/SLAM-mapping-Robots/workspace/install/multirobot_map_merge/share/multirobot_map_merge/environment/path.sh
-- Installing: /home/abdosalm/Github_repos/SLAM-mapping-Robots/workspace/install/multirobot_map_merge/share/multirobot_map_merge/environment/path.dsv
-- Installing: /home/abdosalm/Github_repos/SLAM-mapping-Robots/workspace/install/multirobot_map_merge/share/multirobot_map_merge/local_setup.bash
-- Installing: /home/abdosalm/Github_repos/SLAM-mapping-Robots/workspace/install/multirobot_map_merge/share/multirobot_map_merge/local_setup.sh
-- Installing: /home/abdosalm/Github_repos/SLAM-mapping-Robots/workspace/install/multirobot_map_merge/share/multirobot_map_merge/local_setup.zsh
-- Installing: /home/abdosalm/Github_repos/SLAM-mapping-Robots/workspace/install/multirobot_map_merge/share/multirobot_map_merge/local_setup.dsv
-- Installing: /home/abdosalm/Github_repos/SLAM-mapping-Robots/workspace/install/multirobot_map_merge/share/multirobot_map_merge/package.dsv
-- Installing: /home/abdosalm/Github_repos/SLAM-mapping-Robots/workspace/install/multirobot_map_merge/share/ament_index/resource_index/packages/multirobot_map_merge
-- Installing: /home/abdosalm/Github_repos/SLAM-mapping-Robots/workspace/install/multirobot_map_merge/share/multirobot_map_merge/cmake/ament_cmake_export_include_directories-extras.cmake
-- Installing: /home/abdosalm/Github_repos/SLAM-mapping-Robots/workspace/install/multirobot_map_merge/share/multirobot_map_merge/cmake/ament_cmake_export_libraries-extras.cmake
-- Installing: /home/abdosalm/Github_repos/SLAM-mapping-Robots/workspace/install/multirobot_map_merge/share/multirobot_map_merge/cmake/multirobot_map_mergeConfig.cmake
-- Installing: /home/abdosalm/Github_repos/SLAM-mapping-Robots/workspace/install/multirobot_map_merge/share/multirobot_map_merge/cmake/multirobot_map_mergeConfig-version.cmake
-- Installing: /home/abdosalm/Github_repos/SLAM-mapping-Robots/workspace/install/multirobot_map_merge/share/multirobot_map_merge/package.xml
